Port monitor named: Port2_e1.prt

nx        = 18
ny        = 12
nz        = 22

nu        = 18
nv        = 12
iu        = 1
iv        = 1

idir      = 2
dcut      = -2.000000e-002
icut      = 1
type      = 0
frequency = 9.225000e+009

fcutoff   = 6.552318e+009
alpha     = 0.000000e+000
beta      = 1.360973e+002
accuracy  = 3.368008e-014

type          = TE
wave imp.     = 5.351884e+002
wave imp.sig. = 9.615130e-006
line imp.     = 0.000000e+000

ref. port     = 0

0.000000e+000  0.000000e+000  0.000000e+000  0.000000e+000  0.000000e+000  0.000000e+000  0.000000e+000  0.000000e+000  0.000000e+000  0.000000e+000  0.000000e+000  0.000000e+000  0.000000e+000  0.000000e+000  0.000000e+000  0.000000e+000  0.000000e+000  0.000000e+000  
0.000000e+000  0.000000e+000  0.000000e+000  0.000000e+000  0.000000e+000  0.000000e+000  0.000000e+000  0.000000e+000  0.000000e+000  0.000000e+000  0.000000e+000  0.000000e+000  0.000000e+000  0.000000e+000  0.000000e+000  0.000000e+000  0.000000e+000  0.000000e+000  
0.000000e+000  1.430735e-006  1.681743e-006  2.206060e-006  3.035495e-006  -4.038519e-006  -1.989580e-006  -5.313066e-007  0.000000e+000  5.313078e-007  1.989580e-006  4.038520e-006  -3.035497e-006  -2.206052e-006  -1.681747e-006  -1.430728e-006  0.000000e+000  0.000000e+000  
0.000000e+000  2.586951e-006  3.062474e-006  4.318504e-006  8.288928e-006  -1.036508e-005  -3.795147e-006  -8.193311e-007  0.000000e+000  8.193295e-007  3.795150e-006  1.036508e-005  -8.288926e-006  -4.318500e-006  -3.062475e-006  -2.586947e-006  0.000000e+000  0.000000e+000  
0.000000e+000  3.225338e-006  3.614025e-006  4.846865e-006  2.005065e-005  -2.302466e-005  -4.626970e-006  -5.486968e-007  0.000000e+000  5.486978e-007  4.626971e-006  2.302467e-005  -2.005065e-005  -4.846862e-006  -3.614023e-006  -3.225335e-006  0.000000e+000  0.000000e+000  
0.000000e+000  -1.431506e-005  -1.497703e-005  -1.715109e-005  -1.537736e-005  -2.527483e-006  -8.477374e-007  4.935578e-008  0.000000e+000  -4.935522e-008  8.477384e-007  2.527484e-006  1.537736e-005  1.715108e-005  1.497703e-005  1.431506e-005  0.000000e+000  0.000000e+000  
0.000000e+000  1.431506e-005  1.497703e-005  1.715109e-005  1.537736e-005  2.527485e-006  8.477391e-007  -4.935471e-008  0.000000e+000  4.935538e-008  -8.477384e-007  -2.527484e-006  -1.537736e-005  -1.715108e-005  -1.497703e-005  -1.431506e-005  0.000000e+000  0.000000e+000  
0.000000e+000  -3.225335e-006  -3.614018e-006  -4.846864e-006  -2.005064e-005  2.302467e-005  4.626973e-006  5.486971e-007  0.000000e+000  -5.486969e-007  -4.626972e-006  -2.302467e-005  2.005065e-005  4.846862e-006  3.614022e-006  3.225336e-006  0.000000e+000  0.000000e+000  
0.000000e+000  -2.586948e-006  -3.062469e-006  -4.318498e-006  -8.288929e-006  1.036508e-005  3.795148e-006  8.193328e-007  0.000000e+000  -8.193318e-007  -3.795149e-006  -1.036508e-005  8.288927e-006  4.318501e-006  3.062475e-006  2.586944e-006  0.000000e+000  0.000000e+000  
0.000000e+000  -1.430724e-006  -1.681753e-006  -2.206051e-006  -3.035495e-006  4.038518e-006  1.989584e-006  5.313058e-007  0.000000e+000  -5.313060e-007  -1.989582e-006  -4.038519e-006  3.035496e-006  2.206048e-006  1.681752e-006  1.430728e-006  0.000000e+000  0.000000e+000  
0.000000e+000  0.000000e+000  0.000000e+000  0.000000e+000  0.000000e+000  0.000000e+000  0.000000e+000  0.000000e+000  0.000000e+000  0.000000e+000  0.000000e+000  0.000000e+000  0.000000e+000  0.000000e+000  0.000000e+000  0.000000e+000  0.000000e+000  0.000000e+000  
0.000000e+000  0.000000e+000  0.000000e+000  0.000000e+000  0.000000e+000  0.000000e+000  0.000000e+000  0.000000e+000  0.000000e+000  0.000000e+000  0.000000e+000  0.000000e+000  0.000000e+000  0.000000e+000  0.000000e+000  0.000000e+000  0.000000e+000  0.000000e+000  

0.000000e+000  0.000000e+000  0.000000e+000  0.000000e+000  0.000000e+000  0.000000e+000  0.000000e+000  0.000000e+000  0.000000e+000  0.000000e+000  0.000000e+000  0.000000e+000  0.000000e+000  0.000000e+000  0.000000e+000  0.000000e+000  0.000000e+000  0.000000e+000  
0.000000e+000  0.000000e+000  2.700061e+002  5.352398e+002  7.910129e+002  1.230097e+003  1.614890e+003  1.887329e+003  2.028457e+003  2.028457e+003  1.887329e+003  1.614890e+003  1.230097e+003  7.910129e+002  5.352398e+002  2.700061e+002  0.000000e+000  0.000000e+000  
0.000000e+000  0.000000e+000  2.700061e+002  5.352398e+002  7.910129e+002  1.230097e+003  1.614890e+003  1.887329e+003  2.028457e+003  2.028457e+003  1.887329e+003  1.614890e+003  1.230097e+003  7.910129e+002  5.352398e+002  2.700061e+002  0.000000e+000  0.000000e+000  
0.000000e+000  0.000000e+000  2.700061e+002  5.352398e+002  7.910129e+002  1.230097e+003  1.614890e+003  1.887329e+003  2.028457e+003  2.028457e+003  1.887329e+003  1.614890e+003  1.230097e+003  7.910129e+002  5.352398e+002  2.700061e+002  0.000000e+000  0.000000e+000  
0.000000e+000  0.000000e+000  2.700061e+002  5.352398e+002  7.910129e+002  1.230097e+003  1.614890e+003  1.887329e+003  2.028457e+003  2.028457e+003  1.887329e+003  1.614890e+003  1.230097e+003  7.910129e+002  5.352398e+002  2.700061e+002  0.000000e+000  0.000000e+000  
0.000000e+000  0.000000e+000  2.700061e+002  5.352398e+002  7.910129e+002  1.230097e+003  1.614890e+003  1.887329e+003  2.028457e+003  2.028457e+003  1.887329e+003  1.614890e+003  1.230097e+003  7.910129e+002  5.352398e+002  2.700061e+002  0.000000e+000  0.000000e+000  
0.000000e+000  0.000000e+000  2.700061e+002  5.352398e+002  7.910129e+002  1.230097e+003  1.614890e+003  1.887329e+003  2.028457e+003  2.028457e+003  1.887329e+003  1.614890e+003  1.230097e+003  7.910129e+002  5.352398e+002  2.700061e+002  0.000000e+000  0.000000e+000  
0.000000e+000  0.000000e+000  2.700061e+002  5.352398e+002  7.910129e+002  1.230097e+003  1.614890e+003  1.887329e+003  2.028457e+003  2.028457e+003  1.887329e+003  1.614890e+003  1.230097e+003  7.910129e+002  5.352398e+002  2.700061e+002  0.000000e+000  0.000000e+000  
0.000000e+000  0.000000e+000  2.700061e+002  5.352398e+002  7.910129e+002  1.230097e+003  1.614890e+003  1.887329e+003  2.028457e+003  2.028457e+003  1.887329e+003  1.614890e+003  1.230097e+003  7.910129e+002  5.352398e+002  2.700061e+002  0.000000e+000  0.000000e+000  
0.000000e+000  0.000000e+000  2.700061e+002  5.352398e+002  7.910129e+002  1.230097e+003  1.614890e+003  1.887329e+003  2.028457e+003  2.028457e+003  1.887329e+003  1.614890e+003  1.230097e+003  7.910129e+002  5.352398e+002  2.700061e+002  0.000000e+000  0.000000e+000  
0.000000e+000  0.000000e+000  0.000000e+000  0.000000e+000  0.000000e+000  0.000000e+000  0.000000e+000  0.000000e+000  0.000000e+000  0.000000e+000  0.000000e+000  0.000000e+000  0.000000e+000  0.000000e+000  0.000000e+000  0.000000e+000  0.000000e+000  0.000000e+000  
0.000000e+000  0.000000e+000  0.000000e+000  0.000000e+000  0.000000e+000  0.000000e+000  0.000000e+000  0.000000e+000  0.000000e+000  0.000000e+000  0.000000e+000  0.000000e+000  0.000000e+000  0.000000e+000  0.000000e+000  0.000000e+000  0.000000e+000  0.000000e+000  

0.000000e+000  0.000000e+000  0.000000e+000  0.000000e+000  0.000000e+000  0.000000e+000  0.000000e+000  0.000000e+000  0.000000e+000  0.000000e+000  0.000000e+000  0.000000e+000  0.000000e+000  0.000000e+000  0.000000e+000  0.000000e+000  0.000000e+000  0.000000e+000  
0.000000e+000  0.000000e+000  0.000000e+000  0.000000e+000  0.000000e+000  0.000000e+000  0.000000e+000  0.000000e+000  0.000000e+000  0.000000e+000  0.000000e+000  0.000000e+000  0.000000e+000  0.000000e+000  0.000000e+000  0.000000e+000  0.000000e+000  0.000000e+000  
0.000000e+000  0.000000e+000  0.000000e+000  0.000000e+000  0.000000e+000  0.000000e+000  0.000000e+000  0.000000e+000  0.000000e+000  0.000000e+000  0.000000e+000  0.000000e+000  0.000000e+000  0.000000e+000  0.000000e+000  0.000000e+000  0.000000e+000  0.000000e+000  
0.000000e+000  0.000000e+000  0.000000e+000  0.000000e+000  0.000000e+000  0.000000e+000  0.000000e+000  0.000000e+000  0.000000e+000  0.000000e+000  0.000000e+000  0.000000e+000  0.000000e+000  0.000000e+000  0.000000e+000  0.000000e+000  0.000000e+000  0.000000e+000  
0.000000e+000  0.000000e+000  0.000000e+000  0.000000e+000  0.000000e+000  0.000000e+000  0.000000e+000  0.000000e+000  0.000000e+000  0.000000e+000  0.000000e+000  0.000000e+000  0.000000e+000  0.000000e+000  0.000000e+000  0.000000e+000  0.000000e+000  0.000000e+000  
0.000000e+000  0.000000e+000  0.000000e+000  0.000000e+000  0.000000e+000  0.000000e+000  0.000000e+000  0.000000e+000  0.000000e+000  0.000000e+000  0.000000e+000  0.000000e+000  0.000000e+000  0.000000e+000  0.000000e+000  0.000000e+000  0.000000e+000  0.000000e+000  
0.000000e+000  0.000000e+000  0.000000e+000  0.000000e+000  0.000000e+000  0.000000e+000  0.000000e+000  0.000000e+000  0.000000e+000  0.000000e+000  0.000000e+000  0.000000e+000  0.000000e+000  0.000000e+000  0.000000e+000  0.000000e+000  0.000000e+000  0.000000e+000  
0.000000e+000  0.000000e+000  0.000000e+000  0.000000e+000  0.000000e+000  0.000000e+000  0.000000e+000  0.000000e+000  0.000000e+000  0.000000e+000  0.000000e+000  0.000000e+000  0.000000e+000  0.000000e+000  0.000000e+000  0.000000e+000  0.000000e+000  0.000000e+000  
0.000000e+000  0.000000e+000  0.000000e+000  0.000000e+000  0.000000e+000  0.000000e+000  0.000000e+000  0.000000e+000  0.000000e+000  0.000000e+000  0.000000e+000  0.000000e+000  0.000000e+000  0.000000e+000  0.000000e+000  0.000000e+000  0.000000e+000  0.000000e+000  
0.000000e+000  0.000000e+000  0.000000e+000  0.000000e+000  0.000000e+000  0.000000e+000  0.000000e+000  0.000000e+000  0.000000e+000  0.000000e+000  0.000000e+000  0.000000e+000  0.000000e+000  0.000000e+000  0.000000e+000  0.000000e+000  0.000000e+000  0.000000e+000  
0.000000e+000  0.000000e+000  0.000000e+000  0.000000e+000  0.000000e+000  0.000000e+000  0.000000e+000  0.000000e+000  0.000000e+000  0.000000e+000  0.000000e+000  0.000000e+000  0.000000e+000  0.000000e+000  0.000000e+000  0.000000e+000  0.000000e+000  0.000000e+000  
0.000000e+000  0.000000e+000  0.000000e+000  0.000000e+000  0.000000e+000  0.000000e+000  0.000000e+000  0.000000e+000  0.000000e+000  0.000000e+000  0.000000e+000  0.000000e+000  0.000000e+000  0.000000e+000  0.000000e+000  0.000000e+000  0.000000e+000  0.000000e+000  

0.000000e+000  0.000000e+000  0.000000e+000  0.000000e+000  0.000000e+000  0.000000e+000  0.000000e+000  0.000000e+000  0.000000e+000  0.000000e+000  0.000000e+000  0.000000e+000  0.000000e+000  0.000000e+000  0.000000e+000  0.000000e+000  0.000000e+000  0.000000e+000  
0.000000e+000  0.000000e+000  0.000000e+000  0.000000e+000  0.000000e+000  0.000000e+000  0.000000e+000  0.000000e+000  0.000000e+000  0.000000e+000  0.000000e+000  0.000000e+000  0.000000e+000  0.000000e+000  0.000000e+000  0.000000e+000  0.000000e+000  0.000000e+000  
0.000000e+000  0.000000e+000  0.000000e+000  0.000000e+000  0.000000e+000  0.000000e+000  0.000000e+000  0.000000e+000  0.000000e+000  0.000000e+000  0.000000e+000  0.000000e+000  0.000000e+000  0.000000e+000  0.000000e+000  0.000000e+000  0.000000e+000  0.000000e+000  
0.000000e+000  0.000000e+000  0.000000e+000  0.000000e+000  0.000000e+000  0.000000e+000  0.000000e+000  0.000000e+000  0.000000e+000  0.000000e+000  0.000000e+000  0.000000e+000  0.000000e+000  0.000000e+000  0.000000e+000  0.000000e+000  0.000000e+000  0.000000e+000  
0.000000e+000  0.000000e+000  0.000000e+000  0.000000e+000  0.000000e+000  0.000000e+000  0.000000e+000  0.000000e+000  0.000000e+000  0.000000e+000  0.000000e+000  0.000000e+000  0.000000e+000  0.000000e+000  0.000000e+000  0.000000e+000  0.000000e+000  0.000000e+000  
0.000000e+000  0.000000e+000  0.000000e+000  0.000000e+000  0.000000e+000  0.000000e+000  0.000000e+000  0.000000e+000  0.000000e+000  0.000000e+000  0.000000e+000  0.000000e+000  0.000000e+000  0.000000e+000  0.000000e+000  0.000000e+000  0.000000e+000  0.000000e+000  
0.000000e+000  0.000000e+000  0.000000e+000  0.000000e+000  0.000000e+000  0.000000e+000  0.000000e+000  0.000000e+000  0.000000e+000  0.000000e+000  0.000000e+000  0.000000e+000  0.000000e+000  0.000000e+000  0.000000e+000  0.000000e+000  0.000000e+000  0.000000e+000  
0.000000e+000  0.000000e+000  0.000000e+000  0.000000e+000  0.000000e+000  0.000000e+000  0.000000e+000  0.000000e+000  0.000000e+000  0.000000e+000  0.000000e+000  0.000000e+000  0.000000e+000  0.000000e+000  0.000000e+000  0.000000e+000  0.000000e+000  0.000000e+000  
0.000000e+000  0.000000e+000  0.000000e+000  0.000000e+000  0.000000e+000  0.000000e+000  0.000000e+000  0.000000e+000  0.000000e+000  0.000000e+000  0.000000e+000  0.000000e+000  0.000000e+000  0.000000e+000  0.000000e+000  0.000000e+000  0.000000e+000  0.000000e+000  
0.000000e+000  0.000000e+000  0.000000e+000  0.000000e+000  0.000000e+000  0.000000e+000  0.000000e+000  0.000000e+000  0.000000e+000  0.000000e+000  0.000000e+000  0.000000e+000  0.000000e+000  0.000000e+000  0.000000e+000  0.000000e+000  0.000000e+000  0.000000e+000  
0.000000e+000  0.000000e+000  0.000000e+000  0.000000e+000  0.000000e+000  0.000000e+000  0.000000e+000  0.000000e+000  0.000000e+000  0.000000e+000  0.000000e+000  0.000000e+000  0.000000e+000  0.000000e+000  0.000000e+000  0.000000e+000  0.000000e+000  0.000000e+000  
0.000000e+000  0.000000e+000  0.000000e+000  0.000000e+000  0.000000e+000  0.000000e+000  0.000000e+000  0.000000e+000  0.000000e+000  0.000000e+000  0.000000e+000  0.000000e+000  0.000000e+000  0.000000e+000  0.000000e+000  0.000000e+000  0.000000e+000  0.000000e+000  

0.000000e+000  0.000000e+000  0.000000e+000  0.000000e+000  0.000000e+000  0.000000e+000  0.000000e+000  0.000000e+000  0.000000e+000  0.000000e+000  0.000000e+000  0.000000e+000  0.000000e+000  0.000000e+000  0.000000e+000  0.000000e+000  0.000000e+000  0.000000e+000  
0.000000e+000  0.000000e+000  0.000000e+000  0.000000e+000  0.000000e+000  0.000000e+000  0.000000e+000  0.000000e+000  0.000000e+000  0.000000e+000  0.000000e+000  0.000000e+000  0.000000e+000  0.000000e+000  0.000000e+000  0.000000e+000  0.000000e+000  0.000000e+000  
0.000000e+000  0.000000e+000  0.000000e+000  0.000000e+000  0.000000e+000  0.000000e+000  0.000000e+000  0.000000e+000  0.000000e+000  0.000000e+000  0.000000e+000  0.000000e+000  0.000000e+000  0.000000e+000  0.000000e+000  0.000000e+000  0.000000e+000  0.000000e+000  
0.000000e+000  0.000000e+000  0.000000e+000  0.000000e+000  0.000000e+000  0.000000e+000  0.000000e+000  0.000000e+000  0.000000e+000  0.000000e+000  0.000000e+000  0.000000e+000  0.000000e+000  0.000000e+000  0.000000e+000  0.000000e+000  0.000000e+000  0.000000e+000  
0.000000e+000  0.000000e+000  0.000000e+000  0.000000e+000  0.000000e+000  0.000000e+000  0.000000e+000  0.000000e+000  0.000000e+000  0.000000e+000  0.000000e+000  0.000000e+000  0.000000e+000  0.000000e+000  0.000000e+000  0.000000e+000  0.000000e+000  0.000000e+000  
0.000000e+000  0.000000e+000  0.000000e+000  0.000000e+000  0.000000e+000  0.000000e+000  0.000000e+000  0.000000e+000  0.000000e+000  0.000000e+000  0.000000e+000  0.000000e+000  0.000000e+000  0.000000e+000  0.000000e+000  0.000000e+000  0.000000e+000  0.000000e+000  
0.000000e+000  0.000000e+000  0.000000e+000  0.000000e+000  0.000000e+000  0.000000e+000  0.000000e+000  0.000000e+000  0.000000e+000  0.000000e+000  0.000000e+000  0.000000e+000  0.000000e+000  0.000000e+000  0.000000e+000  0.000000e+000  0.000000e+000  0.000000e+000  
0.000000e+000  0.000000e+000  0.000000e+000  0.000000e+000  0.000000e+000  0.000000e+000  0.000000e+000  0.000000e+000  0.000000e+000  0.000000e+000  0.000000e+000  0.000000e+000  0.000000e+000  0.000000e+000  0.000000e+000  0.000000e+000  0.000000e+000  0.000000e+000  
0.000000e+000  0.000000e+000  0.000000e+000  0.000000e+000  0.000000e+000  0.000000e+000  0.000000e+000  0.000000e+000  0.000000e+000  0.000000e+000  0.000000e+000  0.000000e+000  0.000000e+000  0.000000e+000  0.000000e+000  0.000000e+000  0.000000e+000  0.000000e+000  
0.000000e+000  0.000000e+000  0.000000e+000  0.000000e+000  0.000000e+000  0.000000e+000  0.000000e+000  0.000000e+000  0.000000e+000  0.000000e+000  0.000000e+000  0.000000e+000  0.000000e+000  0.000000e+000  0.000000e+000  0.000000e+000  0.000000e+000  0.000000e+000  
0.000000e+000  0.000000e+000  0.000000e+000  0.000000e+000  0.000000e+000  0.000000e+000  0.000000e+000  0.000000e+000  0.000000e+000  0.000000e+000  0.000000e+000  0.000000e+000  0.000000e+000  0.000000e+000  0.000000e+000  0.000000e+000  0.000000e+000  0.000000e+000  
0.000000e+000  0.000000e+000  0.000000e+000  0.000000e+000  0.000000e+000  0.000000e+000  0.000000e+000  0.000000e+000  0.000000e+000  0.000000e+000  0.000000e+000  0.000000e+000  0.000000e+000  0.000000e+000  0.000000e+000  0.000000e+000  0.000000e+000  0.000000e+000  

0.000000e+000  0.000000e+000  0.000000e+000  0.000000e+000  0.000000e+000  0.000000e+000  0.000000e+000  0.000000e+000  0.000000e+000  0.000000e+000  0.000000e+000  0.000000e+000  0.000000e+000  0.000000e+000  0.000000e+000  0.000000e+000  0.000000e+000  0.000000e+000  
0.000000e+000  0.000000e+000  0.000000e+000  0.000000e+000  0.000000e+000  0.000000e+000  0.000000e+000  0.000000e+000  0.000000e+000  0.000000e+000  0.000000e+000  0.000000e+000  0.000000e+000  0.000000e+000  0.000000e+000  0.000000e+000  0.000000e+000  0.000000e+000  
0.000000e+000  0.000000e+000  -8.984682e-008  -2.071668e-007  -2.928427e-007  3.485696e-007  2.249403e-006  3.405582e-006  3.907437e-006  3.907491e-006  3.405651e-006  2.249297e-006  3.485768e-007  -2.929642e-007  -2.070570e-007  -8.989854e-008  0.000000e+000  0.000000e+000  
0.000000e+000  0.000000e+000  -1.513126e-007  -4.414757e-007  -8.793053e-007  3.740704e-007  4.647009e-006  6.916810e-006  7.872873e-006  7.872805e-006  6.916670e-006  4.647124e-006  3.740507e-007  -8.793692e-007  -4.415000e-007  -1.514493e-007  0.000000e+000  0.000000e+000  
0.000000e+000  0.000000e+000  -7.227714e-008  -5.212185e-007  -2.221565e-006  -3.717977e-007  7.468828e-006  1.063774e-005  1.194142e-005  1.194144e-005  1.063775e-005  7.468796e-006  -3.718040e-007  -2.221585e-006  -5.212059e-007  -7.228051e-008  0.000000e+000  0.000000e+000  
0.000000e+000  0.000000e+000  -9.667074e-007  -1.400023e-006  -2.544058e-007  8.482545e-007  -1.264832e-007  8.023838e-008  2.358010e-007  2.357857e-007  8.022669e-008  -1.265084e-007  8.482716e-007  -2.543780e-007  -1.400092e-006  -9.666350e-007  0.000000e+000  0.000000e+000  
0.000000e+000  0.000000e+000  9.666719e-007  1.400027e-006  2.543640e-007  -8.482968e-007  1.264454e-007  -8.031393e-008  -2.359089e-007  -2.359152e-007  -8.032922e-008  1.264409e-007  -8.483219e-007  2.543537e-007  1.400069e-006  9.666339e-007  0.000000e+000  0.000000e+000  
0.000000e+000  0.000000e+000  7.225443e-008  5.212365e-007  2.221544e-006  3.717932e-007  -7.468848e-006  -1.063785e-005  -1.194152e-005  -1.194151e-005  -1.063782e-005  -7.468870e-006  3.717941e-007  2.221551e-006  5.211947e-007  7.225443e-008  0.000000e+000  0.000000e+000  
0.000000e+000  0.000000e+000  1.513945e-007  4.415009e-007  8.793979e-007  -3.741478e-007  -4.647092e-006  -6.916693e-006  -7.872961e-006  -7.872958e-006  -6.916740e-006  -4.647061e-006  -3.741568e-007  8.793053e-007  4.414964e-007  1.514228e-007  0.000000e+000  0.000000e+000  
0.000000e+000  0.000000e+000  8.995205e-008  2.069311e-007  2.929210e-007  -3.485624e-007  -2.249364e-006  -3.405695e-006  -3.907461e-006  -3.907462e-006  -3.405660e-006  -2.249384e-006  -3.485930e-007  2.929615e-007  2.069041e-007  8.993901e-008  0.000000e+000  0.000000e+000  
0.000000e+000  0.000000e+000  0.000000e+000  0.000000e+000  0.000000e+000  0.000000e+000  0.000000e+000  0.000000e+000  0.000000e+000  0.000000e+000  0.000000e+000  0.000000e+000  0.000000e+000  0.000000e+000  0.000000e+000  0.000000e+000  0.000000e+000  0.000000e+000  
0.000000e+000  0.000000e+000  0.000000e+000  0.000000e+000  0.000000e+000  0.000000e+000  0.000000e+000  0.000000e+000  0.000000e+000  0.000000e+000  0.000000e+000  0.000000e+000  0.000000e+000  0.000000e+000  0.000000e+000  0.000000e+000  0.000000e+000  0.000000e+000  

