Port monitor named: Port2_h1.prt

nx        = 18
ny        = 12
nz        = 22

nu        = 18
nv        = 12
iu        = 1
iv        = 1

idir      = 2
dcut      = -2.000000e-002
icut      = 1
type      = 1
frequency = 9.225000e+009

fcutoff   = 6.552318e+009
alpha     = 0.000000e+000
beta      = 1.360973e+002
accuracy  = 3.368008e-014

type          = TE
wave imp.     = 5.351884e+002
wave imp.sig. = 9.615130e-006
line imp.     = 0.000000e+000

ref. port     = 0

0.000000e+000  0.000000e+000  0.000000e+000  0.000000e+000  0.000000e+000  0.000000e+000  0.000000e+000  0.000000e+000  0.000000e+000  0.000000e+000  0.000000e+000  0.000000e+000  0.000000e+000  0.000000e+000  0.000000e+000  0.000000e+000  0.000000e+000  0.000000e+000  
0.000000e+000  0.000000e+000  -5.045066e-001  -1.000096e+000  -1.478009e+000  -2.298437e+000  -3.017424e+000  -3.526476e+000  -3.790175e+000  -3.790175e+000  -3.526476e+000  -3.017424e+000  -2.298437e+000  -1.478009e+000  -1.000096e+000  -5.045066e-001  0.000000e+000  0.000000e+000  
0.000000e+000  0.000000e+000  -5.045066e-001  -1.000096e+000  -1.478009e+000  -2.298437e+000  -3.017424e+000  -3.526476e+000  -3.790175e+000  -3.790175e+000  -3.526476e+000  -3.017424e+000  -2.298437e+000  -1.478009e+000  -1.000096e+000  -5.045066e-001  0.000000e+000  0.000000e+000  
0.000000e+000  0.000000e+000  -5.045067e-001  -1.000096e+000  -1.478009e+000  -2.298437e+000  -3.017424e+000  -3.526476e+000  -3.790175e+000  -3.790175e+000  -3.526476e+000  -3.017424e+000  -2.298437e+000  -1.478009e+000  -1.000096e+000  -5.045067e-001  0.000000e+000  0.000000e+000  
0.000000e+000  0.000000e+000  -5.045067e-001  -1.000096e+000  -1.478008e+000  -2.298437e+000  -3.017424e+000  -3.526476e+000  -3.790175e+000  -3.790175e+000  -3.526476e+000  -3.017424e+000  -2.298437e+000  -1.478008e+000  -1.000096e+000  -5.045067e-001  0.000000e+000  0.000000e+000  
0.000000e+000  0.000000e+000  -5.045066e-001  -1.000096e+000  -1.478008e+000  -2.298437e+000  -3.017424e+000  -3.526476e+000  -3.790175e+000  -3.790175e+000  -3.526476e+000  -3.017424e+000  -2.298437e+000  -1.478008e+000  -1.000096e+000  -5.045066e-001  0.000000e+000  0.000000e+000  
0.000000e+000  0.000000e+000  -5.045067e-001  -1.000096e+000  -1.478008e+000  -2.298437e+000  -3.017424e+000  -3.526476e+000  -3.790175e+000  -3.790175e+000  -3.526476e+000  -3.017424e+000  -2.298437e+000  -1.478008e+000  -1.000096e+000  -5.045067e-001  0.000000e+000  0.000000e+000  
0.000000e+000  0.000000e+000  -5.045067e-001  -1.000096e+000  -1.478009e+000  -2.298437e+000  -3.017424e+000  -3.526476e+000  -3.790175e+000  -3.790175e+000  -3.526476e+000  -3.017424e+000  -2.298437e+000  -1.478009e+000  -1.000096e+000  -5.045067e-001  0.000000e+000  0.000000e+000  
0.000000e+000  0.000000e+000  -5.045066e-001  -1.000096e+000  -1.478009e+000  -2.298437e+000  -3.017424e+000  -3.526476e+000  -3.790175e+000  -3.790175e+000  -3.526476e+000  -3.017424e+000  -2.298437e+000  -1.478009e+000  -1.000096e+000  -5.045066e-001  0.000000e+000  0.000000e+000  
0.000000e+000  0.000000e+000  -5.045066e-001  -1.000096e+000  -1.478009e+000  -2.298437e+000  -3.017424e+000  -3.526476e+000  -3.790175e+000  -3.790175e+000  -3.526476e+000  -3.017424e+000  -2.298437e+000  -1.478009e+000  -1.000096e+000  -5.045066e-001  0.000000e+000  0.000000e+000  
0.000000e+000  0.000000e+000  0.000000e+000  0.000000e+000  0.000000e+000  0.000000e+000  0.000000e+000  0.000000e+000  0.000000e+000  0.000000e+000  0.000000e+000  0.000000e+000  0.000000e+000  0.000000e+000  0.000000e+000  0.000000e+000  0.000000e+000  0.000000e+000  
0.000000e+000  0.000000e+000  0.000000e+000  0.000000e+000  0.000000e+000  0.000000e+000  0.000000e+000  0.000000e+000  0.000000e+000  0.000000e+000  0.000000e+000  0.000000e+000  0.000000e+000  0.000000e+000  0.000000e+000  0.000000e+000  0.000000e+000  0.000000e+000  

0.000000e+000  0.000000e+000  0.000000e+000  0.000000e+000  0.000000e+000  0.000000e+000  0.000000e+000  0.000000e+000  0.000000e+000  0.000000e+000  0.000000e+000  0.000000e+000  0.000000e+000  0.000000e+000  0.000000e+000  0.000000e+000  0.000000e+000  0.000000e+000  
0.000000e+000  0.000000e+000  0.000000e+000  0.000000e+000  0.000000e+000  0.000000e+000  0.000000e+000  0.000000e+000  0.000000e+000  0.000000e+000  0.000000e+000  0.000000e+000  0.000000e+000  0.000000e+000  0.000000e+000  0.000000e+000  0.000000e+000  0.000000e+000  
0.000000e+000  1.399187e-009  1.478594e-009  2.907031e-009  1.055588e-008  6.040832e-009  4.546620e-009  2.594420e-009  0.000000e+000  -2.594315e-009  -4.547868e-009  -6.040020e-009  -1.055686e-008  -2.903739e-009  -1.480890e-009  -1.398442e-009  0.000000e+000  0.000000e+000  
0.000000e+000  2.687916e-009  1.607357e-009  1.860152e-009  2.503174e-008  1.117501e-008  9.132884e-009  5.302842e-009  0.000000e+000  -5.303359e-009  -9.131053e-009  -1.117598e-008  -2.503207e-008  -1.859583e-009  -1.608953e-009  -2.685970e-009  0.000000e+000  0.000000e+000  
0.000000e+000  5.001566e-009  3.862532e-010  -1.505669e-008  5.154976e-008  1.302174e-008  1.400529e-008  8.293220e-009  0.000000e+000  -8.293257e-009  -1.400561e-008  -1.302156e-008  -5.154986e-008  1.505716e-008  -3.864768e-010  -5.001512e-009  0.000000e+000  0.000000e+000  
0.000000e+000  -4.045683e-008  -3.412956e-008  -1.580052e-008  -2.033637e-008  -1.168985e-008  -1.063905e-010  1.204154e-009  0.000000e+000  -1.204127e-009  1.062959e-010  1.169015e-008  2.033646e-008  1.579914e-008  3.413157e-008  4.045580e-008  0.000000e+000  0.000000e+000  
0.000000e+000  4.045634e-008  3.413012e-008  1.579987e-008  2.033637e-008  1.168989e-008  1.061236e-010  -1.204384e-009  0.000000e+000  1.204321e-009  -1.060451e-010  -1.169003e-008  -2.033626e-008  -1.579912e-008  -3.413126e-008  -4.045579e-008  0.000000e+000  0.000000e+000  
0.000000e+000  -5.001882e-009  -3.856633e-010  1.505614e-008  -5.154963e-008  -1.302185e-008  -1.400597e-008  -8.293155e-009  0.000000e+000  8.293272e-009  1.400558e-008  1.302201e-008  5.154968e-008  -1.505683e-008  3.862633e-010  5.001885e-009  0.000000e+000  0.000000e+000  
0.000000e+000  -2.686751e-009  -1.608151e-009  -1.859183e-009  -2.503303e-008  -1.117504e-008  -9.131456e-009  -5.304305e-009  0.000000e+000  5.303947e-009  9.132007e-009  1.117477e-008  2.503239e-008  1.860439e-009  1.608627e-009  2.686341e-009  0.000000e+000  0.000000e+000  
0.000000e+000  -1.397675e-009  -1.483445e-009  -2.902564e-009  -1.055642e-008  -6.040603e-009  -4.547707e-009  -2.593779e-009  0.000000e+000  2.594049e-009  4.547311e-009  6.040525e-009  1.055696e-008  2.901601e-009  1.483642e-009  1.397867e-009  0.000000e+000  0.000000e+000  
0.000000e+000  0.000000e+000  0.000000e+000  0.000000e+000  0.000000e+000  0.000000e+000  0.000000e+000  0.000000e+000  0.000000e+000  0.000000e+000  0.000000e+000  0.000000e+000  0.000000e+000  0.000000e+000  0.000000e+000  0.000000e+000  0.000000e+000  0.000000e+000  
0.000000e+000  0.000000e+000  0.000000e+000  0.000000e+000  0.000000e+000  0.000000e+000  0.000000e+000  0.000000e+000  0.000000e+000  0.000000e+000  0.000000e+000  0.000000e+000  0.000000e+000  0.000000e+000  0.000000e+000  0.000000e+000  0.000000e+000  0.000000e+000  

0.000000e+000  0.000000e+000  0.000000e+000  0.000000e+000  0.000000e+000  0.000000e+000  0.000000e+000  0.000000e+000  0.000000e+000  0.000000e+000  0.000000e+000  0.000000e+000  0.000000e+000  0.000000e+000  0.000000e+000  0.000000e+000  0.000000e+000  0.000000e+000  
0.000000e+000  0.000000e+000  0.000000e+000  0.000000e+000  0.000000e+000  0.000000e+000  0.000000e+000  0.000000e+000  0.000000e+000  0.000000e+000  0.000000e+000  0.000000e+000  0.000000e+000  0.000000e+000  0.000000e+000  0.000000e+000  0.000000e+000  0.000000e+000  
0.000000e+000  0.000000e+000  0.000000e+000  0.000000e+000  0.000000e+000  0.000000e+000  0.000000e+000  0.000000e+000  0.000000e+000  0.000000e+000  0.000000e+000  0.000000e+000  0.000000e+000  0.000000e+000  0.000000e+000  0.000000e+000  0.000000e+000  0.000000e+000  
0.000000e+000  0.000000e+000  0.000000e+000  0.000000e+000  0.000000e+000  0.000000e+000  0.000000e+000  0.000000e+000  0.000000e+000  0.000000e+000  0.000000e+000  0.000000e+000  0.000000e+000  0.000000e+000  0.000000e+000  0.000000e+000  0.000000e+000  0.000000e+000  
0.000000e+000  0.000000e+000  0.000000e+000  0.000000e+000  0.000000e+000  0.000000e+000  0.000000e+000  0.000000e+000  0.000000e+000  0.000000e+000  0.000000e+000  0.000000e+000  0.000000e+000  0.000000e+000  0.000000e+000  0.000000e+000  0.000000e+000  0.000000e+000  
0.000000e+000  0.000000e+000  0.000000e+000  0.000000e+000  0.000000e+000  0.000000e+000  0.000000e+000  0.000000e+000  0.000000e+000  0.000000e+000  0.000000e+000  0.000000e+000  0.000000e+000  0.000000e+000  0.000000e+000  0.000000e+000  0.000000e+000  0.000000e+000  
0.000000e+000  0.000000e+000  0.000000e+000  0.000000e+000  0.000000e+000  0.000000e+000  0.000000e+000  0.000000e+000  0.000000e+000  0.000000e+000  0.000000e+000  0.000000e+000  0.000000e+000  0.000000e+000  0.000000e+000  0.000000e+000  0.000000e+000  0.000000e+000  
0.000000e+000  0.000000e+000  0.000000e+000  0.000000e+000  0.000000e+000  0.000000e+000  0.000000e+000  0.000000e+000  0.000000e+000  0.000000e+000  0.000000e+000  0.000000e+000  0.000000e+000  0.000000e+000  0.000000e+000  0.000000e+000  0.000000e+000  0.000000e+000  
0.000000e+000  0.000000e+000  0.000000e+000  0.000000e+000  0.000000e+000  0.000000e+000  0.000000e+000  0.000000e+000  0.000000e+000  0.000000e+000  0.000000e+000  0.000000e+000  0.000000e+000  0.000000e+000  0.000000e+000  0.000000e+000  0.000000e+000  0.000000e+000  
0.000000e+000  0.000000e+000  0.000000e+000  0.000000e+000  0.000000e+000  0.000000e+000  0.000000e+000  0.000000e+000  0.000000e+000  0.000000e+000  0.000000e+000  0.000000e+000  0.000000e+000  0.000000e+000  0.000000e+000  0.000000e+000  0.000000e+000  0.000000e+000  
0.000000e+000  0.000000e+000  0.000000e+000  0.000000e+000  0.000000e+000  0.000000e+000  0.000000e+000  0.000000e+000  0.000000e+000  0.000000e+000  0.000000e+000  0.000000e+000  0.000000e+000  0.000000e+000  0.000000e+000  0.000000e+000  0.000000e+000  0.000000e+000  
0.000000e+000  0.000000e+000  0.000000e+000  0.000000e+000  0.000000e+000  0.000000e+000  0.000000e+000  0.000000e+000  0.000000e+000  0.000000e+000  0.000000e+000  0.000000e+000  0.000000e+000  0.000000e+000  0.000000e+000  0.000000e+000  0.000000e+000  0.000000e+000  

0.000000e+000  0.000000e+000  0.000000e+000  0.000000e+000  0.000000e+000  0.000000e+000  0.000000e+000  0.000000e+000  0.000000e+000  0.000000e+000  0.000000e+000  0.000000e+000  0.000000e+000  0.000000e+000  0.000000e+000  0.000000e+000  0.000000e+000  0.000000e+000  
0.000000e+000  0.000000e+000  0.000000e+000  0.000000e+000  0.000000e+000  0.000000e+000  0.000000e+000  0.000000e+000  0.000000e+000  0.000000e+000  0.000000e+000  0.000000e+000  0.000000e+000  0.000000e+000  0.000000e+000  0.000000e+000  0.000000e+000  0.000000e+000  
0.000000e+000  0.000000e+000  0.000000e+000  0.000000e+000  0.000000e+000  0.000000e+000  0.000000e+000  0.000000e+000  0.000000e+000  0.000000e+000  0.000000e+000  0.000000e+000  0.000000e+000  0.000000e+000  0.000000e+000  0.000000e+000  0.000000e+000  0.000000e+000  
0.000000e+000  0.000000e+000  0.000000e+000  0.000000e+000  0.000000e+000  0.000000e+000  0.000000e+000  0.000000e+000  0.000000e+000  0.000000e+000  0.000000e+000  0.000000e+000  0.000000e+000  0.000000e+000  0.000000e+000  0.000000e+000  0.000000e+000  0.000000e+000  
0.000000e+000  0.000000e+000  0.000000e+000  0.000000e+000  0.000000e+000  0.000000e+000  0.000000e+000  0.000000e+000  0.000000e+000  0.000000e+000  0.000000e+000  0.000000e+000  0.000000e+000  0.000000e+000  0.000000e+000  0.000000e+000  0.000000e+000  0.000000e+000  
0.000000e+000  0.000000e+000  0.000000e+000  0.000000e+000  0.000000e+000  0.000000e+000  0.000000e+000  0.000000e+000  0.000000e+000  0.000000e+000  0.000000e+000  0.000000e+000  0.000000e+000  0.000000e+000  0.000000e+000  0.000000e+000  0.000000e+000  0.000000e+000  
0.000000e+000  0.000000e+000  0.000000e+000  0.000000e+000  0.000000e+000  0.000000e+000  0.000000e+000  0.000000e+000  0.000000e+000  0.000000e+000  0.000000e+000  0.000000e+000  0.000000e+000  0.000000e+000  0.000000e+000  0.000000e+000  0.000000e+000  0.000000e+000  
0.000000e+000  0.000000e+000  0.000000e+000  0.000000e+000  0.000000e+000  0.000000e+000  0.000000e+000  0.000000e+000  0.000000e+000  0.000000e+000  0.000000e+000  0.000000e+000  0.000000e+000  0.000000e+000  0.000000e+000  0.000000e+000  0.000000e+000  0.000000e+000  
0.000000e+000  0.000000e+000  0.000000e+000  0.000000e+000  0.000000e+000  0.000000e+000  0.000000e+000  0.000000e+000  0.000000e+000  0.000000e+000  0.000000e+000  0.000000e+000  0.000000e+000  0.000000e+000  0.000000e+000  0.000000e+000  0.000000e+000  0.000000e+000  
0.000000e+000  0.000000e+000  0.000000e+000  0.000000e+000  0.000000e+000  0.000000e+000  0.000000e+000  0.000000e+000  0.000000e+000  0.000000e+000  0.000000e+000  0.000000e+000  0.000000e+000  0.000000e+000  0.000000e+000  0.000000e+000  0.000000e+000  0.000000e+000  
0.000000e+000  0.000000e+000  0.000000e+000  0.000000e+000  0.000000e+000  0.000000e+000  0.000000e+000  0.000000e+000  0.000000e+000  0.000000e+000  0.000000e+000  0.000000e+000  0.000000e+000  0.000000e+000  0.000000e+000  0.000000e+000  0.000000e+000  0.000000e+000  
0.000000e+000  0.000000e+000  0.000000e+000  0.000000e+000  0.000000e+000  0.000000e+000  0.000000e+000  0.000000e+000  0.000000e+000  0.000000e+000  0.000000e+000  0.000000e+000  0.000000e+000  0.000000e+000  0.000000e+000  0.000000e+000  0.000000e+000  0.000000e+000  

0.000000e+000  0.000000e+000  0.000000e+000  0.000000e+000  0.000000e+000  0.000000e+000  0.000000e+000  0.000000e+000  0.000000e+000  0.000000e+000  0.000000e+000  0.000000e+000  0.000000e+000  0.000000e+000  0.000000e+000  0.000000e+000  0.000000e+000  0.000000e+000  
0.000000e+000  0.000000e+000  0.000000e+000  0.000000e+000  0.000000e+000  0.000000e+000  0.000000e+000  0.000000e+000  0.000000e+000  0.000000e+000  0.000000e+000  0.000000e+000  0.000000e+000  0.000000e+000  0.000000e+000  0.000000e+000  0.000000e+000  0.000000e+000  
0.000000e+000  0.000000e+000  0.000000e+000  0.000000e+000  0.000000e+000  0.000000e+000  0.000000e+000  0.000000e+000  0.000000e+000  0.000000e+000  0.000000e+000  0.000000e+000  0.000000e+000  0.000000e+000  0.000000e+000  0.000000e+000  0.000000e+000  0.000000e+000  
0.000000e+000  0.000000e+000  0.000000e+000  0.000000e+000  0.000000e+000  0.000000e+000  0.000000e+000  0.000000e+000  0.000000e+000  0.000000e+000  0.000000e+000  0.000000e+000  0.000000e+000  0.000000e+000  0.000000e+000  0.000000e+000  0.000000e+000  0.000000e+000  
0.000000e+000  0.000000e+000  0.000000e+000  0.000000e+000  0.000000e+000  0.000000e+000  0.000000e+000  0.000000e+000  0.000000e+000  0.000000e+000  0.000000e+000  0.000000e+000  0.000000e+000  0.000000e+000  0.000000e+000  0.000000e+000  0.000000e+000  0.000000e+000  
0.000000e+000  0.000000e+000  0.000000e+000  0.000000e+000  0.000000e+000  0.000000e+000  0.000000e+000  0.000000e+000  0.000000e+000  0.000000e+000  0.000000e+000  0.000000e+000  0.000000e+000  0.000000e+000  0.000000e+000  0.000000e+000  0.000000e+000  0.000000e+000  
0.000000e+000  0.000000e+000  0.000000e+000  0.000000e+000  0.000000e+000  0.000000e+000  0.000000e+000  0.000000e+000  0.000000e+000  0.000000e+000  0.000000e+000  0.000000e+000  0.000000e+000  0.000000e+000  0.000000e+000  0.000000e+000  0.000000e+000  0.000000e+000  
0.000000e+000  0.000000e+000  0.000000e+000  0.000000e+000  0.000000e+000  0.000000e+000  0.000000e+000  0.000000e+000  0.000000e+000  0.000000e+000  0.000000e+000  0.000000e+000  0.000000e+000  0.000000e+000  0.000000e+000  0.000000e+000  0.000000e+000  0.000000e+000  
0.000000e+000  0.000000e+000  0.000000e+000  0.000000e+000  0.000000e+000  0.000000e+000  0.000000e+000  0.000000e+000  0.000000e+000  0.000000e+000  0.000000e+000  0.000000e+000  0.000000e+000  0.000000e+000  0.000000e+000  0.000000e+000  0.000000e+000  0.000000e+000  
0.000000e+000  0.000000e+000  0.000000e+000  0.000000e+000  0.000000e+000  0.000000e+000  0.000000e+000  0.000000e+000  0.000000e+000  0.000000e+000  0.000000e+000  0.000000e+000  0.000000e+000  0.000000e+000  0.000000e+000  0.000000e+000  0.000000e+000  0.000000e+000  
0.000000e+000  0.000000e+000  0.000000e+000  0.000000e+000  0.000000e+000  0.000000e+000  0.000000e+000  0.000000e+000  0.000000e+000  0.000000e+000  0.000000e+000  0.000000e+000  0.000000e+000  0.000000e+000  0.000000e+000  0.000000e+000  0.000000e+000  0.000000e+000  
0.000000e+000  0.000000e+000  0.000000e+000  0.000000e+000  0.000000e+000  0.000000e+000  0.000000e+000  0.000000e+000  0.000000e+000  0.000000e+000  0.000000e+000  0.000000e+000  0.000000e+000  0.000000e+000  0.000000e+000  0.000000e+000  0.000000e+000  0.000000e+000  

-0.000000e+000  -0.000000e+000  -0.000000e+000  -0.000000e+000  -0.000000e+000  -0.000000e+000  -0.000000e+000  -0.000000e+000  -0.000000e+000  -0.000000e+000  -0.000000e+000  -0.000000e+000  -0.000000e+000  -0.000000e+000  -0.000000e+000  -0.000000e+000  -0.000000e+000  -0.000000e+000  
-0.000000e+000  3.829028e+000  3.761349e+000  3.627187e+000  3.343418e+000  2.750432e+000  1.947339e+000  1.008762e+000  -0.000000e+000  -1.008762e+000  -1.947339e+000  -2.750432e+000  -3.343418e+000  -3.627187e+000  -3.761349e+000  -3.829028e+000  -0.000000e+000  -0.000000e+000  
-0.000000e+000  3.829028e+000  3.761349e+000  3.627187e+000  3.343418e+000  2.750432e+000  1.947339e+000  1.008762e+000  -0.000000e+000  -1.008762e+000  -1.947339e+000  -2.750432e+000  -3.343418e+000  -3.627187e+000  -3.761349e+000  -3.829028e+000  -0.000000e+000  -0.000000e+000  
-0.000000e+000  3.829028e+000  3.761349e+000  3.627187e+000  3.343418e+000  2.750432e+000  1.947339e+000  1.008762e+000  -0.000000e+000  -1.008762e+000  -1.947339e+000  -2.750432e+000  -3.343418e+000  -3.627187e+000  -3.761349e+000  -3.829028e+000  -0.000000e+000  -0.000000e+000  
-0.000000e+000  3.829028e+000  3.761349e+000  3.627187e+000  3.343418e+000  2.750432e+000  1.947339e+000  1.008762e+000  -0.000000e+000  -1.008762e+000  -1.947339e+000  -2.750432e+000  -3.343418e+000  -3.627187e+000  -3.761349e+000  -3.829028e+000  -0.000000e+000  -0.000000e+000  
-0.000000e+000  3.829028e+000  3.761349e+000  3.627187e+000  3.343418e+000  2.750432e+000  1.947339e+000  1.008762e+000  -0.000000e+000  -1.008762e+000  -1.947339e+000  -2.750432e+000  -3.343418e+000  -3.627187e+000  -3.761349e+000  -3.829028e+000  -0.000000e+000  -0.000000e+000  
-0.000000e+000  3.829028e+000  3.761349e+000  3.627187e+000  3.343418e+000  2.750432e+000  1.947339e+000  1.008762e+000  -0.000000e+000  -1.008762e+000  -1.947339e+000  -2.750432e+000  -3.343418e+000  -3.627187e+000  -3.761349e+000  -3.829028e+000  -0.000000e+000  -0.000000e+000  
-0.000000e+000  3.829028e+000  3.761349e+000  3.627187e+000  3.343418e+000  2.750432e+000  1.947339e+000  1.008762e+000  -0.000000e+000  -1.008762e+000  -1.947339e+000  -2.750432e+000  -3.343418e+000  -3.627187e+000  -3.761349e+000  -3.829028e+000  -0.000000e+000  -0.000000e+000  
-0.000000e+000  3.829028e+000  3.761349e+000  3.627187e+000  3.343418e+000  2.750432e+000  1.947339e+000  1.008762e+000  -0.000000e+000  -1.008762e+000  -1.947339e+000  -2.750432e+000  -3.343418e+000  -3.627187e+000  -3.761349e+000  -3.829028e+000  -0.000000e+000  -0.000000e+000  
-0.000000e+000  3.829028e+000  3.761349e+000  3.627187e+000  3.343418e+000  2.750432e+000  1.947339e+000  1.008762e+000  -0.000000e+000  -1.008762e+000  -1.947339e+000  -2.750432e+000  -3.343418e+000  -3.627187e+000  -3.761349e+000  -3.829028e+000  -0.000000e+000  -0.000000e+000  
-0.000000e+000  -0.000000e+000  -0.000000e+000  -0.000000e+000  -0.000000e+000  -0.000000e+000  -0.000000e+000  -0.000000e+000  -0.000000e+000  -0.000000e+000  -0.000000e+000  -0.000000e+000  -0.000000e+000  -0.000000e+000  -0.000000e+000  -0.000000e+000  -0.000000e+000  -0.000000e+000  
-0.000000e+000  -0.000000e+000  -0.000000e+000  -0.000000e+000  -0.000000e+000  -0.000000e+000  -0.000000e+000  -0.000000e+000  -0.000000e+000  -0.000000e+000  -0.000000e+000  -0.000000e+000  -0.000000e+000  -0.000000e+000  -0.000000e+000  -0.000000e+000  -0.000000e+000  -0.000000e+000  

