Port monitor named: Port2_e1.prt

nx        = 95
ny        = 83
nz        = 36

nu        = 13
nv        = 6
iu        = 36
iv        = 10

idir      = 0
dcut      = 7.965000e-002
icut      = 89
type      = 0
frequency = 9.160000e+008

fcutoff   = 0.000000e+000
alpha     = 0.000000e+000
beta      = 3.445609e+001
accuracy  = 1.926682e-014

type          = QTEM
wave imp.     = 2.491818e+002
wave imp.sig. = 1.615814e-011
line imp.     = 5.903675e+001

ref. port     = 0

0.000000e+000  0.000000e+000  0.000000e+000  0.000000e+000  0.000000e+000  0.000000e+000  0.000000e+000  0.000000e+000  0.000000e+000  0.000000e+000  0.000000e+000  0.000000e+000  0.000000e+000  
-1.270016e+001  -5.572175e+001  -1.797886e+002  -5.540218e+002  -1.839758e+003  -6.578105e+003  6.578105e+003  1.839758e+003  5.540218e+002  1.797886e+002  5.572175e+001  1.270016e+001  0.000000e+000  
-3.312007e+001  -1.155020e+002  -2.578038e+002  -5.034726e+002  -8.648314e+002  -6.645332e+002  6.645332e+002  8.648314e+002  5.034726e+002  2.578038e+002  1.155020e+002  3.312007e+001  0.000000e+000  
-3.962542e+001  -1.235131e+002  -2.265576e+002  -3.432288e+002  -4.219632e+002  -2.496873e+002  2.496873e+002  4.219632e+002  3.432288e+002  2.265576e+002  1.235131e+002  3.962542e+001  0.000000e+000  
-3.839681e+001  -1.101825e+002  -1.748118e+002  -2.198991e+002  -2.142026e+002  -1.026579e+002  1.026579e+002  2.142026e+002  2.198991e+002  1.748118e+002  1.101825e+002  3.839681e+001  0.000000e+000  
-2.986282e+001  -7.931244e+001  -1.110400e+002  -1.206299e+002  -9.961239e+001  -4.116305e+001  4.116305e+001  9.961239e+001  1.206299e+002  1.110400e+002  7.931244e+001  2.986282e+001  0.000000e+000  

-7.413388e+001  -9.089097e+001  -1.574325e+002  -3.382256e+002  -8.916038e+002  -2.722631e+003  -4.844907e+003  -2.722631e+003  -8.916038e+002  -3.382256e+002  -1.574325e+002  -9.089097e+001  -7.413388e+001  
-2.611911e+002  -2.884790e+002  -3.616190e+002  -4.433097e+002  -3.942449e+002  5.996381e+002  2.077295e+003  5.996381e+002  -3.942449e+002  -4.433097e+002  -3.616190e+002  -2.884790e+002  -2.611911e+002  
-2.131177e+002  -2.220457e+002  -2.326854e+002  -2.020688e+002  -3.985119e+001  4.114113e+002  8.652174e+002  4.114113e+002  -3.985119e+001  -2.020688e+002  -2.326854e+002  -2.220457e+002  -2.131177e+002  
-1.557190e+002  -1.543907e+002  -1.390886e+002  -8.704634e+001  3.806909e+001  2.496392e+002  4.103581e+002  2.496392e+002  3.806909e+001  -8.704634e+001  -1.390886e+002  -1.543907e+002  -1.557190e+002  
-6.777870e+001  -6.271696e+001  -4.584037e+001  -1.597715e+001  3.067309e+001  8.464571e+001  1.157279e+002  8.464571e+001  3.067309e+001  -1.597715e+001  -4.584037e+001  -6.271696e+001  -6.777870e+001  
0.000000e+000  0.000000e+000  0.000000e+000  0.000000e+000  0.000000e+000  0.000000e+000  0.000000e+000  0.000000e+000  0.000000e+000  0.000000e+000  0.000000e+000  0.000000e+000  0.000000e+000  

0.000000e+000  0.000000e+000  0.000000e+000  0.000000e+000  0.000000e+000  0.000000e+000  0.000000e+000  0.000000e+000  0.000000e+000  0.000000e+000  0.000000e+000  0.000000e+000  0.000000e+000  
0.000000e+000  0.000000e+000  0.000000e+000  0.000000e+000  0.000000e+000  0.000000e+000  0.000000e+000  0.000000e+000  0.000000e+000  0.000000e+000  0.000000e+000  0.000000e+000  0.000000e+000  
0.000000e+000  0.000000e+000  0.000000e+000  0.000000e+000  0.000000e+000  0.000000e+000  0.000000e+000  0.000000e+000  0.000000e+000  0.000000e+000  0.000000e+000  0.000000e+000  0.000000e+000  
0.000000e+000  0.000000e+000  0.000000e+000  0.000000e+000  0.000000e+000  0.000000e+000  0.000000e+000  0.000000e+000  0.000000e+000  0.000000e+000  0.000000e+000  0.000000e+000  0.000000e+000  
0.000000e+000  0.000000e+000  0.000000e+000  0.000000e+000  0.000000e+000  0.000000e+000  0.000000e+000  0.000000e+000  0.000000e+000  0.000000e+000  0.000000e+000  0.000000e+000  0.000000e+000  
0.000000e+000  0.000000e+000  0.000000e+000  0.000000e+000  0.000000e+000  0.000000e+000  0.000000e+000  0.000000e+000  0.000000e+000  0.000000e+000  0.000000e+000  0.000000e+000  0.000000e+000  

0.000000e+000  0.000000e+000  0.000000e+000  0.000000e+000  0.000000e+000  0.000000e+000  0.000000e+000  0.000000e+000  0.000000e+000  0.000000e+000  0.000000e+000  0.000000e+000  0.000000e+000  
0.000000e+000  0.000000e+000  0.000000e+000  0.000000e+000  0.000000e+000  0.000000e+000  0.000000e+000  0.000000e+000  0.000000e+000  0.000000e+000  0.000000e+000  0.000000e+000  0.000000e+000  
0.000000e+000  0.000000e+000  0.000000e+000  0.000000e+000  0.000000e+000  0.000000e+000  0.000000e+000  0.000000e+000  0.000000e+000  0.000000e+000  0.000000e+000  0.000000e+000  0.000000e+000  
0.000000e+000  0.000000e+000  0.000000e+000  0.000000e+000  0.000000e+000  0.000000e+000  0.000000e+000  0.000000e+000  0.000000e+000  0.000000e+000  0.000000e+000  0.000000e+000  0.000000e+000  
0.000000e+000  0.000000e+000  0.000000e+000  0.000000e+000  0.000000e+000  0.000000e+000  0.000000e+000  0.000000e+000  0.000000e+000  0.000000e+000  0.000000e+000  0.000000e+000  0.000000e+000  
0.000000e+000  0.000000e+000  0.000000e+000  0.000000e+000  0.000000e+000  0.000000e+000  0.000000e+000  0.000000e+000  0.000000e+000  0.000000e+000  0.000000e+000  0.000000e+000  0.000000e+000  

0.000000e+000  0.000000e+000  0.000000e+000  0.000000e+000  0.000000e+000  0.000000e+000  0.000000e+000  0.000000e+000  0.000000e+000  0.000000e+000  0.000000e+000  0.000000e+000  0.000000e+000  
0.000000e+000  0.000000e+000  0.000000e+000  0.000000e+000  0.000000e+000  0.000000e+000  0.000000e+000  0.000000e+000  0.000000e+000  0.000000e+000  0.000000e+000  0.000000e+000  0.000000e+000  
0.000000e+000  0.000000e+000  0.000000e+000  0.000000e+000  0.000000e+000  0.000000e+000  0.000000e+000  0.000000e+000  0.000000e+000  0.000000e+000  0.000000e+000  0.000000e+000  0.000000e+000  
0.000000e+000  0.000000e+000  0.000000e+000  0.000000e+000  0.000000e+000  0.000000e+000  0.000000e+000  0.000000e+000  0.000000e+000  0.000000e+000  0.000000e+000  0.000000e+000  0.000000e+000  
0.000000e+000  0.000000e+000  0.000000e+000  0.000000e+000  0.000000e+000  0.000000e+000  0.000000e+000  0.000000e+000  0.000000e+000  0.000000e+000  0.000000e+000  0.000000e+000  0.000000e+000  
0.000000e+000  0.000000e+000  0.000000e+000  0.000000e+000  0.000000e+000  0.000000e+000  0.000000e+000  0.000000e+000  0.000000e+000  0.000000e+000  0.000000e+000  0.000000e+000  0.000000e+000  

0.000000e+000  0.000000e+000  0.000000e+000  0.000000e+000  0.000000e+000  0.000000e+000  0.000000e+000  0.000000e+000  0.000000e+000  0.000000e+000  0.000000e+000  0.000000e+000  0.000000e+000  
-1.384104e+001  -1.496925e+001  -1.801983e+001  -2.203209e+001  -2.529431e+001  -1.784646e+001  0.000000e+000  -1.784646e+001  -2.529431e+001  -2.203209e+001  -1.801983e+001  -1.496925e+001  -1.384104e+001  
-1.534976e+001  -1.606479e+001  -1.775304e+001  -1.939540e+001  -1.981449e+001  -1.656478e+001  -1.161015e+001  -1.656478e+001  -1.981449e+001  -1.939540e+001  -1.775304e+001  -1.606479e+001  -1.534976e+001  
-1.610843e+001  -1.650473e+001  -1.733938e+001  -1.796445e+001  -1.787972e+001  -1.658160e+001  -1.513556e+001  -1.658160e+001  -1.787972e+001  -1.796445e+001  -1.733938e+001  -1.650473e+001  -1.610843e+001  
-1.646551e+001  -1.666242e+001  -1.703341e+001  -1.724558e+001  -1.713843e+001  -1.667639e+001  -1.628133e+001  -1.667639e+001  -1.713843e+001  -1.724558e+001  -1.703341e+001  -1.666242e+001  -1.646551e+001  
-1.660943e+001  -1.667701e+001  -1.679209e+001  -1.684403e+001  -1.680390e+001  -1.669244e+001  -1.661448e+001  -1.669244e+001  -1.680390e+001  -1.684403e+001  -1.679209e+001  -1.667701e+001  -1.660943e+001  

