Port monitor named: Port2_h1.prt

nx        = 95
ny        = 83
nz        = 36

nu        = 13
nv        = 6
iu        = 36
iv        = 10

idir      = 0
dcut      = 7.965000e-002
icut      = 89
type      = 1
frequency = 9.160000e+008

fcutoff   = 0.000000e+000
alpha     = 0.000000e+000
beta      = 3.445598e+001
accuracy  = 1.938326e-014

type          = QTEM
wave imp.     = 2.491799e+002
wave imp.sig. = 1.668468e-010
line imp.     = 5.903690e+001

ref. port     = 0

-1.588128e+000  -1.769236e+000  -2.359843e+000  -3.580342e+000  -6.508793e+000  -1.456406e+001  -2.308223e+001  -1.456406e+001  -6.508793e+000  -3.580342e+000  -2.359843e+000  -1.769236e+000  -1.588128e+000  
-1.383117e+000  -1.475485e+000  -1.699125e+000  -1.870062e+000  -1.373593e+000  2.975610e+000  8.817406e+000  2.975610e+000  -1.373593e+000  -1.870062e+000  -1.699125e+000  -1.475485e+000  -1.383117e+000  
-1.085134e+000  -1.098427e+000  -1.070421e+000  -8.304493e-001  -1.078656e-002  1.958598e+000  3.798391e+000  1.958598e+000  -1.078656e-002  -8.304493e-001  -1.070421e+000  -1.098427e+000  -1.085134e+000  
-7.747385e-001  -7.500005e-001  -6.341085e-001  -3.478725e-001  2.502675e-001  1.180555e+000  1.849786e+000  1.180555e+000  2.502675e-001  -3.478725e-001  -6.341085e-001  -7.500005e-001  -7.747385e-001  
-3.290442e-001  -2.993224e-001  -2.078197e-001  -5.868571e-002  1.605867e-001  4.025288e-001  5.371391e-001  4.025288e-001  1.605867e-001  -5.868571e-002  -2.078197e-001  -2.993224e-001  -3.290442e-001  
-0.000000e+000  -0.000000e+000  -0.000000e+000  -0.000000e+000  -0.000000e+000  -0.000000e+000  -0.000000e+000  -0.000000e+000  -0.000000e+000  -0.000000e+000  -0.000000e+000  -0.000000e+000  -0.000000e+000  

-0.000000e+000  -0.000000e+000  -0.000000e+000  -0.000000e+000  -0.000000e+000  -0.000000e+000  -0.000000e+000  -0.000000e+000  -0.000000e+000  -0.000000e+000  -0.000000e+000  -0.000000e+000  -0.000000e+000  
1.397220e-001  4.999265e-001  1.219428e+000  2.936588e+000  8.100851e+000  2.639696e+001  -2.639696e+001  -8.100851e+000  -2.936588e+000  -1.219428e+000  -4.999265e-001  -1.397220e-001  -0.000000e+000  
2.081413e-001  6.807152e-001  1.377850e+000  2.438343e+000  3.828961e+000  2.750844e+000  -2.750844e+000  -3.828961e+000  -2.438343e+000  -1.377850e+000  -6.807152e-001  -2.081413e-001  -0.000000e+000  
2.168058e-001  6.533366e-001  1.136711e+000  1.628278e+000  1.893555e+000  1.068447e+000  -1.068447e+000  -1.893555e+000  -1.628278e+000  -1.136711e+000  -6.533366e-001  -2.168058e-001  -0.000000e+000  
1.969507e-001  5.540447e-001  8.524388e-001  1.038077e+000  9.787458e-001  4.559875e-001  -4.559875e-001  -9.787458e-001  -1.038077e+000  -8.524388e-001  -5.540447e-001  -1.969507e-001  -0.000000e+000  
1.471634e-001  3.870512e-001  5.337986e-001  5.709444e-001  4.643693e-001  1.895606e-001  -1.895606e-001  -4.643693e-001  -5.709444e-001  -5.337986e-001  -3.870512e-001  -1.471634e-001  -0.000000e+000  

0.000000e+000  0.000000e+000  0.000000e+000  0.000000e+000  0.000000e+000  0.000000e+000  0.000000e+000  0.000000e+000  0.000000e+000  0.000000e+000  0.000000e+000  0.000000e+000  0.000000e+000  
0.000000e+000  0.000000e+000  0.000000e+000  0.000000e+000  0.000000e+000  0.000000e+000  0.000000e+000  0.000000e+000  0.000000e+000  0.000000e+000  0.000000e+000  0.000000e+000  0.000000e+000  
0.000000e+000  0.000000e+000  0.000000e+000  0.000000e+000  0.000000e+000  0.000000e+000  0.000000e+000  0.000000e+000  0.000000e+000  0.000000e+000  0.000000e+000  0.000000e+000  0.000000e+000  
0.000000e+000  0.000000e+000  0.000000e+000  0.000000e+000  0.000000e+000  0.000000e+000  0.000000e+000  0.000000e+000  0.000000e+000  0.000000e+000  0.000000e+000  0.000000e+000  0.000000e+000  
0.000000e+000  0.000000e+000  0.000000e+000  0.000000e+000  0.000000e+000  0.000000e+000  0.000000e+000  0.000000e+000  0.000000e+000  0.000000e+000  0.000000e+000  0.000000e+000  0.000000e+000  
0.000000e+000  0.000000e+000  0.000000e+000  0.000000e+000  0.000000e+000  0.000000e+000  0.000000e+000  0.000000e+000  0.000000e+000  0.000000e+000  0.000000e+000  0.000000e+000  0.000000e+000  

0.000000e+000  0.000000e+000  0.000000e+000  0.000000e+000  0.000000e+000  0.000000e+000  0.000000e+000  0.000000e+000  0.000000e+000  0.000000e+000  0.000000e+000  0.000000e+000  0.000000e+000  
0.000000e+000  0.000000e+000  0.000000e+000  0.000000e+000  0.000000e+000  0.000000e+000  0.000000e+000  0.000000e+000  0.000000e+000  0.000000e+000  0.000000e+000  0.000000e+000  0.000000e+000  
0.000000e+000  0.000000e+000  0.000000e+000  0.000000e+000  0.000000e+000  0.000000e+000  0.000000e+000  0.000000e+000  0.000000e+000  0.000000e+000  0.000000e+000  0.000000e+000  0.000000e+000  
0.000000e+000  0.000000e+000  0.000000e+000  0.000000e+000  0.000000e+000  0.000000e+000  0.000000e+000  0.000000e+000  0.000000e+000  0.000000e+000  0.000000e+000  0.000000e+000  0.000000e+000  
0.000000e+000  0.000000e+000  0.000000e+000  0.000000e+000  0.000000e+000  0.000000e+000  0.000000e+000  0.000000e+000  0.000000e+000  0.000000e+000  0.000000e+000  0.000000e+000  0.000000e+000  
0.000000e+000  0.000000e+000  0.000000e+000  0.000000e+000  0.000000e+000  0.000000e+000  0.000000e+000  0.000000e+000  0.000000e+000  0.000000e+000  0.000000e+000  0.000000e+000  0.000000e+000  

0.000000e+000  0.000000e+000  0.000000e+000  0.000000e+000  0.000000e+000  0.000000e+000  0.000000e+000  0.000000e+000  0.000000e+000  0.000000e+000  0.000000e+000  0.000000e+000  0.000000e+000  
0.000000e+000  0.000000e+000  0.000000e+000  0.000000e+000  0.000000e+000  0.000000e+000  0.000000e+000  0.000000e+000  0.000000e+000  0.000000e+000  0.000000e+000  0.000000e+000  0.000000e+000  
0.000000e+000  0.000000e+000  0.000000e+000  0.000000e+000  0.000000e+000  0.000000e+000  0.000000e+000  0.000000e+000  0.000000e+000  0.000000e+000  0.000000e+000  0.000000e+000  0.000000e+000  
0.000000e+000  0.000000e+000  0.000000e+000  0.000000e+000  0.000000e+000  0.000000e+000  0.000000e+000  0.000000e+000  0.000000e+000  0.000000e+000  0.000000e+000  0.000000e+000  0.000000e+000  
0.000000e+000  0.000000e+000  0.000000e+000  0.000000e+000  0.000000e+000  0.000000e+000  0.000000e+000  0.000000e+000  0.000000e+000  0.000000e+000  0.000000e+000  0.000000e+000  0.000000e+000  
0.000000e+000  0.000000e+000  0.000000e+000  0.000000e+000  0.000000e+000  0.000000e+000  0.000000e+000  0.000000e+000  0.000000e+000  0.000000e+000  0.000000e+000  0.000000e+000  0.000000e+000  

-4.101725e-002  -1.195633e-001  -1.991239e-001  -2.773281e-001  -3.284353e-001  -1.993713e-001  1.993713e-001  3.284353e-001  2.773281e-001  1.991239e-001  1.195633e-001  4.101725e-002  -0.000000e+000  
-3.625970e-002  -1.046593e-001  -1.717521e-001  -2.360931e-001  -2.780029e-001  -1.633084e-001  1.633084e-001  2.780029e-001  2.360931e-001  1.717521e-001  1.046593e-001  3.625970e-002  -0.000000e+000  
-2.800691e-002  -7.822831e-002  -1.200926e-001  -1.482730e-001  -1.457449e-001  -7.159659e-002  7.159659e-002  1.457449e-001  1.482730e-001  1.200926e-001  7.822831e-002  2.800691e-002  -0.000000e+000  
-1.980422e-002  -5.382982e-002  -7.853020e-002  -9.015481e-002  -7.989079e-002  -3.532977e-002  3.532977e-002  7.989079e-002  9.015481e-002  7.853020e-002  5.382982e-002  1.980422e-002  -0.000000e+000  
-8.322985e-003  -2.179810e-002  -2.987466e-002  -3.173814e-002  -2.563644e-002  -1.040365e-002  1.040365e-002  2.563644e-002  3.173814e-002  2.987466e-002  2.179810e-002  8.322985e-003  -0.000000e+000  
-0.000000e+000  -0.000000e+000  -0.000000e+000  -0.000000e+000  -0.000000e+000  -0.000000e+000  -0.000000e+000  -0.000000e+000  -0.000000e+000  -0.000000e+000  -0.000000e+000  -0.000000e+000  -0.000000e+000  

