Port monitor named: Port2_h1.prt

nx        = 16
ny        = 27
nz        = 4

nu        = 14
nv        = 25
iu        = 2
iv        = 2

idir      = 2
dcut      = 1.723458e-002
icut      = 3
type      = 1
frequency = 2.235000e+009

fcutoff   = 0.000000e+000
alpha     = 0.000000e+000
beta      = 9.562323e+001
accuracy  = 6.157965e-014

type          = TEM
wave imp.     = 1.845457e+002
wave imp.sig. = 5.179425e-006
line imp.     = 9.819825e+001

ref. port     = 0

2.858500e+001  3.639557e+001  3.525182e+001  3.480515e+001  3.468649e+001  3.466087e+001  3.465269e+001  3.465269e+001  3.466087e+001  3.468649e+001  3.480515e+001  3.525182e+001  3.639557e+001  2.858500e+001  
3.260724e+001  3.464928e+001  3.488053e+001  3.476608e+001  3.468298e+001  3.466021e+001  3.465248e+001  3.465248e+001  3.466021e+001  3.468298e+001  3.476608e+001  3.488053e+001  3.464928e+001  3.260724e+001  
3.382792e+001  3.440902e+001  3.466919e+001  3.471692e+001  3.467632e+001  3.465877e+001  3.465201e+001  3.465201e+001  3.465877e+001  3.467632e+001  3.471692e+001  3.466919e+001  3.440902e+001  3.382792e+001  
3.425137e+001  3.443569e+001  3.458886e+001  3.467718e+001  3.466847e+001  3.465676e+001  3.465130e+001  3.465130e+001  3.465676e+001  3.466847e+001  3.467718e+001  3.458886e+001  3.443569e+001  3.425137e+001  
3.442196e+001  3.448825e+001  3.456898e+001  3.465029e+001  3.466077e+001  3.465444e+001  3.465040e+001  3.465040e+001  3.465444e+001  3.466077e+001  3.465029e+001  3.456898e+001  3.448825e+001  3.442196e+001  
3.450159e+001  3.452879e+001  3.457134e+001  3.463394e+001  3.465395e+001  3.465199e+001  3.464937e+001  3.464937e+001  3.465199e+001  3.465395e+001  3.463394e+001  3.457134e+001  3.452879e+001  3.450159e+001  
3.454392e+001  3.455657e+001  3.457992e+001  3.462488e+001  3.464827e+001  3.464958e+001  3.464824e+001  3.464824e+001  3.464958e+001  3.464827e+001  3.462488e+001  3.457992e+001  3.455657e+001  3.454392e+001  
3.456888e+001  3.457546e+001  3.458899e+001  3.462043e+001  3.464374e+001  3.464730e+001  3.464706e+001  3.464706e+001  3.464730e+001  3.464374e+001  3.462043e+001  3.458899e+001  3.457546e+001  3.456888e+001  
3.458481e+001  3.458856e+001  3.459684e+001  3.461872e+001  3.464023e+001  3.464523e+001  3.464588e+001  3.464588e+001  3.464523e+001  3.464023e+001  3.461872e+001  3.459684e+001  3.458856e+001  3.458481e+001  
3.459561e+001  3.459790e+001  3.460322e+001  3.461856e+001  3.463758e+001  3.464337e+001  3.464472e+001  3.464472e+001  3.464337e+001  3.463758e+001  3.461856e+001  3.460322e+001  3.459790e+001  3.459561e+001  
3.460324e+001  3.460474e+001  3.460829e+001  3.461920e+001  3.463562e+001  3.464175e+001  3.464361e+001  3.464361e+001  3.464175e+001  3.463562e+001  3.461920e+001  3.460829e+001  3.460474e+001  3.460324e+001  
3.460883e+001  3.460985e+001  3.461232e+001  3.462022e+001  3.463420e+001  3.464036e+001  3.464256e+001  3.464256e+001  3.464036e+001  3.463420e+001  3.462022e+001  3.461232e+001  3.460985e+001  3.460883e+001  
3.461303e+001  3.461375e+001  3.461552e+001  3.462136e+001  3.463318e+001  3.463916e+001  3.464159e+001  3.464159e+001  3.463916e+001  3.463318e+001  3.462136e+001  3.461552e+001  3.461375e+001  3.461303e+001  
3.461625e+001  3.461678e+001  3.461808e+001  3.462249e+001  3.463247e+001  3.463816e+001  3.464070e+001  3.464070e+001  3.463816e+001  3.463247e+001  3.462249e+001  3.461808e+001  3.461678e+001  3.461625e+001  
3.461876e+001  3.461915e+001  3.462014e+001  3.462355e+001  3.463198e+001  3.463731e+001  3.463990e+001  3.463990e+001  3.463731e+001  3.463198e+001  3.462355e+001  3.462014e+001  3.461915e+001  3.461876e+001  
3.462073e+001  3.462103e+001  3.462180e+001  3.462449e+001  3.463165e+001  3.463661e+001  3.463919e+001  3.463919e+001  3.463661e+001  3.463165e+001  3.462449e+001  3.462180e+001  3.462103e+001  3.462073e+001  
3.462229e+001  3.462253e+001  3.462314e+001  3.462531e+001  3.463144e+001  3.463603e+001  3.463856e+001  3.463856e+001  3.463603e+001  3.463144e+001  3.462531e+001  3.462314e+001  3.462253e+001  3.462229e+001  
3.462352e+001  3.462371e+001  3.462421e+001  3.462600e+001  3.463130e+001  3.463556e+001  3.463803e+001  3.463803e+001  3.463556e+001  3.463130e+001  3.462600e+001  3.462421e+001  3.462371e+001  3.462352e+001  
3.462449e+001  3.462465e+001  3.462506e+001  3.462657e+001  3.463122e+001  3.463518e+001  3.463758e+001  3.463758e+001  3.463518e+001  3.463122e+001  3.462657e+001  3.462506e+001  3.462465e+001  3.462449e+001  
3.462524e+001  3.462537e+001  3.462573e+001  3.462703e+001  3.463117e+001  3.463489e+001  3.463721e+001  3.463721e+001  3.463489e+001  3.463117e+001  3.462703e+001  3.462573e+001  3.462537e+001  3.462524e+001  
3.462579e+001  3.462592e+001  3.462623e+001  3.462739e+001  3.463115e+001  3.463467e+001  3.463693e+001  3.463693e+001  3.463467e+001  3.463115e+001  3.462739e+001  3.462623e+001  3.462592e+001  3.462579e+001  
3.462619e+001  3.462630e+001  3.462658e+001  3.462764e+001  3.463114e+001  3.463451e+001  3.463672e+001  3.463672e+001  3.463451e+001  3.463114e+001  3.462764e+001  3.462658e+001  3.462630e+001  3.462619e+001  
3.462643e+001  3.462653e+001  3.462680e+001  3.462780e+001  3.463114e+001  3.463441e+001  3.463659e+001  3.463659e+001  3.463441e+001  3.463114e+001  3.462780e+001  3.462680e+001  3.462653e+001  3.462643e+001  
3.462653e+001  3.462663e+001  3.462689e+001  3.462787e+001  3.463113e+001  3.463437e+001  3.463654e+001  3.463654e+001  3.463437e+001  3.463113e+001  3.462787e+001  3.462689e+001  3.462663e+001  3.462653e+001  
-0.000000e+000  -0.000000e+000  -0.000000e+000  -0.000000e+000  -0.000000e+000  -0.000000e+000  -0.000000e+000  -0.000000e+000  -0.000000e+000  -0.000000e+000  -0.000000e+000  -0.000000e+000  -0.000000e+000  -0.000000e+000  

-0.000000e+000  -0.000000e+000  -0.000000e+000  -0.000000e+000  -0.000000e+000  -0.000000e+000  -0.000000e+000  -0.000000e+000  -0.000000e+000  -0.000000e+000  -0.000000e+000  -0.000000e+000  -0.000000e+000  -0.000000e+000  
2.673724e+000  7.588799e-001  1.481846e-001  1.968155e-002  4.250600e-003  1.356790e-003  -0.000000e+000  -1.356790e-003  -4.250600e-003  -1.968155e-002  -1.481846e-001  -7.588799e-001  -2.673724e+000  -0.000000e+000  
8.114301e-001  5.479840e-001  2.003704e-001  3.862966e-002  9.441336e-003  3.118133e-003  -0.000000e+000  -3.118133e-003  -9.441336e-003  -3.862966e-002  -2.003704e-001  -5.479840e-001  -8.114301e-001  -0.000000e+000  
2.814818e-001  3.107200e-001  1.786056e-001  4.788498e-002  1.344351e-002  4.658843e-003  -0.000000e+000  -4.658843e-003  -1.344351e-002  -4.788498e-002  -1.786056e-001  -3.107200e-001  -2.814818e-001  -0.000000e+000  
1.133928e-001  1.710269e-001  1.383343e-001  4.987053e-002  1.611200e-002  5.904361e-003  -0.000000e+000  -5.904361e-003  -1.611200e-002  -4.987053e-002  -1.383343e-001  -1.710269e-001  -1.133928e-001  -0.000000e+000  
5.293764e-002  9.739554e-002  1.012621e-001  4.747959e-002  1.755627e-002  6.823882e-003  -0.000000e+000  -6.823883e-003  -1.755627e-002  -4.747959e-002  -1.012621e-001  -9.739554e-002  -5.293764e-002  -0.000000e+000  
2.813403e-002  5.859616e-002  7.271695e-002  4.291652e-002  1.800297e-002  7.421995e-003  -0.000000e+000  -7.421995e-003  -1.800297e-002  -4.291652e-002  -7.271695e-002  -5.859616e-002  -2.813403e-002  -0.000000e+000  
1.659316e-002  3.730273e-002  5.221749e-002  3.758306e-002  1.770464e-002  7.727296e-003  -0.000000e+000  -7.727296e-003  -1.770464e-002  -3.758306e-002  -5.221749e-002  -3.730273e-002  -1.659316e-002  -0.000000e+000  
1.059292e-002  2.496378e-002  3.788151e-002  3.226862e-002  1.689164e-002  7.781744e-003  -0.000000e+000  -7.781744e-003  -1.689164e-002  -3.226862e-002  -3.788151e-002  -2.496378e-002  -1.059292e-002  -0.000000e+000  
7.173217e-003  1.741465e-002  2.790482e-002  2.736448e-002  1.575287e-002  7.632316e-003  -0.000000e+000  -7.632316e-003  -1.575287e-002  -2.736448e-002  -2.790482e-002  -1.741465e-002  -7.173216e-003  -0.000000e+000  
5.076904e-003  1.256690e-002  2.091128e-002  2.302647e-002  1.443262e-002  7.325263e-003  -0.000000e+000  -7.325263e-003  -1.443262e-002  -2.302647e-002  -2.091128e-002  -1.256689e-002  -5.076905e-003  -0.000000e+000  
3.716348e-003  9.321888e-003  1.593789e-002  1.928179e-002  1.303511e-002  6.902610e-003  -0.000000e+000  -6.902610e-003  -1.303511e-002  -1.928179e-002  -1.593789e-002  -9.321887e-003  -3.716348e-003  -0.000000e+000  
2.792252e-003  7.070662e-003  1.233517e-002  1.609358e-002  1.163165e-002  6.400386e-003  -0.000000e+000  -6.400386e-003  -1.163165e-002  -1.609358e-002  -1.233517e-002  -7.070662e-003  -2.792251e-003  -0.000000e+000  
2.140587e-003  5.458800e-003  9.670972e-003  1.339780e-002  1.026819e-002  5.848034e-003  -0.000000e+000  -5.848034e-003  -1.026819e-002  -1.339780e-002  -9.670971e-003  -5.458800e-003  -2.140589e-003  -0.000000e+000  
1.665914e-003  4.271189e-003  7.657931e-003  1.112300e-002  8.971820e-003  5.268575e-003  -0.000000e+000  -5.268575e-003  -8.971820e-003  -1.112301e-002  -7.657931e-003  -4.271188e-003  -1.665914e-003  -0.000000e+000  
1.309958e-003  3.372551e-003  6.103494e-003  9.200191e-003  7.756124e-003  4.679195e-003  -0.000000e+000  -4.679195e-003  -7.756124e-003  -9.200191e-003  -6.103494e-003  -3.372551e-003  -1.309958e-003  -0.000000e+000  
1.035721e-003  2.675156e-003  4.876914e-003  7.567071e-003  6.625306e-003  4.092026e-003  -0.000000e+000  -4.092026e-003  -6.625306e-003  -7.567071e-003  -4.876914e-003  -2.675157e-003  -1.035721e-003  -0.000000e+000  
8.189056e-004  2.120478e-003  3.887836e-003  6.169356e-003  5.577218e-003  3.514979e-003  -0.000000e+000  -3.514979e-003  -5.577218e-003  -6.169356e-003  -3.887836e-003  -2.120479e-003  -8.189058e-004  -0.000000e+000  
6.430567e-004  1.668380e-003  3.072471e-003  4.960551e-003  4.605549e-003  2.952543e-003  -0.000000e+000  -2.952543e-003  -4.605548e-003  -4.960551e-003  -3.072472e-003  -1.668380e-003  -6.430564e-004  -0.000000e+000  
4.966773e-004  1.290523e-003  2.384651e-003  3.901059e-003  3.701351e-003  2.406501e-003  -0.000000e+000  -2.406500e-003  -3.701351e-003  -3.901059e-003  -2.384651e-003  -1.290522e-003  -4.966774e-004  -0.000000e+000  
3.714657e-004  9.662474e-004  1.789959e-003  2.957050e-003  2.854081e-003  1.876545e-003  -0.000000e+000  -1.876545e-003  -2.854081e-003  -2.957050e-003  -1.789959e-003  -9.662481e-004  -3.714649e-004  -0.000000e+000  
2.611988e-004  6.799344e-004  1.261850e-003  2.099282e-003  2.052272e-003  1.360806e-003  -0.000000e+000  -1.360806e-003  -2.052272e-003  -2.099282e-003  -1.261850e-003  -6.799341e-004  -2.611990e-004  -0.000000e+000  
1.610183e-004  4.192290e-004  7.789865e-004  1.301999e-003  1.283963e-003  8.562821e-004  -0.000000e+000  -8.562819e-004  -1.283963e-003  -1.302000e-003  -7.789856e-004  -4.192291e-004  -1.610187e-004  -0.000000e+000  
6.699153e-005  1.738034e-004  3.233601e-004  5.419043e-004  5.369481e-004  3.591997e-004  -0.000000e+000  -3.591998e-004  -5.369479e-004  -5.419044e-004  -3.233601e-004  -1.738038e-004  -6.699166e-005  -0.000000e+000  
-0.000000e+000  -0.000000e+000  -0.000000e+000  -0.000000e+000  -0.000000e+000  -0.000000e+000  -0.000000e+000  -0.000000e+000  -0.000000e+000  -0.000000e+000  -0.000000e+000  -0.000000e+000  -0.000000e+000  -0.000000e+000  

0.000000e+000  0.000000e+000  0.000000e+000  0.000000e+000  0.000000e+000  0.000000e+000  0.000000e+000  0.000000e+000  0.000000e+000  0.000000e+000  0.000000e+000  0.000000e+000  0.000000e+000  0.000000e+000  
0.000000e+000  0.000000e+000  0.000000e+000  0.000000e+000  0.000000e+000  0.000000e+000  0.000000e+000  0.000000e+000  0.000000e+000  0.000000e+000  0.000000e+000  0.000000e+000  0.000000e+000  0.000000e+000  
0.000000e+000  0.000000e+000  0.000000e+000  0.000000e+000  0.000000e+000  0.000000e+000  0.000000e+000  0.000000e+000  0.000000e+000  0.000000e+000  0.000000e+000  0.000000e+000  0.000000e+000  0.000000e+000  
0.000000e+000  0.000000e+000  0.000000e+000  0.000000e+000  0.000000e+000  0.000000e+000  0.000000e+000  0.000000e+000  0.000000e+000  0.000000e+000  0.000000e+000  0.000000e+000  0.000000e+000  0.000000e+000  
0.000000e+000  0.000000e+000  0.000000e+000  0.000000e+000  0.000000e+000  0.000000e+000  0.000000e+000  0.000000e+000  0.000000e+000  0.000000e+000  0.000000e+000  0.000000e+000  0.000000e+000  0.000000e+000  
0.000000e+000  0.000000e+000  0.000000e+000  0.000000e+000  0.000000e+000  0.000000e+000  0.000000e+000  0.000000e+000  0.000000e+000  0.000000e+000  0.000000e+000  0.000000e+000  0.000000e+000  0.000000e+000  
0.000000e+000  0.000000e+000  0.000000e+000  0.000000e+000  0.000000e+000  0.000000e+000  0.000000e+000  0.000000e+000  0.000000e+000  0.000000e+000  0.000000e+000  0.000000e+000  0.000000e+000  0.000000e+000  
0.000000e+000  0.000000e+000  0.000000e+000  0.000000e+000  0.000000e+000  0.000000e+000  0.000000e+000  0.000000e+000  0.000000e+000  0.000000e+000  0.000000e+000  0.000000e+000  0.000000e+000  0.000000e+000  
0.000000e+000  0.000000e+000  0.000000e+000  0.000000e+000  0.000000e+000  0.000000e+000  0.000000e+000  0.000000e+000  0.000000e+000  0.000000e+000  0.000000e+000  0.000000e+000  0.000000e+000  0.000000e+000  
0.000000e+000  0.000000e+000  0.000000e+000  0.000000e+000  0.000000e+000  0.000000e+000  0.000000e+000  0.000000e+000  0.000000e+000  0.000000e+000  0.000000e+000  0.000000e+000  0.000000e+000  0.000000e+000  
0.000000e+000  0.000000e+000  0.000000e+000  0.000000e+000  0.000000e+000  0.000000e+000  0.000000e+000  0.000000e+000  0.000000e+000  0.000000e+000  0.000000e+000  0.000000e+000  0.000000e+000  0.000000e+000  
0.000000e+000  0.000000e+000  0.000000e+000  0.000000e+000  0.000000e+000  0.000000e+000  0.000000e+000  0.000000e+000  0.000000e+000  0.000000e+000  0.000000e+000  0.000000e+000  0.000000e+000  0.000000e+000  
0.000000e+000  0.000000e+000  0.000000e+000  0.000000e+000  0.000000e+000  0.000000e+000  0.000000e+000  0.000000e+000  0.000000e+000  0.000000e+000  0.000000e+000  0.000000e+000  0.000000e+000  0.000000e+000  
0.000000e+000  0.000000e+000  0.000000e+000  0.000000e+000  0.000000e+000  0.000000e+000  0.000000e+000  0.000000e+000  0.000000e+000  0.000000e+000  0.000000e+000  0.000000e+000  0.000000e+000  0.000000e+000  
0.000000e+000  0.000000e+000  0.000000e+000  0.000000e+000  0.000000e+000  0.000000e+000  0.000000e+000  0.000000e+000  0.000000e+000  0.000000e+000  0.000000e+000  0.000000e+000  0.000000e+000  0.000000e+000  
0.000000e+000  0.000000e+000  0.000000e+000  0.000000e+000  0.000000e+000  0.000000e+000  0.000000e+000  0.000000e+000  0.000000e+000  0.000000e+000  0.000000e+000  0.000000e+000  0.000000e+000  0.000000e+000  
0.000000e+000  0.000000e+000  0.000000e+000  0.000000e+000  0.000000e+000  0.000000e+000  0.000000e+000  0.000000e+000  0.000000e+000  0.000000e+000  0.000000e+000  0.000000e+000  0.000000e+000  0.000000e+000  
0.000000e+000  0.000000e+000  0.000000e+000  0.000000e+000  0.000000e+000  0.000000e+000  0.000000e+000  0.000000e+000  0.000000e+000  0.000000e+000  0.000000e+000  0.000000e+000  0.000000e+000  0.000000e+000  
0.000000e+000  0.000000e+000  0.000000e+000  0.000000e+000  0.000000e+000  0.000000e+000  0.000000e+000  0.000000e+000  0.000000e+000  0.000000e+000  0.000000e+000  0.000000e+000  0.000000e+000  0.000000e+000  
0.000000e+000  0.000000e+000  0.000000e+000  0.000000e+000  0.000000e+000  0.000000e+000  0.000000e+000  0.000000e+000  0.000000e+000  0.000000e+000  0.000000e+000  0.000000e+000  0.000000e+000  0.000000e+000  
0.000000e+000  0.000000e+000  0.000000e+000  0.000000e+000  0.000000e+000  0.000000e+000  0.000000e+000  0.000000e+000  0.000000e+000  0.000000e+000  0.000000e+000  0.000000e+000  0.000000e+000  0.000000e+000  
0.000000e+000  0.000000e+000  0.000000e+000  0.000000e+000  0.000000e+000  0.000000e+000  0.000000e+000  0.000000e+000  0.000000e+000  0.000000e+000  0.000000e+000  0.000000e+000  0.000000e+000  0.000000e+000  
0.000000e+000  0.000000e+000  0.000000e+000  0.000000e+000  0.000000e+000  0.000000e+000  0.000000e+000  0.000000e+000  0.000000e+000  0.000000e+000  0.000000e+000  0.000000e+000  0.000000e+000  0.000000e+000  
0.000000e+000  0.000000e+000  0.000000e+000  0.000000e+000  0.000000e+000  0.000000e+000  0.000000e+000  0.000000e+000  0.000000e+000  0.000000e+000  0.000000e+000  0.000000e+000  0.000000e+000  0.000000e+000  
0.000000e+000  0.000000e+000  0.000000e+000  0.000000e+000  0.000000e+000  0.000000e+000  0.000000e+000  0.000000e+000  0.000000e+000  0.000000e+000  0.000000e+000  0.000000e+000  0.000000e+000  0.000000e+000  

0.000000e+000  0.000000e+000  0.000000e+000  0.000000e+000  0.000000e+000  0.000000e+000  0.000000e+000  0.000000e+000  0.000000e+000  0.000000e+000  0.000000e+000  0.000000e+000  0.000000e+000  0.000000e+000  
0.000000e+000  0.000000e+000  0.000000e+000  0.000000e+000  0.000000e+000  0.000000e+000  0.000000e+000  0.000000e+000  0.000000e+000  0.000000e+000  0.000000e+000  0.000000e+000  0.000000e+000  0.000000e+000  
0.000000e+000  0.000000e+000  0.000000e+000  0.000000e+000  0.000000e+000  0.000000e+000  0.000000e+000  0.000000e+000  0.000000e+000  0.000000e+000  0.000000e+000  0.000000e+000  0.000000e+000  0.000000e+000  
0.000000e+000  0.000000e+000  0.000000e+000  0.000000e+000  0.000000e+000  0.000000e+000  0.000000e+000  0.000000e+000  0.000000e+000  0.000000e+000  0.000000e+000  0.000000e+000  0.000000e+000  0.000000e+000  
0.000000e+000  0.000000e+000  0.000000e+000  0.000000e+000  0.000000e+000  0.000000e+000  0.000000e+000  0.000000e+000  0.000000e+000  0.000000e+000  0.000000e+000  0.000000e+000  0.000000e+000  0.000000e+000  
0.000000e+000  0.000000e+000  0.000000e+000  0.000000e+000  0.000000e+000  0.000000e+000  0.000000e+000  0.000000e+000  0.000000e+000  0.000000e+000  0.000000e+000  0.000000e+000  0.000000e+000  0.000000e+000  
0.000000e+000  0.000000e+000  0.000000e+000  0.000000e+000  0.000000e+000  0.000000e+000  0.000000e+000  0.000000e+000  0.000000e+000  0.000000e+000  0.000000e+000  0.000000e+000  0.000000e+000  0.000000e+000  
0.000000e+000  0.000000e+000  0.000000e+000  0.000000e+000  0.000000e+000  0.000000e+000  0.000000e+000  0.000000e+000  0.000000e+000  0.000000e+000  0.000000e+000  0.000000e+000  0.000000e+000  0.000000e+000  
0.000000e+000  0.000000e+000  0.000000e+000  0.000000e+000  0.000000e+000  0.000000e+000  0.000000e+000  0.000000e+000  0.000000e+000  0.000000e+000  0.000000e+000  0.000000e+000  0.000000e+000  0.000000e+000  
0.000000e+000  0.000000e+000  0.000000e+000  0.000000e+000  0.000000e+000  0.000000e+000  0.000000e+000  0.000000e+000  0.000000e+000  0.000000e+000  0.000000e+000  0.000000e+000  0.000000e+000  0.000000e+000  
0.000000e+000  0.000000e+000  0.000000e+000  0.000000e+000  0.000000e+000  0.000000e+000  0.000000e+000  0.000000e+000  0.000000e+000  0.000000e+000  0.000000e+000  0.000000e+000  0.000000e+000  0.000000e+000  
0.000000e+000  0.000000e+000  0.000000e+000  0.000000e+000  0.000000e+000  0.000000e+000  0.000000e+000  0.000000e+000  0.000000e+000  0.000000e+000  0.000000e+000  0.000000e+000  0.000000e+000  0.000000e+000  
0.000000e+000  0.000000e+000  0.000000e+000  0.000000e+000  0.000000e+000  0.000000e+000  0.000000e+000  0.000000e+000  0.000000e+000  0.000000e+000  0.000000e+000  0.000000e+000  0.000000e+000  0.000000e+000  
0.000000e+000  0.000000e+000  0.000000e+000  0.000000e+000  0.000000e+000  0.000000e+000  0.000000e+000  0.000000e+000  0.000000e+000  0.000000e+000  0.000000e+000  0.000000e+000  0.000000e+000  0.000000e+000  
0.000000e+000  0.000000e+000  0.000000e+000  0.000000e+000  0.000000e+000  0.000000e+000  0.000000e+000  0.000000e+000  0.000000e+000  0.000000e+000  0.000000e+000  0.000000e+000  0.000000e+000  0.000000e+000  
0.000000e+000  0.000000e+000  0.000000e+000  0.000000e+000  0.000000e+000  0.000000e+000  0.000000e+000  0.000000e+000  0.000000e+000  0.000000e+000  0.000000e+000  0.000000e+000  0.000000e+000  0.000000e+000  
0.000000e+000  0.000000e+000  0.000000e+000  0.000000e+000  0.000000e+000  0.000000e+000  0.000000e+000  0.000000e+000  0.000000e+000  0.000000e+000  0.000000e+000  0.000000e+000  0.000000e+000  0.000000e+000  
0.000000e+000  0.000000e+000  0.000000e+000  0.000000e+000  0.000000e+000  0.000000e+000  0.000000e+000  0.000000e+000  0.000000e+000  0.000000e+000  0.000000e+000  0.000000e+000  0.000000e+000  0.000000e+000  
0.000000e+000  0.000000e+000  0.000000e+000  0.000000e+000  0.000000e+000  0.000000e+000  0.000000e+000  0.000000e+000  0.000000e+000  0.000000e+000  0.000000e+000  0.000000e+000  0.000000e+000  0.000000e+000  
0.000000e+000  0.000000e+000  0.000000e+000  0.000000e+000  0.000000e+000  0.000000e+000  0.000000e+000  0.000000e+000  0.000000e+000  0.000000e+000  0.000000e+000  0.000000e+000  0.000000e+000  0.000000e+000  
0.000000e+000  0.000000e+000  0.000000e+000  0.000000e+000  0.000000e+000  0.000000e+000  0.000000e+000  0.000000e+000  0.000000e+000  0.000000e+000  0.000000e+000  0.000000e+000  0.000000e+000  0.000000e+000  
0.000000e+000  0.000000e+000  0.000000e+000  0.000000e+000  0.000000e+000  0.000000e+000  0.000000e+000  0.000000e+000  0.000000e+000  0.000000e+000  0.000000e+000  0.000000e+000  0.000000e+000  0.000000e+000  
0.000000e+000  0.000000e+000  0.000000e+000  0.000000e+000  0.000000e+000  0.000000e+000  0.000000e+000  0.000000e+000  0.000000e+000  0.000000e+000  0.000000e+000  0.000000e+000  0.000000e+000  0.000000e+000  
0.000000e+000  0.000000e+000  0.000000e+000  0.000000e+000  0.000000e+000  0.000000e+000  0.000000e+000  0.000000e+000  0.000000e+000  0.000000e+000  0.000000e+000  0.000000e+000  0.000000e+000  0.000000e+000  
0.000000e+000  0.000000e+000  0.000000e+000  0.000000e+000  0.000000e+000  0.000000e+000  0.000000e+000  0.000000e+000  0.000000e+000  0.000000e+000  0.000000e+000  0.000000e+000  0.000000e+000  0.000000e+000  

0.000000e+000  0.000000e+000  0.000000e+000  0.000000e+000  0.000000e+000  0.000000e+000  0.000000e+000  0.000000e+000  0.000000e+000  0.000000e+000  0.000000e+000  0.000000e+000  0.000000e+000  0.000000e+000  
0.000000e+000  0.000000e+000  0.000000e+000  0.000000e+000  0.000000e+000  0.000000e+000  0.000000e+000  0.000000e+000  0.000000e+000  0.000000e+000  0.000000e+000  0.000000e+000  0.000000e+000  0.000000e+000  
0.000000e+000  0.000000e+000  0.000000e+000  0.000000e+000  0.000000e+000  0.000000e+000  0.000000e+000  0.000000e+000  0.000000e+000  0.000000e+000  0.000000e+000  0.000000e+000  0.000000e+000  0.000000e+000  
0.000000e+000  0.000000e+000  0.000000e+000  0.000000e+000  0.000000e+000  0.000000e+000  0.000000e+000  0.000000e+000  0.000000e+000  0.000000e+000  0.000000e+000  0.000000e+000  0.000000e+000  0.000000e+000  
0.000000e+000  0.000000e+000  0.000000e+000  0.000000e+000  0.000000e+000  0.000000e+000  0.000000e+000  0.000000e+000  0.000000e+000  0.000000e+000  0.000000e+000  0.000000e+000  0.000000e+000  0.000000e+000  
0.000000e+000  0.000000e+000  0.000000e+000  0.000000e+000  0.000000e+000  0.000000e+000  0.000000e+000  0.000000e+000  0.000000e+000  0.000000e+000  0.000000e+000  0.000000e+000  0.000000e+000  0.000000e+000  
0.000000e+000  0.000000e+000  0.000000e+000  0.000000e+000  0.000000e+000  0.000000e+000  0.000000e+000  0.000000e+000  0.000000e+000  0.000000e+000  0.000000e+000  0.000000e+000  0.000000e+000  0.000000e+000  
0.000000e+000  0.000000e+000  0.000000e+000  0.000000e+000  0.000000e+000  0.000000e+000  0.000000e+000  0.000000e+000  0.000000e+000  0.000000e+000  0.000000e+000  0.000000e+000  0.000000e+000  0.000000e+000  
0.000000e+000  0.000000e+000  0.000000e+000  0.000000e+000  0.000000e+000  0.000000e+000  0.000000e+000  0.000000e+000  0.000000e+000  0.000000e+000  0.000000e+000  0.000000e+000  0.000000e+000  0.000000e+000  
0.000000e+000  0.000000e+000  0.000000e+000  0.000000e+000  0.000000e+000  0.000000e+000  0.000000e+000  0.000000e+000  0.000000e+000  0.000000e+000  0.000000e+000  0.000000e+000  0.000000e+000  0.000000e+000  
0.000000e+000  0.000000e+000  0.000000e+000  0.000000e+000  0.000000e+000  0.000000e+000  0.000000e+000  0.000000e+000  0.000000e+000  0.000000e+000  0.000000e+000  0.000000e+000  0.000000e+000  0.000000e+000  
0.000000e+000  0.000000e+000  0.000000e+000  0.000000e+000  0.000000e+000  0.000000e+000  0.000000e+000  0.000000e+000  0.000000e+000  0.000000e+000  0.000000e+000  0.000000e+000  0.000000e+000  0.000000e+000  
0.000000e+000  0.000000e+000  0.000000e+000  0.000000e+000  0.000000e+000  0.000000e+000  0.000000e+000  0.000000e+000  0.000000e+000  0.000000e+000  0.000000e+000  0.000000e+000  0.000000e+000  0.000000e+000  
0.000000e+000  0.000000e+000  0.000000e+000  0.000000e+000  0.000000e+000  0.000000e+000  0.000000e+000  0.000000e+000  0.000000e+000  0.000000e+000  0.000000e+000  0.000000e+000  0.000000e+000  0.000000e+000  
0.000000e+000  0.000000e+000  0.000000e+000  0.000000e+000  0.000000e+000  0.000000e+000  0.000000e+000  0.000000e+000  0.000000e+000  0.000000e+000  0.000000e+000  0.000000e+000  0.000000e+000  0.000000e+000  
0.000000e+000  0.000000e+000  0.000000e+000  0.000000e+000  0.000000e+000  0.000000e+000  0.000000e+000  0.000000e+000  0.000000e+000  0.000000e+000  0.000000e+000  0.000000e+000  0.000000e+000  0.000000e+000  
0.000000e+000  0.000000e+000  0.000000e+000  0.000000e+000  0.000000e+000  0.000000e+000  0.000000e+000  0.000000e+000  0.000000e+000  0.000000e+000  0.000000e+000  0.000000e+000  0.000000e+000  0.000000e+000  
0.000000e+000  0.000000e+000  0.000000e+000  0.000000e+000  0.000000e+000  0.000000e+000  0.000000e+000  0.000000e+000  0.000000e+000  0.000000e+000  0.000000e+000  0.000000e+000  0.000000e+000  0.000000e+000  
0.000000e+000  0.000000e+000  0.000000e+000  0.000000e+000  0.000000e+000  0.000000e+000  0.000000e+000  0.000000e+000  0.000000e+000  0.000000e+000  0.000000e+000  0.000000e+000  0.000000e+000  0.000000e+000  
0.000000e+000  0.000000e+000  0.000000e+000  0.000000e+000  0.000000e+000  0.000000e+000  0.000000e+000  0.000000e+000  0.000000e+000  0.000000e+000  0.000000e+000  0.000000e+000  0.000000e+000  0.000000e+000  
0.000000e+000  0.000000e+000  0.000000e+000  0.000000e+000  0.000000e+000  0.000000e+000  0.000000e+000  0.000000e+000  0.000000e+000  0.000000e+000  0.000000e+000  0.000000e+000  0.000000e+000  0.000000e+000  
0.000000e+000  0.000000e+000  0.000000e+000  0.000000e+000  0.000000e+000  0.000000e+000  0.000000e+000  0.000000e+000  0.000000e+000  0.000000e+000  0.000000e+000  0.000000e+000  0.000000e+000  0.000000e+000  
0.000000e+000  0.000000e+000  0.000000e+000  0.000000e+000  0.000000e+000  0.000000e+000  0.000000e+000  0.000000e+000  0.000000e+000  0.000000e+000  0.000000e+000  0.000000e+000  0.000000e+000  0.000000e+000  
0.000000e+000  0.000000e+000  0.000000e+000  0.000000e+000  0.000000e+000  0.000000e+000  0.000000e+000  0.000000e+000  0.000000e+000  0.000000e+000  0.000000e+000  0.000000e+000  0.000000e+000  0.000000e+000  
0.000000e+000  0.000000e+000  0.000000e+000  0.000000e+000  0.000000e+000  0.000000e+000  0.000000e+000  0.000000e+000  0.000000e+000  0.000000e+000  0.000000e+000  0.000000e+000  0.000000e+000  0.000000e+000  

-2.883078e-009  -1.044337e-008  2.723258e-009  1.967906e-008  -2.098200e-009  -2.465222e-008  -0.000000e+000  2.465199e-008  2.100458e-009  -1.967951e-008  -2.721904e-009  1.044427e-008  2.878564e-009  -0.000000e+000  
1.794711e-009  -3.499423e-009  3.502708e-009  1.712579e-008  -2.071275e-009  -2.192083e-008  -0.000000e+000  2.192116e-008  2.071275e-009  -1.712514e-008  -3.502708e-009  3.499423e-009  -1.795368e-009  -0.000000e+000  
3.886351e-009  -3.645917e-010  4.321561e-009  1.540137e-008  -2.011002e-009  -1.987485e-008  -0.000000e+000  1.987583e-008  2.010181e-009  -1.540088e-008  -4.322547e-009  3.678763e-010  -3.884380e-009  -0.000000e+000  
4.811954e-009  1.097717e-009  4.908850e-009  1.423977e-008  -1.925274e-009  -1.834110e-008  -0.000000e+000  1.834159e-008  1.924946e-009  -1.423895e-008  -4.908850e-009  -1.099687e-009  -4.813924e-009  -0.000000e+000  
5.236982e-009  1.794054e-009  5.271799e-009  1.345836e-008  -1.828542e-009  -1.718919e-008  -0.000000e+000  1.718853e-008  1.828871e-009  -1.345754e-008  -5.271799e-009  -1.798652e-009  -5.232384e-009  -0.000000e+000  
5.430117e-009  2.135653e-009  5.473146e-009  1.293266e-008  -1.727048e-009  -1.632730e-008  -0.000000e+000  1.632468e-008  1.728033e-009  -1.293167e-008  -5.474131e-009  -2.136310e-009  -5.426833e-009  -0.000000e+000  
5.522086e-009  2.295942e-009  5.575625e-009  1.258088e-008  -1.629659e-009  -1.568188e-008  -0.000000e+000  1.568007e-008  1.629002e-009  -1.258006e-008  -5.575954e-009  -2.292658e-009  -5.525371e-009  -0.000000e+000  
5.566100e-009  2.374116e-009  5.622924e-009  1.234866e-008  -1.540811e-009  -1.520315e-008  -0.000000e+000  1.520085e-008  1.540318e-009  -1.234718e-008  -5.621938e-009  -2.372802e-009  -5.568728e-009  -0.000000e+000  
5.587122e-009  2.409590e-009  5.640989e-009  1.220036e-008  -1.462965e-009  -1.485629e-008  -0.000000e+000  1.485366e-008  1.461651e-009  -1.219822e-008  -5.640332e-009  -2.410904e-009  -5.589749e-009  -0.000000e+000  
5.600260e-009  2.427984e-009  5.650843e-009  1.211101e-008  -1.397930e-009  -1.461422e-008  -0.000000e+000  1.461109e-008  1.397602e-009  -1.210904e-008  -5.649529e-009  -2.431268e-009  -5.598946e-009  -0.000000e+000  
5.608143e-009  2.441779e-009  5.658398e-009  1.206716e-008  -1.348825e-009  -1.445754e-008  -0.000000e+000  1.445491e-008  1.348497e-009  -1.206454e-008  -5.658069e-009  -2.444407e-009  -5.606829e-009  -0.000000e+000  
5.612742e-009  2.451633e-009  5.671208e-009  1.205994e-008  -1.314829e-009  -1.437854e-008  -0.000000e+000  1.437592e-008  1.314994e-009  -1.205780e-008  -5.672521e-009  -2.449662e-009  -5.612085e-009  -0.000000e+000  
5.620625e-009  2.460830e-009  5.692558e-009  1.208605e-008  -1.297421e-009  -1.436820e-008  -0.000000e+000  1.436787e-008  1.297257e-009  -1.208441e-008  -5.692886e-009  -2.462801e-009  -5.617340e-009  -0.000000e+000  
5.625223e-009  2.478567e-009  5.725075e-009  1.214567e-008  -1.297092e-009  -1.442896e-008  -0.000000e+000  1.442863e-008  1.296600e-009  -1.214370e-008  -5.722119e-009  -2.478567e-009  -5.626537e-009  -0.000000e+000  
5.631792e-009  2.498274e-009  5.766133e-009  1.224289e-008  -1.310559e-009  -1.456577e-008  -0.000000e+000  1.456757e-008  1.310559e-009  -1.224174e-008  -5.766461e-009  -2.495647e-009  -5.632449e-009  -0.000000e+000  
5.638362e-009  2.519953e-009  5.818358e-009  1.238741e-008  -1.339792e-009  -1.479060e-008  -0.000000e+000  1.479306e-008  1.340778e-009  -1.238873e-008  -5.817701e-009  -2.515354e-009  -5.637048e-009  -0.000000e+000  
5.640989e-009  2.534405e-009  5.872226e-009  1.259845e-008  -1.385120e-009  -1.512054e-008  -0.000000e+000  1.512267e-008  1.385284e-009  -1.259796e-008  -5.873211e-009  -2.533748e-009  -5.639675e-009  -0.000000e+000  
5.633763e-009  2.525865e-009  5.926750e-009  1.289423e-008  -1.441287e-009  -1.558301e-008  -0.000000e+000  1.558515e-008  1.442601e-009  -1.289472e-008  -5.925108e-009  -2.529150e-009  -5.635077e-009  -0.000000e+000  
5.602888e-009  2.477910e-009  5.951056e-009  1.331433e-008  -1.507636e-009  -1.621415e-008  -0.000000e+000  1.621546e-008  1.510756e-009  -1.331466e-008  -5.954013e-009  -2.478567e-009  -5.602231e-009  -0.000000e+000  
5.521429e-009  2.328132e-009  5.920838e-009  1.390835e-008  -1.581047e-009  -1.706421e-008  -0.000000e+000  1.706683e-008  1.582361e-009  -1.390868e-008  -5.924123e-009  -2.326818e-009  -5.522743e-009  -0.000000e+000  
5.338805e-009  1.943832e-009  5.780257e-009  1.475742e-008  -1.655443e-009  -1.820561e-008  -0.000000e+000  1.820758e-008  1.655772e-009  -1.475693e-008  -5.785184e-009  -1.945146e-009  -5.336177e-009  -0.000000e+000  
4.963703e-009  1.034652e-009  5.457708e-009  1.597536e-008  -1.721136e-009  -1.973131e-008  -0.000000e+000  1.973344e-008  1.721628e-009  -1.597503e-008  -5.463620e-009  -1.036623e-009  -4.961732e-009  -0.000000e+000  
4.331744e-009  -1.177204e-009  4.908850e-009  1.773591e-008  -1.771226e-009  -2.176990e-008  -0.000000e+000  2.177319e-008  1.771062e-009  -1.773607e-008  -4.910492e-009  1.174577e-009  -4.331744e-009  -0.000000e+000  
3.889853e-009  -6.931848e-009  4.265926e-009  2.029622e-008  -1.793910e-009  -2.449894e-008  -0.000000e+000  2.450165e-008  1.794813e-009  -2.029645e-008  -4.267732e-009  6.927334e-009  -3.890756e-009  -0.000000e+000  
-0.000000e+000  -0.000000e+000  -0.000000e+000  -0.000000e+000  -0.000000e+000  -0.000000e+000  -0.000000e+000  -0.000000e+000  -0.000000e+000  -0.000000e+000  -0.000000e+000  -0.000000e+000  -0.000000e+000  -0.000000e+000  

