Port monitor named: Port2_e1.prt

nx        = 16
ny        = 27
nz        = 4

nu        = 14
nv        = 25
iu        = 2
iv        = 2

idir      = 2
dcut      = 1.854273e-002
icut      = 3
type      = 0
frequency = 2.235000e+009

fcutoff   = 0.000000e+000
alpha     = 0.000000e+000
beta      = 9.562323e+001
accuracy  = 6.618353e-014

type          = TEM
wave imp.     = 1.845457e+002
wave imp.sig. = 1.915200e-006
line imp.     = 9.083630e+001

ref. port     = 0

0.000000e+000  0.000000e+000  0.000000e+000  0.000000e+000  0.000000e+000  0.000000e+000  0.000000e+000  0.000000e+000  0.000000e+000  0.000000e+000  0.000000e+000  0.000000e+000  0.000000e+000  0.000000e+000  
-4.749525e+002  -1.251078e+002  -2.299615e+001  -2.985136e+000  -6.418752e-001  -2.039806e-001  0.000000e+000  2.039806e-001  6.418752e-001  2.985136e+000  2.299615e+001  1.251078e+002  4.749525e+002  0.000000e+000  
-1.539231e+002  -9.665925e+001  -3.276743e+001  -6.006220e+000  -1.439431e+000  -4.710000e-001  0.000000e+000  4.710000e-001  1.439431e+000  6.006220e+000  3.276743e+001  9.665925e+001  1.539231e+002  0.000000e+000  
-5.601557e+001  -5.777716e+001  -3.056333e+001  -7.644153e+000  -2.077029e+000  -7.089278e-001  0.000000e+000  7.089278e-001  2.077029e+000  7.644153e+000  3.056333e+001  5.777716e+001  5.601557e+001  0.000000e+000  
-2.323152e+001  -3.305189e+001  -2.462416e+001  -8.171122e+000  -2.527966e+000  -9.070485e-001  0.000000e+000  9.070485e-001  2.527966e+000  8.171122e+000  2.462416e+001  3.305189e+001  2.323152e+001  0.000000e+000  
-1.099121e+001  -1.930751e+001  -1.863730e+001  -7.973762e+000  -2.800103e+000  -1.059995e+000  0.000000e+000  1.059995e+000  2.800103e+000  7.973762e+000  1.863730e+001  1.930751e+001  1.099121e+001  0.000000e+000  
-5.860120e+000  -1.179589e+001  -1.375561e+001  -7.374350e+000  -2.919607e+000  -1.167002e+000  0.000000e+000  1.167002e+000  2.919607e+000  7.374350e+000  1.375561e+001  1.179589e+001  5.860120e+000  0.000000e+000  
-3.451231e+000  -7.576856e+000  -1.009498e+001  -6.594743e+000  -2.918993e+000  -1.230685e+000  0.000000e+000  1.230685e+000  2.918993e+000  6.594743e+000  1.009498e+001  7.576856e+000  3.451231e+000  0.000000e+000  
-2.197571e+000  -5.098164e+000  -7.446280e+000  -5.771072e+000  -2.830031e+000  -1.255789e+000  0.000000e+000  1.255789e+000  2.830031e+000  5.771072e+000  7.446280e+000  5.098164e+000  2.197571e+000  0.000000e+000  
-1.484904e+000  -3.569121e+000  -5.552863e+000  -4.978849e+000  -2.680310e+000  -1.248128e+000  0.000000e+000  1.248128e+000  2.680310e+000  4.978849e+000  5.552863e+000  3.569121e+000  1.484904e+000  0.000000e+000  
-1.049391e+000  -2.581854e+000  -4.197802e+000  -4.254781e+000  -2.492077e+000  -1.213792e+000  0.000000e+000  1.213792e+000  2.492077e+000  4.254781e+000  4.197802e+000  2.581854e+000  1.049391e+000  0.000000e+000  
-7.674021e-001  -1.918324e+000  -3.219102e+000  -3.612447e+000  -2.282311e+000  -1.158603e+000  0.000000e+000  1.158603e+000  2.282311e+000  3.612447e+000  3.219102e+000  1.918324e+000  7.674021e-001  0.000000e+000  
-5.761624e-001  -1.456602e+000  -2.502166e+000  -3.052557e+000  -2.063367e+000  -1.087797e+000  0.000000e+000  1.087797e+000  2.063367e+000  3.052557e+000  2.502166e+000  1.456602e+000  5.761624e-001  0.000000e+000  
-4.414409e-001  -1.125320e+000  -1.967872e+000  -2.569261e+000  -1.843819e+000  -1.005861e+000  0.000000e+000  1.005861e+000  1.843819e+000  2.569261e+000  1.967872e+000  1.125320e+000  4.414409e-001  0.000000e+000  
-3.434012e-001  -8.809380e-001  -1.562043e+000  -2.153858e+000  -1.629272e+000  -9.164849e-001  0.000000e+000  9.164849e-001  1.629272e+000  2.153858e+000  1.562043e+000  8.809380e-001  3.434012e-001  0.000000e+000  
-2.699559e-001  -6.959216e-001  -1.247538e+000  -1.796853e+000  -1.423091e+000  -8.225833e-001  0.000000e+000  8.225833e-001  1.423091e+000  1.796853e+000  1.247538e+000  6.959216e-001  2.699559e-001  0.000000e+000  
-2.134301e-001  -5.523152e-001  -9.986958e-001  -1.489020e+000  -1.226989e+000  -7.263650e-001  0.000000e+000  7.263650e-001  1.226989e+000  1.489020e+000  9.986958e-001  5.523152e-001  2.134301e-001  0.000000e+000  
-1.687788e-001  -4.380821e-001  -7.975590e-001  -1.221897e+000  -1.041494e+000  -6.294184e-001  0.000000e+000  6.294184e-001  1.041494e+000  1.221897e+000  7.975590e-001  4.380821e-001  1.687788e-001  0.000000e+000  
-1.325820e-001  -3.449390e-001  -6.313463e-001  -9.879453e-001  -8.662978e-001  -5.328069e-001  0.000000e+000  5.328069e-001  8.662978e-001  9.879453e-001  6.313463e-001  3.449390e-001  1.325820e-001  0.000000e+000  
-1.024511e-001  -2.670301e-001  -4.907643e-001  -7.805367e-001  -7.005183e-001  -4.371606e-001  0.000000e+000  4.371606e-001  7.005183e-001  7.805367e-001  4.907643e-001  2.670301e-001  1.024511e-001  0.000000e+000  
-7.666394e-002  -2.000907e-001  -3.688758e-001  -5.938602e-001  -5.428889e-001  -3.427627e-001  0.000000e+000  3.427627e-001  5.428889e-001  5.938602e-001  3.688758e-001  2.000907e-001  7.666394e-002  0.000000e+000  
-5.393341e-002  -1.409062e-001  -2.603334e-001  -4.227846e-001  -3.918899e-001  -2.496264e-001  0.000000e+000  2.496264e-001  3.918899e-001  4.227846e-001  2.603334e-001  1.409062e-001  5.393341e-002  0.000000e+000  
-3.325252e-002  -8.695280e-002  -1.608480e-001  -2.627110e-001  -2.458416e-001  -1.575639e-001  0.000000e+000  1.575639e-001  2.458416e-001  2.627110e-001  1.608480e-001  8.695280e-002  3.325252e-002  0.000000e+000  
-1.378027e-002  -3.615505e-002  -6.680699e-002  -1.094247e-001  -1.029676e-001  -6.624659e-002  0.000000e+000  6.624659e-002  1.029676e-001  1.094247e-001  6.680699e-002  3.615505e-002  1.378027e-002  0.000000e+000  
0.000000e+000  0.000000e+000  0.000000e+000  0.000000e+000  0.000000e+000  0.000000e+000  0.000000e+000  0.000000e+000  0.000000e+000  0.000000e+000  0.000000e+000  0.000000e+000  0.000000e+000  0.000000e+000  

5.111155e+003  6.454191e+003  6.250291e+003  6.175333e+003  6.155872e+003  6.151688e+003  6.150358e+003  6.150358e+003  6.151688e+003  6.155872e+003  6.175333e+003  6.250291e+003  6.454191e+003  5.111155e+003  
5.778490e+003  6.159147e+003  6.192879e+003  6.169707e+003  6.155378e+003  6.151595e+003  6.150329e+003  6.150329e+003  6.151595e+003  6.155378e+003  6.169707e+003  6.192879e+003  6.159147e+003  5.778490e+003  
5.994760e+003  6.110853e+003  6.156957e+003  6.162184e+003  6.154415e+003  6.151391e+003  6.150263e+003  6.150263e+003  6.151391e+003  6.154415e+003  6.162184e+003  6.156957e+003  6.110853e+003  5.994760e+003  
6.073465e+003  6.112339e+003  6.141656e+003  6.155741e+003  6.153242e+003  6.151103e+003  6.150163e+003  6.150163e+003  6.151103e+003  6.153242e+003  6.155741e+003  6.141656e+003  6.112339e+003  6.073465e+003  
6.106107e+003  6.120621e+003  6.136918e+003  6.151116e+003  6.152052e+003  6.150761e+003  6.150036e+003  6.150036e+003  6.150761e+003  6.152052e+003  6.151116e+003  6.136918e+003  6.120621e+003  6.106107e+003  
6.121550e+003  6.127634e+003  6.136541e+003  6.148118e+003  6.150961e+003  6.150394e+003  6.149887e+003  6.149887e+003  6.150394e+003  6.150961e+003  6.148118e+003  6.136541e+003  6.127634e+003  6.121550e+003  
6.129784e+003  6.132640e+003  6.137643e+003  6.146324e+003  6.150022e+003  6.150025e+003  6.149723e+003  6.149723e+003  6.150025e+003  6.150022e+003  6.146324e+003  6.137643e+003  6.132640e+003  6.129784e+003  
6.134633e+003  6.136120e+003  6.139059e+003  6.145340e+003  6.149247e+003  6.149669e+003  6.149550e+003  6.149550e+003  6.149669e+003  6.149247e+003  6.145340e+003  6.139059e+003  6.136120e+003  6.134633e+003  
6.137721e+003  6.138566e+003  6.140379e+003  6.144869e+003  6.148627e+003  6.149337e+003  6.149373e+003  6.149373e+003  6.149337e+003  6.148627e+003  6.144869e+003  6.140379e+003  6.138566e+003  6.137721e+003  
6.139807e+003  6.140324e+003  6.141494e+003  6.144708e+003  6.148142e+003  6.149035e+003  6.149198e+003  6.149198e+003  6.149035e+003  6.148142e+003  6.144708e+003  6.141494e+003  6.140324e+003  6.139807e+003  
6.141282e+003  6.141616e+003  6.142403e+003  6.144724e+003  6.147770e+003  6.148765e+003  6.149027e+003  6.149027e+003  6.148765e+003  6.147770e+003  6.144724e+003  6.142403e+003  6.141616e+003  6.141282e+003  
6.142360e+003  6.142587e+003  6.143134e+003  6.144834e+003  6.147490e+003  6.148528e+003  6.148864e+003  6.148864e+003  6.148528e+003  6.147490e+003  6.144834e+003  6.143134e+003  6.142587e+003  6.142360e+003  
6.143170e+003  6.143329e+003  6.143722e+003  6.144989e+003  6.147281e+003  6.148323e+003  6.148711e+003  6.148711e+003  6.148323e+003  6.147281e+003  6.144989e+003  6.143722e+003  6.143329e+003  6.143170e+003  
6.143790e+003  6.143906e+003  6.144196e+003  6.145158e+003  6.147128e+003  6.148146e+003  6.148570e+003  6.148570e+003  6.148146e+003  6.147128e+003  6.145158e+003  6.144196e+003  6.143906e+003  6.143790e+003  
6.144272e+003  6.144359e+003  6.144579e+003  6.145325e+003  6.147018e+003  6.147996e+003  6.148441e+003  6.148441e+003  6.147996e+003  6.147018e+003  6.145325e+003  6.144579e+003  6.144359e+003  6.144272e+003  
6.144652e+003  6.144719e+003  6.144889e+003  6.145479e+003  6.146939e+003  6.147869e+003  6.148326e+003  6.148326e+003  6.147869e+003  6.146939e+003  6.145479e+003  6.144889e+003  6.144719e+003  6.144652e+003  
6.144951e+003  6.145004e+003  6.145140e+003  6.145617e+003  6.146884e+003  6.147764e+003  6.148223e+003  6.148223e+003  6.147764e+003  6.146884e+003  6.145617e+003  6.145140e+003  6.145004e+003  6.144951e+003  
6.145189e+003  6.145232e+003  6.145342e+003  6.145736e+003  6.146846e+003  6.147677e+003  6.148135e+003  6.148135e+003  6.147677e+003  6.146846e+003  6.145736e+003  6.145342e+003  6.145232e+003  6.145189e+003  
6.145375e+003  6.145411e+003  6.145503e+003  6.145836e+003  6.146820e+003  6.147606e+003  6.148060e+003  6.148060e+003  6.147606e+003  6.146820e+003  6.145836e+003  6.145503e+003  6.145411e+003  6.145375e+003  
6.145519e+003  6.145549e+003  6.145629e+003  6.145918e+003  6.146803e+003  6.147551e+003  6.147999e+003  6.147999e+003  6.147551e+003  6.146803e+003  6.145918e+003  6.145629e+003  6.145549e+003  6.145519e+003  
6.145627e+003  6.145654e+003  6.145724e+003  6.145981e+003  6.146792e+003  6.147509e+003  6.147950e+003  6.147950e+003  6.147509e+003  6.146792e+003  6.145981e+003  6.145724e+003  6.145654e+003  6.145627e+003  
6.145702e+003  6.145727e+003  6.145791e+003  6.146027e+003  6.146786e+003  6.147479e+003  6.147915e+003  6.147915e+003  6.147479e+003  6.146786e+003  6.146027e+003  6.145791e+003  6.145727e+003  6.145702e+003  
6.145749e+003  6.145772e+003  6.145832e+003  6.146055e+003  6.146782e+003  6.147460e+003  6.147893e+003  6.147893e+003  6.147460e+003  6.146782e+003  6.146055e+003  6.145832e+003  6.145772e+003  6.145749e+003  
6.145769e+003  6.145791e+003  6.145850e+003  6.146068e+003  6.146781e+003  6.147452e+003  6.147884e+003  6.147884e+003  6.147452e+003  6.146781e+003  6.146068e+003  6.145850e+003  6.145791e+003  6.145769e+003  
0.000000e+000  0.000000e+000  0.000000e+000  0.000000e+000  0.000000e+000  0.000000e+000  0.000000e+000  0.000000e+000  0.000000e+000  0.000000e+000  0.000000e+000  0.000000e+000  0.000000e+000  0.000000e+000  

0.000000e+000  0.000000e+000  0.000000e+000  0.000000e+000  0.000000e+000  0.000000e+000  0.000000e+000  0.000000e+000  0.000000e+000  0.000000e+000  0.000000e+000  0.000000e+000  0.000000e+000  0.000000e+000  
0.000000e+000  0.000000e+000  0.000000e+000  0.000000e+000  0.000000e+000  0.000000e+000  0.000000e+000  0.000000e+000  0.000000e+000  0.000000e+000  0.000000e+000  0.000000e+000  0.000000e+000  0.000000e+000  
0.000000e+000  0.000000e+000  0.000000e+000  0.000000e+000  0.000000e+000  0.000000e+000  0.000000e+000  0.000000e+000  0.000000e+000  0.000000e+000  0.000000e+000  0.000000e+000  0.000000e+000  0.000000e+000  
0.000000e+000  0.000000e+000  0.000000e+000  0.000000e+000  0.000000e+000  0.000000e+000  0.000000e+000  0.000000e+000  0.000000e+000  0.000000e+000  0.000000e+000  0.000000e+000  0.000000e+000  0.000000e+000  
0.000000e+000  0.000000e+000  0.000000e+000  0.000000e+000  0.000000e+000  0.000000e+000  0.000000e+000  0.000000e+000  0.000000e+000  0.000000e+000  0.000000e+000  0.000000e+000  0.000000e+000  0.000000e+000  
0.000000e+000  0.000000e+000  0.000000e+000  0.000000e+000  0.000000e+000  0.000000e+000  0.000000e+000  0.000000e+000  0.000000e+000  0.000000e+000  0.000000e+000  0.000000e+000  0.000000e+000  0.000000e+000  
0.000000e+000  0.000000e+000  0.000000e+000  0.000000e+000  0.000000e+000  0.000000e+000  0.000000e+000  0.000000e+000  0.000000e+000  0.000000e+000  0.000000e+000  0.000000e+000  0.000000e+000  0.000000e+000  
0.000000e+000  0.000000e+000  0.000000e+000  0.000000e+000  0.000000e+000  0.000000e+000  0.000000e+000  0.000000e+000  0.000000e+000  0.000000e+000  0.000000e+000  0.000000e+000  0.000000e+000  0.000000e+000  
0.000000e+000  0.000000e+000  0.000000e+000  0.000000e+000  0.000000e+000  0.000000e+000  0.000000e+000  0.000000e+000  0.000000e+000  0.000000e+000  0.000000e+000  0.000000e+000  0.000000e+000  0.000000e+000  
0.000000e+000  0.000000e+000  0.000000e+000  0.000000e+000  0.000000e+000  0.000000e+000  0.000000e+000  0.000000e+000  0.000000e+000  0.000000e+000  0.000000e+000  0.000000e+000  0.000000e+000  0.000000e+000  
0.000000e+000  0.000000e+000  0.000000e+000  0.000000e+000  0.000000e+000  0.000000e+000  0.000000e+000  0.000000e+000  0.000000e+000  0.000000e+000  0.000000e+000  0.000000e+000  0.000000e+000  0.000000e+000  
0.000000e+000  0.000000e+000  0.000000e+000  0.000000e+000  0.000000e+000  0.000000e+000  0.000000e+000  0.000000e+000  0.000000e+000  0.000000e+000  0.000000e+000  0.000000e+000  0.000000e+000  0.000000e+000  
0.000000e+000  0.000000e+000  0.000000e+000  0.000000e+000  0.000000e+000  0.000000e+000  0.000000e+000  0.000000e+000  0.000000e+000  0.000000e+000  0.000000e+000  0.000000e+000  0.000000e+000  0.000000e+000  
0.000000e+000  0.000000e+000  0.000000e+000  0.000000e+000  0.000000e+000  0.000000e+000  0.000000e+000  0.000000e+000  0.000000e+000  0.000000e+000  0.000000e+000  0.000000e+000  0.000000e+000  0.000000e+000  
0.000000e+000  0.000000e+000  0.000000e+000  0.000000e+000  0.000000e+000  0.000000e+000  0.000000e+000  0.000000e+000  0.000000e+000  0.000000e+000  0.000000e+000  0.000000e+000  0.000000e+000  0.000000e+000  
0.000000e+000  0.000000e+000  0.000000e+000  0.000000e+000  0.000000e+000  0.000000e+000  0.000000e+000  0.000000e+000  0.000000e+000  0.000000e+000  0.000000e+000  0.000000e+000  0.000000e+000  0.000000e+000  
0.000000e+000  0.000000e+000  0.000000e+000  0.000000e+000  0.000000e+000  0.000000e+000  0.000000e+000  0.000000e+000  0.000000e+000  0.000000e+000  0.000000e+000  0.000000e+000  0.000000e+000  0.000000e+000  
0.000000e+000  0.000000e+000  0.000000e+000  0.000000e+000  0.000000e+000  0.000000e+000  0.000000e+000  0.000000e+000  0.000000e+000  0.000000e+000  0.000000e+000  0.000000e+000  0.000000e+000  0.000000e+000  
0.000000e+000  0.000000e+000  0.000000e+000  0.000000e+000  0.000000e+000  0.000000e+000  0.000000e+000  0.000000e+000  0.000000e+000  0.000000e+000  0.000000e+000  0.000000e+000  0.000000e+000  0.000000e+000  
0.000000e+000  0.000000e+000  0.000000e+000  0.000000e+000  0.000000e+000  0.000000e+000  0.000000e+000  0.000000e+000  0.000000e+000  0.000000e+000  0.000000e+000  0.000000e+000  0.000000e+000  0.000000e+000  
0.000000e+000  0.000000e+000  0.000000e+000  0.000000e+000  0.000000e+000  0.000000e+000  0.000000e+000  0.000000e+000  0.000000e+000  0.000000e+000  0.000000e+000  0.000000e+000  0.000000e+000  0.000000e+000  
0.000000e+000  0.000000e+000  0.000000e+000  0.000000e+000  0.000000e+000  0.000000e+000  0.000000e+000  0.000000e+000  0.000000e+000  0.000000e+000  0.000000e+000  0.000000e+000  0.000000e+000  0.000000e+000  
0.000000e+000  0.000000e+000  0.000000e+000  0.000000e+000  0.000000e+000  0.000000e+000  0.000000e+000  0.000000e+000  0.000000e+000  0.000000e+000  0.000000e+000  0.000000e+000  0.000000e+000  0.000000e+000  
0.000000e+000  0.000000e+000  0.000000e+000  0.000000e+000  0.000000e+000  0.000000e+000  0.000000e+000  0.000000e+000  0.000000e+000  0.000000e+000  0.000000e+000  0.000000e+000  0.000000e+000  0.000000e+000  
0.000000e+000  0.000000e+000  0.000000e+000  0.000000e+000  0.000000e+000  0.000000e+000  0.000000e+000  0.000000e+000  0.000000e+000  0.000000e+000  0.000000e+000  0.000000e+000  0.000000e+000  0.000000e+000  

0.000000e+000  0.000000e+000  0.000000e+000  0.000000e+000  0.000000e+000  0.000000e+000  0.000000e+000  0.000000e+000  0.000000e+000  0.000000e+000  0.000000e+000  0.000000e+000  0.000000e+000  0.000000e+000  
0.000000e+000  0.000000e+000  0.000000e+000  0.000000e+000  0.000000e+000  0.000000e+000  0.000000e+000  0.000000e+000  0.000000e+000  0.000000e+000  0.000000e+000  0.000000e+000  0.000000e+000  0.000000e+000  
0.000000e+000  0.000000e+000  0.000000e+000  0.000000e+000  0.000000e+000  0.000000e+000  0.000000e+000  0.000000e+000  0.000000e+000  0.000000e+000  0.000000e+000  0.000000e+000  0.000000e+000  0.000000e+000  
0.000000e+000  0.000000e+000  0.000000e+000  0.000000e+000  0.000000e+000  0.000000e+000  0.000000e+000  0.000000e+000  0.000000e+000  0.000000e+000  0.000000e+000  0.000000e+000  0.000000e+000  0.000000e+000  
0.000000e+000  0.000000e+000  0.000000e+000  0.000000e+000  0.000000e+000  0.000000e+000  0.000000e+000  0.000000e+000  0.000000e+000  0.000000e+000  0.000000e+000  0.000000e+000  0.000000e+000  0.000000e+000  
0.000000e+000  0.000000e+000  0.000000e+000  0.000000e+000  0.000000e+000  0.000000e+000  0.000000e+000  0.000000e+000  0.000000e+000  0.000000e+000  0.000000e+000  0.000000e+000  0.000000e+000  0.000000e+000  
0.000000e+000  0.000000e+000  0.000000e+000  0.000000e+000  0.000000e+000  0.000000e+000  0.000000e+000  0.000000e+000  0.000000e+000  0.000000e+000  0.000000e+000  0.000000e+000  0.000000e+000  0.000000e+000  
0.000000e+000  0.000000e+000  0.000000e+000  0.000000e+000  0.000000e+000  0.000000e+000  0.000000e+000  0.000000e+000  0.000000e+000  0.000000e+000  0.000000e+000  0.000000e+000  0.000000e+000  0.000000e+000  
0.000000e+000  0.000000e+000  0.000000e+000  0.000000e+000  0.000000e+000  0.000000e+000  0.000000e+000  0.000000e+000  0.000000e+000  0.000000e+000  0.000000e+000  0.000000e+000  0.000000e+000  0.000000e+000  
0.000000e+000  0.000000e+000  0.000000e+000  0.000000e+000  0.000000e+000  0.000000e+000  0.000000e+000  0.000000e+000  0.000000e+000  0.000000e+000  0.000000e+000  0.000000e+000  0.000000e+000  0.000000e+000  
0.000000e+000  0.000000e+000  0.000000e+000  0.000000e+000  0.000000e+000  0.000000e+000  0.000000e+000  0.000000e+000  0.000000e+000  0.000000e+000  0.000000e+000  0.000000e+000  0.000000e+000  0.000000e+000  
0.000000e+000  0.000000e+000  0.000000e+000  0.000000e+000  0.000000e+000  0.000000e+000  0.000000e+000  0.000000e+000  0.000000e+000  0.000000e+000  0.000000e+000  0.000000e+000  0.000000e+000  0.000000e+000  
0.000000e+000  0.000000e+000  0.000000e+000  0.000000e+000  0.000000e+000  0.000000e+000  0.000000e+000  0.000000e+000  0.000000e+000  0.000000e+000  0.000000e+000  0.000000e+000  0.000000e+000  0.000000e+000  
0.000000e+000  0.000000e+000  0.000000e+000  0.000000e+000  0.000000e+000  0.000000e+000  0.000000e+000  0.000000e+000  0.000000e+000  0.000000e+000  0.000000e+000  0.000000e+000  0.000000e+000  0.000000e+000  
0.000000e+000  0.000000e+000  0.000000e+000  0.000000e+000  0.000000e+000  0.000000e+000  0.000000e+000  0.000000e+000  0.000000e+000  0.000000e+000  0.000000e+000  0.000000e+000  0.000000e+000  0.000000e+000  
0.000000e+000  0.000000e+000  0.000000e+000  0.000000e+000  0.000000e+000  0.000000e+000  0.000000e+000  0.000000e+000  0.000000e+000  0.000000e+000  0.000000e+000  0.000000e+000  0.000000e+000  0.000000e+000  
0.000000e+000  0.000000e+000  0.000000e+000  0.000000e+000  0.000000e+000  0.000000e+000  0.000000e+000  0.000000e+000  0.000000e+000  0.000000e+000  0.000000e+000  0.000000e+000  0.000000e+000  0.000000e+000  
0.000000e+000  0.000000e+000  0.000000e+000  0.000000e+000  0.000000e+000  0.000000e+000  0.000000e+000  0.000000e+000  0.000000e+000  0.000000e+000  0.000000e+000  0.000000e+000  0.000000e+000  0.000000e+000  
0.000000e+000  0.000000e+000  0.000000e+000  0.000000e+000  0.000000e+000  0.000000e+000  0.000000e+000  0.000000e+000  0.000000e+000  0.000000e+000  0.000000e+000  0.000000e+000  0.000000e+000  0.000000e+000  
0.000000e+000  0.000000e+000  0.000000e+000  0.000000e+000  0.000000e+000  0.000000e+000  0.000000e+000  0.000000e+000  0.000000e+000  0.000000e+000  0.000000e+000  0.000000e+000  0.000000e+000  0.000000e+000  
0.000000e+000  0.000000e+000  0.000000e+000  0.000000e+000  0.000000e+000  0.000000e+000  0.000000e+000  0.000000e+000  0.000000e+000  0.000000e+000  0.000000e+000  0.000000e+000  0.000000e+000  0.000000e+000  
0.000000e+000  0.000000e+000  0.000000e+000  0.000000e+000  0.000000e+000  0.000000e+000  0.000000e+000  0.000000e+000  0.000000e+000  0.000000e+000  0.000000e+000  0.000000e+000  0.000000e+000  0.000000e+000  
0.000000e+000  0.000000e+000  0.000000e+000  0.000000e+000  0.000000e+000  0.000000e+000  0.000000e+000  0.000000e+000  0.000000e+000  0.000000e+000  0.000000e+000  0.000000e+000  0.000000e+000  0.000000e+000  
0.000000e+000  0.000000e+000  0.000000e+000  0.000000e+000  0.000000e+000  0.000000e+000  0.000000e+000  0.000000e+000  0.000000e+000  0.000000e+000  0.000000e+000  0.000000e+000  0.000000e+000  0.000000e+000  
0.000000e+000  0.000000e+000  0.000000e+000  0.000000e+000  0.000000e+000  0.000000e+000  0.000000e+000  0.000000e+000  0.000000e+000  0.000000e+000  0.000000e+000  0.000000e+000  0.000000e+000  0.000000e+000  

0.000000e+000  0.000000e+000  0.000000e+000  0.000000e+000  0.000000e+000  0.000000e+000  0.000000e+000  0.000000e+000  0.000000e+000  0.000000e+000  0.000000e+000  0.000000e+000  0.000000e+000  0.000000e+000  
0.000000e+000  0.000000e+000  0.000000e+000  0.000000e+000  0.000000e+000  0.000000e+000  0.000000e+000  0.000000e+000  0.000000e+000  0.000000e+000  0.000000e+000  0.000000e+000  0.000000e+000  0.000000e+000  
0.000000e+000  0.000000e+000  0.000000e+000  0.000000e+000  0.000000e+000  0.000000e+000  0.000000e+000  0.000000e+000  0.000000e+000  0.000000e+000  0.000000e+000  0.000000e+000  0.000000e+000  0.000000e+000  
0.000000e+000  0.000000e+000  0.000000e+000  0.000000e+000  0.000000e+000  0.000000e+000  0.000000e+000  0.000000e+000  0.000000e+000  0.000000e+000  0.000000e+000  0.000000e+000  0.000000e+000  0.000000e+000  
0.000000e+000  0.000000e+000  0.000000e+000  0.000000e+000  0.000000e+000  0.000000e+000  0.000000e+000  0.000000e+000  0.000000e+000  0.000000e+000  0.000000e+000  0.000000e+000  0.000000e+000  0.000000e+000  
0.000000e+000  0.000000e+000  0.000000e+000  0.000000e+000  0.000000e+000  0.000000e+000  0.000000e+000  0.000000e+000  0.000000e+000  0.000000e+000  0.000000e+000  0.000000e+000  0.000000e+000  0.000000e+000  
0.000000e+000  0.000000e+000  0.000000e+000  0.000000e+000  0.000000e+000  0.000000e+000  0.000000e+000  0.000000e+000  0.000000e+000  0.000000e+000  0.000000e+000  0.000000e+000  0.000000e+000  0.000000e+000  
0.000000e+000  0.000000e+000  0.000000e+000  0.000000e+000  0.000000e+000  0.000000e+000  0.000000e+000  0.000000e+000  0.000000e+000  0.000000e+000  0.000000e+000  0.000000e+000  0.000000e+000  0.000000e+000  
0.000000e+000  0.000000e+000  0.000000e+000  0.000000e+000  0.000000e+000  0.000000e+000  0.000000e+000  0.000000e+000  0.000000e+000  0.000000e+000  0.000000e+000  0.000000e+000  0.000000e+000  0.000000e+000  
0.000000e+000  0.000000e+000  0.000000e+000  0.000000e+000  0.000000e+000  0.000000e+000  0.000000e+000  0.000000e+000  0.000000e+000  0.000000e+000  0.000000e+000  0.000000e+000  0.000000e+000  0.000000e+000  
0.000000e+000  0.000000e+000  0.000000e+000  0.000000e+000  0.000000e+000  0.000000e+000  0.000000e+000  0.000000e+000  0.000000e+000  0.000000e+000  0.000000e+000  0.000000e+000  0.000000e+000  0.000000e+000  
0.000000e+000  0.000000e+000  0.000000e+000  0.000000e+000  0.000000e+000  0.000000e+000  0.000000e+000  0.000000e+000  0.000000e+000  0.000000e+000  0.000000e+000  0.000000e+000  0.000000e+000  0.000000e+000  
0.000000e+000  0.000000e+000  0.000000e+000  0.000000e+000  0.000000e+000  0.000000e+000  0.000000e+000  0.000000e+000  0.000000e+000  0.000000e+000  0.000000e+000  0.000000e+000  0.000000e+000  0.000000e+000  
0.000000e+000  0.000000e+000  0.000000e+000  0.000000e+000  0.000000e+000  0.000000e+000  0.000000e+000  0.000000e+000  0.000000e+000  0.000000e+000  0.000000e+000  0.000000e+000  0.000000e+000  0.000000e+000  
0.000000e+000  0.000000e+000  0.000000e+000  0.000000e+000  0.000000e+000  0.000000e+000  0.000000e+000  0.000000e+000  0.000000e+000  0.000000e+000  0.000000e+000  0.000000e+000  0.000000e+000  0.000000e+000  
0.000000e+000  0.000000e+000  0.000000e+000  0.000000e+000  0.000000e+000  0.000000e+000  0.000000e+000  0.000000e+000  0.000000e+000  0.000000e+000  0.000000e+000  0.000000e+000  0.000000e+000  0.000000e+000  
0.000000e+000  0.000000e+000  0.000000e+000  0.000000e+000  0.000000e+000  0.000000e+000  0.000000e+000  0.000000e+000  0.000000e+000  0.000000e+000  0.000000e+000  0.000000e+000  0.000000e+000  0.000000e+000  
0.000000e+000  0.000000e+000  0.000000e+000  0.000000e+000  0.000000e+000  0.000000e+000  0.000000e+000  0.000000e+000  0.000000e+000  0.000000e+000  0.000000e+000  0.000000e+000  0.000000e+000  0.000000e+000  
0.000000e+000  0.000000e+000  0.000000e+000  0.000000e+000  0.000000e+000  0.000000e+000  0.000000e+000  0.000000e+000  0.000000e+000  0.000000e+000  0.000000e+000  0.000000e+000  0.000000e+000  0.000000e+000  
0.000000e+000  0.000000e+000  0.000000e+000  0.000000e+000  0.000000e+000  0.000000e+000  0.000000e+000  0.000000e+000  0.000000e+000  0.000000e+000  0.000000e+000  0.000000e+000  0.000000e+000  0.000000e+000  
0.000000e+000  0.000000e+000  0.000000e+000  0.000000e+000  0.000000e+000  0.000000e+000  0.000000e+000  0.000000e+000  0.000000e+000  0.000000e+000  0.000000e+000  0.000000e+000  0.000000e+000  0.000000e+000  
0.000000e+000  0.000000e+000  0.000000e+000  0.000000e+000  0.000000e+000  0.000000e+000  0.000000e+000  0.000000e+000  0.000000e+000  0.000000e+000  0.000000e+000  0.000000e+000  0.000000e+000  0.000000e+000  
0.000000e+000  0.000000e+000  0.000000e+000  0.000000e+000  0.000000e+000  0.000000e+000  0.000000e+000  0.000000e+000  0.000000e+000  0.000000e+000  0.000000e+000  0.000000e+000  0.000000e+000  0.000000e+000  
0.000000e+000  0.000000e+000  0.000000e+000  0.000000e+000  0.000000e+000  0.000000e+000  0.000000e+000  0.000000e+000  0.000000e+000  0.000000e+000  0.000000e+000  0.000000e+000  0.000000e+000  0.000000e+000  
0.000000e+000  0.000000e+000  0.000000e+000  0.000000e+000  0.000000e+000  0.000000e+000  0.000000e+000  0.000000e+000  0.000000e+000  0.000000e+000  0.000000e+000  0.000000e+000  0.000000e+000  0.000000e+000  

0.000000e+000  0.000000e+000  0.000000e+000  0.000000e+000  0.000000e+000  0.000000e+000  0.000000e+000  0.000000e+000  0.000000e+000  0.000000e+000  0.000000e+000  0.000000e+000  0.000000e+000  0.000000e+000  
4.407024e-007  -5.151626e-007  -4.494718e-007  -4.676484e-007  -9.483712e-007  -9.482118e-007  -4.631840e-007  -4.631840e-007  -9.494873e-007  -9.491684e-007  -4.668512e-007  -4.497907e-007  -5.151626e-007  4.407024e-007  
1.323383e-008  -3.066103e-007  -3.754900e-007  -4.418185e-007  -8.134818e-007  -8.153952e-007  -4.475585e-007  -4.475585e-007  -8.150763e-007  -8.117280e-007  -4.422969e-007  -3.751711e-007  -3.067697e-007  1.387160e-008  
-1.352083e-007  -2.474566e-007  -3.192063e-007  -4.029143e-007  -6.934207e-007  -6.985229e-007  -4.204531e-007  -4.206125e-007  -6.986824e-007  -6.943774e-007  -4.030737e-007  -3.180902e-007  -2.468189e-007  -1.353677e-007  
-1.752286e-007  -2.229023e-007  -2.740837e-007  -3.560378e-007  -5.883473e-007  -5.952034e-007  -3.863321e-007  -3.856944e-007  -5.956817e-007  -5.877095e-007  -3.565162e-007  -2.745621e-007  -2.229023e-007  -1.749098e-007  
-1.747503e-007  -1.970724e-007  -2.326284e-007  -3.056536e-007  -4.902894e-007  -5.008127e-007  -3.451956e-007  -3.450362e-007  -5.006533e-007  -4.909272e-007  -3.048564e-007  -2.326284e-007  -1.970724e-007  -1.752286e-007  
-1.538632e-007  -1.669376e-007  -1.911730e-007  -2.514427e-007  -4.002037e-007  -4.129592e-007  -2.980003e-007  -2.980003e-007  -4.135970e-007  -4.003632e-007  -2.514427e-007  -1.913325e-007  -1.669376e-007  -1.537037e-007  
-1.213367e-007  -1.294683e-007  -1.473260e-007  -1.962752e-007  -3.166552e-007  -3.316429e-007  -2.490511e-007  -2.490511e-007  -3.319618e-007  -3.164958e-007  -1.959563e-007  -1.478043e-007  -1.291494e-007  -1.206989e-007  
-8.163518e-008  -8.657794e-008  -1.002901e-007  -1.403105e-007  -2.370928e-007  -2.541533e-007  -1.977102e-007  -1.978697e-007  -2.539938e-007  -2.370928e-007  -1.407888e-007  -1.006090e-007  -8.705627e-008  -8.163518e-008  
-3.699094e-008  -4.161481e-008  -5.165976e-008  -8.275129e-008  -1.613570e-007  -1.804903e-007  -1.449343e-007  -1.454127e-007  -1.806497e-007  -1.616759e-007  -8.307018e-008  -5.102199e-008  -4.145537e-008  -3.730983e-008  
1.068273e-008  7.812742e-009  0.000000e+000  -2.551099e-008  -8.817238e-008  -1.098567e-007  -9.199902e-008  -9.168014e-008  -1.093784e-007  -8.785349e-008  -2.551099e-008  0.000000e+000  7.972186e-009  1.116106e-008  
6.313971e-008  5.995084e-008  5.405142e-008  3.316429e-008  -1.690103e-008  -3.986093e-008  -3.651261e-008  -3.699094e-008  -3.906371e-008  -1.610382e-008  3.332374e-008  5.500808e-008  6.058861e-008  6.345860e-008  
1.179884e-007  1.157561e-007  1.108134e-007  9.502846e-008  5.564586e-008  3.045375e-008  1.753881e-008  1.785770e-008  3.061319e-008  5.580530e-008  9.502846e-008  1.106539e-007  1.163939e-007  1.183072e-007  
1.749098e-007  1.734748e-007  1.688509e-007  1.552982e-007  1.262794e-007  9.917399e-008  7.366300e-008  7.398188e-008  9.997121e-008  1.262794e-007  1.552982e-007  1.696481e-007  1.737937e-007  1.753881e-007  
2.343823e-007  2.321501e-007  2.281640e-007  2.149301e-007  1.957969e-007  1.682131e-007  1.273955e-007  1.275550e-007  1.690103e-007  1.967535e-007  2.155679e-007  2.286423e-007  2.321501e-007  2.340634e-007  
2.941737e-007  2.925792e-007  2.874770e-007  2.748810e-007  2.673871e-007  2.375711e-007  1.782581e-007  1.792147e-007  2.375711e-007  2.672277e-007  2.751999e-007  2.874770e-007  2.927387e-007  2.951303e-007  
3.573134e-007  3.542839e-007  3.482251e-007  3.329185e-007  3.386585e-007  3.072480e-007  2.302367e-007  2.305556e-007  3.078858e-007  3.389773e-007  3.327590e-007  3.483845e-007  3.541245e-007  3.571539e-007  
4.230042e-007  4.188586e-007  4.089731e-007  3.888832e-007  4.116837e-007  3.805922e-007  2.787076e-007  2.787076e-007  3.807516e-007  4.118431e-007  3.890427e-007  4.091326e-007  4.190181e-007  4.230042e-007  
4.950727e-007  4.871006e-007  4.716345e-007  4.419780e-007  4.882167e-007  4.572846e-007  3.238302e-007  3.244680e-007  4.569657e-007  4.886950e-007  4.424563e-007  4.714751e-007  4.866222e-007  4.949133e-007  
5.762296e-007  5.601258e-007  5.320637e-007  4.885355e-007  5.684168e-007  5.384414e-007  3.668800e-007  3.668800e-007  5.382820e-007  5.685763e-007  4.882167e-007  5.322231e-007  5.610824e-007  5.762296e-007  
6.758819e-007  6.441526e-007  5.913767e-007  5.260048e-007  6.529220e-007  6.262949e-007  4.033926e-007  4.041898e-007  6.259760e-007  6.534004e-007  5.268020e-007  5.910579e-007  6.436743e-007  6.763602e-007  
8.126846e-007  7.410944e-007  6.388910e-007  5.473703e-007  7.449210e-007  7.221206e-007  4.335275e-007  4.336869e-007  7.224395e-007  7.449210e-007  5.473703e-007  6.385721e-007  7.410944e-007  8.120468e-007  
1.034311e-006  8.605177e-007  6.592998e-007  5.459353e-007  8.452111e-007  8.294262e-007  4.547335e-007  4.553713e-007  8.300640e-007  8.453706e-007  5.462542e-007  6.604159e-007  8.605177e-007  1.034630e-006  
1.462737e-006  9.993932e-007  6.148150e-007  5.153221e-007  9.620834e-007  9.542706e-007  4.668512e-007  4.670106e-007  9.547490e-007  9.625617e-007  5.151626e-007  6.136989e-007  9.993932e-007  1.462577e-006  
0.000000e+000  0.000000e+000  0.000000e+000  0.000000e+000  0.000000e+000  0.000000e+000  0.000000e+000  0.000000e+000  0.000000e+000  0.000000e+000  0.000000e+000  0.000000e+000  0.000000e+000  0.000000e+000  

