Port monitor named: Port1_h1.prt

nx        = 16
ny        = 27
nz        = 4

nu        = 14
nv        = 25
iu        = 2
iv        = 2

idir      = 2
dcut      = 1.797183e-002
icut      = 3
type      = 1
frequency = 2.235000e+009

fcutoff   = 0.000000e+000
alpha     = 0.000000e+000
beta      = 9.562323e+001
accuracy  = 8.663654e-014

type          = TEM
wave imp.     = 1.845457e+002
wave imp.sig. = 1.758690e-006
line imp.     = 9.390985e+001

ref. port     = 0

3.386138e+001  3.386149e+001  3.386178e+001  3.386287e+001  3.386648e+001  3.386995e+001  3.387221e+001  3.387221e+001  3.386995e+001  3.386648e+001  3.386287e+001  3.386178e+001  3.386149e+001  3.386138e+001  
3.386127e+001  3.386139e+001  3.386169e+001  3.386280e+001  3.386648e+001  3.386999e+001  3.387227e+001  3.387227e+001  3.386999e+001  3.386648e+001  3.386280e+001  3.386169e+001  3.386139e+001  3.386127e+001  
3.386102e+001  3.386115e+001  3.386147e+001  3.386265e+001  3.386649e+001  3.387009e+001  3.387239e+001  3.387239e+001  3.387009e+001  3.386649e+001  3.386265e+001  3.386147e+001  3.386115e+001  3.386102e+001  
3.386062e+001  3.386076e+001  3.386111e+001  3.386240e+001  3.386652e+001  3.387025e+001  3.387259e+001  3.387259e+001  3.387025e+001  3.386652e+001  3.386240e+001  3.386111e+001  3.386076e+001  3.386062e+001  
3.386005e+001  3.386020e+001  3.386060e+001  3.386205e+001  3.386656e+001  3.387048e+001  3.387286e+001  3.387286e+001  3.387048e+001  3.386656e+001  3.386205e+001  3.386060e+001  3.386020e+001  3.386005e+001  
3.385928e+001  3.385946e+001  3.385992e+001  3.386160e+001  3.386663e+001  3.387077e+001  3.387321e+001  3.387321e+001  3.387077e+001  3.386663e+001  3.386160e+001  3.385992e+001  3.385946e+001  3.385928e+001  
3.385829e+001  3.385851e+001  3.385906e+001  3.386104e+001  3.386675e+001  3.387115e+001  3.387363e+001  3.387363e+001  3.387115e+001  3.386675e+001  3.386104e+001  3.385906e+001  3.385851e+001  3.385829e+001  
3.385703e+001  3.385730e+001  3.385797e+001  3.386037e+001  3.386692e+001  3.387163e+001  3.387414e+001  3.387414e+001  3.387163e+001  3.386692e+001  3.386037e+001  3.385797e+001  3.385730e+001  3.385703e+001  
3.385543e+001  3.385577e+001  3.385662e+001  3.385959e+001  3.386719e+001  3.387220e+001  3.387472e+001  3.387472e+001  3.387220e+001  3.386719e+001  3.385959e+001  3.385662e+001  3.385577e+001  3.385543e+001  
3.385341e+001  3.385385e+001  3.385494e+001  3.385870e+001  3.386757e+001  3.387290e+001  3.387538e+001  3.387538e+001  3.387290e+001  3.386757e+001  3.385870e+001  3.385494e+001  3.385385e+001  3.385341e+001  
3.385085e+001  3.385143e+001  3.385288e+001  3.385773e+001  3.386813e+001  3.387372e+001  3.387613e+001  3.387613e+001  3.387372e+001  3.386813e+001  3.385773e+001  3.385288e+001  3.385143e+001  3.385085e+001  
3.384755e+001  3.384835e+001  3.385031e+001  3.385672e+001  3.386891e+001  3.387471e+001  3.387694e+001  3.387694e+001  3.387471e+001  3.386891e+001  3.385672e+001  3.385031e+001  3.384835e+001  3.384755e+001  
3.384324e+001  3.384437e+001  3.384711e+001  3.385575e+001  3.386999e+001  3.387585e+001  3.387783e+001  3.387783e+001  3.387585e+001  3.386999e+001  3.385575e+001  3.384711e+001  3.384437e+001  3.384324e+001  
3.383751e+001  3.383918e+001  3.384312e+001  3.385497e+001  3.387148e+001  3.387719e+001  3.387879e+001  3.387879e+001  3.387719e+001  3.387148e+001  3.385497e+001  3.384312e+001  3.383918e+001  3.383751e+001  
3.382967e+001  3.383225e+001  3.383813e+001  3.385464e+001  3.387347e+001  3.387872e+001  3.387979e+001  3.387979e+001  3.387872e+001  3.387347e+001  3.385464e+001  3.383813e+001  3.383225e+001  3.382967e+001  
3.381859e+001  3.382280e+001  3.383193e+001  3.385522e+001  3.387612e+001  3.388045e+001  3.388082e+001  3.388082e+001  3.388045e+001  3.387612e+001  3.385522e+001  3.383193e+001  3.382280e+001  3.381859e+001  
3.380221e+001  3.380960e+001  3.382446e+001  3.385742e+001  3.387955e+001  3.388236e+001  3.388187e+001  3.388187e+001  3.388236e+001  3.387955e+001  3.385742e+001  3.382446e+001  3.380960e+001  3.380221e+001  
3.377651e+001  3.379072e+001  3.381616e+001  3.386240e+001  3.388389e+001  3.388443e+001  3.388291e+001  3.388291e+001  3.388443e+001  3.388389e+001  3.386240e+001  3.381616e+001  3.379072e+001  3.377651e+001  
3.373290e+001  3.376328e+001  3.380906e+001  3.387187e+001  3.388923e+001  3.388660e+001  3.388389e+001  3.388389e+001  3.388660e+001  3.388923e+001  3.387187e+001  3.380906e+001  3.376328e+001  3.373290e+001  
3.365097e+001  3.372412e+001  3.380923e+001  3.388821e+001  3.389553e+001  3.388878e+001  3.388479e+001  3.388479e+001  3.388878e+001  3.389553e+001  3.388821e+001  3.380923e+001  3.372412e+001  3.365097e+001  
3.347674e+001  3.367587e+001  3.383254e+001  3.391409e+001  3.390249e+001  3.389082e+001  3.388556e+001  3.388556e+001  3.389082e+001  3.390249e+001  3.391409e+001  3.383254e+001  3.367587e+001  3.347674e+001  
3.305127e+001  3.365991e+001  3.391459e+001  3.395104e+001  3.390945e+001  3.389256e+001  3.388617e+001  3.388617e+001  3.389256e+001  3.390945e+001  3.395104e+001  3.391459e+001  3.365991e+001  3.305127e+001  
3.185791e+001  3.391310e+001  3.411652e+001  3.399524e+001  3.391524e+001  3.389380e+001  3.388657e+001  3.388657e+001  3.389380e+001  3.391524e+001  3.399524e+001  3.411652e+001  3.391310e+001  3.185791e+001  
2.807162e+001  3.557433e+001  3.445230e+001  3.402914e+001  3.391825e+001  3.389436e+001  3.388675e+001  3.388675e+001  3.389436e+001  3.391825e+001  3.402914e+001  3.445230e+001  3.557433e+001  2.807162e+001  
-0.000000e+000  -0.000000e+000  -0.000000e+000  -0.000000e+000  -0.000000e+000  -0.000000e+000  -0.000000e+000  -0.000000e+000  -0.000000e+000  -0.000000e+000  -0.000000e+000  -0.000000e+000  -0.000000e+000  -0.000000e+000  

-0.000000e+000  -0.000000e+000  -0.000000e+000  -0.000000e+000  -0.000000e+000  -0.000000e+000  -0.000000e+000  -0.000000e+000  -0.000000e+000  -0.000000e+000  -0.000000e+000  -0.000000e+000  -0.000000e+000  -0.000000e+000  
-7.135633e-005  -1.860046e-004  -3.452367e-004  -5.716217e-004  -5.503344e-004  -3.601487e-004  -0.000000e+000  3.601487e-004  5.503343e-004  5.716216e-004  3.452372e-004  1.860043e-004  7.135633e-005  -0.000000e+000  
-1.717999e-004  -4.484181e-004  -8.314334e-004  -1.372597e-003  -1.314794e-003  -8.576176e-004  -0.000000e+000  8.576176e-004  1.314793e-003  1.372597e-003  8.314331e-004  4.484187e-004  1.717996e-004  -0.000000e+000  
-2.786582e-004  -7.270109e-004  -1.346127e-003  -2.210609e-003  -2.098233e-003  -1.360531e-003  -0.000000e+000  1.360531e-003  2.098233e-003  2.210610e-003  1.346127e-003  7.270106e-004  2.786580e-004  -0.000000e+000  
-3.961658e-004  -1.032679e-003  -1.908187e-003  -3.108741e-003  -2.911390e-003  -1.871492e-003  -0.000000e+000  1.871492e-003  2.911390e-003  3.108741e-003  1.908186e-003  1.032679e-003  3.961654e-004  -0.000000e+000  
-5.295028e-004  -1.378528e-003  -2.540005e-003  -4.092325e-003  -3.764587e-003  -2.392326e-003  -0.000000e+000  2.392326e-003  3.764588e-003  4.092325e-003  2.540005e-003  1.378528e-003  5.295037e-004  -0.000000e+000  
-6.853077e-004  -1.781180e-003  -3.269488e-003  -5.189847e-003  -4.667425e-003  -2.923740e-003  -0.000000e+000  2.923740e-003  4.667425e-003  5.189847e-003  3.269488e-003  1.781180e-003  6.853077e-004  -0.000000e+000  
-8.724511e-004  -2.262660e-003  -4.132830e-003  -6.433880e-003  -5.628302e-003  -3.464919e-003  -0.000000e+000  3.464919e-003  5.628302e-003  6.433880e-003  4.132830e-003  2.262660e-003  8.724510e-004  -0.000000e+000  
-1.103232e-003  -2.853202e-003  -5.178573e-003  -7.862005e-003  -6.653708e-003  -4.013063e-003  -0.000000e+000  4.013063e-003  6.653708e-003  7.862004e-003  5.178574e-003  2.853201e-003  1.103233e-003  -0.000000e+000  
-1.395267e-003  -3.595604e-003  -6.473636e-003  -9.517588e-003  -7.747184e-003  -4.562858e-003  -0.000000e+000  4.562858e-003  7.747183e-003  9.517588e-003  6.473635e-003  3.595604e-003  1.395267e-003  -0.000000e+000  
-1.774543e-003  -4.552171e-003  -8.112405e-003  -1.145019e-002  -8.907854e-003  -5.105884e-003  -0.000000e+000  5.105884e-003  8.907854e-003  1.145019e-002  8.112404e-003  4.552171e-003  1.774544e-003  -0.000000e+000  
-2.280621e-003  -5.816035e-003  -1.023055e-002  -1.371511e-002  -1.012839e-002  -5.629994e-003  -0.000000e+000  5.629994e-003  1.012839e-002  1.371511e-002  1.023055e-002  5.816035e-003  2.280620e-003  -0.000000e+000  
-2.975782e-003  -7.530352e-003  -1.302601e-002  -1.637128e-002  -1.139225e-002  -6.118695e-003  -0.000000e+000  6.118695e-003  1.139225e-002  1.637128e-002  1.302601e-002  7.530352e-003  2.975782e-003  -0.000000e+000  
-3.962131e-003  -9.922015e-003  -1.679046e-002  -1.947606e-002  -1.267010e-002  -6.550633e-003  -0.000000e+000  6.550632e-003  1.267011e-002  1.947606e-002  1.679046e-002  9.922015e-003  3.962131e-003  -0.000000e+000  
-5.415526e-003  -1.336371e-002  -2.195543e-002  -2.307445e-002  -1.391534e-002  -6.899290e-003  -0.000000e+000  6.899290e-003  1.391534e-002  2.307445e-002  2.195543e-002  1.336371e-002  5.415525e-003  -0.000000e+000  
-7.657776e-003  -1.849372e-002  -2.915626e-002  -2.717902e-002  -1.505872e-002  -7.133105e-003  -0.000000e+000  7.133105e-003  1.505872e-002  2.717902e-002  2.915626e-002  1.849372e-002  7.657776e-003  -0.000000e+000  
-1.132202e-002  -2.645812e-002  -3.931021e-002  -3.173431e-002  -1.600276e-002  -7.216259e-003  -0.000000e+000  7.216259e-003  1.600276e-002  3.173431e-002  3.931021e-002  2.645812e-002  1.132202e-002  -0.000000e+000  
-1.776150e-002  -3.941674e-002  -5.368175e-002  -3.655717e-002  -1.661675e-002  -7.110474e-003  -0.000000e+000  7.110474e-003  1.661675e-002  3.655717e-002  5.368175e-002  3.941674e-002  1.776150e-002  -0.000000e+000  
-3.014356e-002  -6.161037e-002  -7.383911e-002  -4.124258e-002  -1.673486e-002  -6.778193e-003  -0.000000e+000  6.778193e-003  1.673486e-002  4.124258e-002  7.383911e-002  6.161037e-002  3.014356e-002  -0.000000e+000  
-5.662952e-002  -1.015318e-001  -1.012269e-001  -4.502721e-002  -1.616145e-002  -6.187482e-003  -0.000000e+000  6.187482e-003  1.616145e-002  4.502721e-002  1.012269e-001  1.015318e-001  5.662952e-002  -0.000000e+000  
-1.204194e-001  -1.757506e-001  -1.356597e-001  -4.662254e-002  -1.469022e-002  -5.318806e-003  -0.000000e+000  5.318806e-003  1.469022e-002  4.662254e-002  1.356597e-001  1.757506e-001  1.204194e-001  -0.000000e+000  
-2.940637e-001  -3.123653e-001  -1.712148e-001  -4.409356e-002  -1.214682e-002  -4.173277e-003  -0.000000e+000  4.173277e-003  1.214682e-002  4.409356e-002  1.712148e-001  3.123653e-001  2.940637e-001  -0.000000e+000  
-8.247980e-001  -5.344485e-001  -1.871038e-001  -3.502776e-002  -8.464117e-003  -2.781035e-003  -0.000000e+000  2.781035e-003  8.464117e-003  3.502776e-002  1.871038e-001  5.344485e-001  8.247980e-001  -0.000000e+000  
-2.616917e+000  -7.118315e-001  -1.342272e-001  -1.758805e-002  -3.789088e-003  -1.206821e-003  -0.000000e+000  1.206821e-003  3.789088e-003  1.758805e-002  1.342272e-001  7.118315e-001  2.616917e+000  -0.000000e+000  
-0.000000e+000  -0.000000e+000  -0.000000e+000  -0.000000e+000  -0.000000e+000  -0.000000e+000  -0.000000e+000  -0.000000e+000  -0.000000e+000  -0.000000e+000  -0.000000e+000  -0.000000e+000  -0.000000e+000  -0.000000e+000  

0.000000e+000  0.000000e+000  0.000000e+000  0.000000e+000  0.000000e+000  0.000000e+000  0.000000e+000  0.000000e+000  0.000000e+000  0.000000e+000  0.000000e+000  0.000000e+000  0.000000e+000  0.000000e+000  
0.000000e+000  0.000000e+000  0.000000e+000  0.000000e+000  0.000000e+000  0.000000e+000  0.000000e+000  0.000000e+000  0.000000e+000  0.000000e+000  0.000000e+000  0.000000e+000  0.000000e+000  0.000000e+000  
0.000000e+000  0.000000e+000  0.000000e+000  0.000000e+000  0.000000e+000  0.000000e+000  0.000000e+000  0.000000e+000  0.000000e+000  0.000000e+000  0.000000e+000  0.000000e+000  0.000000e+000  0.000000e+000  
0.000000e+000  0.000000e+000  0.000000e+000  0.000000e+000  0.000000e+000  0.000000e+000  0.000000e+000  0.000000e+000  0.000000e+000  0.000000e+000  0.000000e+000  0.000000e+000  0.000000e+000  0.000000e+000  
0.000000e+000  0.000000e+000  0.000000e+000  0.000000e+000  0.000000e+000  0.000000e+000  0.000000e+000  0.000000e+000  0.000000e+000  0.000000e+000  0.000000e+000  0.000000e+000  0.000000e+000  0.000000e+000  
0.000000e+000  0.000000e+000  0.000000e+000  0.000000e+000  0.000000e+000  0.000000e+000  0.000000e+000  0.000000e+000  0.000000e+000  0.000000e+000  0.000000e+000  0.000000e+000  0.000000e+000  0.000000e+000  
0.000000e+000  0.000000e+000  0.000000e+000  0.000000e+000  0.000000e+000  0.000000e+000  0.000000e+000  0.000000e+000  0.000000e+000  0.000000e+000  0.000000e+000  0.000000e+000  0.000000e+000  0.000000e+000  
0.000000e+000  0.000000e+000  0.000000e+000  0.000000e+000  0.000000e+000  0.000000e+000  0.000000e+000  0.000000e+000  0.000000e+000  0.000000e+000  0.000000e+000  0.000000e+000  0.000000e+000  0.000000e+000  
0.000000e+000  0.000000e+000  0.000000e+000  0.000000e+000  0.000000e+000  0.000000e+000  0.000000e+000  0.000000e+000  0.000000e+000  0.000000e+000  0.000000e+000  0.000000e+000  0.000000e+000  0.000000e+000  
0.000000e+000  0.000000e+000  0.000000e+000  0.000000e+000  0.000000e+000  0.000000e+000  0.000000e+000  0.000000e+000  0.000000e+000  0.000000e+000  0.000000e+000  0.000000e+000  0.000000e+000  0.000000e+000  
0.000000e+000  0.000000e+000  0.000000e+000  0.000000e+000  0.000000e+000  0.000000e+000  0.000000e+000  0.000000e+000  0.000000e+000  0.000000e+000  0.000000e+000  0.000000e+000  0.000000e+000  0.000000e+000  
0.000000e+000  0.000000e+000  0.000000e+000  0.000000e+000  0.000000e+000  0.000000e+000  0.000000e+000  0.000000e+000  0.000000e+000  0.000000e+000  0.000000e+000  0.000000e+000  0.000000e+000  0.000000e+000  
0.000000e+000  0.000000e+000  0.000000e+000  0.000000e+000  0.000000e+000  0.000000e+000  0.000000e+000  0.000000e+000  0.000000e+000  0.000000e+000  0.000000e+000  0.000000e+000  0.000000e+000  0.000000e+000  
0.000000e+000  0.000000e+000  0.000000e+000  0.000000e+000  0.000000e+000  0.000000e+000  0.000000e+000  0.000000e+000  0.000000e+000  0.000000e+000  0.000000e+000  0.000000e+000  0.000000e+000  0.000000e+000  
0.000000e+000  0.000000e+000  0.000000e+000  0.000000e+000  0.000000e+000  0.000000e+000  0.000000e+000  0.000000e+000  0.000000e+000  0.000000e+000  0.000000e+000  0.000000e+000  0.000000e+000  0.000000e+000  
0.000000e+000  0.000000e+000  0.000000e+000  0.000000e+000  0.000000e+000  0.000000e+000  0.000000e+000  0.000000e+000  0.000000e+000  0.000000e+000  0.000000e+000  0.000000e+000  0.000000e+000  0.000000e+000  
0.000000e+000  0.000000e+000  0.000000e+000  0.000000e+000  0.000000e+000  0.000000e+000  0.000000e+000  0.000000e+000  0.000000e+000  0.000000e+000  0.000000e+000  0.000000e+000  0.000000e+000  0.000000e+000  
0.000000e+000  0.000000e+000  0.000000e+000  0.000000e+000  0.000000e+000  0.000000e+000  0.000000e+000  0.000000e+000  0.000000e+000  0.000000e+000  0.000000e+000  0.000000e+000  0.000000e+000  0.000000e+000  
0.000000e+000  0.000000e+000  0.000000e+000  0.000000e+000  0.000000e+000  0.000000e+000  0.000000e+000  0.000000e+000  0.000000e+000  0.000000e+000  0.000000e+000  0.000000e+000  0.000000e+000  0.000000e+000  
0.000000e+000  0.000000e+000  0.000000e+000  0.000000e+000  0.000000e+000  0.000000e+000  0.000000e+000  0.000000e+000  0.000000e+000  0.000000e+000  0.000000e+000  0.000000e+000  0.000000e+000  0.000000e+000  
0.000000e+000  0.000000e+000  0.000000e+000  0.000000e+000  0.000000e+000  0.000000e+000  0.000000e+000  0.000000e+000  0.000000e+000  0.000000e+000  0.000000e+000  0.000000e+000  0.000000e+000  0.000000e+000  
0.000000e+000  0.000000e+000  0.000000e+000  0.000000e+000  0.000000e+000  0.000000e+000  0.000000e+000  0.000000e+000  0.000000e+000  0.000000e+000  0.000000e+000  0.000000e+000  0.000000e+000  0.000000e+000  
0.000000e+000  0.000000e+000  0.000000e+000  0.000000e+000  0.000000e+000  0.000000e+000  0.000000e+000  0.000000e+000  0.000000e+000  0.000000e+000  0.000000e+000  0.000000e+000  0.000000e+000  0.000000e+000  
0.000000e+000  0.000000e+000  0.000000e+000  0.000000e+000  0.000000e+000  0.000000e+000  0.000000e+000  0.000000e+000  0.000000e+000  0.000000e+000  0.000000e+000  0.000000e+000  0.000000e+000  0.000000e+000  
0.000000e+000  0.000000e+000  0.000000e+000  0.000000e+000  0.000000e+000  0.000000e+000  0.000000e+000  0.000000e+000  0.000000e+000  0.000000e+000  0.000000e+000  0.000000e+000  0.000000e+000  0.000000e+000  

0.000000e+000  0.000000e+000  0.000000e+000  0.000000e+000  0.000000e+000  0.000000e+000  0.000000e+000  0.000000e+000  0.000000e+000  0.000000e+000  0.000000e+000  0.000000e+000  0.000000e+000  0.000000e+000  
0.000000e+000  0.000000e+000  0.000000e+000  0.000000e+000  0.000000e+000  0.000000e+000  0.000000e+000  0.000000e+000  0.000000e+000  0.000000e+000  0.000000e+000  0.000000e+000  0.000000e+000  0.000000e+000  
0.000000e+000  0.000000e+000  0.000000e+000  0.000000e+000  0.000000e+000  0.000000e+000  0.000000e+000  0.000000e+000  0.000000e+000  0.000000e+000  0.000000e+000  0.000000e+000  0.000000e+000  0.000000e+000  
0.000000e+000  0.000000e+000  0.000000e+000  0.000000e+000  0.000000e+000  0.000000e+000  0.000000e+000  0.000000e+000  0.000000e+000  0.000000e+000  0.000000e+000  0.000000e+000  0.000000e+000  0.000000e+000  
0.000000e+000  0.000000e+000  0.000000e+000  0.000000e+000  0.000000e+000  0.000000e+000  0.000000e+000  0.000000e+000  0.000000e+000  0.000000e+000  0.000000e+000  0.000000e+000  0.000000e+000  0.000000e+000  
0.000000e+000  0.000000e+000  0.000000e+000  0.000000e+000  0.000000e+000  0.000000e+000  0.000000e+000  0.000000e+000  0.000000e+000  0.000000e+000  0.000000e+000  0.000000e+000  0.000000e+000  0.000000e+000  
0.000000e+000  0.000000e+000  0.000000e+000  0.000000e+000  0.000000e+000  0.000000e+000  0.000000e+000  0.000000e+000  0.000000e+000  0.000000e+000  0.000000e+000  0.000000e+000  0.000000e+000  0.000000e+000  
0.000000e+000  0.000000e+000  0.000000e+000  0.000000e+000  0.000000e+000  0.000000e+000  0.000000e+000  0.000000e+000  0.000000e+000  0.000000e+000  0.000000e+000  0.000000e+000  0.000000e+000  0.000000e+000  
0.000000e+000  0.000000e+000  0.000000e+000  0.000000e+000  0.000000e+000  0.000000e+000  0.000000e+000  0.000000e+000  0.000000e+000  0.000000e+000  0.000000e+000  0.000000e+000  0.000000e+000  0.000000e+000  
0.000000e+000  0.000000e+000  0.000000e+000  0.000000e+000  0.000000e+000  0.000000e+000  0.000000e+000  0.000000e+000  0.000000e+000  0.000000e+000  0.000000e+000  0.000000e+000  0.000000e+000  0.000000e+000  
0.000000e+000  0.000000e+000  0.000000e+000  0.000000e+000  0.000000e+000  0.000000e+000  0.000000e+000  0.000000e+000  0.000000e+000  0.000000e+000  0.000000e+000  0.000000e+000  0.000000e+000  0.000000e+000  
0.000000e+000  0.000000e+000  0.000000e+000  0.000000e+000  0.000000e+000  0.000000e+000  0.000000e+000  0.000000e+000  0.000000e+000  0.000000e+000  0.000000e+000  0.000000e+000  0.000000e+000  0.000000e+000  
0.000000e+000  0.000000e+000  0.000000e+000  0.000000e+000  0.000000e+000  0.000000e+000  0.000000e+000  0.000000e+000  0.000000e+000  0.000000e+000  0.000000e+000  0.000000e+000  0.000000e+000  0.000000e+000  
0.000000e+000  0.000000e+000  0.000000e+000  0.000000e+000  0.000000e+000  0.000000e+000  0.000000e+000  0.000000e+000  0.000000e+000  0.000000e+000  0.000000e+000  0.000000e+000  0.000000e+000  0.000000e+000  
0.000000e+000  0.000000e+000  0.000000e+000  0.000000e+000  0.000000e+000  0.000000e+000  0.000000e+000  0.000000e+000  0.000000e+000  0.000000e+000  0.000000e+000  0.000000e+000  0.000000e+000  0.000000e+000  
0.000000e+000  0.000000e+000  0.000000e+000  0.000000e+000  0.000000e+000  0.000000e+000  0.000000e+000  0.000000e+000  0.000000e+000  0.000000e+000  0.000000e+000  0.000000e+000  0.000000e+000  0.000000e+000  
0.000000e+000  0.000000e+000  0.000000e+000  0.000000e+000  0.000000e+000  0.000000e+000  0.000000e+000  0.000000e+000  0.000000e+000  0.000000e+000  0.000000e+000  0.000000e+000  0.000000e+000  0.000000e+000  
0.000000e+000  0.000000e+000  0.000000e+000  0.000000e+000  0.000000e+000  0.000000e+000  0.000000e+000  0.000000e+000  0.000000e+000  0.000000e+000  0.000000e+000  0.000000e+000  0.000000e+000  0.000000e+000  
0.000000e+000  0.000000e+000  0.000000e+000  0.000000e+000  0.000000e+000  0.000000e+000  0.000000e+000  0.000000e+000  0.000000e+000  0.000000e+000  0.000000e+000  0.000000e+000  0.000000e+000  0.000000e+000  
0.000000e+000  0.000000e+000  0.000000e+000  0.000000e+000  0.000000e+000  0.000000e+000  0.000000e+000  0.000000e+000  0.000000e+000  0.000000e+000  0.000000e+000  0.000000e+000  0.000000e+000  0.000000e+000  
0.000000e+000  0.000000e+000  0.000000e+000  0.000000e+000  0.000000e+000  0.000000e+000  0.000000e+000  0.000000e+000  0.000000e+000  0.000000e+000  0.000000e+000  0.000000e+000  0.000000e+000  0.000000e+000  
0.000000e+000  0.000000e+000  0.000000e+000  0.000000e+000  0.000000e+000  0.000000e+000  0.000000e+000  0.000000e+000  0.000000e+000  0.000000e+000  0.000000e+000  0.000000e+000  0.000000e+000  0.000000e+000  
0.000000e+000  0.000000e+000  0.000000e+000  0.000000e+000  0.000000e+000  0.000000e+000  0.000000e+000  0.000000e+000  0.000000e+000  0.000000e+000  0.000000e+000  0.000000e+000  0.000000e+000  0.000000e+000  
0.000000e+000  0.000000e+000  0.000000e+000  0.000000e+000  0.000000e+000  0.000000e+000  0.000000e+000  0.000000e+000  0.000000e+000  0.000000e+000  0.000000e+000  0.000000e+000  0.000000e+000  0.000000e+000  
0.000000e+000  0.000000e+000  0.000000e+000  0.000000e+000  0.000000e+000  0.000000e+000  0.000000e+000  0.000000e+000  0.000000e+000  0.000000e+000  0.000000e+000  0.000000e+000  0.000000e+000  0.000000e+000  

0.000000e+000  0.000000e+000  0.000000e+000  0.000000e+000  0.000000e+000  0.000000e+000  0.000000e+000  0.000000e+000  0.000000e+000  0.000000e+000  0.000000e+000  0.000000e+000  0.000000e+000  0.000000e+000  
0.000000e+000  0.000000e+000  0.000000e+000  0.000000e+000  0.000000e+000  0.000000e+000  0.000000e+000  0.000000e+000  0.000000e+000  0.000000e+000  0.000000e+000  0.000000e+000  0.000000e+000  0.000000e+000  
0.000000e+000  0.000000e+000  0.000000e+000  0.000000e+000  0.000000e+000  0.000000e+000  0.000000e+000  0.000000e+000  0.000000e+000  0.000000e+000  0.000000e+000  0.000000e+000  0.000000e+000  0.000000e+000  
0.000000e+000  0.000000e+000  0.000000e+000  0.000000e+000  0.000000e+000  0.000000e+000  0.000000e+000  0.000000e+000  0.000000e+000  0.000000e+000  0.000000e+000  0.000000e+000  0.000000e+000  0.000000e+000  
0.000000e+000  0.000000e+000  0.000000e+000  0.000000e+000  0.000000e+000  0.000000e+000  0.000000e+000  0.000000e+000  0.000000e+000  0.000000e+000  0.000000e+000  0.000000e+000  0.000000e+000  0.000000e+000  
0.000000e+000  0.000000e+000  0.000000e+000  0.000000e+000  0.000000e+000  0.000000e+000  0.000000e+000  0.000000e+000  0.000000e+000  0.000000e+000  0.000000e+000  0.000000e+000  0.000000e+000  0.000000e+000  
0.000000e+000  0.000000e+000  0.000000e+000  0.000000e+000  0.000000e+000  0.000000e+000  0.000000e+000  0.000000e+000  0.000000e+000  0.000000e+000  0.000000e+000  0.000000e+000  0.000000e+000  0.000000e+000  
0.000000e+000  0.000000e+000  0.000000e+000  0.000000e+000  0.000000e+000  0.000000e+000  0.000000e+000  0.000000e+000  0.000000e+000  0.000000e+000  0.000000e+000  0.000000e+000  0.000000e+000  0.000000e+000  
0.000000e+000  0.000000e+000  0.000000e+000  0.000000e+000  0.000000e+000  0.000000e+000  0.000000e+000  0.000000e+000  0.000000e+000  0.000000e+000  0.000000e+000  0.000000e+000  0.000000e+000  0.000000e+000  
0.000000e+000  0.000000e+000  0.000000e+000  0.000000e+000  0.000000e+000  0.000000e+000  0.000000e+000  0.000000e+000  0.000000e+000  0.000000e+000  0.000000e+000  0.000000e+000  0.000000e+000  0.000000e+000  
0.000000e+000  0.000000e+000  0.000000e+000  0.000000e+000  0.000000e+000  0.000000e+000  0.000000e+000  0.000000e+000  0.000000e+000  0.000000e+000  0.000000e+000  0.000000e+000  0.000000e+000  0.000000e+000  
0.000000e+000  0.000000e+000  0.000000e+000  0.000000e+000  0.000000e+000  0.000000e+000  0.000000e+000  0.000000e+000  0.000000e+000  0.000000e+000  0.000000e+000  0.000000e+000  0.000000e+000  0.000000e+000  
0.000000e+000  0.000000e+000  0.000000e+000  0.000000e+000  0.000000e+000  0.000000e+000  0.000000e+000  0.000000e+000  0.000000e+000  0.000000e+000  0.000000e+000  0.000000e+000  0.000000e+000  0.000000e+000  
0.000000e+000  0.000000e+000  0.000000e+000  0.000000e+000  0.000000e+000  0.000000e+000  0.000000e+000  0.000000e+000  0.000000e+000  0.000000e+000  0.000000e+000  0.000000e+000  0.000000e+000  0.000000e+000  
0.000000e+000  0.000000e+000  0.000000e+000  0.000000e+000  0.000000e+000  0.000000e+000  0.000000e+000  0.000000e+000  0.000000e+000  0.000000e+000  0.000000e+000  0.000000e+000  0.000000e+000  0.000000e+000  
0.000000e+000  0.000000e+000  0.000000e+000  0.000000e+000  0.000000e+000  0.000000e+000  0.000000e+000  0.000000e+000  0.000000e+000  0.000000e+000  0.000000e+000  0.000000e+000  0.000000e+000  0.000000e+000  
0.000000e+000  0.000000e+000  0.000000e+000  0.000000e+000  0.000000e+000  0.000000e+000  0.000000e+000  0.000000e+000  0.000000e+000  0.000000e+000  0.000000e+000  0.000000e+000  0.000000e+000  0.000000e+000  
0.000000e+000  0.000000e+000  0.000000e+000  0.000000e+000  0.000000e+000  0.000000e+000  0.000000e+000  0.000000e+000  0.000000e+000  0.000000e+000  0.000000e+000  0.000000e+000  0.000000e+000  0.000000e+000  
0.000000e+000  0.000000e+000  0.000000e+000  0.000000e+000  0.000000e+000  0.000000e+000  0.000000e+000  0.000000e+000  0.000000e+000  0.000000e+000  0.000000e+000  0.000000e+000  0.000000e+000  0.000000e+000  
0.000000e+000  0.000000e+000  0.000000e+000  0.000000e+000  0.000000e+000  0.000000e+000  0.000000e+000  0.000000e+000  0.000000e+000  0.000000e+000  0.000000e+000  0.000000e+000  0.000000e+000  0.000000e+000  
0.000000e+000  0.000000e+000  0.000000e+000  0.000000e+000  0.000000e+000  0.000000e+000  0.000000e+000  0.000000e+000  0.000000e+000  0.000000e+000  0.000000e+000  0.000000e+000  0.000000e+000  0.000000e+000  
0.000000e+000  0.000000e+000  0.000000e+000  0.000000e+000  0.000000e+000  0.000000e+000  0.000000e+000  0.000000e+000  0.000000e+000  0.000000e+000  0.000000e+000  0.000000e+000  0.000000e+000  0.000000e+000  
0.000000e+000  0.000000e+000  0.000000e+000  0.000000e+000  0.000000e+000  0.000000e+000  0.000000e+000  0.000000e+000  0.000000e+000  0.000000e+000  0.000000e+000  0.000000e+000  0.000000e+000  0.000000e+000  
0.000000e+000  0.000000e+000  0.000000e+000  0.000000e+000  0.000000e+000  0.000000e+000  0.000000e+000  0.000000e+000  0.000000e+000  0.000000e+000  0.000000e+000  0.000000e+000  0.000000e+000  0.000000e+000  
0.000000e+000  0.000000e+000  0.000000e+000  0.000000e+000  0.000000e+000  0.000000e+000  0.000000e+000  0.000000e+000  0.000000e+000  0.000000e+000  0.000000e+000  0.000000e+000  0.000000e+000  0.000000e+000  

1.181154e-008  2.797266e-010  9.856045e-009  2.893853e-008  -4.203021e-009  -3.738192e-008  -0.000000e+000  3.737997e-008  4.203453e-009  -2.893897e-008  -9.855613e-009  -2.805899e-010  -1.181154e-008  -0.000000e+000  
9.211430e-009  8.994728e-010  9.864051e-009  2.833088e-008  -4.202617e-009  -3.675684e-008  -0.000000e+000  3.675527e-008  4.202617e-009  -2.833229e-008  -9.860282e-009  -9.026134e-010  -9.211430e-009  -0.000000e+000  
8.509188e-009  8.913072e-010  9.799668e-009  2.788271e-008  -4.201518e-009  -3.628559e-008  -0.000000e+000  3.628402e-008  4.200261e-009  -2.788318e-008  -9.798412e-009  -8.906790e-010  -8.509816e-009  -0.000000e+000  
8.295626e-009  7.977168e-010  9.702937e-009  2.754761e-008  -4.199947e-009  -3.593164e-008  -0.000000e+000  3.593055e-008  4.197906e-009  -2.754745e-008  -9.701995e-009  -7.983449e-010  -8.297511e-009  -0.000000e+000  
8.217111e-009  7.179451e-010  9.599611e-009  2.729542e-008  -4.199319e-009  -3.566626e-008  -0.000000e+000  3.566485e-008  4.197749e-009  -2.729573e-008  -9.598983e-009  -7.185732e-010  -8.221508e-009  -0.000000e+000  
8.183820e-009  6.532484e-010  9.508219e-009  2.710211e-008  -4.198691e-009  -3.546872e-008  -0.000000e+000  3.546778e-008  4.198691e-009  -2.710337e-008  -9.507591e-009  -6.545046e-010  -8.183192e-009  -0.000000e+000  
8.163092e-009  6.073954e-010  9.427505e-009  2.695560e-008  -4.201204e-009  -3.532346e-008  -0.000000e+000  3.532268e-008  4.200576e-009  -2.695749e-008  -9.426563e-009  -6.086516e-010  -8.162464e-009  -0.000000e+000  
8.145505e-009  5.697080e-010  9.361238e-009  2.684380e-008  -4.206229e-009  -3.521763e-008  -0.000000e+000  3.521794e-008  4.204658e-009  -2.684553e-008  -9.360610e-009  -5.722205e-010  -8.144877e-009  -0.000000e+000  
8.134827e-009  5.345331e-010  9.309418e-009  2.675774e-008  -4.212510e-009  -3.514508e-008  -0.000000e+000  3.514445e-008  4.211725e-009  -2.676041e-008  -9.305963e-009  -5.414424e-010  -8.132942e-009  -0.000000e+000  
8.121636e-009  5.175737e-010  9.267019e-009  2.669226e-008  -4.221932e-009  -3.509687e-008  -0.000000e+000  3.509734e-008  4.220518e-009  -2.669462e-008  -9.266077e-009  -5.213425e-010  -8.122892e-009  -0.000000e+000  
8.117239e-009  4.987300e-010  9.234357e-009  2.664343e-008  -4.233081e-009  -3.506970e-008  -0.000000e+000  3.507112e-008  4.231825e-009  -2.664500e-008  -9.235299e-009  -5.012425e-010  -8.114727e-009  -0.000000e+000  
8.110330e-009  4.842832e-010  9.208290e-009  2.660935e-008  -4.247685e-009  -3.506185e-008  -0.000000e+000  3.506279e-008  4.245800e-009  -2.661123e-008  -9.207662e-009  -4.899363e-010  -8.110330e-009  -0.000000e+000  
8.105305e-009  4.754894e-010  9.190388e-009  2.658580e-008  -4.263545e-009  -3.507002e-008  -0.000000e+000  3.507300e-008  4.261975e-009  -2.658956e-008  -9.188504e-009  -4.780019e-010  -8.105933e-009  -0.000000e+000  
8.100908e-009  4.666957e-010  9.175313e-009  2.657559e-008  -4.282075e-009  -3.509671e-008  -0.000000e+000  3.509891e-008  4.280818e-009  -2.657700e-008  -9.177512e-009  -4.654395e-010  -8.101536e-009  -0.000000e+000  
8.095883e-009  4.566457e-010  9.162751e-009  2.657779e-008  -4.302803e-009  -3.514178e-008  -0.000000e+000  3.514304e-008  4.301703e-009  -2.657826e-008  -9.165577e-009  -4.591582e-010  -8.097139e-009  -0.000000e+000  
8.087718e-009  4.497364e-010  9.153015e-009  2.659286e-008  -4.325415e-009  -3.520773e-008  -0.000000e+000  3.520867e-008  4.325415e-009  -2.659302e-008  -9.156470e-009  -4.491083e-010  -8.087718e-009  -0.000000e+000  
8.074527e-009  4.359177e-010  9.141081e-009  2.662443e-008  -4.348970e-009  -3.529912e-008  -0.000000e+000  3.529865e-008  4.350069e-009  -2.662490e-008  -9.141709e-009  -4.346614e-010  -8.078924e-009  -0.000000e+000  
8.054427e-009  4.076521e-010  9.122865e-009  2.667939e-008  -4.375351e-009  -3.542067e-008  -0.000000e+000  3.542098e-008  4.377235e-009  -2.668017e-008  -9.121295e-009  -4.082802e-010  -8.056939e-009  -0.000000e+000  
8.019880e-009  3.586585e-010  9.086434e-009  2.676513e-008  -4.401889e-009  -3.558099e-008  -0.000000e+000  3.558021e-008  4.404716e-009  -2.676544e-008  -9.086120e-009  -3.580304e-010  -8.022393e-009  -0.000000e+000  
7.953299e-009  2.575306e-010  9.027390e-009  2.689420e-008  -4.428898e-009  -3.579079e-008  -0.000000e+000  3.579079e-008  4.431725e-009  -2.689452e-008  -9.025506e-009  -2.600431e-010  -7.952671e-009  -0.000000e+000  
7.813228e-009  -0.000000e+000  8.928775e-009  2.708437e-008  -4.452767e-009  -3.606669e-008  -0.000000e+000  3.606685e-008  4.457321e-009  -2.708484e-008  -8.928147e-009  -0.000000e+000  -7.812599e-009  -0.000000e+000  
7.533085e-009  -3.354179e-010  8.781480e-009  2.736388e-008  -4.473338e-009  -3.642912e-008  -0.000000e+000  3.642928e-008  4.477421e-009  -2.736341e-008  -8.781794e-009  3.354179e-010  -7.529944e-009  -0.000000e+000  
6.970914e-009  -1.150094e-009  8.593671e-009  2.777248e-008  -4.487314e-009  -3.690524e-008  -0.000000e+000  3.690602e-008  4.492025e-009  -2.777279e-008  -8.593357e-009  1.148838e-009  -6.967773e-009  -0.000000e+000  
5.901022e-009  -2.812806e-009  8.438418e-009  2.836591e-008  -4.492245e-009  -3.753214e-008  -0.000000e+000  3.753344e-008  4.497857e-009  -2.836656e-008  -8.438418e-009  2.807626e-009  -5.899295e-009  -0.000000e+000  
-0.000000e+000  -0.000000e+000  -0.000000e+000  -0.000000e+000  -0.000000e+000  -0.000000e+000  -0.000000e+000  -0.000000e+000  -0.000000e+000  -0.000000e+000  -0.000000e+000  -0.000000e+000  -0.000000e+000  -0.000000e+000  

