Port monitor named: Port1_e1.prt

nx        = 16
ny        = 27
nz        = 4

nu        = 14
nv        = 25
iu        = 2
iv        = 2

idir      = 2
dcut      = 1.801027e-002
icut      = 3
type      = 0
frequency = 2.235000e+009

fcutoff   = 0.000000e+000
alpha     = 0.000000e+000
beta      = 9.562323e+001
accuracy  = 9.553119e-014

type          = TEM
wave imp.     = 1.845457e+002
wave imp.sig. = 2.384723e-006
line imp.     = 9.369645e+001

ref. port     = 0

0.000000e+000  0.000000e+000  0.000000e+000  0.000000e+000  0.000000e+000  0.000000e+000  0.000000e+000  0.000000e+000  0.000000e+000  0.000000e+000  0.000000e+000  0.000000e+000  0.000000e+000  0.000000e+000  
1.323997e-002  3.461922e-002  6.393987e-002  1.056911e-001  1.016706e-001  6.653565e-002  0.000000e+000  -6.653565e-002  -1.016706e-001  -1.056911e-001  -6.393987e-002  -3.461922e-002  -1.323997e-002  0.000000e+000  
3.183290e-002  8.310592e-002  1.539557e-001  2.539080e-001  2.428885e-001  1.583039e-001  0.000000e+000  -1.583039e-001  -2.428885e-001  -2.539080e-001  -1.539557e-001  -8.310592e-002  -3.183290e-002  0.000000e+000  
5.160692e-002  1.346504e-001  2.492381e-001  4.089507e-001  3.875865e-001  2.510633e-001  0.000000e+000  -2.510633e-001  -3.875865e-001  -4.089507e-001  -2.492381e-001  -1.346504e-001  -5.160692e-002  0.000000e+000  
7.335578e-002  1.912297e-001  3.532835e-001  5.750783e-001  5.377323e-001  3.452822e-001  0.000000e+000  -3.452822e-001  -5.377323e-001  -5.750783e-001  -3.532835e-001  -1.912297e-001  -7.335578e-002  0.000000e+000  
9.803801e-002  2.552556e-001  4.702359e-001  7.569626e-001  6.952158e-001  4.412865e-001  0.000000e+000  -4.412865e-001  -6.952158e-001  -7.569626e-001  -4.702359e-001  -2.552556e-001  -9.803801e-002  0.000000e+000  
1.268811e-001  3.298006e-001  6.052576e-001  9.598538e-001  8.617908e-001  5.391954e-001  0.000000e+000  -5.391954e-001  -8.617908e-001  -9.598538e-001  -6.052576e-001  -3.298006e-001  -1.268811e-001  0.000000e+000  
1.615272e-001  4.189401e-001  7.650455e-001  1.189751e+000  1.038988e+000  6.388484e-001  0.000000e+000  -6.388484e-001  -1.038988e+000  -1.189751e+000  -7.650455e-001  -4.189401e-001  -1.615272e-001  0.000000e+000  
2.042536e-001  5.282712e-001  9.585799e-001  1.453569e+000  1.227982e+000  7.397200e-001  0.000000e+000  -7.397200e-001  -1.227982e+000  -1.453569e+000  -9.585799e-001  -5.282712e-001  -2.042536e-001  0.000000e+000  
2.583218e-001  6.657181e-001  1.198239e+000  1.759280e+000  1.429403e+000  8.408227e-001  0.000000e+000  -8.408227e-001  -1.429403e+000  -1.759280e+000  -1.198239e+000  -6.657181e-001  -2.583218e-001  0.000000e+000  
3.285448e-001  8.428140e-001  1.501480e+000  2.115986e+000  1.643063e+000  9.405993e-001  0.000000e+000  -9.405993e-001  -1.643063e+000  -2.115986e+000  -1.501480e+000  -8.428140e-001  -3.285448e-001  0.000000e+000  
4.222476e-001  1.076799e+000  1.893384e+000  2.533826e+000  1.867581e+000  1.036809e+000  0.000000e+000  -1.036809e+000  -1.867581e+000  -2.533826e+000  -1.893384e+000  -1.076799e+000  -4.222476e-001  0.000000e+000  
5.509638e-001  1.394165e+000  2.410525e+000  3.023581e+000  2.099883e+000  1.126416e+000  0.000000e+000  -1.126416e+000  -2.099883e+000  -3.023581e+000  -2.410525e+000  -1.394165e+000  -5.509638e-001  0.000000e+000  
7.336020e-001  1.836899e+000  3.106759e+000  3.595702e+000  2.334540e+000  1.205496e+000  0.000000e+000  -1.205496e+000  -2.334540e+000  -3.595702e+000  -3.106759e+000  -1.836899e+000  -7.336020e-001  0.000000e+000  
1.002733e+000  2.473952e+000  4.061705e+000  4.258327e+000  2.562946e+000  1.269184e+000  0.000000e+000  -1.269184e+000  -2.562946e+000  -4.258327e+000  -4.061705e+000  -2.473952e+000  -1.002733e+000  0.000000e+000  
1.417968e+000  3.423399e+000  5.392445e+000  5.013558e+000  2.772352e+000  1.311695e+000  0.000000e+000  -1.311695e+000  -2.772352e+000  -5.013558e+000  -5.392445e+000  -3.423399e+000  -1.417968e+000  0.000000e+000  
2.096601e+000  4.897187e+000  7.267785e+000  5.850915e+000  2.944833e+000  1.326474e+000  0.000000e+000  -1.326474e+000  -2.944833e+000  -5.850915e+000  -7.267785e+000  -4.897187e+000  -2.096601e+000  0.000000e+000  
3.289306e+000  7.294556e+000  9.919982e+000  6.736380e+000  3.056395e+000  1.306528e+000  0.000000e+000  -1.306528e+000  -3.056395e+000  -6.736380e+000  -9.919982e+000  -7.294556e+000  -3.289306e+000  0.000000e+000  
5.582603e+000  1.139875e+001  1.363621e+001  7.595125e+000  3.076649e+000  1.245006e+000  0.000000e+000  -1.245006e+000  -3.076649e+000  -7.595125e+000  -1.363621e+001  -1.139875e+001  -5.582603e+000  0.000000e+000  
1.048678e+001  1.877623e+001  1.867906e+001  8.286578e+000  2.969795e+000  1.136099e+000  0.000000e+000  -1.136099e+000  -2.969795e+000  -8.286578e+000  -1.867906e+001  -1.877623e+001  -1.048678e+001  0.000000e+000  
2.229069e+001  3.247717e+001  2.500844e+001  8.574032e+000  2.698167e+000  9.762757e-001  0.000000e+000  -9.762757e-001  -2.698167e+000  -8.574032e+000  -2.500844e+001  -3.247717e+001  -2.229069e+001  0.000000e+000  
5.438724e+001  5.765724e+001  3.152667e+001  8.102833e+000  2.230024e+000  7.657840e-001  0.000000e+000  -7.657840e-001  -2.230024e+000  -8.102833e+000  -3.152667e+001  -5.765724e+001  -5.438724e+001  0.000000e+000  
1.523334e+002  9.849820e+001  3.440698e+001  6.431970e+000  1.553324e+000  5.101745e-001  0.000000e+000  -5.101745e-001  -1.553324e+000  -6.431970e+000  -3.440698e+001  -9.849820e+001  -1.523334e+002  0.000000e+000  
4.823991e+002  1.309316e+002  2.464584e+001  3.227339e+000  6.951775e-001  2.213064e-001  0.000000e+000  -2.213064e-001  -6.951775e-001  -3.227339e+000  -2.464584e+001  -1.309316e+002  -4.823991e+002  0.000000e+000  
0.000000e+000  0.000000e+000  0.000000e+000  0.000000e+000  0.000000e+000  0.000000e+000  0.000000e+000  0.000000e+000  0.000000e+000  0.000000e+000  0.000000e+000  0.000000e+000  0.000000e+000  0.000000e+000  

6.241860e+003  6.241881e+003  6.241935e+003  6.242137e+003  6.242805e+003  6.243448e+003  6.243868e+003  6.243868e+003  6.243448e+003  6.242805e+003  6.242137e+003  6.241935e+003  6.241881e+003  6.241860e+003  
6.241841e+003  6.241862e+003  6.241918e+003  6.242125e+003  6.242806e+003  6.243456e+003  6.243877e+003  6.243877e+003  6.243456e+003  6.242806e+003  6.242125e+003  6.241918e+003  6.241862e+003  6.241841e+003  
6.241795e+003  6.241818e+003  6.241877e+003  6.242096e+003  6.242809e+003  6.243474e+003  6.243900e+003  6.243900e+003  6.243474e+003  6.242809e+003  6.242096e+003  6.241877e+003  6.241818e+003  6.241795e+003  
6.241720e+003  6.241745e+003  6.241810e+003  6.242050e+003  6.242813e+003  6.243504e+003  6.243937e+003  6.243937e+003  6.243504e+003  6.242813e+003  6.242050e+003  6.241810e+003  6.241745e+003  6.241720e+003  
6.241614e+003  6.241643e+003  6.241716e+003  6.241985e+003  6.242821e+003  6.243545e+003  6.243987e+003  6.243987e+003  6.243545e+003  6.242821e+003  6.241985e+003  6.241716e+003  6.241643e+003  6.241614e+003  
6.241473e+003  6.241506e+003  6.241592e+003  6.241902e+003  6.242835e+003  6.243601e+003  6.244051e+003  6.244051e+003  6.243601e+003  6.242835e+003  6.241902e+003  6.241592e+003  6.241506e+003  6.241473e+003  
6.241290e+003  6.241329e+003  6.241432e+003  6.241799e+003  6.242856e+003  6.243671e+003  6.244129e+003  6.244129e+003  6.243671e+003  6.242856e+003  6.241799e+003  6.241432e+003  6.241329e+003  6.241290e+003  
6.241056e+003  6.241105e+003  6.241231e+003  6.241676e+003  6.242889e+003  6.243758e+003  6.244222e+003  6.244222e+003  6.243758e+003  6.242889e+003  6.241676e+003  6.241231e+003  6.241105e+003  6.241056e+003  
6.240761e+003  6.240824e+003  6.240982e+003  6.241533e+003  6.242938e+003  6.243864e+003  6.244329e+003  6.244329e+003  6.243864e+003  6.242938e+003  6.241533e+003  6.240982e+003  6.240824e+003  6.240761e+003  
6.240388e+003  6.240469e+003  6.240673e+003  6.241370e+003  6.243010e+003  6.243992e+003  6.244451e+003  6.244451e+003  6.243992e+003  6.243010e+003  6.241370e+003  6.240673e+003  6.240469e+003  6.240388e+003  
6.239914e+003  6.240022e+003  6.240291e+003  6.241192e+003  6.243113e+003  6.244145e+003  6.244587e+003  6.244587e+003  6.244145e+003  6.243113e+003  6.241192e+003  6.240291e+003  6.240022e+003  6.239914e+003  
6.239304e+003  6.239452e+003  6.239817e+003  6.241006e+003  6.243258e+003  6.244326e+003  6.244738e+003  6.244738e+003  6.244326e+003  6.243258e+003  6.241006e+003  6.239817e+003  6.239452e+003  6.239304e+003  
6.238509e+003  6.238719e+003  6.239228e+003  6.240828e+003  6.243458e+003  6.244537e+003  6.244901e+003  6.244901e+003  6.244537e+003  6.243458e+003  6.240828e+003  6.239228e+003  6.238719e+003  6.238509e+003  
6.237449e+003  6.237759e+003  6.238491e+003  6.240686e+003  6.243733e+003  6.244783e+003  6.245076e+003  6.245076e+003  6.244783e+003  6.243733e+003  6.240686e+003  6.238491e+003  6.237759e+003  6.237449e+003  
6.236002e+003  6.236479e+003  6.237570e+003  6.240629e+003  6.244102e+003  6.245064e+003  6.245260e+003  6.245260e+003  6.245064e+003  6.244102e+003  6.240629e+003  6.237570e+003  6.236479e+003  6.236002e+003  
6.233954e+003  6.234734e+003  6.236428e+003  6.240739e+003  6.244589e+003  6.245382e+003  6.245450e+003  6.245450e+003  6.245382e+003  6.244589e+003  6.240739e+003  6.236428e+003  6.234734e+003  6.233954e+003  
6.230927e+003  6.232298e+003  6.235053e+003  6.241150e+003  6.245221e+003  6.245734e+003  6.245642e+003  6.245642e+003  6.245734e+003  6.245221e+003  6.241150e+003  6.235053e+003  6.232298e+003  6.230927e+003  
6.226177e+003  6.228813e+003  6.233530e+003  6.242073e+003  6.246021e+003  6.246115e+003  6.245832e+003  6.245832e+003  6.246115e+003  6.246021e+003  6.242073e+003  6.233530e+003  6.228813e+003  6.226177e+003  
6.218116e+003  6.223753e+003  6.232233e+003  6.243825e+003  6.247004e+003  6.246513e+003  6.246012e+003  6.246012e+003  6.246513e+003  6.247004e+003  6.243825e+003  6.232233e+003  6.223753e+003  6.218116e+003  
6.202973e+003  6.216541e+003  6.232289e+003  6.246839e+003  6.248161e+003  6.246912e+003  6.246177e+003  6.246177e+003  6.246912e+003  6.248161e+003  6.246839e+003  6.232289e+003  6.216541e+003  6.202973e+003  
6.170786e+003  6.207679e+003  6.236621e+003  6.251605e+003  6.249439e+003  6.247286e+003  6.246319e+003  6.246319e+003  6.247286e+003  6.249439e+003  6.251605e+003  6.236621e+003  6.207679e+003  6.170786e+003  
6.092253e+003  6.204834e+003  6.251777e+003  6.258398e+003  6.250716e+003  6.247605e+003  6.246430e+003  6.246430e+003  6.247605e+003  6.250716e+003  6.258398e+003  6.251777e+003  6.204834e+003  6.092253e+003  
5.872289e+003  6.251671e+003  6.288950e+003  6.266511e+003  6.251777e+003  6.247832e+003  6.246504e+003  6.246504e+003  6.247832e+003  6.251777e+003  6.266511e+003  6.288950e+003  6.251671e+003  5.872289e+003  
5.175722e+003  6.557451e+003  6.350597e+003  6.272723e+003  6.252328e+003  6.247935e+003  6.246536e+003  6.246536e+003  6.247935e+003  6.252328e+003  6.272723e+003  6.350597e+003  6.557451e+003  5.175722e+003  
0.000000e+000  0.000000e+000  0.000000e+000  0.000000e+000  0.000000e+000  0.000000e+000  0.000000e+000  0.000000e+000  0.000000e+000  0.000000e+000  0.000000e+000  0.000000e+000  0.000000e+000  0.000000e+000  

0.000000e+000  0.000000e+000  0.000000e+000  0.000000e+000  0.000000e+000  0.000000e+000  0.000000e+000  0.000000e+000  0.000000e+000  0.000000e+000  0.000000e+000  0.000000e+000  0.000000e+000  0.000000e+000  
0.000000e+000  0.000000e+000  0.000000e+000  0.000000e+000  0.000000e+000  0.000000e+000  0.000000e+000  0.000000e+000  0.000000e+000  0.000000e+000  0.000000e+000  0.000000e+000  0.000000e+000  0.000000e+000  
0.000000e+000  0.000000e+000  0.000000e+000  0.000000e+000  0.000000e+000  0.000000e+000  0.000000e+000  0.000000e+000  0.000000e+000  0.000000e+000  0.000000e+000  0.000000e+000  0.000000e+000  0.000000e+000  
0.000000e+000  0.000000e+000  0.000000e+000  0.000000e+000  0.000000e+000  0.000000e+000  0.000000e+000  0.000000e+000  0.000000e+000  0.000000e+000  0.000000e+000  0.000000e+000  0.000000e+000  0.000000e+000  
0.000000e+000  0.000000e+000  0.000000e+000  0.000000e+000  0.000000e+000  0.000000e+000  0.000000e+000  0.000000e+000  0.000000e+000  0.000000e+000  0.000000e+000  0.000000e+000  0.000000e+000  0.000000e+000  
0.000000e+000  0.000000e+000  0.000000e+000  0.000000e+000  0.000000e+000  0.000000e+000  0.000000e+000  0.000000e+000  0.000000e+000  0.000000e+000  0.000000e+000  0.000000e+000  0.000000e+000  0.000000e+000  
0.000000e+000  0.000000e+000  0.000000e+000  0.000000e+000  0.000000e+000  0.000000e+000  0.000000e+000  0.000000e+000  0.000000e+000  0.000000e+000  0.000000e+000  0.000000e+000  0.000000e+000  0.000000e+000  
0.000000e+000  0.000000e+000  0.000000e+000  0.000000e+000  0.000000e+000  0.000000e+000  0.000000e+000  0.000000e+000  0.000000e+000  0.000000e+000  0.000000e+000  0.000000e+000  0.000000e+000  0.000000e+000  
0.000000e+000  0.000000e+000  0.000000e+000  0.000000e+000  0.000000e+000  0.000000e+000  0.000000e+000  0.000000e+000  0.000000e+000  0.000000e+000  0.000000e+000  0.000000e+000  0.000000e+000  0.000000e+000  
0.000000e+000  0.000000e+000  0.000000e+000  0.000000e+000  0.000000e+000  0.000000e+000  0.000000e+000  0.000000e+000  0.000000e+000  0.000000e+000  0.000000e+000  0.000000e+000  0.000000e+000  0.000000e+000  
0.000000e+000  0.000000e+000  0.000000e+000  0.000000e+000  0.000000e+000  0.000000e+000  0.000000e+000  0.000000e+000  0.000000e+000  0.000000e+000  0.000000e+000  0.000000e+000  0.000000e+000  0.000000e+000  
0.000000e+000  0.000000e+000  0.000000e+000  0.000000e+000  0.000000e+000  0.000000e+000  0.000000e+000  0.000000e+000  0.000000e+000  0.000000e+000  0.000000e+000  0.000000e+000  0.000000e+000  0.000000e+000  
0.000000e+000  0.000000e+000  0.000000e+000  0.000000e+000  0.000000e+000  0.000000e+000  0.000000e+000  0.000000e+000  0.000000e+000  0.000000e+000  0.000000e+000  0.000000e+000  0.000000e+000  0.000000e+000  
0.000000e+000  0.000000e+000  0.000000e+000  0.000000e+000  0.000000e+000  0.000000e+000  0.000000e+000  0.000000e+000  0.000000e+000  0.000000e+000  0.000000e+000  0.000000e+000  0.000000e+000  0.000000e+000  
0.000000e+000  0.000000e+000  0.000000e+000  0.000000e+000  0.000000e+000  0.000000e+000  0.000000e+000  0.000000e+000  0.000000e+000  0.000000e+000  0.000000e+000  0.000000e+000  0.000000e+000  0.000000e+000  
0.000000e+000  0.000000e+000  0.000000e+000  0.000000e+000  0.000000e+000  0.000000e+000  0.000000e+000  0.000000e+000  0.000000e+000  0.000000e+000  0.000000e+000  0.000000e+000  0.000000e+000  0.000000e+000  
0.000000e+000  0.000000e+000  0.000000e+000  0.000000e+000  0.000000e+000  0.000000e+000  0.000000e+000  0.000000e+000  0.000000e+000  0.000000e+000  0.000000e+000  0.000000e+000  0.000000e+000  0.000000e+000  
0.000000e+000  0.000000e+000  0.000000e+000  0.000000e+000  0.000000e+000  0.000000e+000  0.000000e+000  0.000000e+000  0.000000e+000  0.000000e+000  0.000000e+000  0.000000e+000  0.000000e+000  0.000000e+000  
0.000000e+000  0.000000e+000  0.000000e+000  0.000000e+000  0.000000e+000  0.000000e+000  0.000000e+000  0.000000e+000  0.000000e+000  0.000000e+000  0.000000e+000  0.000000e+000  0.000000e+000  0.000000e+000  
0.000000e+000  0.000000e+000  0.000000e+000  0.000000e+000  0.000000e+000  0.000000e+000  0.000000e+000  0.000000e+000  0.000000e+000  0.000000e+000  0.000000e+000  0.000000e+000  0.000000e+000  0.000000e+000  
0.000000e+000  0.000000e+000  0.000000e+000  0.000000e+000  0.000000e+000  0.000000e+000  0.000000e+000  0.000000e+000  0.000000e+000  0.000000e+000  0.000000e+000  0.000000e+000  0.000000e+000  0.000000e+000  
0.000000e+000  0.000000e+000  0.000000e+000  0.000000e+000  0.000000e+000  0.000000e+000  0.000000e+000  0.000000e+000  0.000000e+000  0.000000e+000  0.000000e+000  0.000000e+000  0.000000e+000  0.000000e+000  
0.000000e+000  0.000000e+000  0.000000e+000  0.000000e+000  0.000000e+000  0.000000e+000  0.000000e+000  0.000000e+000  0.000000e+000  0.000000e+000  0.000000e+000  0.000000e+000  0.000000e+000  0.000000e+000  
0.000000e+000  0.000000e+000  0.000000e+000  0.000000e+000  0.000000e+000  0.000000e+000  0.000000e+000  0.000000e+000  0.000000e+000  0.000000e+000  0.000000e+000  0.000000e+000  0.000000e+000  0.000000e+000  
0.000000e+000  0.000000e+000  0.000000e+000  0.000000e+000  0.000000e+000  0.000000e+000  0.000000e+000  0.000000e+000  0.000000e+000  0.000000e+000  0.000000e+000  0.000000e+000  0.000000e+000  0.000000e+000  

0.000000e+000  0.000000e+000  0.000000e+000  0.000000e+000  0.000000e+000  0.000000e+000  0.000000e+000  0.000000e+000  0.000000e+000  0.000000e+000  0.000000e+000  0.000000e+000  0.000000e+000  0.000000e+000  
0.000000e+000  0.000000e+000  0.000000e+000  0.000000e+000  0.000000e+000  0.000000e+000  0.000000e+000  0.000000e+000  0.000000e+000  0.000000e+000  0.000000e+000  0.000000e+000  0.000000e+000  0.000000e+000  
0.000000e+000  0.000000e+000  0.000000e+000  0.000000e+000  0.000000e+000  0.000000e+000  0.000000e+000  0.000000e+000  0.000000e+000  0.000000e+000  0.000000e+000  0.000000e+000  0.000000e+000  0.000000e+000  
0.000000e+000  0.000000e+000  0.000000e+000  0.000000e+000  0.000000e+000  0.000000e+000  0.000000e+000  0.000000e+000  0.000000e+000  0.000000e+000  0.000000e+000  0.000000e+000  0.000000e+000  0.000000e+000  
0.000000e+000  0.000000e+000  0.000000e+000  0.000000e+000  0.000000e+000  0.000000e+000  0.000000e+000  0.000000e+000  0.000000e+000  0.000000e+000  0.000000e+000  0.000000e+000  0.000000e+000  0.000000e+000  
0.000000e+000  0.000000e+000  0.000000e+000  0.000000e+000  0.000000e+000  0.000000e+000  0.000000e+000  0.000000e+000  0.000000e+000  0.000000e+000  0.000000e+000  0.000000e+000  0.000000e+000  0.000000e+000  
0.000000e+000  0.000000e+000  0.000000e+000  0.000000e+000  0.000000e+000  0.000000e+000  0.000000e+000  0.000000e+000  0.000000e+000  0.000000e+000  0.000000e+000  0.000000e+000  0.000000e+000  0.000000e+000  
0.000000e+000  0.000000e+000  0.000000e+000  0.000000e+000  0.000000e+000  0.000000e+000  0.000000e+000  0.000000e+000  0.000000e+000  0.000000e+000  0.000000e+000  0.000000e+000  0.000000e+000  0.000000e+000  
0.000000e+000  0.000000e+000  0.000000e+000  0.000000e+000  0.000000e+000  0.000000e+000  0.000000e+000  0.000000e+000  0.000000e+000  0.000000e+000  0.000000e+000  0.000000e+000  0.000000e+000  0.000000e+000  
0.000000e+000  0.000000e+000  0.000000e+000  0.000000e+000  0.000000e+000  0.000000e+000  0.000000e+000  0.000000e+000  0.000000e+000  0.000000e+000  0.000000e+000  0.000000e+000  0.000000e+000  0.000000e+000  
0.000000e+000  0.000000e+000  0.000000e+000  0.000000e+000  0.000000e+000  0.000000e+000  0.000000e+000  0.000000e+000  0.000000e+000  0.000000e+000  0.000000e+000  0.000000e+000  0.000000e+000  0.000000e+000  
0.000000e+000  0.000000e+000  0.000000e+000  0.000000e+000  0.000000e+000  0.000000e+000  0.000000e+000  0.000000e+000  0.000000e+000  0.000000e+000  0.000000e+000  0.000000e+000  0.000000e+000  0.000000e+000  
0.000000e+000  0.000000e+000  0.000000e+000  0.000000e+000  0.000000e+000  0.000000e+000  0.000000e+000  0.000000e+000  0.000000e+000  0.000000e+000  0.000000e+000  0.000000e+000  0.000000e+000  0.000000e+000  
0.000000e+000  0.000000e+000  0.000000e+000  0.000000e+000  0.000000e+000  0.000000e+000  0.000000e+000  0.000000e+000  0.000000e+000  0.000000e+000  0.000000e+000  0.000000e+000  0.000000e+000  0.000000e+000  
0.000000e+000  0.000000e+000  0.000000e+000  0.000000e+000  0.000000e+000  0.000000e+000  0.000000e+000  0.000000e+000  0.000000e+000  0.000000e+000  0.000000e+000  0.000000e+000  0.000000e+000  0.000000e+000  
0.000000e+000  0.000000e+000  0.000000e+000  0.000000e+000  0.000000e+000  0.000000e+000  0.000000e+000  0.000000e+000  0.000000e+000  0.000000e+000  0.000000e+000  0.000000e+000  0.000000e+000  0.000000e+000  
0.000000e+000  0.000000e+000  0.000000e+000  0.000000e+000  0.000000e+000  0.000000e+000  0.000000e+000  0.000000e+000  0.000000e+000  0.000000e+000  0.000000e+000  0.000000e+000  0.000000e+000  0.000000e+000  
0.000000e+000  0.000000e+000  0.000000e+000  0.000000e+000  0.000000e+000  0.000000e+000  0.000000e+000  0.000000e+000  0.000000e+000  0.000000e+000  0.000000e+000  0.000000e+000  0.000000e+000  0.000000e+000  
0.000000e+000  0.000000e+000  0.000000e+000  0.000000e+000  0.000000e+000  0.000000e+000  0.000000e+000  0.000000e+000  0.000000e+000  0.000000e+000  0.000000e+000  0.000000e+000  0.000000e+000  0.000000e+000  
0.000000e+000  0.000000e+000  0.000000e+000  0.000000e+000  0.000000e+000  0.000000e+000  0.000000e+000  0.000000e+000  0.000000e+000  0.000000e+000  0.000000e+000  0.000000e+000  0.000000e+000  0.000000e+000  
0.000000e+000  0.000000e+000  0.000000e+000  0.000000e+000  0.000000e+000  0.000000e+000  0.000000e+000  0.000000e+000  0.000000e+000  0.000000e+000  0.000000e+000  0.000000e+000  0.000000e+000  0.000000e+000  
0.000000e+000  0.000000e+000  0.000000e+000  0.000000e+000  0.000000e+000  0.000000e+000  0.000000e+000  0.000000e+000  0.000000e+000  0.000000e+000  0.000000e+000  0.000000e+000  0.000000e+000  0.000000e+000  
0.000000e+000  0.000000e+000  0.000000e+000  0.000000e+000  0.000000e+000  0.000000e+000  0.000000e+000  0.000000e+000  0.000000e+000  0.000000e+000  0.000000e+000  0.000000e+000  0.000000e+000  0.000000e+000  
0.000000e+000  0.000000e+000  0.000000e+000  0.000000e+000  0.000000e+000  0.000000e+000  0.000000e+000  0.000000e+000  0.000000e+000  0.000000e+000  0.000000e+000  0.000000e+000  0.000000e+000  0.000000e+000  
0.000000e+000  0.000000e+000  0.000000e+000  0.000000e+000  0.000000e+000  0.000000e+000  0.000000e+000  0.000000e+000  0.000000e+000  0.000000e+000  0.000000e+000  0.000000e+000  0.000000e+000  0.000000e+000  

0.000000e+000  0.000000e+000  0.000000e+000  0.000000e+000  0.000000e+000  0.000000e+000  0.000000e+000  0.000000e+000  0.000000e+000  0.000000e+000  0.000000e+000  0.000000e+000  0.000000e+000  0.000000e+000  
0.000000e+000  0.000000e+000  0.000000e+000  0.000000e+000  0.000000e+000  0.000000e+000  0.000000e+000  0.000000e+000  0.000000e+000  0.000000e+000  0.000000e+000  0.000000e+000  0.000000e+000  0.000000e+000  
0.000000e+000  0.000000e+000  0.000000e+000  0.000000e+000  0.000000e+000  0.000000e+000  0.000000e+000  0.000000e+000  0.000000e+000  0.000000e+000  0.000000e+000  0.000000e+000  0.000000e+000  0.000000e+000  
0.000000e+000  0.000000e+000  0.000000e+000  0.000000e+000  0.000000e+000  0.000000e+000  0.000000e+000  0.000000e+000  0.000000e+000  0.000000e+000  0.000000e+000  0.000000e+000  0.000000e+000  0.000000e+000  
0.000000e+000  0.000000e+000  0.000000e+000  0.000000e+000  0.000000e+000  0.000000e+000  0.000000e+000  0.000000e+000  0.000000e+000  0.000000e+000  0.000000e+000  0.000000e+000  0.000000e+000  0.000000e+000  
0.000000e+000  0.000000e+000  0.000000e+000  0.000000e+000  0.000000e+000  0.000000e+000  0.000000e+000  0.000000e+000  0.000000e+000  0.000000e+000  0.000000e+000  0.000000e+000  0.000000e+000  0.000000e+000  
0.000000e+000  0.000000e+000  0.000000e+000  0.000000e+000  0.000000e+000  0.000000e+000  0.000000e+000  0.000000e+000  0.000000e+000  0.000000e+000  0.000000e+000  0.000000e+000  0.000000e+000  0.000000e+000  
0.000000e+000  0.000000e+000  0.000000e+000  0.000000e+000  0.000000e+000  0.000000e+000  0.000000e+000  0.000000e+000  0.000000e+000  0.000000e+000  0.000000e+000  0.000000e+000  0.000000e+000  0.000000e+000  
0.000000e+000  0.000000e+000  0.000000e+000  0.000000e+000  0.000000e+000  0.000000e+000  0.000000e+000  0.000000e+000  0.000000e+000  0.000000e+000  0.000000e+000  0.000000e+000  0.000000e+000  0.000000e+000  
0.000000e+000  0.000000e+000  0.000000e+000  0.000000e+000  0.000000e+000  0.000000e+000  0.000000e+000  0.000000e+000  0.000000e+000  0.000000e+000  0.000000e+000  0.000000e+000  0.000000e+000  0.000000e+000  
0.000000e+000  0.000000e+000  0.000000e+000  0.000000e+000  0.000000e+000  0.000000e+000  0.000000e+000  0.000000e+000  0.000000e+000  0.000000e+000  0.000000e+000  0.000000e+000  0.000000e+000  0.000000e+000  
0.000000e+000  0.000000e+000  0.000000e+000  0.000000e+000  0.000000e+000  0.000000e+000  0.000000e+000  0.000000e+000  0.000000e+000  0.000000e+000  0.000000e+000  0.000000e+000  0.000000e+000  0.000000e+000  
0.000000e+000  0.000000e+000  0.000000e+000  0.000000e+000  0.000000e+000  0.000000e+000  0.000000e+000  0.000000e+000  0.000000e+000  0.000000e+000  0.000000e+000  0.000000e+000  0.000000e+000  0.000000e+000  
0.000000e+000  0.000000e+000  0.000000e+000  0.000000e+000  0.000000e+000  0.000000e+000  0.000000e+000  0.000000e+000  0.000000e+000  0.000000e+000  0.000000e+000  0.000000e+000  0.000000e+000  0.000000e+000  
0.000000e+000  0.000000e+000  0.000000e+000  0.000000e+000  0.000000e+000  0.000000e+000  0.000000e+000  0.000000e+000  0.000000e+000  0.000000e+000  0.000000e+000  0.000000e+000  0.000000e+000  0.000000e+000  
0.000000e+000  0.000000e+000  0.000000e+000  0.000000e+000  0.000000e+000  0.000000e+000  0.000000e+000  0.000000e+000  0.000000e+000  0.000000e+000  0.000000e+000  0.000000e+000  0.000000e+000  0.000000e+000  
0.000000e+000  0.000000e+000  0.000000e+000  0.000000e+000  0.000000e+000  0.000000e+000  0.000000e+000  0.000000e+000  0.000000e+000  0.000000e+000  0.000000e+000  0.000000e+000  0.000000e+000  0.000000e+000  
0.000000e+000  0.000000e+000  0.000000e+000  0.000000e+000  0.000000e+000  0.000000e+000  0.000000e+000  0.000000e+000  0.000000e+000  0.000000e+000  0.000000e+000  0.000000e+000  0.000000e+000  0.000000e+000  
0.000000e+000  0.000000e+000  0.000000e+000  0.000000e+000  0.000000e+000  0.000000e+000  0.000000e+000  0.000000e+000  0.000000e+000  0.000000e+000  0.000000e+000  0.000000e+000  0.000000e+000  0.000000e+000  
0.000000e+000  0.000000e+000  0.000000e+000  0.000000e+000  0.000000e+000  0.000000e+000  0.000000e+000  0.000000e+000  0.000000e+000  0.000000e+000  0.000000e+000  0.000000e+000  0.000000e+000  0.000000e+000  
0.000000e+000  0.000000e+000  0.000000e+000  0.000000e+000  0.000000e+000  0.000000e+000  0.000000e+000  0.000000e+000  0.000000e+000  0.000000e+000  0.000000e+000  0.000000e+000  0.000000e+000  0.000000e+000  
0.000000e+000  0.000000e+000  0.000000e+000  0.000000e+000  0.000000e+000  0.000000e+000  0.000000e+000  0.000000e+000  0.000000e+000  0.000000e+000  0.000000e+000  0.000000e+000  0.000000e+000  0.000000e+000  
0.000000e+000  0.000000e+000  0.000000e+000  0.000000e+000  0.000000e+000  0.000000e+000  0.000000e+000  0.000000e+000  0.000000e+000  0.000000e+000  0.000000e+000  0.000000e+000  0.000000e+000  0.000000e+000  
0.000000e+000  0.000000e+000  0.000000e+000  0.000000e+000  0.000000e+000  0.000000e+000  0.000000e+000  0.000000e+000  0.000000e+000  0.000000e+000  0.000000e+000  0.000000e+000  0.000000e+000  0.000000e+000  
0.000000e+000  0.000000e+000  0.000000e+000  0.000000e+000  0.000000e+000  0.000000e+000  0.000000e+000  0.000000e+000  0.000000e+000  0.000000e+000  0.000000e+000  0.000000e+000  0.000000e+000  0.000000e+000  

0.000000e+000  0.000000e+000  0.000000e+000  0.000000e+000  0.000000e+000  0.000000e+000  0.000000e+000  0.000000e+000  0.000000e+000  0.000000e+000  0.000000e+000  0.000000e+000  0.000000e+000  0.000000e+000  
-3.107407e-008  -4.113615e-007  -1.162400e-006  -1.337500e-006  -1.974601e-007  -2.091334e-007  -1.429736e-006  -1.429572e-006  -2.091334e-007  -1.972957e-007  -1.337665e-006  -1.161578e-006  -4.115259e-007  -3.107407e-008  
-3.781501e-007  -5.563739e-007  -8.881594e-007  -1.061286e-006  -2.752275e-007  -2.989030e-007  -1.223891e-006  -1.224713e-006  -2.992318e-007  -2.755563e-007  -1.061615e-006  -8.881594e-007  -5.563739e-007  -3.784789e-007  
-4.991581e-007  -5.813646e-007  -7.327891e-007  -8.536327e-007  -3.109051e-007  -3.437877e-007  -1.045503e-006  -1.045174e-006  -3.436233e-007  -3.112340e-007  -8.539615e-007  -7.329535e-007  -5.812002e-007  -4.983360e-007  
-5.179012e-007  -5.563739e-007  -6.278935e-007  -6.982623e-007  -3.212632e-007  -3.590782e-007  -8.902968e-007  -8.909545e-007  -3.597358e-007  -3.217564e-007  -6.985912e-007  -6.278935e-007  -5.562094e-007  -5.170791e-007  
-4.850186e-007  -5.035973e-007  -5.368087e-007  -5.736372e-007  -3.095898e-007  -3.475692e-007  -7.497236e-007  -7.503813e-007  -3.480625e-007  -3.102475e-007  -5.734728e-007  -5.373019e-007  -5.034328e-007  -4.858406e-007  
-4.320776e-007  -4.398050e-007  -4.552598e-007  -4.698926e-007  -2.859143e-007  -3.219208e-007  -6.241120e-007  -6.239476e-007  -3.220852e-007  -2.860788e-007  -4.708791e-007  -4.554242e-007  -4.398050e-007  -4.315843e-007  
-3.684497e-007  -3.727244e-007  -3.789721e-007  -3.819316e-007  -2.522097e-007  -2.836126e-007  -5.080364e-007  -5.091873e-007  -2.834481e-007  -2.531961e-007  -3.817672e-007  -3.789721e-007  -3.725600e-007  -3.694362e-007  
-3.013692e-007  -3.023557e-007  -3.041642e-007  -3.000539e-007  -2.104487e-007  -2.354395e-007  -3.978796e-007  -3.982085e-007  -2.367548e-007  -2.101199e-007  -3.007115e-007  -3.039998e-007  -3.025201e-007  -3.007115e-007  
-2.290274e-007  -2.296851e-007  -2.301783e-007  -2.250815e-007  -1.627689e-007  -1.805256e-007  -2.931485e-007  -2.936418e-007  -1.813476e-007  -1.622757e-007  -2.250815e-007  -2.303427e-007  -2.301783e-007  -2.295207e-007  
-1.594807e-007  -1.588230e-007  -1.578366e-007  -1.515889e-007  -1.098279e-007  -1.215013e-007  -1.921989e-007  -1.923633e-007  -1.210080e-007  -1.103212e-007  -1.514244e-007  -1.570145e-007  -1.586586e-007  -1.589874e-007  
-8.796100e-008  -8.763217e-008  -8.648128e-008  -8.023358e-008  -5.639369e-008  -5.935312e-008  -9.305780e-008  -9.272898e-008  -5.984636e-008  -5.606486e-008  -8.072682e-008  -8.664569e-008  -8.812541e-008  -8.845424e-008  
-1.775661e-008  -1.742779e-008  -1.561924e-008  -1.134450e-008  0.000000e+000  0.000000e+000  0.000000e+000  0.000000e+000  0.000000e+000  0.000000e+000  -1.085126e-008  -1.660572e-008  -1.742779e-008  -1.841426e-008  
5.113247e-008  5.179012e-008  5.376308e-008  5.885988e-008  5.359866e-008  6.527199e-008  1.011140e-007  1.007852e-007  6.494317e-008  5.392749e-008  5.869547e-008  5.442073e-008  5.261218e-008  5.146129e-008  
1.218301e-007  1.219945e-007  1.241319e-007  1.293931e-007  1.080194e-007  1.265981e-007  1.994331e-007  1.997619e-007  1.272557e-007  1.075262e-007  1.303796e-007  1.242963e-007  1.218301e-007  1.210080e-007  
1.890750e-007  1.920345e-007  1.968025e-007  2.037078e-007  1.612892e-007  1.862800e-007  3.000539e-007  3.005471e-007  1.864444e-007  1.604672e-007  2.043655e-007  1.971313e-007  1.920345e-007  1.900615e-007  
2.566488e-007  2.602659e-007  2.693086e-007  2.824617e-007  2.101199e-007  2.416872e-007  4.057715e-007  4.056071e-007  2.425093e-007  2.099555e-007  2.816396e-007  2.684866e-007  2.615812e-007  2.579641e-007  
3.197834e-007  3.268532e-007  3.419792e-007  3.649970e-007  2.522097e-007  2.890382e-007  5.132976e-007  5.144485e-007  2.887094e-007  2.528673e-007  3.641750e-007  3.418148e-007  3.265244e-007  3.194546e-007  
3.742042e-007  3.893302e-007  4.164583e-007  4.557531e-007  2.872296e-007  3.265244e-007  6.288800e-007  6.292088e-007  3.266888e-007  2.875585e-007  4.555886e-007  4.169516e-007  3.891658e-007  3.750262e-007  
4.171160e-007  4.463815e-007  4.989937e-007  5.617995e-007  3.130425e-007  3.529949e-007  7.546560e-007  7.553137e-007  3.529949e-007  3.128781e-007  5.622927e-007  4.989937e-007  4.458883e-007  4.161295e-007  
4.292825e-007  4.917595e-007  5.928736e-007  6.930011e-007  3.243870e-007  3.631885e-007  8.940783e-007  8.947360e-007  3.622020e-007  3.247158e-007  6.930011e-007  5.922159e-007  4.909375e-007  4.282961e-007  
3.735465e-007  5.118179e-007  7.073051e-007  8.539615e-007  3.145222e-007  3.464184e-007  1.047969e-006  1.049284e-006  3.478981e-007  3.143578e-007  8.529750e-007  7.074695e-007  5.118179e-007  3.738753e-007  
1.749355e-007  4.955410e-007  8.805964e-007  1.066383e-006  2.775293e-007  3.021912e-007  1.225864e-006  1.226357e-006  3.016980e-007  2.776937e-007  1.066548e-006  8.797744e-007  4.942257e-007  1.742779e-007  
-3.150155e-007  3.809451e-007  1.178184e-006  1.345721e-006  1.987754e-007  2.092978e-007  1.429901e-006  1.430887e-006  2.099555e-007  1.986110e-007  1.345557e-006  1.178677e-006  3.814383e-007  -3.153443e-007  
0.000000e+000  0.000000e+000  0.000000e+000  0.000000e+000  0.000000e+000  0.000000e+000  0.000000e+000  0.000000e+000  0.000000e+000  0.000000e+000  0.000000e+000  0.000000e+000  0.000000e+000  0.000000e+000  

