Defined reference frequency for open boundary condition (2235 MHz) is larger
than the lowest relevant system frequency (monitor at 2110 MHz).
Please check open boundary settings to ensure accurate monitor results for the
lowest frequency of interest.

--------------------------------------------------------------------------------
Build version: 2016.0 Release from 2016-01-22 (change 414946)

Starting adaptive port meshing.

--------------------------------------------------------------------------------
Mode calculation for port 1:

--------------------------------------------------------------------------------

--------------------------------------------------------------------------------

--------------------------------------------------------------------------------
Port mode solver: Detected dispersive material(s) at port 1. 
Using a constant approximation of dispersive material(s) at 2235 MHz and
neglecting loss terms. 

--------------------------------------------------------------------------------
  ----------------------------- F-Calc 2.24e+003 -----------------------------
  Port   Mode   Type        Z-Wave        Z-Wave-Sigma  Z-Line        F-Cutoff
  1      1      TEM         185           2.17e-006     104           0.0
  ----------------------------------------------------------------------------

Pass 1 successfully completed. 

--------------------------------------------------------------------------------

--------------------------------------------------------------------------------
  ----------------------------- F-Calc 2.24e+003 -----------------------------
  Port   Mode   Type        Z-Wave        Z-Wave-Sigma  Z-Line        F-Cutoff
  1      1      TEM         185           3.67e-006     97.9          0.0
  ----------------------------------------------------------------------------

Pass 2 successfully completed. Delta (Line Imp.): 6.507750%

--------------------------------------------------------------------------------

--------------------------------------------------------------------------------
  ----------------------------- F-Calc 2.24e+003 -----------------------------
  Port   Mode   Type        Z-Wave        Z-Wave-Sigma  Z-Line        F-Cutoff
  1      1      TEM         185           3.69e-006     95.2          0.0
  ----------------------------------------------------------------------------

Pass 3 successfully completed. Delta (Line Imp.): 2.838459%

--------------------------------------------------------------------------------

--------------------------------------------------------------------------------
  ----------------------------- F-Calc 2.24e+003 -----------------------------
  Port   Mode   Type        Z-Wave        Z-Wave-Sigma  Z-Line        F-Cutoff
  1      1      TEM         185           1.76e-006     93.9          0.0
  ----------------------------------------------------------------------------

Pass 4 successfully completed. Delta (Line Imp.): 1.333168%
Mode calculation for port 2:

--------------------------------------------------------------------------------

--------------------------------------------------------------------------------

--------------------------------------------------------------------------------
Port mode solver: Detected dispersive material(s) at port 2. 
Using a constant approximation of dispersive material(s) at 2235 MHz and
neglecting loss terms. 

--------------------------------------------------------------------------------
  ----------------------------- F-Calc 2.24e+003 -----------------------------
  Port   Mode   Type        Z-Wave        Z-Wave-Sigma  Z-Line        F-Cutoff
  2      1      TEM         185           2.17e-006     104           0.0
  ----------------------------------------------------------------------------

Pass 1 successfully completed. 

--------------------------------------------------------------------------------

--------------------------------------------------------------------------------
  ----------------------------- F-Calc 2.24e+003 -----------------------------
  Port   Mode   Type        Z-Wave        Z-Wave-Sigma  Z-Line        F-Cutoff
  2      1      TEM         185           3.67e-006     97.9          0.0
  ----------------------------------------------------------------------------

Pass 2 successfully completed. Delta (Line Imp.): 6.507750%

--------------------------------------------------------------------------------

--------------------------------------------------------------------------------
  ----------------------------- F-Calc 2.24e+003 -----------------------------
  Port   Mode   Type        Z-Wave        Z-Wave-Sigma  Z-Line        F-Cutoff
  2      1      TEM         185           3.69e-006     95.2          0.0
  ----------------------------------------------------------------------------

Pass 3 successfully completed. Delta (Line Imp.): 2.838459%

--------------------------------------------------------------------------------

--------------------------------------------------------------------------------
  ----------------------------- F-Calc 2.24e+003 -----------------------------
  Port   Mode   Type        Z-Wave        Z-Wave-Sigma  Z-Line        F-Cutoff
  2      1      TEM         185           1.76e-006     93.9          0.0
  ----------------------------------------------------------------------------

Pass 4 successfully completed. Delta (Line Imp.): 1.333168%
Adaptive port meshing finished. 

--------------------------------------------------------------------------------

Solver started at: 09:43 PM Monday, 20. April 2020

  Module:  Time Domain: S-Parameter (Win 64)
  Version: 2016.0 Release from 2016-01-22 (change 414946)


--------------------------------------------------------------------------------

--------------------------------------------------------------------------------
======================================================================
 Solver cycle: 1
======================================================================

Stimulation at port 1 (mode 1) 


--------------------------------------------------------------------------------
Units settings: 

  Dimensions: mm
  Frequency:  MHz
  Time:       ns

--------------------------------------------------------------------------------
Mesh statistics:

   Hexahedral mesh type: FPBA [accuracy enhancement is enabled]

   Parallelization type: domain decomposition
      Number of parallel working threads: 4
      Number of calculation domains used: 4

   Used point accuracy enhancement value: 75.00%.
   PBA fill limit: 97.51% (inverse)
   2020 Apr 20: 17:13:36: current system memory usage reached 50%
   2020 Apr 20: 17:13:37: current system memory usage reached 50%
   2020 Apr 20: 18:20:20: current system memory usage reached 50%
   2020 Apr 20: 18:30:57: current system memory usage reached 50%
   2020 Apr 20: 18:31:43: current system memory usage reached 50%
   2020 Apr 20: 19:27:15: current system memory usage reached 50%
   PBA fill limit: 97.32% (inverse)
   2020 Apr 20: 19:33:34: current system memory usage reached 50%
   2020 Apr 20: 19:33:35: current system memory usage reached 50%
   2020 Apr 20: 21:18:20: current system memory usage reached 65%
   2020 Apr 20: 21:18:19: current system memory usage reached 65%
   2020 Apr 20: 21:31:47: current system memory usage reached 65%
   2020 Apr 20: 21:31:46: current system memory usage reached 65%


--------------------------------------------------------------------------------
Port mode solver: Detected dispersive material(s) at port 1, 2. 
Using a constant approximation of dispersive material(s) at 2235 MHz and
neglecting loss terms. 

--------------------------------------------------------------------------------
Boundary conditions: 

  YZsymmetry: none
  XZsymmetry: none
  XYsymmetry: none

  Xmin: expanded open, 4 Layer, depth 27.4064 mm
  Xmax: expanded open, 4 Layer, depth 27.4064 mm

  Ymin: expanded open, 4 Layer, depth 27.4064 mm
  Ymax: expanded open, 4 Layer, depth 27.4064 mm

  Zmin: expanded open, 4 Layer, depth 27.5081 mm
  Zmax: expanded open, 4 Layer, depth 28.3254 mm

  PML-Type: Convolution PML

--------------------------------------------------------------------------------
Frequency settings: 

  Fmin:         2110
  Fmax:         2360
  Nfsteps(lin): 1001

--------------------------------------------------------------------------------
Waveguide boundaries:

Port: 1

  ----------------------------- F-Calc 2.24e+003 -----------------------------
  Port   Mode   Type        Z-Wave        Z-Wave-Sigma  Z-Line        F-Cutoff
  1      1      TEM         185           1.83e-006     93.9          0.0
  ----------------------------------------------------------------------------

Port: 2

  ----------------------------- F-Calc 2.24e+003 -----------------------------
  Port   Mode   Type        Z-Wave        Z-Wave-Sigma  Z-Line        F-Cutoff
  2      1      TEM         185           1.83e-006     93.9          0.0
  ----------------------------------------------------------------------------

Field update statistics:

  Number of components in total: 	1576142
  Number of lossy metal components:	43460
  Number of disp. elements:		56228

Subcycling state:      Automatically deactivated

--------------------------------------------------------------------------------

--------------------------------------------------------------------------------

--------------------------------------------------------------------------------
Steady state energy criterion met, solver finished successfully.

--------------------------------------------------------------------------------
Frequency domain results normalized to default signal.

--------------------------------------------------------------------------------

  ----------------------------------------------------------------------------
                      Peak memory used (kB)         Free physical memory (kB) 
                                                    At begin     Minimum      
  ----------------------------------------------------------------------------
  Matrices calc.      351372                        6144052      5787696      
  Solver run total    292732                        6177816      5794160      
  ----------------------------------------------------------------------------

--------------------------------------------------------------------------------
Solver Statistics:

  Hardware:
     Computer name:                 	LAPTOP-514GHKC2 

     Number of CPU threads:             4
     Hardware info:                  	Hardware acceleration not activated

  Number of mesh cells:             	256237
  Excitation duration:              	2.84363900e+001 ns 
  Calculation time for excitation:  	253    	s
  Number of calculated pulse widths:	1.10107 
  Steady state accuracy limit:      	-30	dB 
  Simulated number of time steps:   	30879  
  Maximum number of time steps:     	560889 
  Time step width:
     without subcycles:             	1.01397545e-003 ns
     used:                          	1.01397545e-003 ns

  Matrix calculation time:          	40     	s
  Solver setup time:                	6      	s
  Solver loop time:                 	278    	s
  Solver post processing time:      	3      	s
                                    	------------
  Total solver time:                	327    	s  ( = 0 h, 5 m, 27 s )

--------------------------------------------------------------------------------
======================================================================
 Solver cycle: 2
======================================================================

Stimulation at port 2 (mode 1) 


--------------------------------------------------------------------------------
Units settings: 

  Dimensions: mm
  Frequency:  MHz
  Time:       ns

--------------------------------------------------------------------------------
Boundary conditions: 

  YZsymmetry: none
  XZsymmetry: none
  XYsymmetry: none

  Xmin: expanded open, 4 Layer, depth 27.4064 mm
  Xmax: expanded open, 4 Layer, depth 27.4064 mm

  Ymin: expanded open, 4 Layer, depth 27.4064 mm
  Ymax: expanded open, 4 Layer, depth 27.4064 mm

  Zmin: expanded open, 4 Layer, depth 27.5081 mm
  Zmax: expanded open, 4 Layer, depth 28.3254 mm

  PML-Type: Convolution PML

--------------------------------------------------------------------------------
Frequency settings: 

  Fmin:         2110
  Fmax:         2360
  Nfsteps(lin): 1001

--------------------------------------------------------------------------------
Field update statistics:

  Number of components in total: 	1576142
  Number of lossy metal components:	43460
  Number of disp. elements:		56228

Subcycling state:      Automatically deactivated

--------------------------------------------------------------------------------

--------------------------------------------------------------------------------
Steady state energy criterion met, solver finished successfully.

--------------------------------------------------------------------------------
Frequency domain results normalized to default signal.

--------------------------------------------------------------------------------

  ----------------------------------------------------------------------------
                      Peak memory used (kB)         Free physical memory (kB) 
                                                    At begin     Minimum      
  ----------------------------------------------------------------------------
  Matrices calc.      351372                        6144052      5787696      
  Solver run total    292732                        6305476      5715952      
  ----------------------------------------------------------------------------

--------------------------------------------------------------------------------
Solver Statistics:

  Hardware:
     Computer name:                 	LAPTOP-514GHKC2 

     Number of CPU threads:             4
     Hardware info:                  	Hardware acceleration not activated

  Number of mesh cells:             	256237
  Excitation duration:              	2.84363900e+001 ns 
  Calculation time for excitation:  	308    	s
  Number of calculated pulse widths:	1.10107 
  Steady state accuracy limit:      	-30	dB 
  Simulated number of time steps:   	30879  
  Maximum number of time steps:     	560889 
  Time step width:
     without subcycles:             	1.01397545e-003 ns
     used:                          	1.01397545e-003 ns

  Reloading matrices:               	1      	s
  Solver setup time:                	7      	s
  Solver loop time:                 	331    	s
  Solver post processing time:      	4      	s
                                    	------------
  Total solver time:                	343    	s  ( = 0 h, 5 m, 43 s )

--------------------------------------------------------------------------------

  Adaptive port meshing time:       	62     	s  ( = 0 h, 1 m, 2 s )
  Total solver time (all cycles):   	672    	s  ( = 0 h, 11 m, 12 s )
                                    	------------
  Total simulation time:            	734    	s  ( = 0 h, 12 m, 14 s )

--------------------------------------------------------------------------------
Solver finished at: 09:54 PM Monday, 20. April 2020


--------------------------------------------------------------------------------
Creating parametric 1D results for Run ID 4

--------------------------------------------------------------------------------
