Port monitor named: Port2_e1.prt

nx        = 102
ny        = 42
nz        = 61

nu        = 6
nv        = 4
iu        = 49
iv        = 30

idir      = 2
dcut      = 1.854273e-002
icut      = 53
type      = 0
frequency = 2.235000e+009

fcutoff   = 0.000000e+000
alpha     = 0.000000e+000
beta      = 9.562323e+001
accuracy  = 3.143273e-015

type          = TEM
wave imp.     = 1.845457e+002
wave imp.sig. = 3.580489e-006
line imp.     = 9.083630e+001

ref. port     = 0

0.000000e+000  0.000000e+000  0.000000e+000  0.000000e+000  0.000000e+000  0.000000e+000  
-4.765291e+002  -1.152455e+002  0.000000e+000  1.152455e+002  4.765291e+002  0.000000e+000  
-1.276034e+002  -5.957491e+001  0.000000e+000  5.957491e+001  1.276034e+002  0.000000e+000  
0.000000e+000  0.000000e+000  0.000000e+000  0.000000e+000  0.000000e+000  0.000000e+000  

4.947311e+003  6.411519e+003  6.270032e+003  6.270032e+003  6.411519e+003  4.947311e+003  
5.693094e+003  6.106829e+003  6.172839e+003  6.172839e+003  6.106829e+003  5.693094e+003  
5.892798e+003  6.049456e+003  6.122596e+003  6.122596e+003  6.049456e+003  5.892798e+003  
0.000000e+000  0.000000e+000  0.000000e+000  0.000000e+000  0.000000e+000  0.000000e+000  

0.000000e+000  0.000000e+000  0.000000e+000  0.000000e+000  0.000000e+000  0.000000e+000  
0.000000e+000  0.000000e+000  0.000000e+000  0.000000e+000  0.000000e+000  0.000000e+000  
0.000000e+000  0.000000e+000  0.000000e+000  0.000000e+000  0.000000e+000  0.000000e+000  
0.000000e+000  0.000000e+000  0.000000e+000  0.000000e+000  0.000000e+000  0.000000e+000  

0.000000e+000  0.000000e+000  0.000000e+000  0.000000e+000  0.000000e+000  0.000000e+000  
0.000000e+000  0.000000e+000  0.000000e+000  0.000000e+000  0.000000e+000  0.000000e+000  
0.000000e+000  0.000000e+000  0.000000e+000  0.000000e+000  0.000000e+000  0.000000e+000  
0.000000e+000  0.000000e+000  0.000000e+000  0.000000e+000  0.000000e+000  0.000000e+000  

0.000000e+000  0.000000e+000  0.000000e+000  0.000000e+000  0.000000e+000  0.000000e+000  
0.000000e+000  0.000000e+000  0.000000e+000  0.000000e+000  0.000000e+000  0.000000e+000  
0.000000e+000  0.000000e+000  0.000000e+000  0.000000e+000  0.000000e+000  0.000000e+000  
0.000000e+000  0.000000e+000  0.000000e+000  0.000000e+000  0.000000e+000  0.000000e+000  

0.000000e+000  0.000000e+000  0.000000e+000  0.000000e+000  0.000000e+000  0.000000e+000  
8.767093e-006  -1.303074e-006  -3.276748e-006  -3.276828e-006  -1.302974e-006  8.767591e-006  
5.400179e-006  4.933547e-006  4.313869e-006  4.314029e-006  4.933368e-006  5.400100e-006  
0.000000e+000  0.000000e+000  0.000000e+000  0.000000e+000  0.000000e+000  0.000000e+000  

