Port monitor named: Port1_h1.prt

nx        = 102
ny        = 42
nz        = 61

nu        = 6
nv        = 4
iu        = 49
iv        = 10

idir      = 2
dcut      = 1.854273e-002
icut      = 53
type      = 1
frequency = 2.235000e+009

fcutoff   = 0.000000e+000
alpha     = 0.000000e+000
beta      = 9.562323e+001
accuracy  = 2.678341e-015

type          = TEM
wave imp.     = 1.845457e+002
wave imp.sig. = 3.580494e-006
line imp.     = 9.083630e+001

ref. port     = 0

3.193138e+001  3.278027e+001  3.317659e+001  3.317659e+001  3.278027e+001  3.193138e+001  
3.084925e+001  3.309115e+001  3.344885e+001  3.344885e+001  3.309115e+001  3.084925e+001  
2.680806e+001  3.474219e+001  3.397551e+001  3.397551e+001  3.474219e+001  2.680806e+001  
-0.000000e+000  -0.000000e+000  -0.000000e+000  -0.000000e+000  -0.000000e+000  -0.000000e+000  

-0.000000e+000  -0.000000e+000  -0.000000e+000  -0.000000e+000  -0.000000e+000  -0.000000e+000  
-6.914460e-001  -3.228194e-001  -0.000000e+000  3.228194e-001  6.914460e-001  -0.000000e+000  
-2.582175e+000  -6.244827e-001  -0.000000e+000  6.244827e-001  2.582175e+000  -0.000000e+000  
-0.000000e+000  -0.000000e+000  -0.000000e+000  -0.000000e+000  -0.000000e+000  -0.000000e+000  

0.000000e+000  0.000000e+000  0.000000e+000  0.000000e+000  0.000000e+000  0.000000e+000  
0.000000e+000  0.000000e+000  0.000000e+000  0.000000e+000  0.000000e+000  0.000000e+000  
0.000000e+000  0.000000e+000  0.000000e+000  0.000000e+000  0.000000e+000  0.000000e+000  
0.000000e+000  0.000000e+000  0.000000e+000  0.000000e+000  0.000000e+000  0.000000e+000  

0.000000e+000  0.000000e+000  0.000000e+000  0.000000e+000  0.000000e+000  0.000000e+000  
0.000000e+000  0.000000e+000  0.000000e+000  0.000000e+000  0.000000e+000  0.000000e+000  
0.000000e+000  0.000000e+000  0.000000e+000  0.000000e+000  0.000000e+000  0.000000e+000  
0.000000e+000  0.000000e+000  0.000000e+000  0.000000e+000  0.000000e+000  0.000000e+000  

0.000000e+000  0.000000e+000  0.000000e+000  0.000000e+000  0.000000e+000  0.000000e+000  
0.000000e+000  0.000000e+000  0.000000e+000  0.000000e+000  0.000000e+000  0.000000e+000  
0.000000e+000  0.000000e+000  0.000000e+000  0.000000e+000  0.000000e+000  0.000000e+000  
0.000000e+000  0.000000e+000  0.000000e+000  0.000000e+000  0.000000e+000  0.000000e+000  

-2.382836e-008  -1.422863e-008  -0.000000e+000  1.423044e-008  2.382781e-008  -0.000000e+000  
-2.310519e-008  -1.572432e-008  -0.000000e+000  1.572675e-008  2.310291e-008  -0.000000e+000  
-5.845522e-008  -2.216381e-008  -0.000000e+000  2.216531e-008  5.845396e-008  -0.000000e+000  
-0.000000e+000  -0.000000e+000  -0.000000e+000  -0.000000e+000  -0.000000e+000  -0.000000e+000  

