Port monitor named: Port1_e1.prt

nx        = 102
ny        = 42
nz        = 61

nu        = 6
nv        = 4
iu        = 49
iv        = 10

idir      = 2
dcut      = 1.854273e-002
icut      = 53
type      = 0
frequency = 2.235000e+009

fcutoff   = 0.000000e+000
alpha     = 0.000000e+000
beta      = 9.562323e+001
accuracy  = 2.678341e-015

type          = TEM
wave imp.     = 1.845457e+002
wave imp.sig. = 3.580494e-006
line imp.     = 9.083630e+001

ref. port     = 0

0.000000e+000  0.000000e+000  0.000000e+000  0.000000e+000  0.000000e+000  0.000000e+000  
1.276034e+002  5.957491e+001  0.000000e+000  -5.957491e+001  -1.276034e+002  0.000000e+000  
4.765291e+002  1.152455e+002  0.000000e+000  -1.152455e+002  -4.765291e+002  0.000000e+000  
0.000000e+000  0.000000e+000  0.000000e+000  0.000000e+000  0.000000e+000  0.000000e+000  

5.892798e+003  6.049456e+003  6.122596e+003  6.122596e+003  6.049456e+003  5.892798e+003  
5.693094e+003  6.106829e+003  6.172839e+003  6.172839e+003  6.106829e+003  5.693094e+003  
4.947311e+003  6.411519e+003  6.270032e+003  6.270032e+003  6.411519e+003  4.947311e+003  
0.000000e+000  0.000000e+000  0.000000e+000  0.000000e+000  0.000000e+000  0.000000e+000  

0.000000e+000  0.000000e+000  0.000000e+000  0.000000e+000  0.000000e+000  0.000000e+000  
0.000000e+000  0.000000e+000  0.000000e+000  0.000000e+000  0.000000e+000  0.000000e+000  
0.000000e+000  0.000000e+000  0.000000e+000  0.000000e+000  0.000000e+000  0.000000e+000  
0.000000e+000  0.000000e+000  0.000000e+000  0.000000e+000  0.000000e+000  0.000000e+000  

0.000000e+000  0.000000e+000  0.000000e+000  0.000000e+000  0.000000e+000  0.000000e+000  
0.000000e+000  0.000000e+000  0.000000e+000  0.000000e+000  0.000000e+000  0.000000e+000  
0.000000e+000  0.000000e+000  0.000000e+000  0.000000e+000  0.000000e+000  0.000000e+000  
0.000000e+000  0.000000e+000  0.000000e+000  0.000000e+000  0.000000e+000  0.000000e+000  

0.000000e+000  0.000000e+000  0.000000e+000  0.000000e+000  0.000000e+000  0.000000e+000  
0.000000e+000  0.000000e+000  0.000000e+000  0.000000e+000  0.000000e+000  0.000000e+000  
0.000000e+000  0.000000e+000  0.000000e+000  0.000000e+000  0.000000e+000  0.000000e+000  
0.000000e+000  0.000000e+000  0.000000e+000  0.000000e+000  0.000000e+000  0.000000e+000  

0.000000e+000  0.000000e+000  0.000000e+000  0.000000e+000  0.000000e+000  0.000000e+000  
-5.400259e-006  -4.933428e-006  -4.314507e-006  -4.314228e-006  -4.933607e-006  -5.400120e-006  
-8.766993e-006  1.303134e-006  3.276947e-006  3.276648e-006  1.303173e-006  -8.767212e-006  
0.000000e+000  0.000000e+000  0.000000e+000  0.000000e+000  0.000000e+000  0.000000e+000  

