Port monitor named: Port2_h1.prt

nx        = 102
ny        = 42
nz        = 61

nu        = 6
nv        = 4
iu        = 49
iv        = 30

idir      = 2
dcut      = 1.854273e-002
icut      = 53
type      = 1
frequency = 2.235000e+009

fcutoff   = 0.000000e+000
alpha     = 0.000000e+000
beta      = 9.562323e+001
accuracy  = 3.143273e-015

type          = TEM
wave imp.     = 1.845457e+002
wave imp.sig. = 3.580489e-006
line imp.     = 9.083630e+001

ref. port     = 0

2.680806e+001  3.474219e+001  3.397551e+001  3.397551e+001  3.474219e+001  2.680806e+001  
3.084925e+001  3.309115e+001  3.344885e+001  3.344885e+001  3.309115e+001  3.084925e+001  
3.193138e+001  3.278027e+001  3.317659e+001  3.317659e+001  3.278027e+001  3.193138e+001  
-0.000000e+000  -0.000000e+000  -0.000000e+000  -0.000000e+000  -0.000000e+000  -0.000000e+000  

-0.000000e+000  -0.000000e+000  -0.000000e+000  -0.000000e+000  -0.000000e+000  -0.000000e+000  
2.582175e+000  6.244827e-001  -0.000000e+000  -6.244827e-001  -2.582175e+000  -0.000000e+000  
6.914460e-001  3.228194e-001  -0.000000e+000  -3.228194e-001  -6.914460e-001  -0.000000e+000  
-0.000000e+000  -0.000000e+000  -0.000000e+000  -0.000000e+000  -0.000000e+000  -0.000000e+000  

0.000000e+000  0.000000e+000  0.000000e+000  0.000000e+000  0.000000e+000  0.000000e+000  
0.000000e+000  0.000000e+000  0.000000e+000  0.000000e+000  0.000000e+000  0.000000e+000  
0.000000e+000  0.000000e+000  0.000000e+000  0.000000e+000  0.000000e+000  0.000000e+000  
0.000000e+000  0.000000e+000  0.000000e+000  0.000000e+000  0.000000e+000  0.000000e+000  

0.000000e+000  0.000000e+000  0.000000e+000  0.000000e+000  0.000000e+000  0.000000e+000  
0.000000e+000  0.000000e+000  0.000000e+000  0.000000e+000  0.000000e+000  0.000000e+000  
0.000000e+000  0.000000e+000  0.000000e+000  0.000000e+000  0.000000e+000  0.000000e+000  
0.000000e+000  0.000000e+000  0.000000e+000  0.000000e+000  0.000000e+000  0.000000e+000  

0.000000e+000  0.000000e+000  0.000000e+000  0.000000e+000  0.000000e+000  0.000000e+000  
0.000000e+000  0.000000e+000  0.000000e+000  0.000000e+000  0.000000e+000  0.000000e+000  
0.000000e+000  0.000000e+000  0.000000e+000  0.000000e+000  0.000000e+000  0.000000e+000  
0.000000e+000  0.000000e+000  0.000000e+000  0.000000e+000  0.000000e+000  0.000000e+000  

-5.845420e-008  -2.216515e-008  -0.000000e+000  2.216531e-008  5.845506e-008  -0.000000e+000  
-2.310245e-008  -1.572750e-008  -0.000000e+000  1.572583e-008  2.310192e-008  -0.000000e+000  
-2.382663e-008  -1.422934e-008  -0.000000e+000  1.422989e-008  2.382671e-008  -0.000000e+000  
-0.000000e+000  -0.000000e+000  -0.000000e+000  -0.000000e+000  -0.000000e+000  -0.000000e+000  

