Port monitor named: Port2_e1.prt

nx        = 95
ny        = 83
nz        = 36

nu        = 13
nv        = 6
iu        = 36
iv        = 10

idir      = 0
dcut      = 7.965000e-002
icut      = 89
type      = 0
frequency = 9.160000e+008

fcutoff   = 0.000000e+000
alpha     = 0.000000e+000
beta      = 3.445598e+001
accuracy  = 1.938326e-014

type          = QTEM
wave imp.     = 2.491799e+002
wave imp.sig. = 1.668468e-010
line imp.     = 5.903690e+001

ref. port     = 0

0.000000e+000  0.000000e+000  0.000000e+000  0.000000e+000  0.000000e+000  0.000000e+000  0.000000e+000  0.000000e+000  0.000000e+000  0.000000e+000  0.000000e+000  0.000000e+000  0.000000e+000  
-1.271811e+001  -5.587884e+001  -1.802809e+002  -5.549934e+002  -1.841031e+003  -6.577593e+003  6.577593e+003  1.841031e+003  5.549934e+002  1.802809e+002  5.587884e+001  1.271811e+001  0.000000e+000  
-3.316346e+001  -1.157503e+002  -2.582753e+002  -5.039911e+002  -8.650289e+002  -6.645607e+002  6.645607e+002  8.650289e+002  5.039911e+002  2.582753e+002  1.157503e+002  3.316346e+001  0.000000e+000  
-3.967498e+001  -1.237304e+002  -2.268401e+002  -3.434155e+002  -4.219485e+002  -2.497085e+002  2.497085e+002  4.219485e+002  3.434155e+002  2.268401e+002  1.237304e+002  3.967498e+001  0.000000e+000  
-3.844274e+001  -1.103409e+002  -1.749460e+002  -2.199315e+002  -2.141555e+002  -1.026640e+002  1.026640e+002  2.141555e+002  2.199315e+002  1.749460e+002  1.103409e+002  3.844274e+001  0.000000e+000  
-2.989601e+001  -7.939821e+001  -1.110738e+002  -1.206050e+002  -9.957519e+001  -4.116137e+001  4.116137e+001  9.957519e+001  1.206050e+002  1.110738e+002  7.939821e+001  2.989601e+001  0.000000e+000  

-7.414933e+001  -9.096689e+001  -1.577124e+002  -3.388064e+002  -8.925695e+002  -2.722940e+003  -4.845051e+003  -2.722940e+003  -8.925695e+002  -3.388064e+002  -1.577124e+002  -9.096689e+001  -7.414933e+001  
-2.612371e+002  -2.886192e+002  -3.618909e+002  -4.434762e+002  -3.940010e+002  5.999387e+002  2.077397e+003  5.999387e+002  -3.940010e+002  -4.434762e+002  -3.618909e+002  -2.886192e+002  -2.612371e+002  
-2.131505e+002  -2.221067e+002  -2.327135e+002  -2.019368e+002  -3.955054e+001  4.114557e+002  8.652686e+002  4.114557e+002  -3.955054e+001  -2.019368e+002  -2.327135e+002  -2.221067e+002  -2.131505e+002  
-1.557391e+002  -1.544034e+002  -1.390270e+002  -8.688827e+001  3.825355e+001  2.496352e+002  4.103706e+002  2.496352e+002  3.825355e+001  -8.688827e+001  -1.390270e+002  -1.544034e+002  -1.557391e+002  
-6.778427e+001  -6.270377e+001  -4.578243e+001  -1.590312e+001  3.072541e+001  8.463687e+001  1.157230e+002  8.463687e+001  3.072541e+001  -1.590312e+001  -4.578243e+001  -6.270377e+001  -6.778427e+001  
0.000000e+000  0.000000e+000  0.000000e+000  0.000000e+000  0.000000e+000  0.000000e+000  0.000000e+000  0.000000e+000  0.000000e+000  0.000000e+000  0.000000e+000  0.000000e+000  0.000000e+000  

0.000000e+000  0.000000e+000  0.000000e+000  0.000000e+000  0.000000e+000  0.000000e+000  0.000000e+000  0.000000e+000  0.000000e+000  0.000000e+000  0.000000e+000  0.000000e+000  0.000000e+000  
0.000000e+000  0.000000e+000  0.000000e+000  0.000000e+000  0.000000e+000  0.000000e+000  0.000000e+000  0.000000e+000  0.000000e+000  0.000000e+000  0.000000e+000  0.000000e+000  0.000000e+000  
0.000000e+000  0.000000e+000  0.000000e+000  0.000000e+000  0.000000e+000  0.000000e+000  0.000000e+000  0.000000e+000  0.000000e+000  0.000000e+000  0.000000e+000  0.000000e+000  0.000000e+000  
0.000000e+000  0.000000e+000  0.000000e+000  0.000000e+000  0.000000e+000  0.000000e+000  0.000000e+000  0.000000e+000  0.000000e+000  0.000000e+000  0.000000e+000  0.000000e+000  0.000000e+000  
0.000000e+000  0.000000e+000  0.000000e+000  0.000000e+000  0.000000e+000  0.000000e+000  0.000000e+000  0.000000e+000  0.000000e+000  0.000000e+000  0.000000e+000  0.000000e+000  0.000000e+000  
0.000000e+000  0.000000e+000  0.000000e+000  0.000000e+000  0.000000e+000  0.000000e+000  0.000000e+000  0.000000e+000  0.000000e+000  0.000000e+000  0.000000e+000  0.000000e+000  0.000000e+000  

0.000000e+000  0.000000e+000  0.000000e+000  0.000000e+000  0.000000e+000  0.000000e+000  0.000000e+000  0.000000e+000  0.000000e+000  0.000000e+000  0.000000e+000  0.000000e+000  0.000000e+000  
0.000000e+000  0.000000e+000  0.000000e+000  0.000000e+000  0.000000e+000  0.000000e+000  0.000000e+000  0.000000e+000  0.000000e+000  0.000000e+000  0.000000e+000  0.000000e+000  0.000000e+000  
0.000000e+000  0.000000e+000  0.000000e+000  0.000000e+000  0.000000e+000  0.000000e+000  0.000000e+000  0.000000e+000  0.000000e+000  0.000000e+000  0.000000e+000  0.000000e+000  0.000000e+000  
0.000000e+000  0.000000e+000  0.000000e+000  0.000000e+000  0.000000e+000  0.000000e+000  0.000000e+000  0.000000e+000  0.000000e+000  0.000000e+000  0.000000e+000  0.000000e+000  0.000000e+000  
0.000000e+000  0.000000e+000  0.000000e+000  0.000000e+000  0.000000e+000  0.000000e+000  0.000000e+000  0.000000e+000  0.000000e+000  0.000000e+000  0.000000e+000  0.000000e+000  0.000000e+000  
0.000000e+000  0.000000e+000  0.000000e+000  0.000000e+000  0.000000e+000  0.000000e+000  0.000000e+000  0.000000e+000  0.000000e+000  0.000000e+000  0.000000e+000  0.000000e+000  0.000000e+000  

0.000000e+000  0.000000e+000  0.000000e+000  0.000000e+000  0.000000e+000  0.000000e+000  0.000000e+000  0.000000e+000  0.000000e+000  0.000000e+000  0.000000e+000  0.000000e+000  0.000000e+000  
0.000000e+000  0.000000e+000  0.000000e+000  0.000000e+000  0.000000e+000  0.000000e+000  0.000000e+000  0.000000e+000  0.000000e+000  0.000000e+000  0.000000e+000  0.000000e+000  0.000000e+000  
0.000000e+000  0.000000e+000  0.000000e+000  0.000000e+000  0.000000e+000  0.000000e+000  0.000000e+000  0.000000e+000  0.000000e+000  0.000000e+000  0.000000e+000  0.000000e+000  0.000000e+000  
0.000000e+000  0.000000e+000  0.000000e+000  0.000000e+000  0.000000e+000  0.000000e+000  0.000000e+000  0.000000e+000  0.000000e+000  0.000000e+000  0.000000e+000  0.000000e+000  0.000000e+000  
0.000000e+000  0.000000e+000  0.000000e+000  0.000000e+000  0.000000e+000  0.000000e+000  0.000000e+000  0.000000e+000  0.000000e+000  0.000000e+000  0.000000e+000  0.000000e+000  0.000000e+000  
0.000000e+000  0.000000e+000  0.000000e+000  0.000000e+000  0.000000e+000  0.000000e+000  0.000000e+000  0.000000e+000  0.000000e+000  0.000000e+000  0.000000e+000  0.000000e+000  0.000000e+000  

0.000000e+000  0.000000e+000  0.000000e+000  0.000000e+000  0.000000e+000  0.000000e+000  0.000000e+000  0.000000e+000  0.000000e+000  0.000000e+000  0.000000e+000  0.000000e+000  0.000000e+000  
-1.384331e+001  -1.497541e+001  -1.803162e+001  -2.204211e+001  -2.529621e+001  -1.784397e+001  0.000000e+000  -1.784397e+001  -2.529621e+001  -2.204211e+001  -1.803162e+001  -1.497541e+001  -1.384331e+001  
-1.535203e+001  -1.606947e+001  -1.775991e+001  -1.939951e+001  -1.981427e+001  -1.656510e+001  -1.161054e+001  -1.656510e+001  -1.981427e+001  -1.939951e+001  -1.775991e+001  -1.606947e+001  -1.535203e+001  
-1.611061e+001  -1.650820e+001  -1.734346e+001  -1.796664e+001  -1.788008e+001  -1.658264e+001  -1.513647e+001  -1.658264e+001  -1.788008e+001  -1.796664e+001  -1.734346e+001  -1.650820e+001  -1.611061e+001  
-1.646758e+001  -1.666510e+001  -1.703610e+001  -1.724723e+001  -1.713939e+001  -1.667768e+001  -1.628254e+001  -1.667768e+001  -1.713939e+001  -1.724723e+001  -1.703610e+001  -1.666510e+001  -1.646758e+001  
-1.661136e+001  -1.667912e+001  -1.679408e+001  -1.684562e+001  -1.680527e+001  -1.669387e+001  -1.661587e+001  -1.669387e+001  -1.680527e+001  -1.684562e+001  -1.679408e+001  -1.667912e+001  -1.661136e+001  

