Port monitor named: Port2_e1.prt

nx        = 95
ny        = 83
nz        = 36

nu        = 13
nv        = 6
iu        = 36
iv        = 10

idir      = 0
dcut      = 7.965000e-002
icut      = 89
type      = 0
frequency = 9.160000e+008

fcutoff   = 0.000000e+000
alpha     = 0.000000e+000
beta      = 3.445604e+001
accuracy  = 2.003648e-014

type          = QTEM
wave imp.     = 2.491809e+002
wave imp.sig. = 4.857690e-010
line imp.     = 5.903683e+001

ref. port     = 0

0.000000e+000  0.000000e+000  0.000000e+000  0.000000e+000  0.000000e+000  0.000000e+000  0.000000e+000  0.000000e+000  0.000000e+000  0.000000e+000  0.000000e+000  0.000000e+000  0.000000e+000  
-1.270924e+001  -5.580118e+001  -1.800378e+002  -5.545137e+002  -1.840403e+003  -6.577845e+003  6.577845e+003  1.840403e+003  5.545137e+002  1.800378e+002  5.580118e+001  1.270924e+001  0.000000e+000  
-3.314201e+001  -1.156276e+002  -2.580425e+002  -5.037352e+002  -8.649315e+002  -6.645471e+002  6.645471e+002  8.649315e+002  5.037352e+002  2.580425e+002  1.156276e+002  3.314201e+001  0.000000e+000  
-3.965048e+001  -1.236230e+002  -2.267007e+002  -3.433234e+002  -4.219557e+002  -2.496980e+002  2.496980e+002  4.219557e+002  3.433234e+002  2.267007e+002  1.236230e+002  3.965048e+001  0.000000e+000  
-3.842003e+001  -1.102627e+002  -1.748798e+002  -2.199156e+002  -2.141788e+002  -1.026609e+002  1.026609e+002  2.141788e+002  2.199156e+002  1.748798e+002  1.102627e+002  3.842003e+001  0.000000e+000  
-2.987960e+001  -7.935586e+001  -1.110572e+002  -1.206173e+002  -9.959355e+001  -4.116220e+001  4.116220e+001  9.959355e+001  1.206173e+002  1.110572e+002  7.935586e+001  2.987960e+001  0.000000e+000  

-7.414169e+001  -9.092935e+001  -1.575741e+002  -3.385196e+002  -8.920928e+002  -2.722787e+003  -4.844980e+003  -2.722787e+003  -8.920928e+002  -3.385196e+002  -1.575741e+002  -9.092935e+001  -7.414169e+001  
-2.612144e+002  -2.885499e+002  -3.617567e+002  -4.433940e+002  -3.941215e+002  5.997904e+002  2.077347e+003  5.997904e+002  -3.941215e+002  -4.433940e+002  -3.617567e+002  -2.885499e+002  -2.612144e+002  
-2.131343e+002  -2.220765e+002  -2.326997e+002  -2.020020e+002  -3.969895e+001  4.114338e+002  8.652433e+002  4.114338e+002  -3.969895e+001  -2.020020e+002  -2.326997e+002  -2.220765e+002  -2.131343e+002  
-1.557292e+002  -1.543971e+002  -1.390574e+002  -8.696631e+001  3.816252e+001  2.496372e+002  4.103644e+002  2.496372e+002  3.816252e+001  -8.696631e+001  -1.390574e+002  -1.543971e+002  -1.557292e+002  
-6.778152e+001  -6.271030e+001  -4.581103e+001  -1.593966e+001  3.069960e+001  8.464124e+001  1.157254e+002  8.464124e+001  3.069960e+001  -1.593966e+001  -4.581103e+001  -6.271030e+001  -6.778152e+001  
0.000000e+000  0.000000e+000  0.000000e+000  0.000000e+000  0.000000e+000  0.000000e+000  0.000000e+000  0.000000e+000  0.000000e+000  0.000000e+000  0.000000e+000  0.000000e+000  0.000000e+000  

0.000000e+000  0.000000e+000  0.000000e+000  0.000000e+000  0.000000e+000  0.000000e+000  0.000000e+000  0.000000e+000  0.000000e+000  0.000000e+000  0.000000e+000  0.000000e+000  0.000000e+000  
0.000000e+000  0.000000e+000  0.000000e+000  0.000000e+000  0.000000e+000  0.000000e+000  0.000000e+000  0.000000e+000  0.000000e+000  0.000000e+000  0.000000e+000  0.000000e+000  0.000000e+000  
0.000000e+000  0.000000e+000  0.000000e+000  0.000000e+000  0.000000e+000  0.000000e+000  0.000000e+000  0.000000e+000  0.000000e+000  0.000000e+000  0.000000e+000  0.000000e+000  0.000000e+000  
0.000000e+000  0.000000e+000  0.000000e+000  0.000000e+000  0.000000e+000  0.000000e+000  0.000000e+000  0.000000e+000  0.000000e+000  0.000000e+000  0.000000e+000  0.000000e+000  0.000000e+000  
0.000000e+000  0.000000e+000  0.000000e+000  0.000000e+000  0.000000e+000  0.000000e+000  0.000000e+000  0.000000e+000  0.000000e+000  0.000000e+000  0.000000e+000  0.000000e+000  0.000000e+000  
0.000000e+000  0.000000e+000  0.000000e+000  0.000000e+000  0.000000e+000  0.000000e+000  0.000000e+000  0.000000e+000  0.000000e+000  0.000000e+000  0.000000e+000  0.000000e+000  0.000000e+000  

0.000000e+000  0.000000e+000  0.000000e+000  0.000000e+000  0.000000e+000  0.000000e+000  0.000000e+000  0.000000e+000  0.000000e+000  0.000000e+000  0.000000e+000  0.000000e+000  0.000000e+000  
0.000000e+000  0.000000e+000  0.000000e+000  0.000000e+000  0.000000e+000  0.000000e+000  0.000000e+000  0.000000e+000  0.000000e+000  0.000000e+000  0.000000e+000  0.000000e+000  0.000000e+000  
0.000000e+000  0.000000e+000  0.000000e+000  0.000000e+000  0.000000e+000  0.000000e+000  0.000000e+000  0.000000e+000  0.000000e+000  0.000000e+000  0.000000e+000  0.000000e+000  0.000000e+000  
0.000000e+000  0.000000e+000  0.000000e+000  0.000000e+000  0.000000e+000  0.000000e+000  0.000000e+000  0.000000e+000  0.000000e+000  0.000000e+000  0.000000e+000  0.000000e+000  0.000000e+000  
0.000000e+000  0.000000e+000  0.000000e+000  0.000000e+000  0.000000e+000  0.000000e+000  0.000000e+000  0.000000e+000  0.000000e+000  0.000000e+000  0.000000e+000  0.000000e+000  0.000000e+000  
0.000000e+000  0.000000e+000  0.000000e+000  0.000000e+000  0.000000e+000  0.000000e+000  0.000000e+000  0.000000e+000  0.000000e+000  0.000000e+000  0.000000e+000  0.000000e+000  0.000000e+000  

0.000000e+000  0.000000e+000  0.000000e+000  0.000000e+000  0.000000e+000  0.000000e+000  0.000000e+000  0.000000e+000  0.000000e+000  0.000000e+000  0.000000e+000  0.000000e+000  0.000000e+000  
0.000000e+000  0.000000e+000  0.000000e+000  0.000000e+000  0.000000e+000  0.000000e+000  0.000000e+000  0.000000e+000  0.000000e+000  0.000000e+000  0.000000e+000  0.000000e+000  0.000000e+000  
0.000000e+000  0.000000e+000  0.000000e+000  0.000000e+000  0.000000e+000  0.000000e+000  0.000000e+000  0.000000e+000  0.000000e+000  0.000000e+000  0.000000e+000  0.000000e+000  0.000000e+000  
0.000000e+000  0.000000e+000  0.000000e+000  0.000000e+000  0.000000e+000  0.000000e+000  0.000000e+000  0.000000e+000  0.000000e+000  0.000000e+000  0.000000e+000  0.000000e+000  0.000000e+000  
0.000000e+000  0.000000e+000  0.000000e+000  0.000000e+000  0.000000e+000  0.000000e+000  0.000000e+000  0.000000e+000  0.000000e+000  0.000000e+000  0.000000e+000  0.000000e+000  0.000000e+000  
0.000000e+000  0.000000e+000  0.000000e+000  0.000000e+000  0.000000e+000  0.000000e+000  0.000000e+000  0.000000e+000  0.000000e+000  0.000000e+000  0.000000e+000  0.000000e+000  0.000000e+000  

0.000000e+000  0.000000e+000  0.000000e+000  0.000000e+000  0.000000e+000  0.000000e+000  0.000000e+000  0.000000e+000  0.000000e+000  0.000000e+000  0.000000e+000  0.000000e+000  0.000000e+000  
-1.384219e+001  -1.497236e+001  -1.802580e+001  -2.203716e+001  -2.529527e+001  -1.784519e+001  0.000000e+000  -1.784519e+001  -2.529527e+001  -2.203716e+001  -1.802580e+001  -1.497236e+001  -1.384219e+001  
-1.535091e+001  -1.606715e+001  -1.775652e+001  -1.939748e+001  -1.981437e+001  -1.656494e+001  -1.161034e+001  -1.656494e+001  -1.981437e+001  -1.939748e+001  -1.775652e+001  -1.606715e+001  -1.535091e+001  
-1.610953e+001  -1.650648e+001  -1.734145e+001  -1.796556e+001  -1.787990e+001  -1.658213e+001  -1.513602e+001  -1.658213e+001  -1.787990e+001  -1.796556e+001  -1.734145e+001  -1.650648e+001  -1.610953e+001  
-1.646655e+001  -1.666377e+001  -1.703477e+001  -1.724641e+001  -1.713891e+001  -1.667704e+001  -1.628194e+001  -1.667704e+001  -1.713891e+001  -1.724641e+001  -1.703477e+001  -1.666377e+001  -1.646655e+001  
-1.661041e+001  -1.667807e+001  -1.679310e+001  -1.684483e+001  -1.680459e+001  -1.669316e+001  -1.661518e+001  -1.669316e+001  -1.680459e+001  -1.684483e+001  -1.679310e+001  -1.667807e+001  -1.661041e+001  

