Unknown:
C:\Users\Li\Documents\GitHub\term-5-em-2d\2D_CST_file_DOUBLE_MICROSTRIP_PATCH\Result\3d.slm
C:\Users\Li\Documents\GitHub\term-5-em-2d\2D_CST_file_DOUBLE_MICROSTRIP_PATCH\Result\adapt_Port1_e1.prt
C:\Users\Li\Documents\GitHub\term-5-em-2d\2D_CST_file_DOUBLE_MICROSTRIP_PATCH\Result\adapt_Port1_h1.prt
C:\Users\Li\Documents\GitHub\term-5-em-2d\2D_CST_file_DOUBLE_MICROSTRIP_PATCH\Result\adapt_Port2_e1.prt
C:\Users\Li\Documents\GitHub\term-5-em-2d\2D_CST_file_DOUBLE_MICROSTRIP_PATCH\Result\adapt_Port2_h1.prt
C:\Users\Li\Documents\GitHub\term-5-em-2d\2D_CST_file_DOUBLE_MICROSTRIP_PATCH\Result\e-field (f=2110)_1,1.en
C:\Users\Li\Documents\GitHub\term-5-em-2d\2D_CST_file_DOUBLE_MICROSTRIP_PATCH\Result\e-field (f=2110)_2,1.en
C:\Users\Li\Documents\GitHub\term-5-em-2d\2D_CST_file_DOUBLE_MICROSTRIP_PATCH\Result\e-field (f=2235)_1,1.en
C:\Users\Li\Documents\GitHub\term-5-em-2d\2D_CST_file_DOUBLE_MICROSTRIP_PATCH\Result\e-field (f=2235)_2,1.en
C:\Users\Li\Documents\GitHub\term-5-em-2d\2D_CST_file_DOUBLE_MICROSTRIP_PATCH\Result\e-field (f=2360)_1,1.en
C:\Users\Li\Documents\GitHub\term-5-em-2d\2D_CST_file_DOUBLE_MICROSTRIP_PATCH\Result\e-field (f=2360)_2,1.en
C:\Users\Li\Documents\GitHub\term-5-em-2d\2D_CST_file_DOUBLE_MICROSTRIP_PATCH\Result\farfield (f=2110)_1.fme
C:\Users\Li\Documents\GitHub\term-5-em-2d\2D_CST_file_DOUBLE_MICROSTRIP_PATCH\Result\farfield (f=2110)_2.fme
C:\Users\Li\Documents\GitHub\term-5-em-2d\2D_CST_file_DOUBLE_MICROSTRIP_PATCH\Result\farfield (f=2235)_1.fme
C:\Users\Li\Documents\GitHub\term-5-em-2d\2D_CST_file_DOUBLE_MICROSTRIP_PATCH\Result\farfield (f=2235)_2.fme
C:\Users\Li\Documents\GitHub\term-5-em-2d\2D_CST_file_DOUBLE_MICROSTRIP_PATCH\Result\farfield (f=2360)_1.fme
C:\Users\Li\Documents\GitHub\term-5-em-2d\2D_CST_file_DOUBLE_MICROSTRIP_PATCH\Result\farfield (f=2360)_2.fme
C:\Users\Li\Documents\GitHub\term-5-em-2d\2D_CST_file_DOUBLE_MICROSTRIP_PATCH\Result\h-field (f=2110)_1,1.en
C:\Users\Li\Documents\GitHub\term-5-em-2d\2D_CST_file_DOUBLE_MICROSTRIP_PATCH\Result\h-field (f=2110)_2,1.en
C:\Users\Li\Documents\GitHub\term-5-em-2d\2D_CST_file_DOUBLE_MICROSTRIP_PATCH\Result\h-field (f=2235)_1,1.en
C:\Users\Li\Documents\GitHub\term-5-em-2d\2D_CST_file_DOUBLE_MICROSTRIP_PATCH\Result\h-field (f=2235)_2,1.en
C:\Users\Li\Documents\GitHub\term-5-em-2d\2D_CST_file_DOUBLE_MICROSTRIP_PATCH\Result\h-field (f=2360)_1,1.en
C:\Users\Li\Documents\GitHub\term-5-em-2d\2D_CST_file_DOUBLE_MICROSTRIP_PATCH\Result\h-field (f=2360)_2,1.en
C:\Users\Li\Documents\GitHub\term-5-em-2d\2D_CST_file_DOUBLE_MICROSTRIP_PATCH\Result\MCalc.ddi
C:\Users\Li\Documents\GitHub\term-5-em-2d\2D_CST_file_DOUBLE_MICROSTRIP_PATCH\Result\MCalc.log
C:\Users\Li\Documents\GitHub\term-5-em-2d\2D_CST_file_DOUBLE_MICROSTRIP_PATCH\Result\Model.axg
C:\Users\Li\Documents\GitHub\term-5-em-2d\2D_CST_file_DOUBLE_MICROSTRIP_PATCH\Result\Model.ddi
C:\Users\Li\Documents\GitHub\term-5-em-2d\2D_CST_file_DOUBLE_MICROSTRIP_PATCH\Result\Model.elg
C:\Users\Li\Documents\GitHub\term-5-em-2d\2D_CST_file_DOUBLE_MICROSTRIP_PATCH\Result\Model.inf
C:\Users\Li\Documents\GitHub\term-5-em-2d\2D_CST_file_DOUBLE_MICROSTRIP_PATCH\Result\Model.log
C:\Users\Li\Documents\GitHub\term-5-em-2d\2D_CST_file_DOUBLE_MICROSTRIP_PATCH\Result\Model.pmi
C:\Users\Li\Documents\GitHub\term-5-em-2d\2D_CST_file_DOUBLE_MICROSTRIP_PATCH\Result\Model.swp
C:\Users\Li\Documents\GitHub\term-5-em-2d\2D_CST_file_DOUBLE_MICROSTRIP_PATCH\Result\m^fb.dsc
C:\Users\Li\Documents\GitHub\term-5-em-2d\2D_CST_file_DOUBLE_MICROSTRIP_PATCH\Result\m^fifx.dsc
C:\Users\Li\Documents\GitHub\term-5-em-2d\2D_CST_file_DOUBLE_MICROSTRIP_PATCH\Result\m^fqq.dsc
C:\Users\Li\Documents\GitHub\term-5-em-2d\2D_CST_file_DOUBLE_MICROSTRIP_PATCH\Result\m^ppex.dsc
C:\Users\Li\Documents\GitHub\term-5-em-2d\2D_CST_file_DOUBLE_MICROSTRIP_PATCH\Result\Port1_1.m2d
C:\Users\Li\Documents\GitHub\term-5-em-2d\2D_CST_file_DOUBLE_MICROSTRIP_PATCH\Result\Port2_1.m2d
C:\Users\Li\Documents\GitHub\term-5-em-2d\2D_CST_file_DOUBLE_MICROSTRIP_PATCH\Result\Postprocessing.log
C:\Users\Li\Documents\GitHub\term-5-em-2d\2D_CST_file_DOUBLE_MICROSTRIP_PATCH\Result\p^a.dsc
Mesh:
C:\Users\Li\Documents\GitHub\term-5-em-2d\2D_CST_file_DOUBLE_MICROSTRIP_PATCH\Result\dA.mat
C:\Users\Li\Documents\GitHub\term-5-em-2d\2D_CST_file_DOUBLE_MICROSTRIP_PATCH\Result\dad.mat
C:\Users\Li\Documents\GitHub\term-5-em-2d\2D_CST_file_DOUBLE_MICROSTRIP_PATCH\Result\ds.mat
C:\Users\Li\Documents\GitHub\term-5-em-2d\2D_CST_file_DOUBLE_MICROSTRIP_PATCH\Result\dsd.mat
C:\Users\Li\Documents\GitHub\term-5-em-2d\2D_CST_file_DOUBLE_MICROSTRIP_PATCH\Result\dsMCalc.mat
C:\Users\Li\Documents\GitHub\term-5-em-2d\2D_CST_file_DOUBLE_MICROSTRIP_PATCH\Result\Eps.mat
C:\Users\Li\Documents\GitHub\term-5-em-2d\2D_CST_file_DOUBLE_MICROSTRIP_PATCH\Result\HexMatrix.m2h
C:\Users\Li\Documents\GitHub\term-5-em-2d\2D_CST_file_DOUBLE_MICROSTRIP_PATCH\Result\HexMatrix_MCalc.m2h
C:\Users\Li\Documents\GitHub\term-5-em-2d\2D_CST_file_DOUBLE_MICROSTRIP_PATCH\Result\Kappa.mat
C:\Users\Li\Documents\GitHub\term-5-em-2d\2D_CST_file_DOUBLE_MICROSTRIP_PATCH\Result\MCalc.fmp
C:\Users\Li\Documents\GitHub\term-5-em-2d\2D_CST_file_DOUBLE_MICROSTRIP_PATCH\Result\MCalc.xcfd
C:\Users\Li\Documents\GitHub\term-5-em-2d\2D_CST_file_DOUBLE_MICROSTRIP_PATCH\Result\mesher_shapes.fsi
C:\Users\Li\Documents\GitHub\term-5-em-2d\2D_CST_file_DOUBLE_MICROSTRIP_PATCH\Result\Meta.m2h
C:\Users\Li\Documents\GitHub\term-5-em-2d\2D_CST_file_DOUBLE_MICROSTRIP_PATCH\Result\Meta.mat
C:\Users\Li\Documents\GitHub\term-5-em-2d\2D_CST_file_DOUBLE_MICROSTRIP_PATCH\Result\Meta.spi
C:\Users\Li\Documents\GitHub\term-5-em-2d\2D_CST_file_DOUBLE_MICROSTRIP_PATCH\Result\Meta.wgi
C:\Users\Li\Documents\GitHub\term-5-em-2d\2D_CST_file_DOUBLE_MICROSTRIP_PATCH\Result\Model.fmf
C:\Users\Li\Documents\GitHub\term-5-em-2d\2D_CST_file_DOUBLE_MICROSTRIP_PATCH\Result\Model.fmm
C:\Users\Li\Documents\GitHub\term-5-em-2d\2D_CST_file_DOUBLE_MICROSTRIP_PATCH\Result\Model.fpc
C:\Users\Li\Documents\GitHub\term-5-em-2d\2D_CST_file_DOUBLE_MICROSTRIP_PATCH\Result\Model.fwf
C:\Users\Li\Documents\GitHub\term-5-em-2d\2D_CST_file_DOUBLE_MICROSTRIP_PATCH\Result\Model.mss
C:\Users\Li\Documents\GitHub\term-5-em-2d\2D_CST_file_DOUBLE_MICROSTRIP_PATCH\Result\Model.ntr
C:\Users\Li\Documents\GitHub\term-5-em-2d\2D_CST_file_DOUBLE_MICROSTRIP_PATCH\Result\Model.sic
C:\Users\Li\Documents\GitHub\term-5-em-2d\2D_CST_file_DOUBLE_MICROSTRIP_PATCH\Result\Model.spi
C:\Users\Li\Documents\GitHub\term-5-em-2d\2D_CST_file_DOUBLE_MICROSTRIP_PATCH\Result\Model.xcfd
C:\Users\Li\Documents\GitHub\term-5-em-2d\2D_CST_file_DOUBLE_MICROSTRIP_PATCH\Result\Model^PEC.fpf
C:\Users\Li\Documents\GitHub\term-5-em-2d\2D_CST_file_DOUBLE_MICROSTRIP_PATCH\Result\Mue.mat
C:\Users\Li\Documents\GitHub\term-5-em-2d\2D_CST_file_DOUBLE_MICROSTRIP_PATCH\Result\m^fqq.mem
C:\Users\Li\Documents\GitHub\term-5-em-2d\2D_CST_file_DOUBLE_MICROSTRIP_PATCH\Result\p1.spi
C:\Users\Li\Documents\GitHub\term-5-em-2d\2D_CST_file_DOUBLE_MICROSTRIP_PATCH\Result\p2.spi
C:\Users\Li\Documents\GitHub\term-5-em-2d\2D_CST_file_DOUBLE_MICROSTRIP_PATCH\Result\PEC.mat
C:\Users\Li\Documents\GitHub\term-5-em-2d\2D_CST_file_DOUBLE_MICROSTRIP_PATCH\Result\Port1.wgi
C:\Users\Li\Documents\GitHub\term-5-em-2d\2D_CST_file_DOUBLE_MICROSTRIP_PATCH\Result\Port2.wgi
C:\Users\Li\Documents\GitHub\term-5-em-2d\2D_CST_file_DOUBLE_MICROSTRIP_PATCH\Result\p^a.mem
C:\Users\Li\Documents\GitHub\term-5-em-2d\2D_CST_file_DOUBLE_MICROSTRIP_PATCH\Result\p^m.mem
C:\Users\Li\Documents\GitHub\term-5-em-2d\2D_CST_file_DOUBLE_MICROSTRIP_PATCH\Result\Rho.mat
C:\Users\Li\Documents\GitHub\term-5-em-2d\2D_CST_file_DOUBLE_MICROSTRIP_PATCH\Result\S2HMatrix.m2h
C:\Users\Li\Documents\GitHub\term-5-em-2d\2D_CST_file_DOUBLE_MICROSTRIP_PATCH\Result\s^pm.mem
