Port monitor named: Port1_h1.prt

nx        = 16
ny        = 27
nz        = 4

nu        = 14
nv        = 25
iu        = 2
iv        = 2

idir      = 2
dcut      = 1.684098e-002
icut      = 3
type      = 1
frequency = 2.235000e+009

fcutoff   = 0.000000e+000
alpha     = 0.000000e+000
beta      = 9.562323e+001
accuracy  = 1.281799e-014

type          = TEM
wave imp.     = 1.845457e+002
wave imp.sig. = 3.535976e-006
line imp.     = 1.006509e+002

ref. port     = 0

3.505662e+001  3.505672e+001  3.505696e+001  3.505788e+001  3.506097e+001  3.506407e+001  3.506617e+001  3.506617e+001  3.506407e+001  3.506097e+001  3.505788e+001  3.505696e+001  3.505672e+001  3.505662e+001  
3.505652e+001  3.505662e+001  3.505687e+001  3.505781e+001  3.506097e+001  3.506411e+001  3.506623e+001  3.506623e+001  3.506411e+001  3.506097e+001  3.505781e+001  3.505687e+001  3.505662e+001  3.505652e+001  
3.505629e+001  3.505639e+001  3.505666e+001  3.505765e+001  3.506097e+001  3.506421e+001  3.506636e+001  3.506636e+001  3.506421e+001  3.506097e+001  3.505765e+001  3.505666e+001  3.505639e+001  3.505629e+001  
3.505590e+001  3.505601e+001  3.505631e+001  3.505740e+001  3.506097e+001  3.506436e+001  3.506657e+001  3.506657e+001  3.506436e+001  3.506097e+001  3.505740e+001  3.505631e+001  3.505601e+001  3.505590e+001  
3.505535e+001  3.505548e+001  3.505581e+001  3.505704e+001  3.506098e+001  3.506458e+001  3.506686e+001  3.506686e+001  3.506458e+001  3.506098e+001  3.505704e+001  3.505581e+001  3.505548e+001  3.505535e+001  
3.505461e+001  3.505476e+001  3.505515e+001  3.505657e+001  3.506101e+001  3.506488e+001  3.506724e+001  3.506724e+001  3.506488e+001  3.506101e+001  3.505657e+001  3.505515e+001  3.505476e+001  3.505461e+001  
3.505366e+001  3.505384e+001  3.505430e+001  3.505599e+001  3.506108e+001  3.506525e+001  3.506770e+001  3.506770e+001  3.506525e+001  3.506108e+001  3.505599e+001  3.505430e+001  3.505384e+001  3.505366e+001  
3.505244e+001  3.505267e+001  3.505324e+001  3.505529e+001  3.506119e+001  3.506572e+001  3.506825e+001  3.506825e+001  3.506572e+001  3.506119e+001  3.505529e+001  3.505324e+001  3.505267e+001  3.505244e+001  
3.505091e+001  3.505119e+001  3.505191e+001  3.505445e+001  3.506138e+001  3.506630e+001  3.506889e+001  3.506889e+001  3.506630e+001  3.506138e+001  3.505445e+001  3.505191e+001  3.505119e+001  3.505091e+001  
3.504896e+001  3.504933e+001  3.505026e+001  3.505349e+001  3.506168e+001  3.506700e+001  3.506963e+001  3.506963e+001  3.506700e+001  3.506168e+001  3.505349e+001  3.505026e+001  3.504933e+001  3.504896e+001  
3.504649e+001  3.504698e+001  3.504820e+001  3.505239e+001  3.506213e+001  3.506785e+001  3.507046e+001  3.507046e+001  3.506785e+001  3.506213e+001  3.505239e+001  3.504820e+001  3.504698e+001  3.504649e+001  
3.504331e+001  3.504398e+001  3.504565e+001  3.505120e+001  3.506280e+001  3.506887e+001  3.507139e+001  3.507139e+001  3.506887e+001  3.506280e+001  3.505120e+001  3.504565e+001  3.504398e+001  3.504331e+001  
3.503917e+001  3.504012e+001  3.504245e+001  3.504997e+001  3.506378e+001  3.507009e+001  3.507241e+001  3.507241e+001  3.507009e+001  3.506378e+001  3.504997e+001  3.504245e+001  3.504012e+001  3.503917e+001  
3.503365e+001  3.503505e+001  3.503841e+001  3.504882e+001  3.506517e+001  3.507152e+001  3.507352e+001  3.507352e+001  3.507152e+001  3.506517e+001  3.504882e+001  3.503841e+001  3.503505e+001  3.503365e+001  
3.502612e+001  3.502828e+001  3.503330e+001  3.504801e+001  3.506710e+001  3.507319e+001  3.507469e+001  3.507469e+001  3.507319e+001  3.506710e+001  3.504801e+001  3.503330e+001  3.502828e+001  3.502612e+001  
3.501548e+001  3.501900e+001  3.502684e+001  3.504794e+001  3.506974e+001  3.507511e+001  3.507592e+001  3.507592e+001  3.507511e+001  3.506974e+001  3.504794e+001  3.502684e+001  3.501900e+001  3.501548e+001  
3.499978e+001  3.500596e+001  3.501880e+001  3.504936e+001  3.507328e+001  3.507727e+001  3.507719e+001  3.507719e+001  3.507727e+001  3.507328e+001  3.504936e+001  3.501880e+001  3.500596e+001  3.499978e+001  
3.497521e+001  3.498708e+001  3.500933e+001  3.505349e+001  3.507790e+001  3.507967e+001  3.507845e+001  3.507845e+001  3.507967e+001  3.507790e+001  3.505349e+001  3.500933e+001  3.498708e+001  3.497521e+001  
3.493357e+001  3.495915e+001  3.499996e+001  3.506228e+001  3.508377e+001  3.508222e+001  3.507966e+001  3.507966e+001  3.508222e+001  3.508377e+001  3.506228e+001  3.499996e+001  3.495915e+001  3.493357e+001  
3.485517e+001  3.491791e+001  3.499621e+001  3.507858e+001  3.509089e+001  3.508483e+001  3.508078e+001  3.508078e+001  3.508483e+001  3.509089e+001  3.507858e+001  3.499621e+001  3.491791e+001  3.485517e+001  
3.468663e+001  3.486308e+001  3.501408e+001  3.510599e+001  3.509902e+001  3.508733e+001  3.508176e+001  3.508176e+001  3.508733e+001  3.509902e+001  3.510599e+001  3.501408e+001  3.486308e+001  3.468663e+001  
3.426460e+001  3.483048e+001  3.509315e+001  3.514728e+001  3.510740e+001  3.508949e+001  3.508253e+001  3.508253e+001  3.508949e+001  3.510740e+001  3.514728e+001  3.509315e+001  3.483048e+001  3.426460e+001  
3.302957e+001  3.506286e+001  3.530949e+001  3.519937e+001  3.511458e+001  3.509106e+001  3.508304e+001  3.508304e+001  3.509106e+001  3.511458e+001  3.519937e+001  3.530949e+001  3.506286e+001  3.302957e+001  
2.887330e+001  3.685670e+001  3.570162e+001  3.524159e+001  3.511842e+001  3.509178e+001  3.508327e+001  3.508327e+001  3.509178e+001  3.511842e+001  3.524159e+001  3.570162e+001  3.685670e+001  2.887330e+001  
-0.000000e+000  -0.000000e+000  -0.000000e+000  -0.000000e+000  -0.000000e+000  -0.000000e+000  -0.000000e+000  -0.000000e+000  -0.000000e+000  -0.000000e+000  -0.000000e+000  -0.000000e+000  -0.000000e+000  -0.000000e+000  

-0.000000e+000  -0.000000e+000  -0.000000e+000  -0.000000e+000  -0.000000e+000  -0.000000e+000  -0.000000e+000  -0.000000e+000  -0.000000e+000  -0.000000e+000  -0.000000e+000  -0.000000e+000  -0.000000e+000  -0.000000e+000  
-6.400365e-005  -1.676336e-004  -3.115517e-004  -5.248906e-004  -5.280675e-004  -3.575542e-004  -0.000000e+000  3.575542e-004  5.280675e-004  5.248905e-004  3.115520e-004  1.676338e-004  6.400365e-005  -0.000000e+000  
-1.551090e-004  -4.036545e-004  -7.506299e-004  -1.261992e-003  -1.263381e-003  -8.524408e-004  -0.000000e+000  8.524409e-004  1.263381e-003  1.261992e-003  7.506299e-004  4.036547e-004  1.551089e-004  -0.000000e+000  
-2.518420e-004  -6.547336e-004  -1.216303e-003  -2.036259e-003  -2.021218e-003  -1.355923e-003  -0.000000e+000  1.355922e-003  2.021218e-003  2.036259e-003  1.216303e-003  6.547332e-004  2.518427e-004  -0.000000e+000  
-3.582938e-004  -9.307277e-004  -1.726138e-003  -2.871064e-003  -2.814572e-003  -1.872440e-003  -0.000000e+000  1.872440e-003  2.814572e-003  2.871064e-003  1.726138e-003  9.307277e-004  3.582936e-004  -0.000000e+000  
-4.792265e-004  -1.243568e-003  -2.300921e-003  -3.792340e-003  -3.656302e-003  -2.405680e-003  -0.000000e+000  2.405680e-003  3.656302e-003  3.792340e-003  2.300921e-003  1.243568e-003  4.792262e-004  -0.000000e+000  
-6.206668e-004  -1.608358e-003  -2.966490e-003  -4.829665e-003  -4.558912e-003  -2.958211e-003  -0.000000e+000  2.958211e-003  4.558912e-003  4.829664e-003  2.966491e-003  1.608357e-003  6.206671e-004  -0.000000e+000  
-7.906297e-004  -2.045043e-003  -3.756321e-003  -6.017471e-003  -5.534167e-003  -3.531030e-003  -0.000000e+000  3.531030e-003  5.534167e-003  6.017471e-003  3.756321e-003  2.045043e-003  7.906297e-004  -0.000000e+000  
-1.000196e-003  -2.580978e-003  -4.715319e-003  -7.396355e-003  -6.592437e-003  -4.123016e-003  -0.000000e+000  4.123016e-003  6.592437e-003  7.396355e-003  4.715319e-003  2.580978e-003  1.000196e-003  -0.000000e+000  
-1.265222e-003  -3.254897e-003  -5.905571e-003  -9.014408e-003  -7.741681e-003  -4.730255e-003  -0.000000e+000  4.730255e-003  7.741681e-003  9.014408e-003  5.905571e-003  3.254896e-003  1.265223e-003  -0.000000e+000  
-1.609118e-003  -4.123322e-003  -7.415180e-003  -1.092839e-002  -8.985895e-003  -5.345254e-003  -0.000000e+000  5.345254e-003  8.985895e-003  1.092839e-002  7.415180e-003  4.123322e-003  1.609119e-003  -0.000000e+000  
-2.067550e-003  -5.271088e-003  -9.372034e-003  -1.320435e-002  -1.032287e-002  -5.956040e-003  -0.000000e+000  5.956040e-003  1.032287e-002  1.320435e-002  9.372033e-003  5.271088e-003  2.067550e-003  -0.000000e+000  
-2.696704e-003  -6.829237e-003  -1.196536e-002  -1.591679e-002  -1.174097e-002  -6.545189e-003  -0.000000e+000  6.545189e-003  1.174097e-002  1.591679e-002  1.196536e-002  6.829237e-003  2.696704e-003  -0.000000e+000  
-3.588587e-003  -9.006542e-003  -1.547935e-002  -1.914512e-002  -1.321478e-002  -7.088875e-003  -0.000000e+000  7.088875e-003  1.321478e-002  1.914512e-002  1.547935e-002  9.006543e-003  3.588587e-003  -0.000000e+000  
-4.901179e-003  -1.214760e-002  -2.034503e-002  -2.296434e-002  -1.469928e-002  -7.556090e-003  -0.000000e+000  7.556090e-003  1.469928e-002  2.296434e-002  2.034503e-002  1.214760e-002  4.901179e-003  -0.000000e+000  
-6.922296e-003  -1.684556e-002  -2.721723e-002  -2.742577e-002  -1.612250e-002  -7.908283e-003  -0.000000e+000  7.908283e-003  1.612250e-002  2.742577e-002  2.721723e-002  1.684556e-002  6.922296e-003  -0.000000e+000  
-1.021625e-002  -2.417309e-002  -3.708050e-002  -3.251980e-002  -1.737699e-002  -8.099778e-003  -0.000000e+000  8.099778e-003  1.737699e-002  3.251980e-002  3.708050e-002  2.417309e-002  1.021625e-002  -0.000000e+000  
-1.599032e-002  -3.617791e-002  -5.136820e-002  -3.810881e-002  -1.831108e-002  -8.079483e-003  -0.000000e+000  8.079484e-003  1.831108e-002  3.810881e-002  5.136821e-002  3.617791e-002  1.599032e-002  -0.000000e+000  
-2.709476e-002  -5.697530e-002  -7.201244e-002  -4.381353e-002  -1.872266e-002  -7.794531e-003  -0.000000e+000  7.794531e-003  1.872266e-002  4.381353e-002  7.201244e-002  5.697530e-002  2.709476e-002  -0.000000e+000  
-5.101221e-002  -9.512563e-002  -1.011447e-001  -4.883507e-002  -1.836064e-002  -7.196499e-003  -0.000000e+000  7.196499e-003  1.836064e-002  4.883507e-002  1.011447e-001  9.512563e-002  5.101221e-002  -0.000000e+000  
-1.096660e-001  -1.683220e-001  -1.396496e-001  -5.171151e-002  -1.694386e-002  -6.250717e-003  -0.000000e+000  6.250717e-003  1.694386e-002  5.171151e-002  1.396496e-001  1.683220e-001  1.096660e-001  -0.000000e+000  
-2.746149e-001  -3.094862e-001  -1.826108e-001  -5.008256e-002  -1.421209e-002  -4.948473e-003  -0.000000e+000  4.948473e-003  1.421209e-002  5.008256e-002  1.826108e-001  3.094862e-001  2.746149e-001  -0.000000e+000  
-8.036274e-001  -5.550480e-001  -2.079149e-001  -4.076101e-002  -1.002700e-002  -3.320430e-003  -0.000000e+000  3.320430e-003  1.002700e-002  4.076101e-002  2.079149e-001  5.550480e-001  8.036274e-001  -0.000000e+000  
-2.704458e+000  -7.856153e-001  -1.564406e-001  -2.094454e-002  -4.529485e-003  -1.446974e-003  -0.000000e+000  1.446974e-003  4.529485e-003  2.094454e-002  1.564406e-001  7.856153e-001  2.704458e+000  -0.000000e+000  
-0.000000e+000  -0.000000e+000  -0.000000e+000  -0.000000e+000  -0.000000e+000  -0.000000e+000  -0.000000e+000  -0.000000e+000  -0.000000e+000  -0.000000e+000  -0.000000e+000  -0.000000e+000  -0.000000e+000  -0.000000e+000  

0.000000e+000  0.000000e+000  0.000000e+000  0.000000e+000  0.000000e+000  0.000000e+000  0.000000e+000  0.000000e+000  0.000000e+000  0.000000e+000  0.000000e+000  0.000000e+000  0.000000e+000  0.000000e+000  
0.000000e+000  0.000000e+000  0.000000e+000  0.000000e+000  0.000000e+000  0.000000e+000  0.000000e+000  0.000000e+000  0.000000e+000  0.000000e+000  0.000000e+000  0.000000e+000  0.000000e+000  0.000000e+000  
0.000000e+000  0.000000e+000  0.000000e+000  0.000000e+000  0.000000e+000  0.000000e+000  0.000000e+000  0.000000e+000  0.000000e+000  0.000000e+000  0.000000e+000  0.000000e+000  0.000000e+000  0.000000e+000  
0.000000e+000  0.000000e+000  0.000000e+000  0.000000e+000  0.000000e+000  0.000000e+000  0.000000e+000  0.000000e+000  0.000000e+000  0.000000e+000  0.000000e+000  0.000000e+000  0.000000e+000  0.000000e+000  
0.000000e+000  0.000000e+000  0.000000e+000  0.000000e+000  0.000000e+000  0.000000e+000  0.000000e+000  0.000000e+000  0.000000e+000  0.000000e+000  0.000000e+000  0.000000e+000  0.000000e+000  0.000000e+000  
0.000000e+000  0.000000e+000  0.000000e+000  0.000000e+000  0.000000e+000  0.000000e+000  0.000000e+000  0.000000e+000  0.000000e+000  0.000000e+000  0.000000e+000  0.000000e+000  0.000000e+000  0.000000e+000  
0.000000e+000  0.000000e+000  0.000000e+000  0.000000e+000  0.000000e+000  0.000000e+000  0.000000e+000  0.000000e+000  0.000000e+000  0.000000e+000  0.000000e+000  0.000000e+000  0.000000e+000  0.000000e+000  
0.000000e+000  0.000000e+000  0.000000e+000  0.000000e+000  0.000000e+000  0.000000e+000  0.000000e+000  0.000000e+000  0.000000e+000  0.000000e+000  0.000000e+000  0.000000e+000  0.000000e+000  0.000000e+000  
0.000000e+000  0.000000e+000  0.000000e+000  0.000000e+000  0.000000e+000  0.000000e+000  0.000000e+000  0.000000e+000  0.000000e+000  0.000000e+000  0.000000e+000  0.000000e+000  0.000000e+000  0.000000e+000  
0.000000e+000  0.000000e+000  0.000000e+000  0.000000e+000  0.000000e+000  0.000000e+000  0.000000e+000  0.000000e+000  0.000000e+000  0.000000e+000  0.000000e+000  0.000000e+000  0.000000e+000  0.000000e+000  
0.000000e+000  0.000000e+000  0.000000e+000  0.000000e+000  0.000000e+000  0.000000e+000  0.000000e+000  0.000000e+000  0.000000e+000  0.000000e+000  0.000000e+000  0.000000e+000  0.000000e+000  0.000000e+000  
0.000000e+000  0.000000e+000  0.000000e+000  0.000000e+000  0.000000e+000  0.000000e+000  0.000000e+000  0.000000e+000  0.000000e+000  0.000000e+000  0.000000e+000  0.000000e+000  0.000000e+000  0.000000e+000  
0.000000e+000  0.000000e+000  0.000000e+000  0.000000e+000  0.000000e+000  0.000000e+000  0.000000e+000  0.000000e+000  0.000000e+000  0.000000e+000  0.000000e+000  0.000000e+000  0.000000e+000  0.000000e+000  
0.000000e+000  0.000000e+000  0.000000e+000  0.000000e+000  0.000000e+000  0.000000e+000  0.000000e+000  0.000000e+000  0.000000e+000  0.000000e+000  0.000000e+000  0.000000e+000  0.000000e+000  0.000000e+000  
0.000000e+000  0.000000e+000  0.000000e+000  0.000000e+000  0.000000e+000  0.000000e+000  0.000000e+000  0.000000e+000  0.000000e+000  0.000000e+000  0.000000e+000  0.000000e+000  0.000000e+000  0.000000e+000  
0.000000e+000  0.000000e+000  0.000000e+000  0.000000e+000  0.000000e+000  0.000000e+000  0.000000e+000  0.000000e+000  0.000000e+000  0.000000e+000  0.000000e+000  0.000000e+000  0.000000e+000  0.000000e+000  
0.000000e+000  0.000000e+000  0.000000e+000  0.000000e+000  0.000000e+000  0.000000e+000  0.000000e+000  0.000000e+000  0.000000e+000  0.000000e+000  0.000000e+000  0.000000e+000  0.000000e+000  0.000000e+000  
0.000000e+000  0.000000e+000  0.000000e+000  0.000000e+000  0.000000e+000  0.000000e+000  0.000000e+000  0.000000e+000  0.000000e+000  0.000000e+000  0.000000e+000  0.000000e+000  0.000000e+000  0.000000e+000  
0.000000e+000  0.000000e+000  0.000000e+000  0.000000e+000  0.000000e+000  0.000000e+000  0.000000e+000  0.000000e+000  0.000000e+000  0.000000e+000  0.000000e+000  0.000000e+000  0.000000e+000  0.000000e+000  
0.000000e+000  0.000000e+000  0.000000e+000  0.000000e+000  0.000000e+000  0.000000e+000  0.000000e+000  0.000000e+000  0.000000e+000  0.000000e+000  0.000000e+000  0.000000e+000  0.000000e+000  0.000000e+000  
0.000000e+000  0.000000e+000  0.000000e+000  0.000000e+000  0.000000e+000  0.000000e+000  0.000000e+000  0.000000e+000  0.000000e+000  0.000000e+000  0.000000e+000  0.000000e+000  0.000000e+000  0.000000e+000  
0.000000e+000  0.000000e+000  0.000000e+000  0.000000e+000  0.000000e+000  0.000000e+000  0.000000e+000  0.000000e+000  0.000000e+000  0.000000e+000  0.000000e+000  0.000000e+000  0.000000e+000  0.000000e+000  
0.000000e+000  0.000000e+000  0.000000e+000  0.000000e+000  0.000000e+000  0.000000e+000  0.000000e+000  0.000000e+000  0.000000e+000  0.000000e+000  0.000000e+000  0.000000e+000  0.000000e+000  0.000000e+000  
0.000000e+000  0.000000e+000  0.000000e+000  0.000000e+000  0.000000e+000  0.000000e+000  0.000000e+000  0.000000e+000  0.000000e+000  0.000000e+000  0.000000e+000  0.000000e+000  0.000000e+000  0.000000e+000  
0.000000e+000  0.000000e+000  0.000000e+000  0.000000e+000  0.000000e+000  0.000000e+000  0.000000e+000  0.000000e+000  0.000000e+000  0.000000e+000  0.000000e+000  0.000000e+000  0.000000e+000  0.000000e+000  

0.000000e+000  0.000000e+000  0.000000e+000  0.000000e+000  0.000000e+000  0.000000e+000  0.000000e+000  0.000000e+000  0.000000e+000  0.000000e+000  0.000000e+000  0.000000e+000  0.000000e+000  0.000000e+000  
0.000000e+000  0.000000e+000  0.000000e+000  0.000000e+000  0.000000e+000  0.000000e+000  0.000000e+000  0.000000e+000  0.000000e+000  0.000000e+000  0.000000e+000  0.000000e+000  0.000000e+000  0.000000e+000  
0.000000e+000  0.000000e+000  0.000000e+000  0.000000e+000  0.000000e+000  0.000000e+000  0.000000e+000  0.000000e+000  0.000000e+000  0.000000e+000  0.000000e+000  0.000000e+000  0.000000e+000  0.000000e+000  
0.000000e+000  0.000000e+000  0.000000e+000  0.000000e+000  0.000000e+000  0.000000e+000  0.000000e+000  0.000000e+000  0.000000e+000  0.000000e+000  0.000000e+000  0.000000e+000  0.000000e+000  0.000000e+000  
0.000000e+000  0.000000e+000  0.000000e+000  0.000000e+000  0.000000e+000  0.000000e+000  0.000000e+000  0.000000e+000  0.000000e+000  0.000000e+000  0.000000e+000  0.000000e+000  0.000000e+000  0.000000e+000  
0.000000e+000  0.000000e+000  0.000000e+000  0.000000e+000  0.000000e+000  0.000000e+000  0.000000e+000  0.000000e+000  0.000000e+000  0.000000e+000  0.000000e+000  0.000000e+000  0.000000e+000  0.000000e+000  
0.000000e+000  0.000000e+000  0.000000e+000  0.000000e+000  0.000000e+000  0.000000e+000  0.000000e+000  0.000000e+000  0.000000e+000  0.000000e+000  0.000000e+000  0.000000e+000  0.000000e+000  0.000000e+000  
0.000000e+000  0.000000e+000  0.000000e+000  0.000000e+000  0.000000e+000  0.000000e+000  0.000000e+000  0.000000e+000  0.000000e+000  0.000000e+000  0.000000e+000  0.000000e+000  0.000000e+000  0.000000e+000  
0.000000e+000  0.000000e+000  0.000000e+000  0.000000e+000  0.000000e+000  0.000000e+000  0.000000e+000  0.000000e+000  0.000000e+000  0.000000e+000  0.000000e+000  0.000000e+000  0.000000e+000  0.000000e+000  
0.000000e+000  0.000000e+000  0.000000e+000  0.000000e+000  0.000000e+000  0.000000e+000  0.000000e+000  0.000000e+000  0.000000e+000  0.000000e+000  0.000000e+000  0.000000e+000  0.000000e+000  0.000000e+000  
0.000000e+000  0.000000e+000  0.000000e+000  0.000000e+000  0.000000e+000  0.000000e+000  0.000000e+000  0.000000e+000  0.000000e+000  0.000000e+000  0.000000e+000  0.000000e+000  0.000000e+000  0.000000e+000  
0.000000e+000  0.000000e+000  0.000000e+000  0.000000e+000  0.000000e+000  0.000000e+000  0.000000e+000  0.000000e+000  0.000000e+000  0.000000e+000  0.000000e+000  0.000000e+000  0.000000e+000  0.000000e+000  
0.000000e+000  0.000000e+000  0.000000e+000  0.000000e+000  0.000000e+000  0.000000e+000  0.000000e+000  0.000000e+000  0.000000e+000  0.000000e+000  0.000000e+000  0.000000e+000  0.000000e+000  0.000000e+000  
0.000000e+000  0.000000e+000  0.000000e+000  0.000000e+000  0.000000e+000  0.000000e+000  0.000000e+000  0.000000e+000  0.000000e+000  0.000000e+000  0.000000e+000  0.000000e+000  0.000000e+000  0.000000e+000  
0.000000e+000  0.000000e+000  0.000000e+000  0.000000e+000  0.000000e+000  0.000000e+000  0.000000e+000  0.000000e+000  0.000000e+000  0.000000e+000  0.000000e+000  0.000000e+000  0.000000e+000  0.000000e+000  
0.000000e+000  0.000000e+000  0.000000e+000  0.000000e+000  0.000000e+000  0.000000e+000  0.000000e+000  0.000000e+000  0.000000e+000  0.000000e+000  0.000000e+000  0.000000e+000  0.000000e+000  0.000000e+000  
0.000000e+000  0.000000e+000  0.000000e+000  0.000000e+000  0.000000e+000  0.000000e+000  0.000000e+000  0.000000e+000  0.000000e+000  0.000000e+000  0.000000e+000  0.000000e+000  0.000000e+000  0.000000e+000  
0.000000e+000  0.000000e+000  0.000000e+000  0.000000e+000  0.000000e+000  0.000000e+000  0.000000e+000  0.000000e+000  0.000000e+000  0.000000e+000  0.000000e+000  0.000000e+000  0.000000e+000  0.000000e+000  
0.000000e+000  0.000000e+000  0.000000e+000  0.000000e+000  0.000000e+000  0.000000e+000  0.000000e+000  0.000000e+000  0.000000e+000  0.000000e+000  0.000000e+000  0.000000e+000  0.000000e+000  0.000000e+000  
0.000000e+000  0.000000e+000  0.000000e+000  0.000000e+000  0.000000e+000  0.000000e+000  0.000000e+000  0.000000e+000  0.000000e+000  0.000000e+000  0.000000e+000  0.000000e+000  0.000000e+000  0.000000e+000  
0.000000e+000  0.000000e+000  0.000000e+000  0.000000e+000  0.000000e+000  0.000000e+000  0.000000e+000  0.000000e+000  0.000000e+000  0.000000e+000  0.000000e+000  0.000000e+000  0.000000e+000  0.000000e+000  
0.000000e+000  0.000000e+000  0.000000e+000  0.000000e+000  0.000000e+000  0.000000e+000  0.000000e+000  0.000000e+000  0.000000e+000  0.000000e+000  0.000000e+000  0.000000e+000  0.000000e+000  0.000000e+000  
0.000000e+000  0.000000e+000  0.000000e+000  0.000000e+000  0.000000e+000  0.000000e+000  0.000000e+000  0.000000e+000  0.000000e+000  0.000000e+000  0.000000e+000  0.000000e+000  0.000000e+000  0.000000e+000  
0.000000e+000  0.000000e+000  0.000000e+000  0.000000e+000  0.000000e+000  0.000000e+000  0.000000e+000  0.000000e+000  0.000000e+000  0.000000e+000  0.000000e+000  0.000000e+000  0.000000e+000  0.000000e+000  
0.000000e+000  0.000000e+000  0.000000e+000  0.000000e+000  0.000000e+000  0.000000e+000  0.000000e+000  0.000000e+000  0.000000e+000  0.000000e+000  0.000000e+000  0.000000e+000  0.000000e+000  0.000000e+000  

0.000000e+000  0.000000e+000  0.000000e+000  0.000000e+000  0.000000e+000  0.000000e+000  0.000000e+000  0.000000e+000  0.000000e+000  0.000000e+000  0.000000e+000  0.000000e+000  0.000000e+000  0.000000e+000  
0.000000e+000  0.000000e+000  0.000000e+000  0.000000e+000  0.000000e+000  0.000000e+000  0.000000e+000  0.000000e+000  0.000000e+000  0.000000e+000  0.000000e+000  0.000000e+000  0.000000e+000  0.000000e+000  
0.000000e+000  0.000000e+000  0.000000e+000  0.000000e+000  0.000000e+000  0.000000e+000  0.000000e+000  0.000000e+000  0.000000e+000  0.000000e+000  0.000000e+000  0.000000e+000  0.000000e+000  0.000000e+000  
0.000000e+000  0.000000e+000  0.000000e+000  0.000000e+000  0.000000e+000  0.000000e+000  0.000000e+000  0.000000e+000  0.000000e+000  0.000000e+000  0.000000e+000  0.000000e+000  0.000000e+000  0.000000e+000  
0.000000e+000  0.000000e+000  0.000000e+000  0.000000e+000  0.000000e+000  0.000000e+000  0.000000e+000  0.000000e+000  0.000000e+000  0.000000e+000  0.000000e+000  0.000000e+000  0.000000e+000  0.000000e+000  
0.000000e+000  0.000000e+000  0.000000e+000  0.000000e+000  0.000000e+000  0.000000e+000  0.000000e+000  0.000000e+000  0.000000e+000  0.000000e+000  0.000000e+000  0.000000e+000  0.000000e+000  0.000000e+000  
0.000000e+000  0.000000e+000  0.000000e+000  0.000000e+000  0.000000e+000  0.000000e+000  0.000000e+000  0.000000e+000  0.000000e+000  0.000000e+000  0.000000e+000  0.000000e+000  0.000000e+000  0.000000e+000  
0.000000e+000  0.000000e+000  0.000000e+000  0.000000e+000  0.000000e+000  0.000000e+000  0.000000e+000  0.000000e+000  0.000000e+000  0.000000e+000  0.000000e+000  0.000000e+000  0.000000e+000  0.000000e+000  
0.000000e+000  0.000000e+000  0.000000e+000  0.000000e+000  0.000000e+000  0.000000e+000  0.000000e+000  0.000000e+000  0.000000e+000  0.000000e+000  0.000000e+000  0.000000e+000  0.000000e+000  0.000000e+000  
0.000000e+000  0.000000e+000  0.000000e+000  0.000000e+000  0.000000e+000  0.000000e+000  0.000000e+000  0.000000e+000  0.000000e+000  0.000000e+000  0.000000e+000  0.000000e+000  0.000000e+000  0.000000e+000  
0.000000e+000  0.000000e+000  0.000000e+000  0.000000e+000  0.000000e+000  0.000000e+000  0.000000e+000  0.000000e+000  0.000000e+000  0.000000e+000  0.000000e+000  0.000000e+000  0.000000e+000  0.000000e+000  
0.000000e+000  0.000000e+000  0.000000e+000  0.000000e+000  0.000000e+000  0.000000e+000  0.000000e+000  0.000000e+000  0.000000e+000  0.000000e+000  0.000000e+000  0.000000e+000  0.000000e+000  0.000000e+000  
0.000000e+000  0.000000e+000  0.000000e+000  0.000000e+000  0.000000e+000  0.000000e+000  0.000000e+000  0.000000e+000  0.000000e+000  0.000000e+000  0.000000e+000  0.000000e+000  0.000000e+000  0.000000e+000  
0.000000e+000  0.000000e+000  0.000000e+000  0.000000e+000  0.000000e+000  0.000000e+000  0.000000e+000  0.000000e+000  0.000000e+000  0.000000e+000  0.000000e+000  0.000000e+000  0.000000e+000  0.000000e+000  
0.000000e+000  0.000000e+000  0.000000e+000  0.000000e+000  0.000000e+000  0.000000e+000  0.000000e+000  0.000000e+000  0.000000e+000  0.000000e+000  0.000000e+000  0.000000e+000  0.000000e+000  0.000000e+000  
0.000000e+000  0.000000e+000  0.000000e+000  0.000000e+000  0.000000e+000  0.000000e+000  0.000000e+000  0.000000e+000  0.000000e+000  0.000000e+000  0.000000e+000  0.000000e+000  0.000000e+000  0.000000e+000  
0.000000e+000  0.000000e+000  0.000000e+000  0.000000e+000  0.000000e+000  0.000000e+000  0.000000e+000  0.000000e+000  0.000000e+000  0.000000e+000  0.000000e+000  0.000000e+000  0.000000e+000  0.000000e+000  
0.000000e+000  0.000000e+000  0.000000e+000  0.000000e+000  0.000000e+000  0.000000e+000  0.000000e+000  0.000000e+000  0.000000e+000  0.000000e+000  0.000000e+000  0.000000e+000  0.000000e+000  0.000000e+000  
0.000000e+000  0.000000e+000  0.000000e+000  0.000000e+000  0.000000e+000  0.000000e+000  0.000000e+000  0.000000e+000  0.000000e+000  0.000000e+000  0.000000e+000  0.000000e+000  0.000000e+000  0.000000e+000  
0.000000e+000  0.000000e+000  0.000000e+000  0.000000e+000  0.000000e+000  0.000000e+000  0.000000e+000  0.000000e+000  0.000000e+000  0.000000e+000  0.000000e+000  0.000000e+000  0.000000e+000  0.000000e+000  
0.000000e+000  0.000000e+000  0.000000e+000  0.000000e+000  0.000000e+000  0.000000e+000  0.000000e+000  0.000000e+000  0.000000e+000  0.000000e+000  0.000000e+000  0.000000e+000  0.000000e+000  0.000000e+000  
0.000000e+000  0.000000e+000  0.000000e+000  0.000000e+000  0.000000e+000  0.000000e+000  0.000000e+000  0.000000e+000  0.000000e+000  0.000000e+000  0.000000e+000  0.000000e+000  0.000000e+000  0.000000e+000  
0.000000e+000  0.000000e+000  0.000000e+000  0.000000e+000  0.000000e+000  0.000000e+000  0.000000e+000  0.000000e+000  0.000000e+000  0.000000e+000  0.000000e+000  0.000000e+000  0.000000e+000  0.000000e+000  
0.000000e+000  0.000000e+000  0.000000e+000  0.000000e+000  0.000000e+000  0.000000e+000  0.000000e+000  0.000000e+000  0.000000e+000  0.000000e+000  0.000000e+000  0.000000e+000  0.000000e+000  0.000000e+000  
0.000000e+000  0.000000e+000  0.000000e+000  0.000000e+000  0.000000e+000  0.000000e+000  0.000000e+000  0.000000e+000  0.000000e+000  0.000000e+000  0.000000e+000  0.000000e+000  0.000000e+000  0.000000e+000  

1.148002e-008  8.127557e-009  9.776949e-009  1.113339e-008  5.533607e-009  -2.670311e-010  -0.000000e+000  2.695765e-010  -5.531524e-009  -1.113270e-008  -9.779725e-009  -8.128483e-009  -1.148002e-008  -0.000000e+000  
1.135754e-008  9.994585e-009  9.984821e-009  1.025351e-008  5.541230e-009  6.713786e-010  -0.000000e+000  -6.688533e-010  -5.538705e-009  -1.025334e-008  -9.985157e-009  -9.994585e-009  -1.135687e-008  -0.000000e+000  
1.148886e-008  1.067337e-008  1.014913e-008  9.650310e-009  5.558402e-009  1.368178e-009  -0.000000e+000  -1.364643e-009  -5.556382e-009  -9.650141e-009  -1.014980e-008  -1.067202e-008  -1.148751e-008  -0.000000e+000  
1.158717e-008  1.093465e-008  1.023499e-008  9.235664e-009  5.581129e-009  1.884843e-009  -0.000000e+000  -1.882150e-009  -5.579951e-009  -9.234991e-009  -1.023802e-008  -1.093532e-008  -1.158381e-008  -0.000000e+000  
1.163296e-008  1.103835e-008  1.026596e-008  8.948460e-009  5.605540e-009  2.269691e-009  -0.000000e+000  -2.267502e-009  -5.605035e-009  -8.947281e-009  -1.026765e-008  -1.103835e-008  -1.163027e-008  -0.000000e+000  
1.165047e-008  1.107876e-008  1.026159e-008  8.747114e-009  5.630456e-009  2.555885e-009  -0.000000e+000  -2.553360e-009  -5.630456e-009  -8.746945e-009  -1.026327e-008  -1.107606e-008  -1.165047e-008  -0.000000e+000  
1.165788e-008  1.108414e-008  1.024677e-008  8.604858e-009  5.654361e-009  2.766491e-009  -0.000000e+000  -2.764302e-009  -5.654193e-009  -8.605700e-009  -1.024576e-008  -1.108482e-008  -1.165586e-008  -0.000000e+000  
1.165788e-008  1.108078e-008  1.022287e-008  8.506542e-009  5.673890e-009  2.920194e-009  -0.000000e+000  -2.919015e-009  -5.674227e-009  -8.506542e-009  -1.022388e-008  -1.108145e-008  -1.165653e-008  -0.000000e+000  
1.165519e-008  1.107068e-008  1.020165e-008  8.436172e-009  5.691062e-009  3.030631e-009  -0.000000e+000  -3.027938e-009  -5.691735e-009  -8.437350e-009  -1.020267e-008  -1.107337e-008  -1.165451e-008  -0.000000e+000  
1.165115e-008  1.106394e-008  1.018145e-008  8.389707e-009  5.703183e-009  3.106725e-009  -0.000000e+000  -3.103695e-009  -5.703183e-009  -8.391391e-009  -1.018246e-008  -1.106731e-008  -1.164980e-008  -0.000000e+000  
1.164778e-008  1.105721e-008  1.016664e-008  8.360246e-009  5.710422e-009  3.154537e-009  -0.000000e+000  -3.151338e-009  -5.710253e-009  -8.361424e-009  -1.017001e-008  -1.105990e-008  -1.164307e-008  -0.000000e+000  
1.164913e-008  1.105115e-008  1.015553e-008  8.343916e-009  5.714125e-009  3.177095e-009  -0.000000e+000  -3.173897e-009  -5.714294e-009  -8.344084e-009  -1.016159e-008  -1.104913e-008  -1.164441e-008  -0.000000e+000  
1.164239e-008  1.104643e-008  1.015081e-008  8.340212e-009  5.713115e-009  3.177264e-009  -0.000000e+000  -3.173223e-009  -5.714294e-009  -8.339707e-009  -1.015351e-008  -1.104980e-008  -1.164037e-008  -0.000000e+000  
1.164037e-008  1.104374e-008  1.015115e-008  8.348125e-009  5.708065e-009  3.154368e-009  -0.000000e+000  -3.150665e-009  -5.708233e-009  -8.348462e-009  -1.015182e-008  -1.104576e-008  -1.163970e-008  -0.000000e+000  
1.163633e-008  1.104037e-008  1.015317e-008  8.371525e-009  5.698974e-009  3.106220e-009  -0.000000e+000  -3.102685e-009  -5.698806e-009  -8.370852e-009  -1.015317e-008  -1.104374e-008  -1.163566e-008  -0.000000e+000  
1.163296e-008  1.103970e-008  1.015856e-008  8.410583e-009  5.686348e-009  3.030968e-009  -0.000000e+000  -3.028274e-009  -5.684664e-009  -8.410246e-009  -1.015957e-008  -1.103903e-008  -1.163296e-008  -0.000000e+000  
1.162488e-008  1.103095e-008  1.016394e-008  8.474892e-009  5.669176e-009  2.921709e-009  -0.000000e+000  -2.918005e-009  -5.667829e-009  -8.473882e-009  -1.016394e-008  -1.103095e-008  -1.162354e-008  -0.000000e+000  
1.160603e-008  1.101007e-008  1.017102e-008  8.570346e-009  5.649648e-009  2.768847e-009  -0.000000e+000  -2.763797e-009  -5.647796e-009  -8.569336e-009  -1.016933e-008  -1.101344e-008  -1.160603e-008  -0.000000e+000  
1.157371e-008  1.097640e-008  1.016664e-008  8.709740e-009  5.627930e-009  2.560094e-009  -0.000000e+000  -2.554033e-009  -5.626920e-009  -8.708393e-009  -1.016664e-008  -1.097101e-008  -1.157505e-008  -0.000000e+000  
1.150839e-008  1.089425e-008  1.014812e-008  8.914790e-009  5.606045e-009  2.275246e-009  -0.000000e+000  -2.271037e-009  -5.603351e-009  -8.913106e-009  -1.014812e-008  -1.088886e-008  -1.150906e-008  -0.000000e+000  
1.137371e-008  1.072522e-008  1.010873e-008  9.210580e-009  5.585170e-009  1.891914e-009  -0.000000e+000  -1.887032e-009  -5.583823e-009  -9.208728e-009  -1.010603e-008  -1.072320e-008  -1.137438e-008  -0.000000e+000  
1.112253e-008  1.038785e-008  1.003129e-008  9.639367e-009  5.565978e-009  1.376764e-009  -0.000000e+000  -1.371713e-009  -5.564294e-009  -9.636337e-009  -1.002960e-008  -1.039256e-008  -1.112118e-008  -0.000000e+000  
1.077236e-008  9.705023e-009  9.912093e-009  1.025923e-008  5.552510e-009  6.818163e-010  -0.000000e+000  -6.767658e-010  -5.550321e-009  -1.025586e-008  -9.912767e-009  -9.707044e-009  -1.076967e-008  -0.000000e+000  
1.115885e-008  8.027594e-009  9.788056e-009  1.115422e-008  5.547953e-009  -2.556927e-010  -0.000000e+000  2.612462e-010  -5.544019e-009  -1.115237e-008  -9.788056e-009  -8.029445e-009  -1.115792e-008  -0.000000e+000  
-0.000000e+000  -0.000000e+000  -0.000000e+000  -0.000000e+000  -0.000000e+000  -0.000000e+000  -0.000000e+000  -0.000000e+000  -0.000000e+000  -0.000000e+000  -0.000000e+000  -0.000000e+000  -0.000000e+000  -0.000000e+000  

