Port monitor named: Port1_e1.prt

nx        = 16
ny        = 27
nz        = 4

nu        = 14
nv        = 25
iu        = 2
iv        = 2

idir      = 2
dcut      = 1.684098e-002
icut      = 3
type      = 0
frequency = 2.235000e+009

fcutoff   = 0.000000e+000
alpha     = 0.000000e+000
beta      = 9.562323e+001
accuracy  = 1.281799e-014

type          = TEM
wave imp.     = 1.845457e+002
wave imp.sig. = 3.535976e-006
line imp.     = 1.006509e+002

ref. port     = 0

0.000000e+000  0.000000e+000  0.000000e+000  0.000000e+000  0.000000e+000  0.000000e+000  0.000000e+000  0.000000e+000  0.000000e+000  0.000000e+000  0.000000e+000  0.000000e+000  0.000000e+000  0.000000e+000  
1.180803e-002  3.099058e-002  5.750156e-002  9.684059e-002  9.745277e-002  6.601246e-002  0.000000e+000  -6.601246e-002  -9.745277e-002  -9.684059e-002  -5.750156e-002  -3.099058e-002  -1.180803e-002  0.000000e+000  
2.862850e-002  7.451250e-002  1.385303e-001  2.328775e-001  2.331520e-001  1.573346e-001  0.000000e+000  -1.573346e-001  -2.331520e-001  -2.328775e-001  -1.385303e-001  -7.451250e-002  -2.862850e-002  0.000000e+000  
4.647926e-002  1.208359e-001  2.244660e-001  3.757706e-001  3.730076e-001  2.502447e-001  0.000000e+000  -2.502447e-001  -3.730076e-001  -3.757706e-001  -2.244660e-001  -1.208359e-001  -4.647926e-002  0.000000e+000  
6.612289e-002  1.717648e-001  3.185521e-001  5.298341e-001  5.194178e-001  3.455618e-001  0.000000e+000  -3.455618e-001  -5.194178e-001  -5.298341e-001  -3.185521e-001  -1.717648e-001  -6.612289e-002  0.000000e+000  
8.843969e-002  2.294962e-001  4.246249e-001  6.998539e-001  6.747553e-001  4.439661e-001  0.000000e+000  -4.439661e-001  -6.747553e-001  -6.998539e-001  -4.246249e-001  -2.294962e-001  -8.843969e-002  0.000000e+000  
1.145416e-001  2.968155e-001  5.474524e-001  8.912895e-001  8.413281e-001  5.459311e-001  0.000000e+000  -5.459311e-001  -8.413281e-001  -8.912895e-001  -5.474524e-001  -2.968155e-001  -1.145416e-001  0.000000e+000  
1.459073e-001  3.774038e-001  6.932120e-001  1.110495e+000  1.021307e+000  6.516408e-001  0.000000e+000  -6.516408e-001  -1.021307e+000  -1.110495e+000  -6.932120e-001  -3.774038e-001  -1.459073e-001  0.000000e+000  
1.845818e-001  4.763079e-001  8.701909e-001  1.364963e+000  1.216606e+000  7.608879e-001  0.000000e+000  -7.608879e-001  -1.216606e+000  -1.364963e+000  -8.701909e-001  -4.763079e-001  -1.845818e-001  0.000000e+000  
2.334911e-001  6.006768e-001  1.089847e+000  1.663568e+000  1.428694e+000  8.729502e-001  0.000000e+000  -8.729502e-001  -1.428694e+000  -1.663568e+000  -1.089847e+000  -6.006768e-001  -2.334911e-001  0.000000e+000  
2.969557e-001  7.609409e-001  1.368439e+000  2.016787e+000  1.658308e+000  9.864448e-001  0.000000e+000  -9.864448e-001  -1.658308e+000  -2.016787e+000  -1.368439e+000  -7.609409e-001  -2.969557e-001  0.000000e+000  
3.815573e-001  9.727561e-001  1.729568e+000  2.436804e+000  1.905040e+000  1.099162e+000  0.000000e+000  -1.099162e+000  -1.905040e+000  -2.436804e+000  -1.729568e+000  -9.727561e-001  -3.815573e-001  0.000000e+000  
4.976648e-001  1.260306e+000  2.208154e+000  2.937375e+000  2.166745e+000  1.207886e+000  0.000000e+000  -1.207886e+000  -2.166745e+000  -2.937375e+000  -2.208154e+000  -1.260306e+000  -4.976648e-001  0.000000e+000  
6.622581e-001  1.662118e+000  2.856646e+000  3.533148e+000  2.438730e+000  1.308220e+000  0.000000e+000  -1.308220e+000  -2.438730e+000  -3.533148e+000  -2.856646e+000  -1.662118e+000  -6.622581e-001  0.000000e+000  
9.044912e-001  2.241786e+000  3.754586e+000  4.237969e+000  2.712688e+000  1.394442e+000  0.000000e+000  -1.394442e+000  -2.712688e+000  -4.237969e+000  -3.754586e+000  -2.241786e+000  -9.044912e-001  0.000000e+000  
1.277480e+000  3.108775e+000  5.022822e+000  5.061308e+000  2.975336e+000  1.459437e+000  0.000000e+000  -1.459437e+000  -2.975336e+000  -5.061308e+000  -5.022822e+000  -3.108775e+000  -1.277480e+000  0.000000e+000  
1.885364e+000  4.461038e+000  6.843044e+000  6.001390e+000  3.206847e+000  1.494776e+000  0.000000e+000  -1.494776e+000  -3.206847e+000  -6.001390e+000  -6.843044e+000  -4.461038e+000  -1.885364e+000  0.000000e+000  
2.950943e+000  6.676475e+000  9.479779e+000  7.032818e+000  3.379230e+000  1.491029e+000  0.000000e+000  -1.491029e+000  -3.379230e+000  -7.032818e+000  -9.479779e+000  -6.676475e+000  -2.950943e+000  0.000000e+000  
5.000220e+000  1.051454e+001  1.328958e+001  8.085601e+000  3.455185e+000  1.438441e+000  0.000000e+000  -1.438441e+000  -3.455185e+000  -8.085601e+000  -1.328958e+001  -1.051454e+001  -5.000220e+000  0.000000e+000  
9.414079e+000  1.755502e+001  1.866581e+001  9.012305e+000  3.388376e+000  1.328074e+000  0.000000e+000  -1.328074e+000  -3.388376e+000  -9.012305e+000  -1.866581e+001  -1.755502e+001  -9.414079e+000  0.000000e+000  
2.023839e+001  3.106309e+001  2.577173e+001  9.543142e+000  3.126916e+000  1.153531e+000  0.000000e+000  -1.153531e+000  -3.126916e+000  -9.543142e+000  -2.577173e+001  -3.106309e+001  -2.023839e+001  0.000000e+000  
5.067897e+001  5.711432e+001  3.370002e+001  9.242531e+000  2.622779e+000  9.132042e-001  0.000000e+000  -9.132042e-001  -2.622779e+000  -9.242531e+000  -3.370002e+001  -5.711432e+001  -5.067897e+001  0.000000e+000  
1.483059e+002  1.024317e+002  3.836978e+001  7.522285e+000  1.850439e+000  6.127506e-001  0.000000e+000  -6.127506e-001  -1.850439e+000  -7.522285e+000  -3.836978e+001  -1.024317e+002  -1.483059e+002  0.000000e+000  
4.990960e+002  1.449818e+002  2.887043e+001  3.865249e+000  8.358966e-001  2.670054e-001  0.000000e+000  -2.670054e-001  -8.358966e-001  -3.865249e+000  -2.887043e+001  -1.449818e+002  -4.990960e+002  0.000000e+000  
0.000000e+000  0.000000e+000  0.000000e+000  0.000000e+000  0.000000e+000  0.000000e+000  0.000000e+000  0.000000e+000  0.000000e+000  0.000000e+000  0.000000e+000  0.000000e+000  0.000000e+000  0.000000e+000  

6.469547e+003  6.469565e+003  6.469610e+003  6.469779e+003  6.470349e+003  6.470922e+003  6.471310e+003  6.471310e+003  6.470922e+003  6.470349e+003  6.469779e+003  6.469610e+003  6.469565e+003  6.469547e+003  
6.469529e+003  6.469547e+003  6.469594e+003  6.469767e+003  6.470349e+003  6.470930e+003  6.471320e+003  6.471320e+003  6.470930e+003  6.470349e+003  6.469767e+003  6.469594e+003  6.469547e+003  6.469529e+003  
6.469485e+003  6.469504e+003  6.469554e+003  6.469738e+003  6.470349e+003  6.470947e+003  6.471345e+003  6.471345e+003  6.470947e+003  6.470349e+003  6.469738e+003  6.469554e+003  6.469504e+003  6.469485e+003  
6.469414e+003  6.469435e+003  6.469489e+003  6.469690e+003  6.470350e+003  6.470976e+003  6.471384e+003  6.471384e+003  6.470976e+003  6.470350e+003  6.469690e+003  6.469489e+003  6.469435e+003  6.469414e+003  
6.469312e+003  6.469336e+003  6.469398e+003  6.469625e+003  6.470352e+003  6.471017e+003  6.471438e+003  6.471438e+003  6.471017e+003  6.470352e+003  6.469625e+003  6.469398e+003  6.469336e+003  6.469312e+003  
6.469176e+003  6.469204e+003  6.469276e+003  6.469539e+003  6.470358e+003  6.471071e+003  6.471507e+003  6.471507e+003  6.471071e+003  6.470358e+003  6.469539e+003  6.469276e+003  6.469204e+003  6.469176e+003  
6.469000e+003  6.469034e+003  6.469120e+003  6.469432e+003  6.470370e+003  6.471140e+003  6.471592e+003  6.471592e+003  6.471140e+003  6.470370e+003  6.469432e+003  6.469120e+003  6.469034e+003  6.469000e+003  
6.468776e+003  6.468817e+003  6.468923e+003  6.469302e+003  6.470391e+003  6.471226e+003  6.471694e+003  6.471694e+003  6.471226e+003  6.470391e+003  6.469302e+003  6.468923e+003  6.468817e+003  6.468776e+003  
6.468492e+003  6.468545e+003  6.468678e+003  6.469148e+003  6.470425e+003  6.471333e+003  6.471812e+003  6.471812e+003  6.471333e+003  6.470425e+003  6.469148e+003  6.468678e+003  6.468545e+003  6.468492e+003  
6.468133e+003  6.468201e+003  6.468373e+003  6.468969e+003  6.470480e+003  6.471463e+003  6.471948e+003  6.471948e+003  6.471463e+003  6.470480e+003  6.468969e+003  6.468373e+003  6.468201e+003  6.468133e+003  
6.467677e+003  6.467768e+003  6.467994e+003  6.468767e+003  6.470564e+003  6.471620e+003  6.472102e+003  6.472102e+003  6.471620e+003  6.470564e+003  6.468767e+003  6.467994e+003  6.467768e+003  6.467677e+003  
6.467091e+003  6.467215e+003  6.467522e+003  6.468546e+003  6.470688e+003  6.471808e+003  6.472273e+003  6.472273e+003  6.471808e+003  6.470688e+003  6.468546e+003  6.467522e+003  6.467215e+003  6.467091e+003  
6.466326e+003  6.466502e+003  6.466932e+003  6.468319e+003  6.470868e+003  6.472032e+003  6.472461e+003  6.472461e+003  6.472032e+003  6.470868e+003  6.468319e+003  6.466932e+003  6.466502e+003  6.466326e+003  
6.465308e+003  6.465567e+003  6.466187e+003  6.468108e+003  6.471124e+003  6.472296e+003  6.472665e+003  6.472665e+003  6.472296e+003  6.471124e+003  6.468108e+003  6.466187e+003  6.465567e+003  6.465308e+003  
6.463918e+003  6.464317e+003  6.465244e+003  6.467958e+003  6.471481e+003  6.472604e+003  6.472882e+003  6.472882e+003  6.472604e+003  6.471481e+003  6.467958e+003  6.465244e+003  6.464317e+003  6.463918e+003  
6.461955e+003  6.462605e+003  6.464052e+003  6.467946e+003  6.471968e+003  6.472959e+003  6.473110e+003  6.473110e+003  6.472959e+003  6.471968e+003  6.467946e+003  6.464052e+003  6.462605e+003  6.461955e+003  
6.459057e+003  6.460197e+003  6.462567e+003  6.468208e+003  6.472621e+003  6.473359e+003  6.473343e+003  6.473343e+003  6.473359e+003  6.472621e+003  6.468208e+003  6.462567e+003  6.460197e+003  6.459057e+003  
6.454522e+003  6.456714e+003  6.460820e+003  6.468970e+003  6.473475e+003  6.473800e+003  6.473575e+003  6.473575e+003  6.473800e+003  6.473475e+003  6.468970e+003  6.460820e+003  6.456714e+003  6.454522e+003  
6.446838e+003  6.451559e+003  6.459090e+003  6.470592e+003  6.474557e+003  6.474271e+003  6.473799e+003  6.473799e+003  6.474271e+003  6.474557e+003  6.470592e+003  6.459090e+003  6.451559e+003  6.446838e+003  
6.432370e+003  6.443949e+003  6.458398e+003  6.473600e+003  6.475872e+003  6.474753e+003  6.474006e+003  6.474006e+003  6.474753e+003  6.475872e+003  6.473600e+003  6.458398e+003  6.443949e+003  6.432370e+003  
6.401267e+003  6.433829e+003  6.461696e+003  6.478657e+003  6.477371e+003  6.475214e+003  6.474186e+003  6.474186e+003  6.475214e+003  6.477371e+003  6.478657e+003  6.461696e+003  6.433829e+003  6.401267e+003  
6.323383e+003  6.427813e+003  6.476288e+003  6.486279e+003  6.478918e+003  6.475614e+003  6.474328e+003  6.474328e+003  6.475614e+003  6.478918e+003  6.486279e+003  6.476288e+003  6.427813e+003  6.323383e+003  
6.095463e+003  6.470699e+003  6.516214e+003  6.495891e+003  6.480244e+003  6.475903e+003  6.474424e+003  6.474424e+003  6.475903e+003  6.480244e+003  6.495891e+003  6.516214e+003  6.470699e+003  6.095463e+003  
5.328442e+003  6.801743e+003  6.588579e+003  6.503684e+003  6.480952e+003  6.476036e+003  6.474465e+003  6.474465e+003  6.476036e+003  6.480952e+003  6.503684e+003  6.588579e+003  6.801743e+003  5.328442e+003  
0.000000e+000  0.000000e+000  0.000000e+000  0.000000e+000  0.000000e+000  0.000000e+000  0.000000e+000  0.000000e+000  0.000000e+000  0.000000e+000  0.000000e+000  0.000000e+000  0.000000e+000  0.000000e+000  

0.000000e+000  0.000000e+000  0.000000e+000  0.000000e+000  0.000000e+000  0.000000e+000  0.000000e+000  0.000000e+000  0.000000e+000  0.000000e+000  0.000000e+000  0.000000e+000  0.000000e+000  0.000000e+000  
0.000000e+000  0.000000e+000  0.000000e+000  0.000000e+000  0.000000e+000  0.000000e+000  0.000000e+000  0.000000e+000  0.000000e+000  0.000000e+000  0.000000e+000  0.000000e+000  0.000000e+000  0.000000e+000  
0.000000e+000  0.000000e+000  0.000000e+000  0.000000e+000  0.000000e+000  0.000000e+000  0.000000e+000  0.000000e+000  0.000000e+000  0.000000e+000  0.000000e+000  0.000000e+000  0.000000e+000  0.000000e+000  
0.000000e+000  0.000000e+000  0.000000e+000  0.000000e+000  0.000000e+000  0.000000e+000  0.000000e+000  0.000000e+000  0.000000e+000  0.000000e+000  0.000000e+000  0.000000e+000  0.000000e+000  0.000000e+000  
0.000000e+000  0.000000e+000  0.000000e+000  0.000000e+000  0.000000e+000  0.000000e+000  0.000000e+000  0.000000e+000  0.000000e+000  0.000000e+000  0.000000e+000  0.000000e+000  0.000000e+000  0.000000e+000  
0.000000e+000  0.000000e+000  0.000000e+000  0.000000e+000  0.000000e+000  0.000000e+000  0.000000e+000  0.000000e+000  0.000000e+000  0.000000e+000  0.000000e+000  0.000000e+000  0.000000e+000  0.000000e+000  
0.000000e+000  0.000000e+000  0.000000e+000  0.000000e+000  0.000000e+000  0.000000e+000  0.000000e+000  0.000000e+000  0.000000e+000  0.000000e+000  0.000000e+000  0.000000e+000  0.000000e+000  0.000000e+000  
0.000000e+000  0.000000e+000  0.000000e+000  0.000000e+000  0.000000e+000  0.000000e+000  0.000000e+000  0.000000e+000  0.000000e+000  0.000000e+000  0.000000e+000  0.000000e+000  0.000000e+000  0.000000e+000  
0.000000e+000  0.000000e+000  0.000000e+000  0.000000e+000  0.000000e+000  0.000000e+000  0.000000e+000  0.000000e+000  0.000000e+000  0.000000e+000  0.000000e+000  0.000000e+000  0.000000e+000  0.000000e+000  
0.000000e+000  0.000000e+000  0.000000e+000  0.000000e+000  0.000000e+000  0.000000e+000  0.000000e+000  0.000000e+000  0.000000e+000  0.000000e+000  0.000000e+000  0.000000e+000  0.000000e+000  0.000000e+000  
0.000000e+000  0.000000e+000  0.000000e+000  0.000000e+000  0.000000e+000  0.000000e+000  0.000000e+000  0.000000e+000  0.000000e+000  0.000000e+000  0.000000e+000  0.000000e+000  0.000000e+000  0.000000e+000  
0.000000e+000  0.000000e+000  0.000000e+000  0.000000e+000  0.000000e+000  0.000000e+000  0.000000e+000  0.000000e+000  0.000000e+000  0.000000e+000  0.000000e+000  0.000000e+000  0.000000e+000  0.000000e+000  
0.000000e+000  0.000000e+000  0.000000e+000  0.000000e+000  0.000000e+000  0.000000e+000  0.000000e+000  0.000000e+000  0.000000e+000  0.000000e+000  0.000000e+000  0.000000e+000  0.000000e+000  0.000000e+000  
0.000000e+000  0.000000e+000  0.000000e+000  0.000000e+000  0.000000e+000  0.000000e+000  0.000000e+000  0.000000e+000  0.000000e+000  0.000000e+000  0.000000e+000  0.000000e+000  0.000000e+000  0.000000e+000  
0.000000e+000  0.000000e+000  0.000000e+000  0.000000e+000  0.000000e+000  0.000000e+000  0.000000e+000  0.000000e+000  0.000000e+000  0.000000e+000  0.000000e+000  0.000000e+000  0.000000e+000  0.000000e+000  
0.000000e+000  0.000000e+000  0.000000e+000  0.000000e+000  0.000000e+000  0.000000e+000  0.000000e+000  0.000000e+000  0.000000e+000  0.000000e+000  0.000000e+000  0.000000e+000  0.000000e+000  0.000000e+000  
0.000000e+000  0.000000e+000  0.000000e+000  0.000000e+000  0.000000e+000  0.000000e+000  0.000000e+000  0.000000e+000  0.000000e+000  0.000000e+000  0.000000e+000  0.000000e+000  0.000000e+000  0.000000e+000  
0.000000e+000  0.000000e+000  0.000000e+000  0.000000e+000  0.000000e+000  0.000000e+000  0.000000e+000  0.000000e+000  0.000000e+000  0.000000e+000  0.000000e+000  0.000000e+000  0.000000e+000  0.000000e+000  
0.000000e+000  0.000000e+000  0.000000e+000  0.000000e+000  0.000000e+000  0.000000e+000  0.000000e+000  0.000000e+000  0.000000e+000  0.000000e+000  0.000000e+000  0.000000e+000  0.000000e+000  0.000000e+000  
0.000000e+000  0.000000e+000  0.000000e+000  0.000000e+000  0.000000e+000  0.000000e+000  0.000000e+000  0.000000e+000  0.000000e+000  0.000000e+000  0.000000e+000  0.000000e+000  0.000000e+000  0.000000e+000  
0.000000e+000  0.000000e+000  0.000000e+000  0.000000e+000  0.000000e+000  0.000000e+000  0.000000e+000  0.000000e+000  0.000000e+000  0.000000e+000  0.000000e+000  0.000000e+000  0.000000e+000  0.000000e+000  
0.000000e+000  0.000000e+000  0.000000e+000  0.000000e+000  0.000000e+000  0.000000e+000  0.000000e+000  0.000000e+000  0.000000e+000  0.000000e+000  0.000000e+000  0.000000e+000  0.000000e+000  0.000000e+000  
0.000000e+000  0.000000e+000  0.000000e+000  0.000000e+000  0.000000e+000  0.000000e+000  0.000000e+000  0.000000e+000  0.000000e+000  0.000000e+000  0.000000e+000  0.000000e+000  0.000000e+000  0.000000e+000  
0.000000e+000  0.000000e+000  0.000000e+000  0.000000e+000  0.000000e+000  0.000000e+000  0.000000e+000  0.000000e+000  0.000000e+000  0.000000e+000  0.000000e+000  0.000000e+000  0.000000e+000  0.000000e+000  
0.000000e+000  0.000000e+000  0.000000e+000  0.000000e+000  0.000000e+000  0.000000e+000  0.000000e+000  0.000000e+000  0.000000e+000  0.000000e+000  0.000000e+000  0.000000e+000  0.000000e+000  0.000000e+000  

0.000000e+000  0.000000e+000  0.000000e+000  0.000000e+000  0.000000e+000  0.000000e+000  0.000000e+000  0.000000e+000  0.000000e+000  0.000000e+000  0.000000e+000  0.000000e+000  0.000000e+000  0.000000e+000  
0.000000e+000  0.000000e+000  0.000000e+000  0.000000e+000  0.000000e+000  0.000000e+000  0.000000e+000  0.000000e+000  0.000000e+000  0.000000e+000  0.000000e+000  0.000000e+000  0.000000e+000  0.000000e+000  
0.000000e+000  0.000000e+000  0.000000e+000  0.000000e+000  0.000000e+000  0.000000e+000  0.000000e+000  0.000000e+000  0.000000e+000  0.000000e+000  0.000000e+000  0.000000e+000  0.000000e+000  0.000000e+000  
0.000000e+000  0.000000e+000  0.000000e+000  0.000000e+000  0.000000e+000  0.000000e+000  0.000000e+000  0.000000e+000  0.000000e+000  0.000000e+000  0.000000e+000  0.000000e+000  0.000000e+000  0.000000e+000  
0.000000e+000  0.000000e+000  0.000000e+000  0.000000e+000  0.000000e+000  0.000000e+000  0.000000e+000  0.000000e+000  0.000000e+000  0.000000e+000  0.000000e+000  0.000000e+000  0.000000e+000  0.000000e+000  
0.000000e+000  0.000000e+000  0.000000e+000  0.000000e+000  0.000000e+000  0.000000e+000  0.000000e+000  0.000000e+000  0.000000e+000  0.000000e+000  0.000000e+000  0.000000e+000  0.000000e+000  0.000000e+000  
0.000000e+000  0.000000e+000  0.000000e+000  0.000000e+000  0.000000e+000  0.000000e+000  0.000000e+000  0.000000e+000  0.000000e+000  0.000000e+000  0.000000e+000  0.000000e+000  0.000000e+000  0.000000e+000  
0.000000e+000  0.000000e+000  0.000000e+000  0.000000e+000  0.000000e+000  0.000000e+000  0.000000e+000  0.000000e+000  0.000000e+000  0.000000e+000  0.000000e+000  0.000000e+000  0.000000e+000  0.000000e+000  
0.000000e+000  0.000000e+000  0.000000e+000  0.000000e+000  0.000000e+000  0.000000e+000  0.000000e+000  0.000000e+000  0.000000e+000  0.000000e+000  0.000000e+000  0.000000e+000  0.000000e+000  0.000000e+000  
0.000000e+000  0.000000e+000  0.000000e+000  0.000000e+000  0.000000e+000  0.000000e+000  0.000000e+000  0.000000e+000  0.000000e+000  0.000000e+000  0.000000e+000  0.000000e+000  0.000000e+000  0.000000e+000  
0.000000e+000  0.000000e+000  0.000000e+000  0.000000e+000  0.000000e+000  0.000000e+000  0.000000e+000  0.000000e+000  0.000000e+000  0.000000e+000  0.000000e+000  0.000000e+000  0.000000e+000  0.000000e+000  
0.000000e+000  0.000000e+000  0.000000e+000  0.000000e+000  0.000000e+000  0.000000e+000  0.000000e+000  0.000000e+000  0.000000e+000  0.000000e+000  0.000000e+000  0.000000e+000  0.000000e+000  0.000000e+000  
0.000000e+000  0.000000e+000  0.000000e+000  0.000000e+000  0.000000e+000  0.000000e+000  0.000000e+000  0.000000e+000  0.000000e+000  0.000000e+000  0.000000e+000  0.000000e+000  0.000000e+000  0.000000e+000  
0.000000e+000  0.000000e+000  0.000000e+000  0.000000e+000  0.000000e+000  0.000000e+000  0.000000e+000  0.000000e+000  0.000000e+000  0.000000e+000  0.000000e+000  0.000000e+000  0.000000e+000  0.000000e+000  
0.000000e+000  0.000000e+000  0.000000e+000  0.000000e+000  0.000000e+000  0.000000e+000  0.000000e+000  0.000000e+000  0.000000e+000  0.000000e+000  0.000000e+000  0.000000e+000  0.000000e+000  0.000000e+000  
0.000000e+000  0.000000e+000  0.000000e+000  0.000000e+000  0.000000e+000  0.000000e+000  0.000000e+000  0.000000e+000  0.000000e+000  0.000000e+000  0.000000e+000  0.000000e+000  0.000000e+000  0.000000e+000  
0.000000e+000  0.000000e+000  0.000000e+000  0.000000e+000  0.000000e+000  0.000000e+000  0.000000e+000  0.000000e+000  0.000000e+000  0.000000e+000  0.000000e+000  0.000000e+000  0.000000e+000  0.000000e+000  
0.000000e+000  0.000000e+000  0.000000e+000  0.000000e+000  0.000000e+000  0.000000e+000  0.000000e+000  0.000000e+000  0.000000e+000  0.000000e+000  0.000000e+000  0.000000e+000  0.000000e+000  0.000000e+000  
0.000000e+000  0.000000e+000  0.000000e+000  0.000000e+000  0.000000e+000  0.000000e+000  0.000000e+000  0.000000e+000  0.000000e+000  0.000000e+000  0.000000e+000  0.000000e+000  0.000000e+000  0.000000e+000  
0.000000e+000  0.000000e+000  0.000000e+000  0.000000e+000  0.000000e+000  0.000000e+000  0.000000e+000  0.000000e+000  0.000000e+000  0.000000e+000  0.000000e+000  0.000000e+000  0.000000e+000  0.000000e+000  
0.000000e+000  0.000000e+000  0.000000e+000  0.000000e+000  0.000000e+000  0.000000e+000  0.000000e+000  0.000000e+000  0.000000e+000  0.000000e+000  0.000000e+000  0.000000e+000  0.000000e+000  0.000000e+000  
0.000000e+000  0.000000e+000  0.000000e+000  0.000000e+000  0.000000e+000  0.000000e+000  0.000000e+000  0.000000e+000  0.000000e+000  0.000000e+000  0.000000e+000  0.000000e+000  0.000000e+000  0.000000e+000  
0.000000e+000  0.000000e+000  0.000000e+000  0.000000e+000  0.000000e+000  0.000000e+000  0.000000e+000  0.000000e+000  0.000000e+000  0.000000e+000  0.000000e+000  0.000000e+000  0.000000e+000  0.000000e+000  
0.000000e+000  0.000000e+000  0.000000e+000  0.000000e+000  0.000000e+000  0.000000e+000  0.000000e+000  0.000000e+000  0.000000e+000  0.000000e+000  0.000000e+000  0.000000e+000  0.000000e+000  0.000000e+000  
0.000000e+000  0.000000e+000  0.000000e+000  0.000000e+000  0.000000e+000  0.000000e+000  0.000000e+000  0.000000e+000  0.000000e+000  0.000000e+000  0.000000e+000  0.000000e+000  0.000000e+000  0.000000e+000  

0.000000e+000  0.000000e+000  0.000000e+000  0.000000e+000  0.000000e+000  0.000000e+000  0.000000e+000  0.000000e+000  0.000000e+000  0.000000e+000  0.000000e+000  0.000000e+000  0.000000e+000  0.000000e+000  
0.000000e+000  0.000000e+000  0.000000e+000  0.000000e+000  0.000000e+000  0.000000e+000  0.000000e+000  0.000000e+000  0.000000e+000  0.000000e+000  0.000000e+000  0.000000e+000  0.000000e+000  0.000000e+000  
0.000000e+000  0.000000e+000  0.000000e+000  0.000000e+000  0.000000e+000  0.000000e+000  0.000000e+000  0.000000e+000  0.000000e+000  0.000000e+000  0.000000e+000  0.000000e+000  0.000000e+000  0.000000e+000  
0.000000e+000  0.000000e+000  0.000000e+000  0.000000e+000  0.000000e+000  0.000000e+000  0.000000e+000  0.000000e+000  0.000000e+000  0.000000e+000  0.000000e+000  0.000000e+000  0.000000e+000  0.000000e+000  
0.000000e+000  0.000000e+000  0.000000e+000  0.000000e+000  0.000000e+000  0.000000e+000  0.000000e+000  0.000000e+000  0.000000e+000  0.000000e+000  0.000000e+000  0.000000e+000  0.000000e+000  0.000000e+000  
0.000000e+000  0.000000e+000  0.000000e+000  0.000000e+000  0.000000e+000  0.000000e+000  0.000000e+000  0.000000e+000  0.000000e+000  0.000000e+000  0.000000e+000  0.000000e+000  0.000000e+000  0.000000e+000  
0.000000e+000  0.000000e+000  0.000000e+000  0.000000e+000  0.000000e+000  0.000000e+000  0.000000e+000  0.000000e+000  0.000000e+000  0.000000e+000  0.000000e+000  0.000000e+000  0.000000e+000  0.000000e+000  
0.000000e+000  0.000000e+000  0.000000e+000  0.000000e+000  0.000000e+000  0.000000e+000  0.000000e+000  0.000000e+000  0.000000e+000  0.000000e+000  0.000000e+000  0.000000e+000  0.000000e+000  0.000000e+000  
0.000000e+000  0.000000e+000  0.000000e+000  0.000000e+000  0.000000e+000  0.000000e+000  0.000000e+000  0.000000e+000  0.000000e+000  0.000000e+000  0.000000e+000  0.000000e+000  0.000000e+000  0.000000e+000  
0.000000e+000  0.000000e+000  0.000000e+000  0.000000e+000  0.000000e+000  0.000000e+000  0.000000e+000  0.000000e+000  0.000000e+000  0.000000e+000  0.000000e+000  0.000000e+000  0.000000e+000  0.000000e+000  
0.000000e+000  0.000000e+000  0.000000e+000  0.000000e+000  0.000000e+000  0.000000e+000  0.000000e+000  0.000000e+000  0.000000e+000  0.000000e+000  0.000000e+000  0.000000e+000  0.000000e+000  0.000000e+000  
0.000000e+000  0.000000e+000  0.000000e+000  0.000000e+000  0.000000e+000  0.000000e+000  0.000000e+000  0.000000e+000  0.000000e+000  0.000000e+000  0.000000e+000  0.000000e+000  0.000000e+000  0.000000e+000  
0.000000e+000  0.000000e+000  0.000000e+000  0.000000e+000  0.000000e+000  0.000000e+000  0.000000e+000  0.000000e+000  0.000000e+000  0.000000e+000  0.000000e+000  0.000000e+000  0.000000e+000  0.000000e+000  
0.000000e+000  0.000000e+000  0.000000e+000  0.000000e+000  0.000000e+000  0.000000e+000  0.000000e+000  0.000000e+000  0.000000e+000  0.000000e+000  0.000000e+000  0.000000e+000  0.000000e+000  0.000000e+000  
0.000000e+000  0.000000e+000  0.000000e+000  0.000000e+000  0.000000e+000  0.000000e+000  0.000000e+000  0.000000e+000  0.000000e+000  0.000000e+000  0.000000e+000  0.000000e+000  0.000000e+000  0.000000e+000  
0.000000e+000  0.000000e+000  0.000000e+000  0.000000e+000  0.000000e+000  0.000000e+000  0.000000e+000  0.000000e+000  0.000000e+000  0.000000e+000  0.000000e+000  0.000000e+000  0.000000e+000  0.000000e+000  
0.000000e+000  0.000000e+000  0.000000e+000  0.000000e+000  0.000000e+000  0.000000e+000  0.000000e+000  0.000000e+000  0.000000e+000  0.000000e+000  0.000000e+000  0.000000e+000  0.000000e+000  0.000000e+000  
0.000000e+000  0.000000e+000  0.000000e+000  0.000000e+000  0.000000e+000  0.000000e+000  0.000000e+000  0.000000e+000  0.000000e+000  0.000000e+000  0.000000e+000  0.000000e+000  0.000000e+000  0.000000e+000  
0.000000e+000  0.000000e+000  0.000000e+000  0.000000e+000  0.000000e+000  0.000000e+000  0.000000e+000  0.000000e+000  0.000000e+000  0.000000e+000  0.000000e+000  0.000000e+000  0.000000e+000  0.000000e+000  
0.000000e+000  0.000000e+000  0.000000e+000  0.000000e+000  0.000000e+000  0.000000e+000  0.000000e+000  0.000000e+000  0.000000e+000  0.000000e+000  0.000000e+000  0.000000e+000  0.000000e+000  0.000000e+000  
0.000000e+000  0.000000e+000  0.000000e+000  0.000000e+000  0.000000e+000  0.000000e+000  0.000000e+000  0.000000e+000  0.000000e+000  0.000000e+000  0.000000e+000  0.000000e+000  0.000000e+000  0.000000e+000  
0.000000e+000  0.000000e+000  0.000000e+000  0.000000e+000  0.000000e+000  0.000000e+000  0.000000e+000  0.000000e+000  0.000000e+000  0.000000e+000  0.000000e+000  0.000000e+000  0.000000e+000  0.000000e+000  
0.000000e+000  0.000000e+000  0.000000e+000  0.000000e+000  0.000000e+000  0.000000e+000  0.000000e+000  0.000000e+000  0.000000e+000  0.000000e+000  0.000000e+000  0.000000e+000  0.000000e+000  0.000000e+000  
0.000000e+000  0.000000e+000  0.000000e+000  0.000000e+000  0.000000e+000  0.000000e+000  0.000000e+000  0.000000e+000  0.000000e+000  0.000000e+000  0.000000e+000  0.000000e+000  0.000000e+000  0.000000e+000  
0.000000e+000  0.000000e+000  0.000000e+000  0.000000e+000  0.000000e+000  0.000000e+000  0.000000e+000  0.000000e+000  0.000000e+000  0.000000e+000  0.000000e+000  0.000000e+000  0.000000e+000  0.000000e+000  

0.000000e+000  0.000000e+000  0.000000e+000  0.000000e+000  0.000000e+000  0.000000e+000  0.000000e+000  0.000000e+000  0.000000e+000  0.000000e+000  0.000000e+000  0.000000e+000  0.000000e+000  0.000000e+000  
-1.107836e-006  -1.083711e-006  -1.452346e-006  -1.534051e-006  -8.395624e-007  -8.451917e-007  -1.585840e-006  -1.585358e-006  -8.447092e-007  -8.394016e-007  -1.533729e-006  -1.452829e-006  -1.084515e-006  -1.108641e-006  
-1.080816e-006  -1.106550e-006  -1.240526e-006  -1.305343e-006  -8.286256e-007  -8.418141e-007  -1.392033e-006  -1.391390e-006  -8.419749e-007  -8.284647e-007  -1.305021e-006  -1.240204e-006  -1.106550e-006  -1.080655e-006  
-1.013104e-006  -1.032726e-006  -1.084194e-006  -1.118130e-006  -7.900250e-007  -8.072344e-007  -1.214953e-006  -1.215757e-006  -8.072344e-007  -7.892208e-007  -1.117647e-006  -1.083068e-006  -1.031118e-006  -1.012300e-006  
-9.198194e-007  -9.288262e-007  -9.492524e-007  -9.609934e-007  -7.337325e-007  -7.520678e-007  -1.055886e-006  -1.055726e-006  -7.515853e-007  -7.327675e-007  -9.605109e-007  -9.490915e-007  -9.286654e-007  -9.194978e-007  
-8.130245e-007  -8.165629e-007  -8.244439e-007  -8.223530e-007  -6.626431e-007  -6.813001e-007  -9.067917e-007  -9.067917e-007  -6.814609e-007  -6.623215e-007  -8.213880e-007  -8.233180e-007  -8.160804e-007  -8.122203e-007  
-6.989920e-007  -7.004395e-007  -7.010829e-007  -6.948103e-007  -5.812603e-007  -5.989522e-007  -7.646130e-007  -7.650955e-007  -5.989522e-007  -5.815819e-007  -6.938453e-007  -7.014045e-007  -6.999570e-007  -6.988312e-007  
-5.841553e-007  -5.839945e-007  -5.835120e-007  -5.735401e-007  -4.947306e-007  -5.087234e-007  -6.291893e-007  -6.301543e-007  -5.087234e-007  -4.945698e-007  -5.738618e-007  -5.833511e-007  -5.836728e-007  -5.838336e-007  
-4.706053e-007  -4.699619e-007  -4.678711e-007  -4.588643e-007  -4.016068e-007  -4.135086e-007  -4.995557e-007  -4.990732e-007  -4.139911e-007  -4.020893e-007  -4.583818e-007  -4.670669e-007  -4.689969e-007  -4.694794e-007  
-3.562511e-007  -3.552861e-007  -3.535169e-007  -3.446709e-007  -3.059095e-007  -3.137905e-007  -3.726563e-007  -3.721738e-007  -3.133080e-007  -3.062312e-007  -3.445101e-007  -3.533561e-007  -3.546427e-007  -3.559294e-007  
-2.420577e-007  -2.415752e-007  -2.399669e-007  -2.332118e-007  -2.071564e-007  -2.108556e-007  -2.470437e-007  -2.467220e-007  -2.106948e-007  -2.069956e-007  -2.335335e-007  -2.393235e-007  -2.412536e-007  -2.423794e-007  
-1.296336e-007  -1.296336e-007  -1.278644e-007  -1.223960e-007  -1.059907e-007  -1.063124e-007  -1.225568e-007  -1.227176e-007  -1.061516e-007  -1.056691e-007  -1.230393e-007  -1.277036e-007  -1.301161e-007  -1.299553e-007  
-1.833527e-008  -1.672691e-008  -1.560106e-008  0.000000e+000  0.000000e+000  0.000000e+000  0.000000e+000  0.000000e+000  0.000000e+000  0.000000e+000  0.000000e+000  -1.704859e-008  -1.737026e-008  -1.833527e-008  
9.392806e-008  9.441056e-008  9.537558e-008  9.714477e-008  9.617976e-008  1.034174e-007  1.233610e-007  1.233610e-007  1.038999e-007  9.601892e-008  9.730560e-008  9.489307e-008  9.360638e-008  9.328471e-008  
2.047439e-007  2.058697e-007  2.071564e-007  2.087648e-007  1.967021e-007  2.079606e-007  2.478478e-007  2.476870e-007  2.079606e-007  1.967021e-007  2.081214e-007  2.063522e-007  2.052264e-007  2.044222e-007  
3.171680e-007  3.182939e-007  3.192589e-007  3.208672e-007  2.970636e-007  3.113779e-007  3.728172e-007  3.723347e-007  3.116996e-007  2.964202e-007  3.200631e-007  3.190981e-007  3.171680e-007  3.162030e-007  
4.275013e-007  4.297530e-007  4.331306e-007  4.357039e-007  3.937258e-007  4.119003e-007  5.001991e-007  5.003599e-007  4.110961e-007  3.934041e-007  4.350606e-007  4.320047e-007  4.291097e-007  4.263755e-007  
5.368696e-007  5.415338e-007  5.479673e-007  5.519882e-007  4.866889e-007  5.069542e-007  6.299935e-007  6.306368e-007  5.069542e-007  4.863672e-007  5.515057e-007  5.468414e-007  5.412122e-007  5.368696e-007  
6.447904e-007  6.528321e-007  6.631256e-007  6.742233e-007  5.756310e-007  5.978263e-007  7.644521e-007  7.647738e-007  5.971830e-007  5.757918e-007  6.740625e-007  6.637690e-007  6.515455e-007  6.438254e-007  
7.472427e-007  7.633263e-007  7.861650e-007  8.065911e-007  6.576572e-007  6.798525e-007  9.067917e-007  9.059876e-007  6.804959e-007  6.573355e-007  8.061086e-007  7.856824e-007  7.631654e-007  7.469210e-007  
8.385974e-007  8.723729e-007  9.162810e-007  9.502174e-007  7.303550e-007  7.512636e-007  1.055565e-006  1.055082e-006  7.504594e-007  7.303550e-007  9.503782e-007  9.154769e-007  8.722121e-007  8.382757e-007  
9.051834e-007  9.735386e-007  1.059746e-006  1.113626e-006  7.882558e-007  8.073953e-007  1.215275e-006  1.215757e-006  8.073953e-007  7.885775e-007  1.112822e-006  1.059264e-006  9.743427e-007  9.055051e-007  
9.410497e-007  1.061677e-006  1.234253e-006  1.308077e-006  8.294298e-007  8.422966e-007  1.392194e-006  1.392194e-006  8.427791e-007  8.291081e-007  1.307594e-006  1.234736e-006  1.061677e-006  9.407281e-007  
9.883354e-007  1.090788e-006  1.472451e-006  1.542254e-006  8.410099e-007  8.459958e-007  1.586483e-006  1.586805e-006  8.458350e-007  8.395624e-007  1.542093e-006  1.472290e-006  1.090627e-006  9.884963e-007  
0.000000e+000  0.000000e+000  0.000000e+000  0.000000e+000  0.000000e+000  0.000000e+000  0.000000e+000  0.000000e+000  0.000000e+000  0.000000e+000  0.000000e+000  0.000000e+000  0.000000e+000  0.000000e+000  

