Defined reference frequency for open boundary condition (2235 MHz) is larger
than the lowest relevant system frequency (monitor at 2110 MHz).
Please check open boundary settings to ensure accurate monitor results for the
lowest frequency of interest.

--------------------------------------------------------------------------------
Build version: 2016.0 Release from 2016-01-22 (change 414946)

Starting adaptive port meshing.

--------------------------------------------------------------------------------
Mode calculation for port 1:

--------------------------------------------------------------------------------

--------------------------------------------------------------------------------

--------------------------------------------------------------------------------
Port mode solver: Detected dispersive material(s) at port 1. 
Using a constant approximation of dispersive material(s) at 2235 MHz and
neglecting loss terms. 

--------------------------------------------------------------------------------
  ----------------------------- F-Calc 2.24e+003 -----------------------------
  Port   Mode   Type        Z-Wave        Z-Wave-Sigma  Z-Line        F-Cutoff
  1      1      TEM         185           5.41e-006     112           0.0
  ----------------------------------------------------------------------------

Pass 1 successfully completed. 

--------------------------------------------------------------------------------

--------------------------------------------------------------------------------
  ----------------------------- F-Calc 2.24e+003 -----------------------------
  Port   Mode   Type        Z-Wave        Z-Wave-Sigma  Z-Line        F-Cutoff
  1      1      TEM         185           4.86e-006     105           0.0
  ----------------------------------------------------------------------------

Pass 2 successfully completed. Delta (Line Imp.): 6.502428%

--------------------------------------------------------------------------------

--------------------------------------------------------------------------------
  ----------------------------- F-Calc 2.24e+003 -----------------------------
  Port   Mode   Type        Z-Wave        Z-Wave-Sigma  Z-Line        F-Cutoff
  1      1      TEM         185           2.66e-006     102           0.0
  ----------------------------------------------------------------------------

Pass 3 successfully completed. Delta (Line Imp.): 2.836976%

--------------------------------------------------------------------------------

--------------------------------------------------------------------------------
  ----------------------------- F-Calc 2.24e+003 -----------------------------
  Port   Mode   Type        Z-Wave        Z-Wave-Sigma  Z-Line        F-Cutoff
  1      1      TEM         185           3.54e-006     101           0.0
  ----------------------------------------------------------------------------

Pass 4 successfully completed. Delta (Line Imp.): 1.332737%
Adaptive port meshing finished. 

--------------------------------------------------------------------------------

Solver started at: 05:33 PM Tuesday, 31. March 2020

  Module:  Time Domain: S-Parameter (Win 64)
  Version: 2016.0 Release from 2016-01-22 (change 414946)


--------------------------------------------------------------------------------

--------------------------------------------------------------------------------
======================================================================
 Solver cycle: 1
======================================================================

Stimulation at port 1 (mode 1) 


--------------------------------------------------------------------------------
Units settings: 

  Dimensions: mm
  Frequency:  MHz
  Time:       ns

--------------------------------------------------------------------------------
Mesh statistics:

   Hexahedral mesh type: FPBA [accuracy enhancement is enabled]

   Parallelization type: domain decomposition
      Number of parallel working threads: 2
      Number of calculation domains used: 2

   Used point accuracy enhancement value: 75.00%.
   PBA fill limit: 99.00% (inverse)
   2020 Mar 31: 15:51:48: current system memory usage reached 50%
   2020 Mar 31: 16:01:24: current system memory usage reached 50%
   2020 Mar 31: 17:30:49: current system memory usage reached 50%


--------------------------------------------------------------------------------
Port mode solver: Detected dispersive material(s) at port 1. 
Using a constant approximation of dispersive material(s) at 2235 MHz and
neglecting loss terms. 

--------------------------------------------------------------------------------
Boundary conditions: 

  YZsymmetry: none
  XZsymmetry: none
  XYsymmetry: none

  Xmin: expanded open, 4 Layer, depth 28.0353 mm
  Xmax: expanded open, 4 Layer, depth 28.0353 mm

  Ymin: expanded open, 4 Layer, depth 28.0353 mm
  Ymax: expanded open, 4 Layer, depth 28.0353 mm

  Zmin: expanded open, 4 Layer, depth 28.0353 mm
  Zmax: expanded open, 4 Layer, depth 28.5678 mm

  PML-Type: Convolution PML

--------------------------------------------------------------------------------
Frequency settings: 

  Fmin:         2110
  Fmax:         2360
  Nfsteps(lin): 1001

--------------------------------------------------------------------------------
Waveguide boundaries:

Port: 1

  ----------------------------- F-Calc 2.24e+003 -----------------------------
  Port   Mode   Type        Z-Wave        Z-Wave-Sigma  Z-Line        F-Cutoff
  1      1      TEM         185           7.41e-006     101           0.0
  ----------------------------------------------------------------------------

Field update statistics:

  Number of components in total: 	308345
  Number of lossy metal components:	4938
  Number of disp. elements:		7636

Subcycling state:      Automatically deactivated

--------------------------------------------------------------------------------

--------------------------------------------------------------------------------

--------------------------------------------------------------------------------
Steady state energy criterion met, solver finished successfully.

--------------------------------------------------------------------------------
Frequency domain results normalized to default signal.

--------------------------------------------------------------------------------

  ----------------------------------------------------------------------------
                      Peak memory used (kB)         Free physical memory (kB) 
                                                    At begin     Minimum      
  ----------------------------------------------------------------------------
  Matrices calc.      72972                         8840928      8784668      
  Solver run total    171260                        8847748      8733152      
  ----------------------------------------------------------------------------

--------------------------------------------------------------------------------
Solver Statistics:

  Hardware:
     Computer name:                 	LAPTOP-514GHKC2 

     Number of CPU threads:             4
     Hardware info:                  	Hardware acceleration not activated

  Number of mesh cells:             	49140
  Excitation duration:              	2.84363900e+001 ns 
  Calculation time for excitation:  	75     	s
  Number of calculated pulse widths:	1.00288 
  Steady state accuracy limit:      	-30	dB 
  Simulated number of time steps:   	38400  
  Maximum number of time steps:     	765792 
  Time step width:
     without subcycles:             	7.42665390e-004 ns
     used:                          	7.42665390e-004 ns

  Matrix calculation time:          	15     	s
  Solver setup time:                	5      	s
  Solver loop time:                 	75     	s
  Solver post processing time:      	2      	s
                                    	------------
  Total solver time:                	97     	s  ( = 0 h, 1 m, 37 s )

--------------------------------------------------------------------------------

  Adaptive port meshing time:       	27     	s
  Total solver time (all cycles):   	97     	s  ( = 0 h, 1 m, 37 s )
                                    	------------
  Total simulation time:            	124    	s  ( = 0 h, 2 m, 4 s )

--------------------------------------------------------------------------------
Solver finished at: 05:34 PM Tuesday, 31. March 2020


--------------------------------------------------------------------------------
Creating parametric 1D results for Run ID 6

--------------------------------------------------------------------------------
