Port monitor named: Port1_h1.prt

nx        = 66
ny        = 22
nz        = 37

nu        = 6
nv        = 4
iu        = 31
iv        = 10

idir      = 2
dcut      = 1.684098e-002
icut      = 29
type      = 1
frequency = 2.235000e+009

fcutoff   = 0.000000e+000
alpha     = 0.000000e+000
beta      = 9.562323e+001
accuracy  = 1.618188e-015

type          = TEM
wave imp.     = 1.845457e+002
wave imp.sig. = 7.414694e-006
line imp.     = 1.006509e+002

ref. port     = 0

3.376183e+001  3.448877e+001  3.486385e+001  3.486385e+001  3.448877e+001  3.376183e+001  
3.262564e+001  3.478577e+001  3.518044e+001  3.518044e+001  3.478577e+001  3.262564e+001  
2.799378e+001  3.662568e+001  3.584196e+001  3.584196e+001  3.662568e+001  2.799378e+001  
-0.000000e+000  -0.000000e+000  -0.000000e+000  -0.000000e+000  -0.000000e+000  -0.000000e+000  

-0.000000e+000  -0.000000e+000  -0.000000e+000  -0.000000e+000  -0.000000e+000  -0.000000e+000  
-6.563543e-001  -3.386579e-001  -0.000000e+000  3.386579e-001  6.563543e-001  -0.000000e+000  
-2.675752e+000  -7.076199e-001  -0.000000e+000  7.076199e-001  2.675752e+000  -0.000000e+000  
-0.000000e+000  -0.000000e+000  -0.000000e+000  -0.000000e+000  -0.000000e+000  -0.000000e+000  

0.000000e+000  0.000000e+000  0.000000e+000  0.000000e+000  0.000000e+000  0.000000e+000  
0.000000e+000  0.000000e+000  0.000000e+000  0.000000e+000  0.000000e+000  0.000000e+000  
0.000000e+000  0.000000e+000  0.000000e+000  0.000000e+000  0.000000e+000  0.000000e+000  
0.000000e+000  0.000000e+000  0.000000e+000  0.000000e+000  0.000000e+000  0.000000e+000  

0.000000e+000  0.000000e+000  0.000000e+000  0.000000e+000  0.000000e+000  0.000000e+000  
0.000000e+000  0.000000e+000  0.000000e+000  0.000000e+000  0.000000e+000  0.000000e+000  
0.000000e+000  0.000000e+000  0.000000e+000  0.000000e+000  0.000000e+000  0.000000e+000  
0.000000e+000  0.000000e+000  0.000000e+000  0.000000e+000  0.000000e+000  0.000000e+000  

0.000000e+000  0.000000e+000  0.000000e+000  0.000000e+000  0.000000e+000  0.000000e+000  
0.000000e+000  0.000000e+000  0.000000e+000  0.000000e+000  0.000000e+000  0.000000e+000  
0.000000e+000  0.000000e+000  0.000000e+000  0.000000e+000  0.000000e+000  0.000000e+000  
0.000000e+000  0.000000e+000  0.000000e+000  0.000000e+000  0.000000e+000  0.000000e+000  

-1.521164e-008  -9.312029e-009  -0.000000e+000  9.315689e-009  1.520807e-008  -0.000000e+000  
-2.658932e-008  -1.095468e-008  -0.000000e+000  1.095157e-008  2.659058e-008  -0.000000e+000  
-1.434463e-008  -7.603554e-009  -0.000000e+000  7.602857e-009  1.434359e-008  -0.000000e+000  
-0.000000e+000  -0.000000e+000  -0.000000e+000  -0.000000e+000  -0.000000e+000  -0.000000e+000  

