Port monitor named: Port1_e1.prt

nx        = 66
ny        = 22
nz        = 37

nu        = 6
nv        = 4
iu        = 31
iv        = 10

idir      = 2
dcut      = 1.684098e-002
icut      = 29
type      = 0
frequency = 2.235000e+009

fcutoff   = 0.000000e+000
alpha     = 0.000000e+000
beta      = 9.562323e+001
accuracy  = 1.618188e-015

type          = TEM
wave imp.     = 1.845457e+002
wave imp.sig. = 7.414694e-006
line imp.     = 1.006509e+002

ref. port     = 0

0.000000e+000  0.000000e+000  0.000000e+000  0.000000e+000  0.000000e+000  0.000000e+000  
1.211273e+002  6.249783e+001  0.000000e+000  -6.249783e+001  -1.211273e+002  0.000000e+000  
4.937984e+002  1.305882e+002  0.000000e+000  -1.305882e+002  -4.937984e+002  0.000000e+000  
0.000000e+000  0.000000e+000  0.000000e+000  0.000000e+000  0.000000e+000  0.000000e+000  

6.230598e+003  6.364752e+003  6.433971e+003  6.433971e+003  6.364752e+003  6.230598e+003  
6.020921e+003  6.419562e+003  6.492398e+003  6.492398e+003  6.419562e+003  6.020921e+003  
5.166131e+003  6.759110e+003  6.614478e+003  6.614478e+003  6.759110e+003  5.166131e+003  
0.000000e+000  0.000000e+000  0.000000e+000  0.000000e+000  0.000000e+000  0.000000e+000  

0.000000e+000  0.000000e+000  0.000000e+000  0.000000e+000  0.000000e+000  0.000000e+000  
0.000000e+000  0.000000e+000  0.000000e+000  0.000000e+000  0.000000e+000  0.000000e+000  
0.000000e+000  0.000000e+000  0.000000e+000  0.000000e+000  0.000000e+000  0.000000e+000  
0.000000e+000  0.000000e+000  0.000000e+000  0.000000e+000  0.000000e+000  0.000000e+000  

0.000000e+000  0.000000e+000  0.000000e+000  0.000000e+000  0.000000e+000  0.000000e+000  
0.000000e+000  0.000000e+000  0.000000e+000  0.000000e+000  0.000000e+000  0.000000e+000  
0.000000e+000  0.000000e+000  0.000000e+000  0.000000e+000  0.000000e+000  0.000000e+000  
0.000000e+000  0.000000e+000  0.000000e+000  0.000000e+000  0.000000e+000  0.000000e+000  

0.000000e+000  0.000000e+000  0.000000e+000  0.000000e+000  0.000000e+000  0.000000e+000  
0.000000e+000  0.000000e+000  0.000000e+000  0.000000e+000  0.000000e+000  0.000000e+000  
0.000000e+000  0.000000e+000  0.000000e+000  0.000000e+000  0.000000e+000  0.000000e+000  
0.000000e+000  0.000000e+000  0.000000e+000  0.000000e+000  0.000000e+000  0.000000e+000  

0.000000e+000  0.000000e+000  0.000000e+000  0.000000e+000  0.000000e+000  0.000000e+000  
-5.880897e-006  -3.244197e-006  -2.718707e-006  -2.719189e-006  -3.243735e-006  -5.881400e-006  
4.189006e-006  3.364180e-006  3.123892e-006  3.124495e-006  3.364422e-006  4.189529e-006  
0.000000e+000  0.000000e+000  0.000000e+000  0.000000e+000  0.000000e+000  0.000000e+000  

