Unknown:
C:\Users\Li\Documents\GitHub\term-5-em-2d\RECTANGULAR_WAVEGUIDE\Result\3d.slm
C:\Users\Li\Documents\GitHub\term-5-em-2d\RECTANGULAR_WAVEGUIDE\Result\MCalc.ddi
C:\Users\Li\Documents\GitHub\term-5-em-2d\RECTANGULAR_WAVEGUIDE\Result\MCalc.log
C:\Users\Li\Documents\GitHub\term-5-em-2d\RECTANGULAR_WAVEGUIDE\Result\Model.axg
C:\Users\Li\Documents\GitHub\term-5-em-2d\RECTANGULAR_WAVEGUIDE\Result\Model.ddi
C:\Users\Li\Documents\GitHub\term-5-em-2d\RECTANGULAR_WAVEGUIDE\Result\Model.elg
C:\Users\Li\Documents\GitHub\term-5-em-2d\RECTANGULAR_WAVEGUIDE\Result\Model.inf
C:\Users\Li\Documents\GitHub\term-5-em-2d\RECTANGULAR_WAVEGUIDE\Result\Model.log
C:\Users\Li\Documents\GitHub\term-5-em-2d\RECTANGULAR_WAVEGUIDE\Result\Model.pmi
C:\Users\Li\Documents\GitHub\term-5-em-2d\RECTANGULAR_WAVEGUIDE\Result\Model.sa
C:\Users\Li\Documents\GitHub\term-5-em-2d\RECTANGULAR_WAVEGUIDE\Result\m^fb.dsc
C:\Users\Li\Documents\GitHub\term-5-em-2d\RECTANGULAR_WAVEGUIDE\Result\m^fbqq.dsc
C:\Users\Li\Documents\GitHub\term-5-em-2d\RECTANGULAR_WAVEGUIDE\Result\m^fifx.dsc
C:\Users\Li\Documents\GitHub\term-5-em-2d\RECTANGULAR_WAVEGUIDE\Result\m^fqq.dsc
C:\Users\Li\Documents\GitHub\term-5-em-2d\RECTANGULAR_WAVEGUIDE\Result\m^ppex.dsc
C:\Users\Li\Documents\GitHub\term-5-em-2d\RECTANGULAR_WAVEGUIDE\Result\Port1_1.m2d
C:\Users\Li\Documents\GitHub\term-5-em-2d\RECTANGULAR_WAVEGUIDE\Result\Port2_1.m2d
C:\Users\Li\Documents\GitHub\term-5-em-2d\RECTANGULAR_WAVEGUIDE\Result\p^a.dsc
Mesh:
C:\Users\Li\Documents\GitHub\term-5-em-2d\RECTANGULAR_WAVEGUIDE\Result\dA.mat
C:\Users\Li\Documents\GitHub\term-5-em-2d\RECTANGULAR_WAVEGUIDE\Result\dad.mat
C:\Users\Li\Documents\GitHub\term-5-em-2d\RECTANGULAR_WAVEGUIDE\Result\ds.mat
C:\Users\Li\Documents\GitHub\term-5-em-2d\RECTANGULAR_WAVEGUIDE\Result\dsd.mat
C:\Users\Li\Documents\GitHub\term-5-em-2d\RECTANGULAR_WAVEGUIDE\Result\dsMCalc.mat
C:\Users\Li\Documents\GitHub\term-5-em-2d\RECTANGULAR_WAVEGUIDE\Result\Eps.mat
C:\Users\Li\Documents\GitHub\term-5-em-2d\RECTANGULAR_WAVEGUIDE\Result\HexMatrix.m2h
C:\Users\Li\Documents\GitHub\term-5-em-2d\RECTANGULAR_WAVEGUIDE\Result\HexMatrix_MCalc.m2h
C:\Users\Li\Documents\GitHub\term-5-em-2d\RECTANGULAR_WAVEGUIDE\Result\MCalc.fmp
C:\Users\Li\Documents\GitHub\term-5-em-2d\RECTANGULAR_WAVEGUIDE\Result\MCalc.xcfd
C:\Users\Li\Documents\GitHub\term-5-em-2d\RECTANGULAR_WAVEGUIDE\Result\mesher_shapes.fsi
C:\Users\Li\Documents\GitHub\term-5-em-2d\RECTANGULAR_WAVEGUIDE\Result\Model.fmf
C:\Users\Li\Documents\GitHub\term-5-em-2d\RECTANGULAR_WAVEGUIDE\Result\Model.fmm
C:\Users\Li\Documents\GitHub\term-5-em-2d\RECTANGULAR_WAVEGUIDE\Result\Model.fpc
C:\Users\Li\Documents\GitHub\term-5-em-2d\RECTANGULAR_WAVEGUIDE\Result\Model.fwf
C:\Users\Li\Documents\GitHub\term-5-em-2d\RECTANGULAR_WAVEGUIDE\Result\Model.mss
C:\Users\Li\Documents\GitHub\term-5-em-2d\RECTANGULAR_WAVEGUIDE\Result\Model.ntr
C:\Users\Li\Documents\GitHub\term-5-em-2d\RECTANGULAR_WAVEGUIDE\Result\Model.sic
C:\Users\Li\Documents\GitHub\term-5-em-2d\RECTANGULAR_WAVEGUIDE\Result\Model.spi
C:\Users\Li\Documents\GitHub\term-5-em-2d\RECTANGULAR_WAVEGUIDE\Result\Model.xcfd
C:\Users\Li\Documents\GitHub\term-5-em-2d\RECTANGULAR_WAVEGUIDE\Result\Model^PEC.fpf
C:\Users\Li\Documents\GitHub\term-5-em-2d\RECTANGULAR_WAVEGUIDE\Result\Mue.mat
C:\Users\Li\Documents\GitHub\term-5-em-2d\RECTANGULAR_WAVEGUIDE\Result\m^fbqq.mem
C:\Users\Li\Documents\GitHub\term-5-em-2d\RECTANGULAR_WAVEGUIDE\Result\m^fqq.mem
C:\Users\Li\Documents\GitHub\term-5-em-2d\RECTANGULAR_WAVEGUIDE\Result\p1.spi
C:\Users\Li\Documents\GitHub\term-5-em-2d\RECTANGULAR_WAVEGUIDE\Result\p2.spi
C:\Users\Li\Documents\GitHub\term-5-em-2d\RECTANGULAR_WAVEGUIDE\Result\PEC.mat
C:\Users\Li\Documents\GitHub\term-5-em-2d\RECTANGULAR_WAVEGUIDE\Result\Port1.wgi
C:\Users\Li\Documents\GitHub\term-5-em-2d\RECTANGULAR_WAVEGUIDE\Result\Port2.wgi
C:\Users\Li\Documents\GitHub\term-5-em-2d\RECTANGULAR_WAVEGUIDE\Result\p^a.mem
C:\Users\Li\Documents\GitHub\term-5-em-2d\RECTANGULAR_WAVEGUIDE\Result\p^m.mem
C:\Users\Li\Documents\GitHub\term-5-em-2d\RECTANGULAR_WAVEGUIDE\Result\Rho.mat
C:\Users\Li\Documents\GitHub\term-5-em-2d\RECTANGULAR_WAVEGUIDE\Result\S2HMatrix.m2h
C:\Users\Li\Documents\GitHub\term-5-em-2d\RECTANGULAR_WAVEGUIDE\Result\s^pm.mem
