Port monitor named: Port2_h1.prt

nx        = 95
ny        = 83
nz        = 36

nu        = 13
nv        = 6
iu        = 36
iv        = 10

idir      = 0
dcut      = 7.965000e-002
icut      = 89
type      = 1
frequency = 9.160000e+008

fcutoff   = 0.000000e+000
alpha     = 0.000000e+000
beta      = 3.445609e+001
accuracy  = 1.923072e-014

type          = QTEM
wave imp.     = 2.491818e+002
wave imp.sig. = 1.497242e-011
line imp.     = 5.903675e+001

ref. port     = 0

-1.587854e+000  -1.768327e+000  -2.357461e+000  -3.576685e+000  -6.504037e+000  -1.456286e+001  -2.308162e+001  -1.456286e+001  -6.504037e+000  -3.576685e+000  -2.357461e+000  -1.768327e+000  -1.587854e+000  
-1.382901e+000  -1.474956e+000  -1.698287e+000  -1.869818e+000  -1.374956e+000  2.974445e+000  8.816990e+000  2.974445e+000  -1.374956e+000  -1.869818e+000  -1.698287e+000  -1.474956e+000  -1.382901e+000  
-1.084991e+000  -1.098252e+000  -1.070546e+000  -8.312575e-001  -1.216619e-002  1.958460e+000  3.798208e+000  1.958460e+000  -1.216619e-002  -8.312575e-001  -1.070546e+000  -1.098252e+000  -1.084991e+000  
-7.746551e-001  -7.500152e-001  -6.345316e-001  -3.486763e-001  2.494448e-001  1.180601e+000  1.849760e+000  1.180601e+000  2.494448e-001  -3.486763e-001  -6.345316e-001  -7.500152e-001  -7.746551e-001  
-3.290246e-001  -2.994104e-001  -2.081261e-001  -5.904134e-002  1.603553e-001  4.025782e-001  5.371721e-001  4.025782e-001  1.603553e-001  -5.904134e-002  -2.081261e-001  -2.994104e-001  -3.290246e-001  
-0.000000e+000  -0.000000e+000  -0.000000e+000  -0.000000e+000  -0.000000e+000  -0.000000e+000  -0.000000e+000  -0.000000e+000  -0.000000e+000  -0.000000e+000  -0.000000e+000  -0.000000e+000  -0.000000e+000  

-0.000000e+000  -0.000000e+000  -0.000000e+000  -0.000000e+000  -0.000000e+000  -0.000000e+000  -0.000000e+000  -0.000000e+000  -0.000000e+000  -0.000000e+000  -0.000000e+000  -0.000000e+000  -0.000000e+000  
1.395385e-001  4.988128e-001  1.216865e+000  2.932390e+000  8.095910e+000  2.639881e+001  -2.639881e+001  -8.095910e+000  -2.932390e+000  -1.216865e+000  -4.988128e-001  -1.395385e-001  -0.000000e+000  
2.078766e-001  6.794032e-001  1.375701e+000  2.436231e+000  3.828292e+000  2.750716e+000  -2.750716e+000  -3.828292e+000  -2.436231e+000  -1.375701e+000  -6.794032e-001  -2.078766e-001  -0.000000e+000  
2.165406e-001  6.522743e-001  1.135479e+000  1.627567e+000  1.893693e+000  1.068361e+000  -1.068361e+000  -1.893693e+000  -1.627567e+000  -1.135479e+000  -6.522743e-001  -2.165406e-001  -0.000000e+000  
1.967199e-001  5.532990e-001  8.518749e-001  1.037999e+000  9.789876e-001  4.559670e-001  -4.559670e-001  -9.789876e-001  -1.037999e+000  -8.518749e-001  -5.532990e-001  -1.967199e-001  -0.000000e+000  
1.470033e-001  3.866552e-001  5.336702e-001  5.710885e-001  4.645534e-001  1.895721e-001  -1.895721e-001  -4.645534e-001  -5.710885e-001  -5.336702e-001  -3.866552e-001  -1.470033e-001  -0.000000e+000  

0.000000e+000  0.000000e+000  0.000000e+000  0.000000e+000  0.000000e+000  0.000000e+000  0.000000e+000  0.000000e+000  0.000000e+000  0.000000e+000  0.000000e+000  0.000000e+000  0.000000e+000  
0.000000e+000  0.000000e+000  0.000000e+000  0.000000e+000  0.000000e+000  0.000000e+000  0.000000e+000  0.000000e+000  0.000000e+000  0.000000e+000  0.000000e+000  0.000000e+000  0.000000e+000  
0.000000e+000  0.000000e+000  0.000000e+000  0.000000e+000  0.000000e+000  0.000000e+000  0.000000e+000  0.000000e+000  0.000000e+000  0.000000e+000  0.000000e+000  0.000000e+000  0.000000e+000  
0.000000e+000  0.000000e+000  0.000000e+000  0.000000e+000  0.000000e+000  0.000000e+000  0.000000e+000  0.000000e+000  0.000000e+000  0.000000e+000  0.000000e+000  0.000000e+000  0.000000e+000  
0.000000e+000  0.000000e+000  0.000000e+000  0.000000e+000  0.000000e+000  0.000000e+000  0.000000e+000  0.000000e+000  0.000000e+000  0.000000e+000  0.000000e+000  0.000000e+000  0.000000e+000  
0.000000e+000  0.000000e+000  0.000000e+000  0.000000e+000  0.000000e+000  0.000000e+000  0.000000e+000  0.000000e+000  0.000000e+000  0.000000e+000  0.000000e+000  0.000000e+000  0.000000e+000  

0.000000e+000  0.000000e+000  0.000000e+000  0.000000e+000  0.000000e+000  0.000000e+000  0.000000e+000  0.000000e+000  0.000000e+000  0.000000e+000  0.000000e+000  0.000000e+000  0.000000e+000  
0.000000e+000  0.000000e+000  0.000000e+000  0.000000e+000  0.000000e+000  0.000000e+000  0.000000e+000  0.000000e+000  0.000000e+000  0.000000e+000  0.000000e+000  0.000000e+000  0.000000e+000  
0.000000e+000  0.000000e+000  0.000000e+000  0.000000e+000  0.000000e+000  0.000000e+000  0.000000e+000  0.000000e+000  0.000000e+000  0.000000e+000  0.000000e+000  0.000000e+000  0.000000e+000  
0.000000e+000  0.000000e+000  0.000000e+000  0.000000e+000  0.000000e+000  0.000000e+000  0.000000e+000  0.000000e+000  0.000000e+000  0.000000e+000  0.000000e+000  0.000000e+000  0.000000e+000  
0.000000e+000  0.000000e+000  0.000000e+000  0.000000e+000  0.000000e+000  0.000000e+000  0.000000e+000  0.000000e+000  0.000000e+000  0.000000e+000  0.000000e+000  0.000000e+000  0.000000e+000  
0.000000e+000  0.000000e+000  0.000000e+000  0.000000e+000  0.000000e+000  0.000000e+000  0.000000e+000  0.000000e+000  0.000000e+000  0.000000e+000  0.000000e+000  0.000000e+000  0.000000e+000  

0.000000e+000  0.000000e+000  0.000000e+000  0.000000e+000  0.000000e+000  0.000000e+000  0.000000e+000  0.000000e+000  0.000000e+000  0.000000e+000  0.000000e+000  0.000000e+000  0.000000e+000  
0.000000e+000  0.000000e+000  0.000000e+000  0.000000e+000  0.000000e+000  0.000000e+000  0.000000e+000  0.000000e+000  0.000000e+000  0.000000e+000  0.000000e+000  0.000000e+000  0.000000e+000  
0.000000e+000  0.000000e+000  0.000000e+000  0.000000e+000  0.000000e+000  0.000000e+000  0.000000e+000  0.000000e+000  0.000000e+000  0.000000e+000  0.000000e+000  0.000000e+000  0.000000e+000  
0.000000e+000  0.000000e+000  0.000000e+000  0.000000e+000  0.000000e+000  0.000000e+000  0.000000e+000  0.000000e+000  0.000000e+000  0.000000e+000  0.000000e+000  0.000000e+000  0.000000e+000  
0.000000e+000  0.000000e+000  0.000000e+000  0.000000e+000  0.000000e+000  0.000000e+000  0.000000e+000  0.000000e+000  0.000000e+000  0.000000e+000  0.000000e+000  0.000000e+000  0.000000e+000  
0.000000e+000  0.000000e+000  0.000000e+000  0.000000e+000  0.000000e+000  0.000000e+000  0.000000e+000  0.000000e+000  0.000000e+000  0.000000e+000  0.000000e+000  0.000000e+000  0.000000e+000  

-4.096876e-002  -1.193862e-001  -1.989367e-001  -2.772210e-001  -3.284489e-001  -1.993611e-001  1.993611e-001  3.284489e-001  2.772210e-001  1.989367e-001  1.193862e-001  4.096876e-002  -0.000000e+000  
-3.621718e-002  -1.045086e-001  -1.715990e-001  -2.360080e-001  -2.780152e-001  -1.633016e-001  1.633016e-001  2.780152e-001  2.360080e-001  1.715990e-001  1.045086e-001  3.621718e-002  -0.000000e+000  
-2.797476e-002  -7.812657e-002  -1.200146e-001  -1.482573e-001  -1.457761e-001  -7.159389e-002  7.159389e-002  1.457761e-001  1.482573e-001  1.200146e-001  7.812657e-002  2.797476e-002  -0.000000e+000  
-1.978199e-002  -5.376640e-002  -7.849427e-002  -9.016138e-002  -7.991572e-002  -3.532972e-002  3.532972e-002  7.991572e-002  9.016138e-002  7.849427e-002  5.376640e-002  1.978199e-002  -0.000000e+000  
-8.314049e-003  -2.177644e-002  -2.986846e-002  -3.174696e-002  -2.564700e-002  -1.040443e-002  1.040443e-002  2.564700e-002  3.174696e-002  2.986846e-002  2.177644e-002  8.314049e-003  -0.000000e+000  
-0.000000e+000  -0.000000e+000  -0.000000e+000  -0.000000e+000  -0.000000e+000  -0.000000e+000  -0.000000e+000  -0.000000e+000  -0.000000e+000  -0.000000e+000  -0.000000e+000  -0.000000e+000  -0.000000e+000  

