Port monitor named: Port2_e1.prt

nx        = 94
ny        = 83
nz        = 36

nu        = 13
nv        = 6
iu        = 36
iv        = 10

idir      = 0
dcut      = 7.965000e-002
icut      = 88
type      = 0
frequency = 9.160000e+008

fcutoff   = 0.000000e+000
alpha     = 0.000000e+000
beta      = 3.445593e+001
accuracy  = 2.655700e-014

type          = QTEM
wave imp.     = 2.491790e+002
wave imp.sig. = 8.635157e-010
line imp.     = 5.903698e+001

ref. port     = 0

0.000000e+000  0.000000e+000  0.000000e+000  0.000000e+000  0.000000e+000  0.000000e+000  0.000000e+000  0.000000e+000  0.000000e+000  0.000000e+000  0.000000e+000  0.000000e+000  0.000000e+000  
-1.272678e+001  -5.595468e+001  -1.805179e+002  -5.554607e+002  -1.841643e+003  -6.577347e+003  6.577347e+003  1.841643e+003  5.554607e+002  1.805179e+002  5.595468e+001  1.272678e+001  0.000000e+000  
-3.318441e+001  -1.158700e+002  -2.585019e+002  -5.042402e+002  -8.651236e+002  -6.645740e+002  6.645740e+002  8.651236e+002  5.042402e+002  2.585019e+002  1.158700e+002  3.318441e+001  0.000000e+000  
-3.969891e+001  -1.238352e+002  -2.269758e+002  -3.435050e+002  -4.219414e+002  -2.497187e+002  2.497187e+002  4.219414e+002  3.435050e+002  2.269758e+002  1.238352e+002  3.969891e+001  0.000000e+000  
-3.846491e+001  -1.104171e+002  -1.750103e+002  -2.199470e+002  -2.141329e+002  -1.026669e+002  1.026669e+002  2.141329e+002  2.199470e+002  1.750103e+002  1.104171e+002  3.846491e+001  0.000000e+000  
-2.991203e+001  -7.943942e+001  -1.110899e+002  -1.205930e+002  -9.955729e+001  -4.116055e+001  4.116055e+001  9.955729e+001  1.205930e+002  1.110899e+002  7.943942e+001  2.991203e+001  0.000000e+000  

-7.415680e+001  -9.100360e+001  -1.578471e+002  -3.390859e+002  -8.930338e+002  -2.723088e+003  -4.845120e+003  -2.723088e+003  -8.930338e+002  -3.390859e+002  -1.578471e+002  -9.100360e+001  -7.415680e+001  
-2.612594e+002  -2.886869e+002  -3.620216e+002  -4.435561e+002  -3.938836e+002  6.000830e+002  2.077446e+003  6.000830e+002  -3.938836e+002  -4.435561e+002  -3.620216e+002  -2.886869e+002  -2.612594e+002  
-2.131663e+002  -2.221361e+002  -2.327269e+002  -2.018733e+002  -3.940604e+001  4.114769e+002  8.652932e+002  4.114769e+002  -3.940604e+001  -2.018733e+002  -2.327269e+002  -2.221361e+002  -2.131663e+002  
-1.557489e+002  -1.544096e+002  -1.389974e+002  -8.681226e+001  3.834214e+001  2.496332e+002  4.103766e+002  2.496332e+002  3.834214e+001  -8.681226e+001  -1.389974e+002  -1.544096e+002  -1.557489e+002  
-6.778696e+001  -6.269740e+001  -4.575456e+001  -1.586756e+001  3.075051e+001  8.463260e+001  1.157206e+002  8.463260e+001  3.075051e+001  -1.586756e+001  -4.575456e+001  -6.269740e+001  -6.778696e+001  
0.000000e+000  0.000000e+000  0.000000e+000  0.000000e+000  0.000000e+000  0.000000e+000  0.000000e+000  0.000000e+000  0.000000e+000  0.000000e+000  0.000000e+000  0.000000e+000  0.000000e+000  

0.000000e+000  0.000000e+000  0.000000e+000  0.000000e+000  0.000000e+000  0.000000e+000  0.000000e+000  0.000000e+000  0.000000e+000  0.000000e+000  0.000000e+000  0.000000e+000  0.000000e+000  
0.000000e+000  0.000000e+000  0.000000e+000  0.000000e+000  0.000000e+000  0.000000e+000  0.000000e+000  0.000000e+000  0.000000e+000  0.000000e+000  0.000000e+000  0.000000e+000  0.000000e+000  
0.000000e+000  0.000000e+000  0.000000e+000  0.000000e+000  0.000000e+000  0.000000e+000  0.000000e+000  0.000000e+000  0.000000e+000  0.000000e+000  0.000000e+000  0.000000e+000  0.000000e+000  
0.000000e+000  0.000000e+000  0.000000e+000  0.000000e+000  0.000000e+000  0.000000e+000  0.000000e+000  0.000000e+000  0.000000e+000  0.000000e+000  0.000000e+000  0.000000e+000  0.000000e+000  
0.000000e+000  0.000000e+000  0.000000e+000  0.000000e+000  0.000000e+000  0.000000e+000  0.000000e+000  0.000000e+000  0.000000e+000  0.000000e+000  0.000000e+000  0.000000e+000  0.000000e+000  
0.000000e+000  0.000000e+000  0.000000e+000  0.000000e+000  0.000000e+000  0.000000e+000  0.000000e+000  0.000000e+000  0.000000e+000  0.000000e+000  0.000000e+000  0.000000e+000  0.000000e+000  

0.000000e+000  0.000000e+000  0.000000e+000  0.000000e+000  0.000000e+000  0.000000e+000  0.000000e+000  0.000000e+000  0.000000e+000  0.000000e+000  0.000000e+000  0.000000e+000  0.000000e+000  
0.000000e+000  0.000000e+000  0.000000e+000  0.000000e+000  0.000000e+000  0.000000e+000  0.000000e+000  0.000000e+000  0.000000e+000  0.000000e+000  0.000000e+000  0.000000e+000  0.000000e+000  
0.000000e+000  0.000000e+000  0.000000e+000  0.000000e+000  0.000000e+000  0.000000e+000  0.000000e+000  0.000000e+000  0.000000e+000  0.000000e+000  0.000000e+000  0.000000e+000  0.000000e+000  
0.000000e+000  0.000000e+000  0.000000e+000  0.000000e+000  0.000000e+000  0.000000e+000  0.000000e+000  0.000000e+000  0.000000e+000  0.000000e+000  0.000000e+000  0.000000e+000  0.000000e+000  
0.000000e+000  0.000000e+000  0.000000e+000  0.000000e+000  0.000000e+000  0.000000e+000  0.000000e+000  0.000000e+000  0.000000e+000  0.000000e+000  0.000000e+000  0.000000e+000  0.000000e+000  
0.000000e+000  0.000000e+000  0.000000e+000  0.000000e+000  0.000000e+000  0.000000e+000  0.000000e+000  0.000000e+000  0.000000e+000  0.000000e+000  0.000000e+000  0.000000e+000  0.000000e+000  

0.000000e+000  0.000000e+000  0.000000e+000  0.000000e+000  0.000000e+000  0.000000e+000  0.000000e+000  0.000000e+000  0.000000e+000  0.000000e+000  0.000000e+000  0.000000e+000  0.000000e+000  
0.000000e+000  0.000000e+000  0.000000e+000  0.000000e+000  0.000000e+000  0.000000e+000  0.000000e+000  0.000000e+000  0.000000e+000  0.000000e+000  0.000000e+000  0.000000e+000  0.000000e+000  
0.000000e+000  0.000000e+000  0.000000e+000  0.000000e+000  0.000000e+000  0.000000e+000  0.000000e+000  0.000000e+000  0.000000e+000  0.000000e+000  0.000000e+000  0.000000e+000  0.000000e+000  
0.000000e+000  0.000000e+000  0.000000e+000  0.000000e+000  0.000000e+000  0.000000e+000  0.000000e+000  0.000000e+000  0.000000e+000  0.000000e+000  0.000000e+000  0.000000e+000  0.000000e+000  
0.000000e+000  0.000000e+000  0.000000e+000  0.000000e+000  0.000000e+000  0.000000e+000  0.000000e+000  0.000000e+000  0.000000e+000  0.000000e+000  0.000000e+000  0.000000e+000  0.000000e+000  
0.000000e+000  0.000000e+000  0.000000e+000  0.000000e+000  0.000000e+000  0.000000e+000  0.000000e+000  0.000000e+000  0.000000e+000  0.000000e+000  0.000000e+000  0.000000e+000  0.000000e+000  

0.000000e+000  0.000000e+000  0.000000e+000  0.000000e+000  0.000000e+000  0.000000e+000  0.000000e+000  0.000000e+000  0.000000e+000  0.000000e+000  0.000000e+000  0.000000e+000  0.000000e+000  
-1.384440e+001  -1.497837e+001  -1.803728e+001  -2.204693e+001  -2.529711e+001  -1.784277e+001  0.000000e+000  -1.784277e+001  -2.529711e+001  -2.204693e+001  -1.803728e+001  -1.497837e+001  -1.384440e+001  
-1.535312e+001  -1.607173e+001  -1.776320e+001  -1.940149e+001  -1.981416e+001  -1.656525e+001  -1.161072e+001  -1.656525e+001  -1.981416e+001  -1.940149e+001  -1.776320e+001  -1.607173e+001  -1.535312e+001  
-1.611165e+001  -1.650987e+001  -1.734542e+001  -1.796770e+001  -1.788025e+001  -1.658315e+001  -1.513691e+001  -1.658315e+001  -1.788025e+001  -1.796770e+001  -1.734542e+001  -1.650987e+001  -1.611165e+001  
-1.646857e+001  -1.666639e+001  -1.703739e+001  -1.724803e+001  -1.713986e+001  -1.667830e+001  -1.628312e+001  -1.667830e+001  -1.713986e+001  -1.724803e+001  -1.703739e+001  -1.666639e+001  -1.646857e+001  
-1.661229e+001  -1.668013e+001  -1.679504e+001  -1.684639e+001  -1.680593e+001  -1.669456e+001  -1.661655e+001  -1.669456e+001  -1.680593e+001  -1.684639e+001  -1.679504e+001  -1.668013e+001  -1.661229e+001  

