Unknown:
C:\Users\Li\AppData\Local\Temp\CSTDE1\Temp\DE\Untitled_0\Result\3d.slm
C:\Users\Li\AppData\Local\Temp\CSTDE1\Temp\DE\Untitled_0\Result\adapt_Port1_e1.prt
C:\Users\Li\AppData\Local\Temp\CSTDE1\Temp\DE\Untitled_0\Result\adapt_Port1_h1.prt
C:\Users\Li\AppData\Local\Temp\CSTDE1\Temp\DE\Untitled_0\Result\e-field (f=2110)_1,1.en
C:\Users\Li\AppData\Local\Temp\CSTDE1\Temp\DE\Untitled_0\Result\e-field (f=2235)_1,1.en
C:\Users\Li\AppData\Local\Temp\CSTDE1\Temp\DE\Untitled_0\Result\e-field (f=2360)_1,1.en
C:\Users\Li\AppData\Local\Temp\CSTDE1\Temp\DE\Untitled_0\Result\farfield (f=2110)_1.fme
C:\Users\Li\AppData\Local\Temp\CSTDE1\Temp\DE\Untitled_0\Result\farfield (f=2235)_1.fme
C:\Users\Li\AppData\Local\Temp\CSTDE1\Temp\DE\Untitled_0\Result\farfield (f=2360)_1.fme
C:\Users\Li\AppData\Local\Temp\CSTDE1\Temp\DE\Untitled_0\Result\h-field (f=2110)_1,1.en
C:\Users\Li\AppData\Local\Temp\CSTDE1\Temp\DE\Untitled_0\Result\h-field (f=2235)_1,1.en
C:\Users\Li\AppData\Local\Temp\CSTDE1\Temp\DE\Untitled_0\Result\h-field (f=2360)_1,1.en
C:\Users\Li\AppData\Local\Temp\CSTDE1\Temp\DE\Untitled_0\Result\MCalc.ddi
C:\Users\Li\AppData\Local\Temp\CSTDE1\Temp\DE\Untitled_0\Result\MCalc.log
C:\Users\Li\AppData\Local\Temp\CSTDE1\Temp\DE\Untitled_0\Result\Model.axg
C:\Users\Li\AppData\Local\Temp\CSTDE1\Temp\DE\Untitled_0\Result\Model.ddi
C:\Users\Li\AppData\Local\Temp\CSTDE1\Temp\DE\Untitled_0\Result\Model.elg
C:\Users\Li\AppData\Local\Temp\CSTDE1\Temp\DE\Untitled_0\Result\Model.inf
C:\Users\Li\AppData\Local\Temp\CSTDE1\Temp\DE\Untitled_0\Result\Model.log
C:\Users\Li\AppData\Local\Temp\CSTDE1\Temp\DE\Untitled_0\Result\Model.pmi
C:\Users\Li\AppData\Local\Temp\CSTDE1\Temp\DE\Untitled_0\Result\Model.swp
C:\Users\Li\AppData\Local\Temp\CSTDE1\Temp\DE\Untitled_0\Result\m^fb.dsc
C:\Users\Li\AppData\Local\Temp\CSTDE1\Temp\DE\Untitled_0\Result\m^fifx.dsc
C:\Users\Li\AppData\Local\Temp\CSTDE1\Temp\DE\Untitled_0\Result\m^fqq.dsc
C:\Users\Li\AppData\Local\Temp\CSTDE1\Temp\DE\Untitled_0\Result\m^ppex.dsc
C:\Users\Li\AppData\Local\Temp\CSTDE1\Temp\DE\Untitled_0\Result\Port1_1.m2d
C:\Users\Li\AppData\Local\Temp\CSTDE1\Temp\DE\Untitled_0\Result\Postprocessing.log
C:\Users\Li\AppData\Local\Temp\CSTDE1\Temp\DE\Untitled_0\Result\p^a.dsc
Mesh:
C:\Users\Li\AppData\Local\Temp\CSTDE1\Temp\DE\Untitled_0\Result\dA.mat
C:\Users\Li\AppData\Local\Temp\CSTDE1\Temp\DE\Untitled_0\Result\dad.mat
C:\Users\Li\AppData\Local\Temp\CSTDE1\Temp\DE\Untitled_0\Result\ds.mat
C:\Users\Li\AppData\Local\Temp\CSTDE1\Temp\DE\Untitled_0\Result\dsd.mat
C:\Users\Li\AppData\Local\Temp\CSTDE1\Temp\DE\Untitled_0\Result\dsMCalc.mat
C:\Users\Li\AppData\Local\Temp\CSTDE1\Temp\DE\Untitled_0\Result\Eps.mat
C:\Users\Li\AppData\Local\Temp\CSTDE1\Temp\DE\Untitled_0\Result\HexMatrix.m2h
C:\Users\Li\AppData\Local\Temp\CSTDE1\Temp\DE\Untitled_0\Result\HexMatrix_MCalc.m2h
C:\Users\Li\AppData\Local\Temp\CSTDE1\Temp\DE\Untitled_0\Result\Kappa.mat
C:\Users\Li\AppData\Local\Temp\CSTDE1\Temp\DE\Untitled_0\Result\MCalc.fmp
C:\Users\Li\AppData\Local\Temp\CSTDE1\Temp\DE\Untitled_0\Result\MCalc.xcfd
C:\Users\Li\AppData\Local\Temp\CSTDE1\Temp\DE\Untitled_0\Result\mesher_shapes.fsi
C:\Users\Li\AppData\Local\Temp\CSTDE1\Temp\DE\Untitled_0\Result\Meta.m2h
C:\Users\Li\AppData\Local\Temp\CSTDE1\Temp\DE\Untitled_0\Result\Meta.mat
C:\Users\Li\AppData\Local\Temp\CSTDE1\Temp\DE\Untitled_0\Result\Model.fmf
C:\Users\Li\AppData\Local\Temp\CSTDE1\Temp\DE\Untitled_0\Result\Model.fmm
C:\Users\Li\AppData\Local\Temp\CSTDE1\Temp\DE\Untitled_0\Result\Model.fpc
C:\Users\Li\AppData\Local\Temp\CSTDE1\Temp\DE\Untitled_0\Result\Model.fwf
C:\Users\Li\AppData\Local\Temp\CSTDE1\Temp\DE\Untitled_0\Result\Model.mss
C:\Users\Li\AppData\Local\Temp\CSTDE1\Temp\DE\Untitled_0\Result\Model.ntr
C:\Users\Li\AppData\Local\Temp\CSTDE1\Temp\DE\Untitled_0\Result\Model.sic
C:\Users\Li\AppData\Local\Temp\CSTDE1\Temp\DE\Untitled_0\Result\Model.spi
C:\Users\Li\AppData\Local\Temp\CSTDE1\Temp\DE\Untitled_0\Result\Model.xcfd
C:\Users\Li\AppData\Local\Temp\CSTDE1\Temp\DE\Untitled_0\Result\Model^PEC.fpf
C:\Users\Li\AppData\Local\Temp\CSTDE1\Temp\DE\Untitled_0\Result\Mue.mat
C:\Users\Li\AppData\Local\Temp\CSTDE1\Temp\DE\Untitled_0\Result\m^fqq.mem
C:\Users\Li\AppData\Local\Temp\CSTDE1\Temp\DE\Untitled_0\Result\p1.spi
C:\Users\Li\AppData\Local\Temp\CSTDE1\Temp\DE\Untitled_0\Result\PEC.mat
C:\Users\Li\AppData\Local\Temp\CSTDE1\Temp\DE\Untitled_0\Result\Port1.wgi
C:\Users\Li\AppData\Local\Temp\CSTDE1\Temp\DE\Untitled_0\Result\p^a.mem
C:\Users\Li\AppData\Local\Temp\CSTDE1\Temp\DE\Untitled_0\Result\p^m.mem
C:\Users\Li\AppData\Local\Temp\CSTDE1\Temp\DE\Untitled_0\Result\Rho.mat
C:\Users\Li\AppData\Local\Temp\CSTDE1\Temp\DE\Untitled_0\Result\S2HMatrix.m2h
C:\Users\Li\AppData\Local\Temp\CSTDE1\Temp\DE\Untitled_0\Result\s^pm.mem
