Port monitor named: Port2_h1.prt

nx        = 95
ny        = 83
nz        = 36

nu        = 13
nv        = 6
iu        = 36
iv        = 10

idir      = 0
dcut      = 7.965000e-002
icut      = 89
type      = 1
frequency = 9.160000e+008

fcutoff   = 0.000000e+000
alpha     = 0.000000e+000
beta      = 3.445604e+001
accuracy  = 2.003648e-014

type          = QTEM
wave imp.     = 2.491809e+002
wave imp.sig. = 4.857690e-010
line imp.     = 5.903683e+001

ref. port     = 0

-1.587993e+000  -1.768787e+000  -2.358666e+000  -3.578536e+000  -6.506445e+000  -1.456347e+001  -2.308193e+001  -1.456347e+001  -6.506445e+000  -3.578536e+000  -2.358666e+000  -1.768787e+000  -1.587993e+000  
-1.383010e+000  -1.475223e+000  -1.698711e+000  -1.869942e+000  -1.374266e+000  2.975035e+000  8.817201e+000  2.975035e+000  -1.374266e+000  -1.869942e+000  -1.698711e+000  -1.475223e+000  -1.383010e+000  
-1.085063e+000  -1.098341e+000  -1.070483e+000  -8.308484e-001  -1.146754e-002  1.958530e+000  3.798301e+000  1.958530e+000  -1.146754e-002  -8.308484e-001  -1.070483e+000  -1.098341e+000  -1.085063e+000  
-7.746972e-001  -7.500078e-001  -6.343174e-001  -3.482693e-001  2.498615e-001  1.180577e+000  1.849773e+000  1.180577e+000  2.498615e-001  -3.482693e-001  -6.343174e-001  -7.500078e-001  -7.746972e-001  
-3.290345e-001  -2.993659e-001  -2.079709e-001  -5.886122e-002  1.604726e-001  4.025532e-001  5.371554e-001  4.025532e-001  1.604726e-001  -5.886122e-002  -2.079709e-001  -2.993659e-001  -3.290345e-001  
-0.000000e+000  -0.000000e+000  -0.000000e+000  -0.000000e+000  -0.000000e+000  -0.000000e+000  -0.000000e+000  -0.000000e+000  -0.000000e+000  -0.000000e+000  -0.000000e+000  -0.000000e+000  -0.000000e+000  

-0.000000e+000  -0.000000e+000  -0.000000e+000  -0.000000e+000  -0.000000e+000  -0.000000e+000  -0.000000e+000  -0.000000e+000  -0.000000e+000  -0.000000e+000  -0.000000e+000  -0.000000e+000  -0.000000e+000  
1.396313e-001  4.993760e-001  1.218162e+000  2.934515e+000  8.098412e+000  2.639788e+001  -2.639788e+001  -8.098412e+000  -2.934515e+000  -1.218162e+000  -4.993760e-001  -1.396313e-001  -0.000000e+000  
2.080104e-001  6.800668e-001  1.376789e+000  2.437301e+000  3.828631e+000  2.750781e+000  -2.750781e+000  -3.828631e+000  -2.437301e+000  -1.376789e+000  -6.800668e-001  -2.080104e-001  -0.000000e+000  
2.166747e-001  6.528118e-001  1.136103e+000  1.627927e+000  1.893623e+000  1.068405e+000  -1.068405e+000  -1.893623e+000  -1.627927e+000  -1.136103e+000  -6.528118e-001  -2.166747e-001  -0.000000e+000  
1.968366e-001  5.536764e-001  8.521606e-001  1.038039e+000  9.788651e-001  4.559774e-001  -4.559774e-001  -9.788651e-001  -1.038039e+000  -8.521606e-001  -5.536764e-001  -1.968366e-001  -0.000000e+000  
1.470843e-001  3.868557e-001  5.337353e-001  5.710156e-001  4.644602e-001  1.895663e-001  -1.895663e-001  -4.644602e-001  -5.710156e-001  -5.337353e-001  -3.868557e-001  -1.470843e-001  -0.000000e+000  

0.000000e+000  0.000000e+000  0.000000e+000  0.000000e+000  0.000000e+000  0.000000e+000  0.000000e+000  0.000000e+000  0.000000e+000  0.000000e+000  0.000000e+000  0.000000e+000  0.000000e+000  
0.000000e+000  0.000000e+000  0.000000e+000  0.000000e+000  0.000000e+000  0.000000e+000  0.000000e+000  0.000000e+000  0.000000e+000  0.000000e+000  0.000000e+000  0.000000e+000  0.000000e+000  
0.000000e+000  0.000000e+000  0.000000e+000  0.000000e+000  0.000000e+000  0.000000e+000  0.000000e+000  0.000000e+000  0.000000e+000  0.000000e+000  0.000000e+000  0.000000e+000  0.000000e+000  
0.000000e+000  0.000000e+000  0.000000e+000  0.000000e+000  0.000000e+000  0.000000e+000  0.000000e+000  0.000000e+000  0.000000e+000  0.000000e+000  0.000000e+000  0.000000e+000  0.000000e+000  
0.000000e+000  0.000000e+000  0.000000e+000  0.000000e+000  0.000000e+000  0.000000e+000  0.000000e+000  0.000000e+000  0.000000e+000  0.000000e+000  0.000000e+000  0.000000e+000  0.000000e+000  
0.000000e+000  0.000000e+000  0.000000e+000  0.000000e+000  0.000000e+000  0.000000e+000  0.000000e+000  0.000000e+000  0.000000e+000  0.000000e+000  0.000000e+000  0.000000e+000  0.000000e+000  

0.000000e+000  0.000000e+000  0.000000e+000  0.000000e+000  0.000000e+000  0.000000e+000  0.000000e+000  0.000000e+000  0.000000e+000  0.000000e+000  0.000000e+000  0.000000e+000  0.000000e+000  
0.000000e+000  0.000000e+000  0.000000e+000  0.000000e+000  0.000000e+000  0.000000e+000  0.000000e+000  0.000000e+000  0.000000e+000  0.000000e+000  0.000000e+000  0.000000e+000  0.000000e+000  
0.000000e+000  0.000000e+000  0.000000e+000  0.000000e+000  0.000000e+000  0.000000e+000  0.000000e+000  0.000000e+000  0.000000e+000  0.000000e+000  0.000000e+000  0.000000e+000  0.000000e+000  
0.000000e+000  0.000000e+000  0.000000e+000  0.000000e+000  0.000000e+000  0.000000e+000  0.000000e+000  0.000000e+000  0.000000e+000  0.000000e+000  0.000000e+000  0.000000e+000  0.000000e+000  
0.000000e+000  0.000000e+000  0.000000e+000  0.000000e+000  0.000000e+000  0.000000e+000  0.000000e+000  0.000000e+000  0.000000e+000  0.000000e+000  0.000000e+000  0.000000e+000  0.000000e+000  
0.000000e+000  0.000000e+000  0.000000e+000  0.000000e+000  0.000000e+000  0.000000e+000  0.000000e+000  0.000000e+000  0.000000e+000  0.000000e+000  0.000000e+000  0.000000e+000  0.000000e+000  

0.000000e+000  0.000000e+000  0.000000e+000  0.000000e+000  0.000000e+000  0.000000e+000  0.000000e+000  0.000000e+000  0.000000e+000  0.000000e+000  0.000000e+000  0.000000e+000  0.000000e+000  
0.000000e+000  0.000000e+000  0.000000e+000  0.000000e+000  0.000000e+000  0.000000e+000  0.000000e+000  0.000000e+000  0.000000e+000  0.000000e+000  0.000000e+000  0.000000e+000  0.000000e+000  
0.000000e+000  0.000000e+000  0.000000e+000  0.000000e+000  0.000000e+000  0.000000e+000  0.000000e+000  0.000000e+000  0.000000e+000  0.000000e+000  0.000000e+000  0.000000e+000  0.000000e+000  
0.000000e+000  0.000000e+000  0.000000e+000  0.000000e+000  0.000000e+000  0.000000e+000  0.000000e+000  0.000000e+000  0.000000e+000  0.000000e+000  0.000000e+000  0.000000e+000  0.000000e+000  
0.000000e+000  0.000000e+000  0.000000e+000  0.000000e+000  0.000000e+000  0.000000e+000  0.000000e+000  0.000000e+000  0.000000e+000  0.000000e+000  0.000000e+000  0.000000e+000  0.000000e+000  
0.000000e+000  0.000000e+000  0.000000e+000  0.000000e+000  0.000000e+000  0.000000e+000  0.000000e+000  0.000000e+000  0.000000e+000  0.000000e+000  0.000000e+000  0.000000e+000  0.000000e+000  

-4.099328e-002  -1.194758e-001  -1.990315e-001  -2.772753e-001  -3.284421e-001  -1.993663e-001  1.993663e-001  3.284421e-001  2.772753e-001  1.990315e-001  1.194758e-001  4.099328e-002  -0.000000e+000  
-3.623868e-002  -1.045849e-001  -1.716766e-001  -2.360511e-001  -2.780090e-001  -1.633051e-001  1.633051e-001  2.780090e-001  2.360511e-001  1.716766e-001  1.045849e-001  3.623868e-002  -0.000000e+000  
-2.799102e-002  -7.817806e-002  -1.200541e-001  -1.482653e-001  -1.457603e-001  -7.159527e-002  7.159527e-002  1.457603e-001  1.482653e-001  1.200541e-001  7.817806e-002  2.799102e-002  -0.000000e+000  
-1.979324e-002  -5.379851e-002  -7.851249e-002  -9.015807e-002  -7.990310e-002  -3.532975e-002  3.532975e-002  7.990310e-002  9.015807e-002  7.851249e-002  5.379851e-002  1.979324e-002  -0.000000e+000  
-8.318567e-003  -2.178741e-002  -2.987161e-002  -3.174249e-002  -2.564165e-002  -1.040404e-002  1.040404e-002  2.564165e-002  3.174249e-002  2.987161e-002  2.178741e-002  8.318567e-003  -0.000000e+000  
-0.000000e+000  -0.000000e+000  -0.000000e+000  -0.000000e+000  -0.000000e+000  -0.000000e+000  -0.000000e+000  -0.000000e+000  -0.000000e+000  -0.000000e+000  -0.000000e+000  -0.000000e+000  -0.000000e+000  

