Unknown:
C:\Users\Li\Documents\GitHub\term-5-em-2d\2D_CST_file_dualpatchMATCHING_RANGE\Result\3d.slm
C:\Users\Li\Documents\GitHub\term-5-em-2d\2D_CST_file_dualpatchMATCHING_RANGE\Result\adapt_Port1_e1.prt
C:\Users\Li\Documents\GitHub\term-5-em-2d\2D_CST_file_dualpatchMATCHING_RANGE\Result\adapt_Port1_h1.prt
C:\Users\Li\Documents\GitHub\term-5-em-2d\2D_CST_file_dualpatchMATCHING_RANGE\Result\adapt_Port2_e1.prt
C:\Users\Li\Documents\GitHub\term-5-em-2d\2D_CST_file_dualpatchMATCHING_RANGE\Result\adapt_Port2_h1.prt
C:\Users\Li\Documents\GitHub\term-5-em-2d\2D_CST_file_dualpatchMATCHING_RANGE\Result\CombineResults.log
C:\Users\Li\Documents\GitHub\term-5-em-2d\2D_CST_file_dualpatchMATCHING_RANGE\Result\e-field (f=870.2)_1,1.en
C:\Users\Li\Documents\GitHub\term-5-em-2d\2D_CST_file_dualpatchMATCHING_RANGE\Result\e-field (f=870.2)_2,1.en
C:\Users\Li\Documents\GitHub\term-5-em-2d\2D_CST_file_dualpatchMATCHING_RANGE\Result\e-field (f=870.2)_AC1.en
C:\Users\Li\Documents\GitHub\term-5-em-2d\2D_CST_file_dualpatchMATCHING_RANGE\Result\e-field (f=916)_1,1.en
C:\Users\Li\Documents\GitHub\term-5-em-2d\2D_CST_file_dualpatchMATCHING_RANGE\Result\e-field (f=916)_2,1.en
C:\Users\Li\Documents\GitHub\term-5-em-2d\2D_CST_file_dualpatchMATCHING_RANGE\Result\e-field (f=916)_AC1.en
C:\Users\Li\Documents\GitHub\term-5-em-2d\2D_CST_file_dualpatchMATCHING_RANGE\Result\e-field (f=961.8)_1,1.en
C:\Users\Li\Documents\GitHub\term-5-em-2d\2D_CST_file_dualpatchMATCHING_RANGE\Result\e-field (f=961.8)_2,1.en
C:\Users\Li\Documents\GitHub\term-5-em-2d\2D_CST_file_dualpatchMATCHING_RANGE\Result\e-field (f=961.8)_AC1.en
C:\Users\Li\Documents\GitHub\term-5-em-2d\2D_CST_file_dualpatchMATCHING_RANGE\Result\farfield (f=870.2)_1.fme
C:\Users\Li\Documents\GitHub\term-5-em-2d\2D_CST_file_dualpatchMATCHING_RANGE\Result\farfield (f=870.2)_2.fme
C:\Users\Li\Documents\GitHub\term-5-em-2d\2D_CST_file_dualpatchMATCHING_RANGE\Result\farfield (f=916)_1.fme
C:\Users\Li\Documents\GitHub\term-5-em-2d\2D_CST_file_dualpatchMATCHING_RANGE\Result\farfield (f=916)_2.fme
C:\Users\Li\Documents\GitHub\term-5-em-2d\2D_CST_file_dualpatchMATCHING_RANGE\Result\farfield (f=961.8)_1.fme
C:\Users\Li\Documents\GitHub\term-5-em-2d\2D_CST_file_dualpatchMATCHING_RANGE\Result\farfield (f=961.8)_2.fme
C:\Users\Li\Documents\GitHub\term-5-em-2d\2D_CST_file_dualpatchMATCHING_RANGE\Result\h-field (f=870.2)_1,1.en
C:\Users\Li\Documents\GitHub\term-5-em-2d\2D_CST_file_dualpatchMATCHING_RANGE\Result\h-field (f=870.2)_2,1.en
C:\Users\Li\Documents\GitHub\term-5-em-2d\2D_CST_file_dualpatchMATCHING_RANGE\Result\h-field (f=870.2)_AC1.en
C:\Users\Li\Documents\GitHub\term-5-em-2d\2D_CST_file_dualpatchMATCHING_RANGE\Result\h-field (f=916)_1,1.en
C:\Users\Li\Documents\GitHub\term-5-em-2d\2D_CST_file_dualpatchMATCHING_RANGE\Result\h-field (f=916)_2,1.en
C:\Users\Li\Documents\GitHub\term-5-em-2d\2D_CST_file_dualpatchMATCHING_RANGE\Result\h-field (f=916)_AC1.en
C:\Users\Li\Documents\GitHub\term-5-em-2d\2D_CST_file_dualpatchMATCHING_RANGE\Result\h-field (f=961.8)_1,1.en
C:\Users\Li\Documents\GitHub\term-5-em-2d\2D_CST_file_dualpatchMATCHING_RANGE\Result\h-field (f=961.8)_2,1.en
C:\Users\Li\Documents\GitHub\term-5-em-2d\2D_CST_file_dualpatchMATCHING_RANGE\Result\h-field (f=961.8)_AC1.en
C:\Users\Li\Documents\GitHub\term-5-em-2d\2D_CST_file_dualpatchMATCHING_RANGE\Result\MCalc.ddi
C:\Users\Li\Documents\GitHub\term-5-em-2d\2D_CST_file_dualpatchMATCHING_RANGE\Result\MCalc.log
C:\Users\Li\Documents\GitHub\term-5-em-2d\2D_CST_file_dualpatchMATCHING_RANGE\Result\Model.axg
C:\Users\Li\Documents\GitHub\term-5-em-2d\2D_CST_file_dualpatchMATCHING_RANGE\Result\Model.ddi
C:\Users\Li\Documents\GitHub\term-5-em-2d\2D_CST_file_dualpatchMATCHING_RANGE\Result\Model.elg
C:\Users\Li\Documents\GitHub\term-5-em-2d\2D_CST_file_dualpatchMATCHING_RANGE\Result\Model.inf
C:\Users\Li\Documents\GitHub\term-5-em-2d\2D_CST_file_dualpatchMATCHING_RANGE\Result\Model.log
C:\Users\Li\Documents\GitHub\term-5-em-2d\2D_CST_file_dualpatchMATCHING_RANGE\Result\Model.pmi
C:\Users\Li\Documents\GitHub\term-5-em-2d\2D_CST_file_dualpatchMATCHING_RANGE\Result\Model.sa
C:\Users\Li\Documents\GitHub\term-5-em-2d\2D_CST_file_dualpatchMATCHING_RANGE\Result\m^fb.dsc
C:\Users\Li\Documents\GitHub\term-5-em-2d\2D_CST_file_dualpatchMATCHING_RANGE\Result\m^fifx.dsc
C:\Users\Li\Documents\GitHub\term-5-em-2d\2D_CST_file_dualpatchMATCHING_RANGE\Result\m^fqq.dsc
C:\Users\Li\Documents\GitHub\term-5-em-2d\2D_CST_file_dualpatchMATCHING_RANGE\Result\m^ppex.dsc
C:\Users\Li\Documents\GitHub\term-5-em-2d\2D_CST_file_dualpatchMATCHING_RANGE\Result\Port1_1.m2d
C:\Users\Li\Documents\GitHub\term-5-em-2d\2D_CST_file_dualpatchMATCHING_RANGE\Result\Port2_1.m2d
C:\Users\Li\Documents\GitHub\term-5-em-2d\2D_CST_file_dualpatchMATCHING_RANGE\Result\Postprocessing.log
C:\Users\Li\Documents\GitHub\term-5-em-2d\2D_CST_file_dualpatchMATCHING_RANGE\Result\p^a.dsc
Mesh:
C:\Users\Li\Documents\GitHub\term-5-em-2d\2D_CST_file_dualpatchMATCHING_RANGE\Result\dA.mat
C:\Users\Li\Documents\GitHub\term-5-em-2d\2D_CST_file_dualpatchMATCHING_RANGE\Result\dad.mat
C:\Users\Li\Documents\GitHub\term-5-em-2d\2D_CST_file_dualpatchMATCHING_RANGE\Result\ds.mat
C:\Users\Li\Documents\GitHub\term-5-em-2d\2D_CST_file_dualpatchMATCHING_RANGE\Result\dsd.mat
C:\Users\Li\Documents\GitHub\term-5-em-2d\2D_CST_file_dualpatchMATCHING_RANGE\Result\dsMCalc.mat
C:\Users\Li\Documents\GitHub\term-5-em-2d\2D_CST_file_dualpatchMATCHING_RANGE\Result\Eps.mat
C:\Users\Li\Documents\GitHub\term-5-em-2d\2D_CST_file_dualpatchMATCHING_RANGE\Result\HexMatrix.m2h
C:\Users\Li\Documents\GitHub\term-5-em-2d\2D_CST_file_dualpatchMATCHING_RANGE\Result\HexMatrix_MCalc.m2h
C:\Users\Li\Documents\GitHub\term-5-em-2d\2D_CST_file_dualpatchMATCHING_RANGE\Result\Kappa.mat
C:\Users\Li\Documents\GitHub\term-5-em-2d\2D_CST_file_dualpatchMATCHING_RANGE\Result\MCalc.fmp
C:\Users\Li\Documents\GitHub\term-5-em-2d\2D_CST_file_dualpatchMATCHING_RANGE\Result\MCalc.xcfd
C:\Users\Li\Documents\GitHub\term-5-em-2d\2D_CST_file_dualpatchMATCHING_RANGE\Result\mesher_shapes.fsi
C:\Users\Li\Documents\GitHub\term-5-em-2d\2D_CST_file_dualpatchMATCHING_RANGE\Result\Meta.m2h
C:\Users\Li\Documents\GitHub\term-5-em-2d\2D_CST_file_dualpatchMATCHING_RANGE\Result\Meta.mat
C:\Users\Li\Documents\GitHub\term-5-em-2d\2D_CST_file_dualpatchMATCHING_RANGE\Result\Meta.spi
C:\Users\Li\Documents\GitHub\term-5-em-2d\2D_CST_file_dualpatchMATCHING_RANGE\Result\Meta.wgi
C:\Users\Li\Documents\GitHub\term-5-em-2d\2D_CST_file_dualpatchMATCHING_RANGE\Result\Model.fmf
C:\Users\Li\Documents\GitHub\term-5-em-2d\2D_CST_file_dualpatchMATCHING_RANGE\Result\Model.fmm
C:\Users\Li\Documents\GitHub\term-5-em-2d\2D_CST_file_dualpatchMATCHING_RANGE\Result\Model.fpc
C:\Users\Li\Documents\GitHub\term-5-em-2d\2D_CST_file_dualpatchMATCHING_RANGE\Result\Model.fwf
C:\Users\Li\Documents\GitHub\term-5-em-2d\2D_CST_file_dualpatchMATCHING_RANGE\Result\Model.mss
C:\Users\Li\Documents\GitHub\term-5-em-2d\2D_CST_file_dualpatchMATCHING_RANGE\Result\Model.ntr
C:\Users\Li\Documents\GitHub\term-5-em-2d\2D_CST_file_dualpatchMATCHING_RANGE\Result\Model.sic
C:\Users\Li\Documents\GitHub\term-5-em-2d\2D_CST_file_dualpatchMATCHING_RANGE\Result\Model.spi
C:\Users\Li\Documents\GitHub\term-5-em-2d\2D_CST_file_dualpatchMATCHING_RANGE\Result\Model.xcfd
C:\Users\Li\Documents\GitHub\term-5-em-2d\2D_CST_file_dualpatchMATCHING_RANGE\Result\Model^PEC.fpf
C:\Users\Li\Documents\GitHub\term-5-em-2d\2D_CST_file_dualpatchMATCHING_RANGE\Result\Mue.mat
C:\Users\Li\Documents\GitHub\term-5-em-2d\2D_CST_file_dualpatchMATCHING_RANGE\Result\m^fifx.mem
C:\Users\Li\Documents\GitHub\term-5-em-2d\2D_CST_file_dualpatchMATCHING_RANGE\Result\m^fqq.mem
C:\Users\Li\Documents\GitHub\term-5-em-2d\2D_CST_file_dualpatchMATCHING_RANGE\Result\p1.spi
C:\Users\Li\Documents\GitHub\term-5-em-2d\2D_CST_file_dualpatchMATCHING_RANGE\Result\p2.spi
C:\Users\Li\Documents\GitHub\term-5-em-2d\2D_CST_file_dualpatchMATCHING_RANGE\Result\PEC.mat
C:\Users\Li\Documents\GitHub\term-5-em-2d\2D_CST_file_dualpatchMATCHING_RANGE\Result\Port1.wgi
C:\Users\Li\Documents\GitHub\term-5-em-2d\2D_CST_file_dualpatchMATCHING_RANGE\Result\Port2.wgi
C:\Users\Li\Documents\GitHub\term-5-em-2d\2D_CST_file_dualpatchMATCHING_RANGE\Result\p^a.mem
C:\Users\Li\Documents\GitHub\term-5-em-2d\2D_CST_file_dualpatchMATCHING_RANGE\Result\p^m.mem
C:\Users\Li\Documents\GitHub\term-5-em-2d\2D_CST_file_dualpatchMATCHING_RANGE\Result\Rho.mat
C:\Users\Li\Documents\GitHub\term-5-em-2d\2D_CST_file_dualpatchMATCHING_RANGE\Result\S2HMatrix.m2h
C:\Users\Li\Documents\GitHub\term-5-em-2d\2D_CST_file_dualpatchMATCHING_RANGE\Result\s^pm.mem
