<<<<<<<<<<<<<<<<<<<<<<<<<<<
2020 Apr 20 (Mon): 09:42:38
<<<<<<<<<<<<<<<<<<<<<<<<<<<

==================================================================
 - desired group: 0, sockets = 0
 - pinning rule: PINNING_RULE_DEFAULT
 - skip setting processor groups: there is only 1 processor group.
 - num cores available : 8
 - hyperthreading      : on
 - used mask (uint64_t): 85
 - used mask (string)  : 10101010
==================================================================

========================================
Processing CAD model (for field results)
Version 2016.0 (build 20160122)
2020 Apr 20 (Mon): 09:42:38
========================================

==================================================================================================
== CST Matrix Calculation Priority Log                                                          ==
==================================================================================================
 
Priorities are sorted in ascending order beginning with the lowest priority
 
Priority:   3, shape   1: component1:BLOOD, material: BLOOD
Priority:   3, shape   6: component1:SUBSTRATE, material: FR4
Priority:   3, shape   7: component1:SUBSTRATE_1, material: FR4
Priority:   4, shape   2: component1:GROUND PLANE, material: Copper (annealed)
Priority:   4, shape   3: component1:GROUND PLANE_1, material: Copper (annealed)
Priority:   4, shape   4: component1:PATCH ANTENNA, material: Copper (annealed)
Priority:   4, shape   5: component1:PATCH ANTENNA_1, material: Copper (annealed)
 
==================================================================================================
 
>>>>>>>>>>>>>>>>>>>>>>>>>>>
2020 Apr 20 (Mon): 09:42:42
>>>>>>>>>>>>>>>>>>>>>>>>>>>

